null
Finding Optimal Objective...
{
  "false": {
    "false": {
      "complexity": 0.009999999776482582,
      "loss": 0.0,
      "name": "Y",
      "prediction": "True"
    },
    "feature": 0,
    "name": "a1_1",
    "reference": "True",
    "relation": "==",
    "true": {
      "complexity": 0.009999999776482582,
      "loss": 0.0,
      "name": "Y",
      "prediction": "False"
    },
    "type": "categorical"
  },
  "feature": 2,
  "model_objective": 0.03999999910593033,
  "name": "a2_1",
  "reference": "True",
  "relation": "==",
  "true": {
    "false": {
      "complexity": 0.009999999776482582,
      "loss": 0.0,
      "name": "Y",
      "prediction": "False"
    },
    "feature": 7,
    "name": "a5_1",
    "reference": "True",
    "relation": "==",
    "true": {
      "complexity": 0.009999999776482582,
      "loss": 0.0,
      "name": "Y",
      "prediction": "True"
    },
    "type": "categorical"
  },
  "type": "categorical"
}
Iteration: 0
treefarms reported successful execution
training completed. Number of trees in the Rashomon set: 35
