null
Finding Optimal Objective...
{
  "false": {
    "false": {
      "false": {
        "false": {
          "complexity": 0.009999999776482582,
          "loss": 0.0,
          "name": "Y",
          "prediction": 0
        },
        "feature": 5,
        "name": "age4",
        "reference": 1,
        "relation": "==",
        "true": {
          "false": {
            "complexity": 0.009999999776482582,
            "loss": 0.0,
            "name": "Y",
            "prediction": 1
          },
          "feature": 12,
          "name": "Restaurant20to50>=4",
          "reference": 1,
          "relation": "==",
          "true": {
            "complexity": 0.009999999776482582,
            "loss": 0.0,
            "name": "Y",
            "prediction": 0
          },
          "type": "integral"
        },
        "type": "integral"
      },
      "feature": 8,
      "name": "Bar0",
      "reference": 1,
      "relation": "==",
      "true": {
        "false": {
          "false": {
            "complexity": 0.009999999776482582,
            "loss": 0.0,
            "name": "Y",
            "prediction": 1
          },
          "feature": 13,
          "name": "direction_same",
          "reference": 1,
          "relation": "==",
          "true": {
            "complexity": 0.009999999776482582,
            "loss": 0.0,
            "name": "Y",
            "prediction": 0
          },
          "type": "integral"
        },
        "feature": 3,
        "name": "age2",
        "reference": 1,
        "relation": "==",
        "true": {
          "complexity": 0.009999999776482582,
          "loss": 0.0,
          "name": "Y",
          "prediction": 0
        },
        "type": "integral"
      },
      "type": "integral"
    },
    "feature": 1,
    "name": "age0",
    "reference": 1,
    "relation": "==",
    "true": {
      "complexity": 0.009999999776482582,
      "loss": 0.03125,
      "name": "Y",
      "prediction": 1
    },
    "type": "integral"
  },
  "feature": 9,
  "model_objective": 0.11124999821186066,
  "name": "Bar1",
  "reference": 1,
  "relation": "==",
  "true": {
    "complexity": 0.009999999776482582,
    "loss": 0.0,
    "name": "Y",
    "prediction": 1
  },
  "type": "integral"
}
{
  "false": {
    "false": {
      "false": {
        "false": {
          "complexity": 0.009999999776482582,
          "loss": 0.0,
          "name": "Y",
          "prediction": 0
        },
        "feature": 5,
        "name": "age4",
        "reference": 1,
        "relation": "==",
        "true": {
          "false": {
            "complexity": 0.009999999776482582,
            "loss": 0.0,
            "name": "Y",
            "prediction": 1
          },
          "feature": 12,
          "name": "Restaurant20to50>=4",
          "reference": 1,
          "relation": "==",
          "true": {
            "complexity": 0.009999999776482582,
            "loss": 0.0,
            "name": "Y",
            "prediction": 0
          },
          "type": "integral"
        },
        "type": "integral"
      },
      "feature": 8,
      "name": "Bar0",
      "reference": 1,
      "relation": "==",
      "true": {
        "false": {
          "false": {
            "complexity": 0.009999999776482582,
            "loss": 0.0,
            "name": "Y",
            "prediction": 1
          },
          "feature": 3,
          "name": "age2",
          "reference": 1,
          "relation": "==",
          "true": {
            "complexity": 0.009999999776482582,
            "loss": 0.0,
            "name": "Y",
            "prediction": 0
          },
          "type": "integral"
        },
        "feature": 13,
        "name": "direction_same",
        "reference": 1,
        "relation": "==",
        "true": {
          "complexity": 0.009999999776482582,
          "loss": 0.0,
          "name": "Y",
          "prediction": 0
        },
        "type": "integral"
      },
      "type": "integral"
    },
    "feature": 1,
    "name": "age0",
    "reference": 1,
    "relation": "==",
    "true": {
      "complexity": 0.009999999776482582,
      "loss": 0.03125,
      "name": "Y",
      "prediction": 1
    },
    "type": "integral"
  },
  "feature": 9,
  "model_objective": 0.11124999821186066,
  "name": "Bar1",
  "reference": 1,
  "relation": "==",
  "true": {
    "complexity": 0.009999999776482582,
    "loss": 0.0,
    "name": "Y",
    "prediction": 1
  },
  "type": "integral"
}
{
  "false": {
    "false": {
      "false": {
        "false": {
          "false": {
            "complexity": 0.009999999776482582,
            "loss": 0.0,
            "name": "Y",
            "prediction": 0
          },
          "feature": 5,
          "name": "age4",
          "reference": 1,
          "relation": "==",
          "true": {
            "false": {
              "complexity": 0.009999999776482582,
              "loss": 0.0,
              "name": "Y",
              "prediction": 1
            },
            "feature": 12,
            "name": "Restaurant20to50>=4",
            "reference": 1,
            "relation": "==",
            "true": {
              "complexity": 0.009999999776482582,
              "loss": 0.0,
              "name": "Y",
              "prediction": 0
            },
            "type": "integral"
          },
          "type": "integral"
        },
        "feature": 8,
        "name": "Bar0",
        "reference": 1,
        "relation": "==",
        "true": {
          "false": {
            "complexity": 0.009999999776482582,
            "loss": 0.0,
            "name": "Y",
            "prediction": 1
          },
          "feature": 13,
          "name": "direction_same",
          "reference": 1,
          "relation": "==",
          "true": {
            "complexity": 0.009999999776482582,
            "loss": 0.0,
            "name": "Y",
            "prediction": 0
          },
          "type": "integral"
        },
        "type": "integral"
      },
      "feature": 9,
      "name": "Bar1",
      "reference": 1,
      "relation": "==",
      "true": {
        "complexity": 0.009999999776482582,
        "loss": 0.0,
        "name": "Y",
        "prediction": 1
      },
      "type": "integral"
    },
    "feature": 1,
    "name": "age0",
    "reference": 1,
    "relation": "==",
    "true": {
      "complexity": 0.009999999776482582,
      "loss": 0.03125,
      "name": "Y",
      "prediction": 1
    },
    "type": "integral"
  },
  "feature": 3,
  "model_objective": 0.11124999076128006,
  "name": "age2",
  "reference": 1,
  "relation": "==",
  "true": {
    "complexity": 0.009999999776482582,
    "loss": 0.0,
    "name": "Y",
    "prediction": 0
  },
  "type": "integral"
}
{
  "false": {
    "false": {
      "false": {
        "false": {
          "false": {
            "false": {
              "complexity": 0.009999999776482582,
              "loss": 0.0,
              "name": "Y",
              "prediction": 0
            },
            "feature": 5,
            "name": "age4",
            "reference": 1,
            "relation": "==",
            "true": {
              "complexity": 0.009999999776482582,
              "loss": 0.0,
              "name": "Y",
              "prediction": 1
            },
            "type": "integral"
          },
          "feature": 12,
          "name": "Restaurant20to50>=4",
          "reference": 1,
          "relation": "==",
          "true": {
            "complexity": 0.009999999776482582,
            "loss": 0.0,
            "name": "Y",
            "prediction": 0
          },
          "type": "integral"
        },
        "feature": 8,
        "name": "Bar0",
        "reference": 1,
        "relation": "==",
        "true": {
          "false": {
            "complexity": 0.009999999776482582,
            "loss": 0.0,
            "name": "Y",
            "prediction": 1
          },
          "feature": 13,
          "name": "direction_same",
          "reference": 1,
          "relation": "==",
          "true": {
            "complexity": 0.009999999776482582,
            "loss": 0.0,
            "name": "Y",
            "prediction": 0
          },
          "type": "integral"
        },
        "type": "integral"
      },
      "feature": 1,
      "name": "age0",
      "reference": 1,
      "relation": "==",
      "true": {
        "complexity": 0.009999999776482582,
        "loss": 0.03125,
        "name": "Y",
        "prediction": 1
      },
      "type": "integral"
    },
    "feature": 9,
    "name": "Bar1",
    "reference": 1,
    "relation": "==",
    "true": {
      "complexity": 0.009999999776482582,
      "loss": 0.0,
      "name": "Y",
      "prediction": 1
    },
    "type": "integral"
  },
  "feature": 3,
  "model_objective": 0.11124999076128006,
  "name": "age2",
  "reference": 1,
  "relation": "==",
  "true": {
    "complexity": 0.009999999776482582,
    "loss": 0.0,
    "name": "Y",
    "prediction": 0
  },
  "type": "integral"
}
{
  "false": {
    "false": {
      "false": {
        "false": {
          "false": {
            "false": {
              "complexity": 0.009999999776482582,
              "loss": 0.0,
              "name": "Y",
              "prediction": 0
            },
            "feature": 5,
            "name": "age4",
            "reference": 1,
            "relation": "==",
            "true": {
              "complexity": 0.009999999776482582,
              "loss": 0.0,
              "name": "Y",
              "prediction": 1
            },
            "type": "integral"
          },
          "feature": 12,
          "name": "Restaurant20to50>=4",
          "reference": 1,
          "relation": "==",
          "true": {
            "complexity": 0.009999999776482582,
            "loss": 0.0,
            "name": "Y",
            "prediction": 0
          },
          "type": "integral"
        },
        "feature": 9,
        "name": "Bar1",
        "reference": 1,
        "relation": "==",
        "true": {
          "complexity": 0.009999999776482582,
          "loss": 0.0,
          "name": "Y",
          "prediction": 1
        },
        "type": "integral"
      },
      "feature": 8,
      "name": "Bar0",
      "reference": 1,
      "relation": "==",
      "true": {
        "false": {
          "complexity": 0.009999999776482582,
          "loss": 0.0,
          "name": "Y",
          "prediction": 1
        },
        "feature": 13,
        "name": "direction_same",
        "reference": 1,
        "relation": "==",
        "true": {
          "complexity": 0.009999999776482582,
          "loss": 0.0,
          "name": "Y",
          "prediction": 0
        },
        "type": "integral"
      },
      "type": "integral"
    },
    "feature": 1,
    "name": "age0",
    "reference": 1,
    "relation": "==",
    "true": {
      "complexity": 0.009999999776482582,
      "loss": 0.03125,
      "name": "Y",
      "prediction": 1
    },
    "type": "integral"
  },
  "feature": 3,
  "model_objective": 0.11124999821186066,
  "name": "age2",
  "reference": 1,
  "relation": "==",
  "true": {
    "complexity": 0.009999999776482582,
    "loss": 0.0,
    "name": "Y",
    "prediction": 0
  },
  "type": "integral"
}
{
  "false": {
    "false": {
      "false": {
        "false": {
          "false": {
            "complexity": 0.009999999776482582,
            "loss": 0.0,
            "name": "Y",
            "prediction": 0
          },
          "feature": 5,
          "name": "age4",
          "reference": 1,
          "relation": "==",
          "true": {
            "false": {
              "complexity": 0.009999999776482582,
              "loss": 0.0,
              "name": "Y",
              "prediction": 1
            },
            "feature": 12,
            "name": "Restaurant20to50>=4",
            "reference": 1,
            "relation": "==",
            "true": {
              "complexity": 0.009999999776482582,
              "loss": 0.0,
              "name": "Y",
              "prediction": 0
            },
            "type": "integral"
          },
          "type": "integral"
        },
        "feature": 9,
        "name": "Bar1",
        "reference": 1,
        "relation": "==",
        "true": {
          "complexity": 0.009999999776482582,
          "loss": 0.0,
          "name": "Y",
          "prediction": 1
        },
        "type": "integral"
      },
      "feature": 8,
      "name": "Bar0",
      "reference": 1,
      "relation": "==",
      "true": {
        "false": {
          "complexity": 0.009999999776482582,
          "loss": 0.0,
          "name": "Y",
          "prediction": 1
        },
        "feature": 13,
        "name": "direction_same",
        "reference": 1,
        "relation": "==",
        "true": {
          "complexity": 0.009999999776482582,
          "loss": 0.0,
          "name": "Y",
          "prediction": 0
        },
        "type": "integral"
      },
      "type": "integral"
    },
    "feature": 1,
    "name": "age0",
    "reference": 1,
    "relation": "==",
    "true": {
      "complexity": 0.009999999776482582,
      "loss": 0.03125,
      "name": "Y",
      "prediction": 1
    },
    "type": "integral"
  },
  "feature": 3,
  "model_objective": 0.11124999821186066,
  "name": "age2",
  "reference": 1,
  "relation": "==",
  "true": {
    "complexity": 0.009999999776482582,
    "loss": 0.0,
    "name": "Y",
    "prediction": 0
  },
  "type": "integral"
}
{
  "false": {
    "false": {
      "false": {
        "false": {
          "false": {
            "false": {
              "complexity": 0.009999999776482582,
              "loss": 0.0,
              "name": "Y",
              "prediction": 0
            },
            "feature": 5,
            "name": "age4",
            "reference": 1,
            "relation": "==",
            "true": {
              "complexity": 0.009999999776482582,
              "loss": 0.0,
              "name": "Y",
              "prediction": 1
            },
            "type": "integral"
          },
          "feature": 12,
          "name": "Restaurant20to50>=4",
          "reference": 1,
          "relation": "==",
          "true": {
            "complexity": 0.009999999776482582,
            "loss": 0.0,
            "name": "Y",
            "prediction": 0
          },
          "type": "integral"
        },
        "feature": 8,
        "name": "Bar0",
        "reference": 1,
        "relation": "==",
        "true": {
          "false": {
            "complexity": 0.009999999776482582,
            "loss": 0.0,
            "name": "Y",
            "prediction": 1
          },
          "feature": 13,
          "name": "direction_same",
          "reference": 1,
          "relation": "==",
          "true": {
            "complexity": 0.009999999776482582,
            "loss": 0.0,
            "name": "Y",
            "prediction": 0
          },
          "type": "integral"
        },
        "type": "integral"
      },
      "feature": 3,
      "name": "age2",
      "reference": 1,
      "relation": "==",
      "true": {
        "complexity": 0.009999999776482582,
        "loss": 0.0,
        "name": "Y",
        "prediction": 0
      },
      "type": "integral"
    },
    "feature": 1,
    "name": "age0",
    "reference": 1,
    "relation": "==",
    "true": {
      "complexity": 0.009999999776482582,
      "loss": 0.03125,
      "name": "Y",
      "prediction": 1
    },
    "type": "integral"
  },
  "feature": 9,
  "model_objective": 0.11124999076128006,
  "name": "Bar1",
  "reference": 1,
  "relation": "==",
  "true": {
    "complexity": 0.009999999776482582,
    "loss": 0.0,
    "name": "Y",
    "prediction": 1
  },
  "type": "integral"
}
{
  "false": {
    "false": {
      "false": {
        "false": {
          "false": {
            "false": {
              "complexity": 0.009999999776482582,
              "loss": 0.0,
              "name": "Y",
              "prediction": 0
            },
            "feature": 5,
            "name": "age4",
            "reference": 1,
            "relation": "==",
            "true": {
              "complexity": 0.009999999776482582,
              "loss": 0.0,
              "name": "Y",
              "prediction": 1
            },
            "type": "integral"
          },
          "feature": 12,
          "name": "Restaurant20to50>=4",
          "reference": 1,
          "relation": "==",
          "true": {
            "complexity": 0.009999999776482582,
            "loss": 0.0,
            "name": "Y",
            "prediction": 0
          },
          "type": "integral"
        },
        "feature": 8,
        "name": "Bar0",
        "reference": 1,
        "relation": "==",
        "true": {
          "false": {
            "complexity": 0.009999999776482582,
            "loss": 0.0,
            "name": "Y",
            "prediction": 1
          },
          "feature": 13,
          "name": "direction_same",
          "reference": 1,
          "relation": "==",
          "true": {
            "complexity": 0.009999999776482582,
            "loss": 0.0,
            "name": "Y",
            "prediction": 0
          },
          "type": "integral"
        },
        "type": "integral"
      },
      "feature": 1,
      "name": "age0",
      "reference": 1,
      "relation": "==",
      "true": {
        "complexity": 0.009999999776482582,
        "loss": 0.03125,
        "name": "Y",
        "prediction": 1
      },
      "type": "integral"
    },
    "feature": 3,
    "name": "age2",
    "reference": 1,
    "relation": "==",
    "true": {
      "complexity": 0.009999999776482582,
      "loss": 0.0,
      "name": "Y",
      "prediction": 0
    },
    "type": "integral"
  },
  "feature": 9,
  "model_objective": 0.11124999076128006,
  "name": "Bar1",
  "reference": 1,
  "relation": "==",
  "true": {
    "complexity": 0.009999999776482582,
    "loss": 0.0,
    "name": "Y",
    "prediction": 1
  },
  "type": "integral"
}
{
  "false": {
    "false": {
      "false": {
        "false": {
          "false": {
            "complexity": 0.009999999776482582,
            "loss": 0.0,
            "name": "Y",
            "prediction": 0
          },
          "feature": 9,
          "name": "Bar1",
          "reference": 1,
          "relation": "==",
          "true": {
            "complexity": 0.009999999776482582,
            "loss": 0.0,
            "name": "Y",
            "prediction": 1
          },
          "type": "integral"
        },
        "feature": 5,
        "name": "age4",
        "reference": 1,
        "relation": "==",
        "true": {
          "false": {
            "complexity": 0.009999999776482582,
            "loss": 0.0,
            "name": "Y",
            "prediction": 1
          },
          "feature": 12,
          "name": "Restaurant20to50>=4",
          "reference": 1,
          "relation": "==",
          "true": {
            "complexity": 0.009999999776482582,
            "loss": 0.0,
            "name": "Y",
            "prediction": 0
          },
          "type": "integral"
        },
        "type": "integral"
      },
      "feature": 8,
      "name": "Bar0",
      "reference": 1,
      "relation": "==",
      "true": {
        "false": {
          "complexity": 0.009999999776482582,
          "loss": 0.0,
          "name": "Y",
          "prediction": 1
        },
        "feature": 13,
        "name": "direction_same",
        "reference": 1,
        "relation": "==",
        "true": {
          "complexity": 0.009999999776482582,
          "loss": 0.0,
          "name": "Y",
          "prediction": 0
        },
        "type": "integral"
      },
      "type": "integral"
    },
    "feature": 1,
    "name": "age0",
    "reference": 1,
    "relation": "==",
    "true": {
      "complexity": 0.009999999776482582,
      "loss": 0.03125,
      "name": "Y",
      "prediction": 1
    },
    "type": "integral"
  },
  "feature": 3,
  "model_objective": 0.11124999821186066,
  "name": "age2",
  "reference": 1,
  "relation": "==",
  "true": {
    "complexity": 0.009999999776482582,
    "loss": 0.0,
    "name": "Y",
    "prediction": 0
  },
  "type": "integral"
}
{
  "false": {
    "false": {
      "false": {
        "false": {
          "false": {
            "complexity": 0.009999999776482582,
            "loss": 0.0,
            "name": "Y",
            "prediction": 0
          },
          "feature": 5,
          "name": "age4",
          "reference": 1,
          "relation": "==",
          "true": {
            "false": {
              "complexity": 0.009999999776482582,
              "loss": 0.0,
              "name": "Y",
              "prediction": 1
            },
            "feature": 12,
            "name": "Restaurant20to50>=4",
            "reference": 1,
            "relation": "==",
            "true": {
              "complexity": 0.009999999776482582,
              "loss": 0.0,
              "name": "Y",
              "prediction": 0
            },
            "type": "integral"
          },
          "type": "integral"
        },
        "feature": 8,
        "name": "Bar0",
        "reference": 1,
        "relation": "==",
        "true": {
          "false": {
            "complexity": 0.009999999776482582,
            "loss": 0.0,
            "name": "Y",
            "prediction": 1
          },
          "feature": 13,
          "name": "direction_same",
          "reference": 1,
          "relation": "==",
          "true": {
            "complexity": 0.009999999776482582,
            "loss": 0.0,
            "name": "Y",
            "prediction": 0
          },
          "type": "integral"
        },
        "type": "integral"
      },
      "feature": 3,
      "name": "age2",
      "reference": 1,
      "relation": "==",
      "true": {
        "complexity": 0.009999999776482582,
        "loss": 0.0,
        "name": "Y",
        "prediction": 0
      },
      "type": "integral"
    },
    "feature": 9,
    "name": "Bar1",
    "reference": 1,
    "relation": "==",
    "true": {
      "complexity": 0.009999999776482582,
      "loss": 0.0,
      "name": "Y",
      "prediction": 1
    },
    "type": "integral"
  },
  "feature": 1,
  "model_objective": 0.11124999076128006,
  "name": "age0",
  "reference": 1,
  "relation": "==",
  "true": {
    "complexity": 0.009999999776482582,
    "loss": 0.03125,
    "name": "Y",
    "prediction": 1
  },
  "type": "integral"
}
{
  "false": {
    "false": {
      "false": {
        "false": {
          "false": {
            "complexity": 0.009999999776482582,
            "loss": 0.0,
            "name": "Y",
            "prediction": 0
          },
          "feature": 5,
          "name": "age4",
          "reference": 1,
          "relation": "==",
          "true": {
            "complexity": 0.009999999776482582,
            "loss": 0.0,
            "name": "Y",
            "prediction": 1
          },
          "type": "integral"
        },
        "feature": 12,
        "name": "Restaurant20to50>=4",
        "reference": 1,
        "relation": "==",
        "true": {
          "complexity": 0.009999999776482582,
          "loss": 0.0,
          "name": "Y",
          "prediction": 0
        },
        "type": "integral"
      },
      "feature": 8,
      "name": "Bar0",
      "reference": 1,
      "relation": "==",
      "true": {
        "false": {
          "false": {
            "complexity": 0.009999999776482582,
            "loss": 0.0,
            "name": "Y",
            "prediction": 1
          },
          "feature": 3,
          "name": "age2",
          "reference": 1,
          "relation": "==",
          "true": {
            "complexity": 0.009999999776482582,
            "loss": 0.0,
            "name": "Y",
            "prediction": 0
          },
          "type": "integral"
        },
        "feature": 13,
        "name": "direction_same",
        "reference": 1,
        "relation": "==",
        "true": {
          "complexity": 0.009999999776482582,
          "loss": 0.0,
          "name": "Y",
          "prediction": 0
        },
        "type": "integral"
      },
      "type": "integral"
    },
    "feature": 9,
    "name": "Bar1",
    "reference": 1,
    "relation": "==",
    "true": {
      "complexity": 0.009999999776482582,
      "loss": 0.0,
      "name": "Y",
      "prediction": 1
    },
    "type": "integral"
  },
  "feature": 1,
  "model_objective": 0.11124999821186066,
  "name": "age0",
  "reference": 1,
  "relation": "==",
  "true": {
    "complexity": 0.009999999776482582,
    "loss": 0.03125,
    "name": "Y",
    "prediction": 1
  },
  "type": "integral"
}
{
  "false": {
    "false": {
      "false": {
        "false": {
          "complexity": 0.009999999776482582,
          "loss": 0.0,
          "name": "Y",
          "prediction": 0
        },
        "feature": 9,
        "name": "Bar1",
        "reference": 1,
        "relation": "==",
        "true": {
          "complexity": 0.009999999776482582,
          "loss": 0.0,
          "name": "Y",
          "prediction": 1
        },
        "type": "integral"
      },
      "feature": 5,
      "name": "age4",
      "reference": 1,
      "relation": "==",
      "true": {
        "false": {
          "complexity": 0.009999999776482582,
          "loss": 0.0,
          "name": "Y",
          "prediction": 1
        },
        "feature": 12,
        "name": "Restaurant20to50>=4",
        "reference": 1,
        "relation": "==",
        "true": {
          "complexity": 0.009999999776482582,
          "loss": 0.0,
          "name": "Y",
          "prediction": 0
        },
        "type": "integral"
      },
      "type": "integral"
    },
    "feature": 8,
    "name": "Bar0",
    "reference": 1,
    "relation": "==",
    "true": {
      "false": {
        "false": {
          "complexity": 0.009999999776482582,
          "loss": 0.0,
          "name": "Y",
          "prediction": 1
        },
        "feature": 3,
        "name": "age2",
        "reference": 1,
        "relation": "==",
        "true": {
          "complexity": 0.009999999776482582,
          "loss": 0.0,
          "name": "Y",
          "prediction": 0
        },
        "type": "integral"
      },
      "feature": 13,
      "name": "direction_same",
      "reference": 1,
      "relation": "==",
      "true": {
        "complexity": 0.009999999776482582,
        "loss": 0.0,
        "name": "Y",
        "prediction": 0
      },
      "type": "integral"
    },
    "type": "integral"
  },
  "feature": 1,
  "model_objective": 0.11124999821186066,
  "name": "age0",
  "reference": 1,
  "relation": "==",
  "true": {
    "complexity": 0.009999999776482582,
    "loss": 0.03125,
    "name": "Y",
    "prediction": 1
  },
  "type": "integral"
}
{
  "false": {
    "false": {
      "false": {
        "false": {
          "false": {
            "false": {
              "complexity": 0.009999999776482582,
              "loss": 0.0,
              "name": "Y",
              "prediction": 0
            },
            "feature": 5,
            "name": "age4",
            "reference": 1,
            "relation": "==",
            "true": {
              "complexity": 0.009999999776482582,
              "loss": 0.0,
              "name": "Y",
              "prediction": 1
            },
            "type": "integral"
          },
          "feature": 12,
          "name": "Restaurant20to50>=4",
          "reference": 1,
          "relation": "==",
          "true": {
            "complexity": 0.009999999776482582,
            "loss": 0.0,
            "name": "Y",
            "prediction": 0
          },
          "type": "integral"
        },
        "feature": 8,
        "name": "Bar0",
        "reference": 1,
        "relation": "==",
        "true": {
          "false": {
            "complexity": 0.009999999776482582,
            "loss": 0.0,
            "name": "Y",
            "prediction": 1
          },
          "feature": 13,
          "name": "direction_same",
          "reference": 1,
          "relation": "==",
          "true": {
            "complexity": 0.009999999776482582,
            "loss": 0.0,
            "name": "Y",
            "prediction": 0
          },
          "type": "integral"
        },
        "type": "integral"
      },
      "feature": 9,
      "name": "Bar1",
      "reference": 1,
      "relation": "==",
      "true": {
        "complexity": 0.009999999776482582,
        "loss": 0.0,
        "name": "Y",
        "prediction": 1
      },
      "type": "integral"
    },
    "feature": 1,
    "name": "age0",
    "reference": 1,
    "relation": "==",
    "true": {
      "complexity": 0.009999999776482582,
      "loss": 0.03125,
      "name": "Y",
      "prediction": 1
    },
    "type": "integral"
  },
  "feature": 3,
  "model_objective": 0.11124999076128006,
  "name": "age2",
  "reference": 1,
  "relation": "==",
  "true": {
    "complexity": 0.009999999776482582,
    "loss": 0.0,
    "name": "Y",
    "prediction": 0
  },
  "type": "integral"
}
{
  "false": {
    "false": {
      "false": {
        "false": {
          "false": {
            "complexity": 0.009999999776482582,
            "loss": 0.0,
            "name": "Y",
            "prediction": 0
          },
          "feature": 5,
          "name": "age4",
          "reference": 1,
          "relation": "==",
          "true": {
            "false": {
              "complexity": 0.009999999776482582,
              "loss": 0.0,
              "name": "Y",
              "prediction": 1
            },
            "feature": 12,
            "name": "Restaurant20to50>=4",
            "reference": 1,
            "relation": "==",
            "true": {
              "complexity": 0.009999999776482582,
              "loss": 0.0,
              "name": "Y",
              "prediction": 0
            },
            "type": "integral"
          },
          "type": "integral"
        },
        "feature": 8,
        "name": "Bar0",
        "reference": 1,
        "relation": "==",
        "true": {
          "false": {
            "complexity": 0.009999999776482582,
            "loss": 0.0,
            "name": "Y",
            "prediction": 1
          },
          "feature": 13,
          "name": "direction_same",
          "reference": 1,
          "relation": "==",
          "true": {
            "complexity": 0.009999999776482582,
            "loss": 0.0,
            "name": "Y",
            "prediction": 0
          },
          "type": "integral"
        },
        "type": "integral"
      },
      "feature": 9,
      "name": "Bar1",
      "reference": 1,
      "relation": "==",
      "true": {
        "complexity": 0.009999999776482582,
        "loss": 0.0,
        "name": "Y",
        "prediction": 1
      },
      "type": "integral"
    },
    "feature": 3,
    "name": "age2",
    "reference": 1,
    "relation": "==",
    "true": {
      "complexity": 0.009999999776482582,
      "loss": 0.0,
      "name": "Y",
      "prediction": 0
    },
    "type": "integral"
  },
  "feature": 1,
  "model_objective": 0.11124999076128006,
  "name": "age0",
  "reference": 1,
  "relation": "==",
  "true": {
    "complexity": 0.009999999776482582,
    "loss": 0.03125,
    "name": "Y",
    "prediction": 1
  },
  "type": "integral"
}
{
  "false": {
    "false": {
      "false": {
        "false": {
          "false": {
            "complexity": 0.009999999776482582,
            "loss": 0.0,
            "name": "Y",
            "prediction": 0
          },
          "feature": 5,
          "name": "age4",
          "reference": 1,
          "relation": "==",
          "true": {
            "complexity": 0.009999999776482582,
            "loss": 0.0,
            "name": "Y",
            "prediction": 1
          },
          "type": "integral"
        },
        "feature": 12,
        "name": "Restaurant20to50>=4",
        "reference": 1,
        "relation": "==",
        "true": {
          "complexity": 0.009999999776482582,
          "loss": 0.0,
          "name": "Y",
          "prediction": 0
        },
        "type": "integral"
      },
      "feature": 8,
      "name": "Bar0",
      "reference": 1,
      "relation": "==",
      "true": {
        "false": {
          "false": {
            "complexity": 0.009999999776482582,
            "loss": 0.0,
            "name": "Y",
            "prediction": 1
          },
          "feature": 3,
          "name": "age2",
          "reference": 1,
          "relation": "==",
          "true": {
            "complexity": 0.009999999776482582,
            "loss": 0.0,
            "name": "Y",
            "prediction": 0
          },
          "type": "integral"
        },
        "feature": 13,
        "name": "direction_same",
        "reference": 1,
        "relation": "==",
        "true": {
          "complexity": 0.009999999776482582,
          "loss": 0.0,
          "name": "Y",
          "prediction": 0
        },
        "type": "integral"
      },
      "type": "integral"
    },
    "feature": 1,
    "name": "age0",
    "reference": 1,
    "relation": "==",
    "true": {
      "complexity": 0.009999999776482582,
      "loss": 0.03125,
      "name": "Y",
      "prediction": 1
    },
    "type": "integral"
  },
  "feature": 9,
  "model_objective": 0.11124999821186066,
  "name": "Bar1",
  "reference": 1,
  "relation": "==",
  "true": {
    "complexity": 0.009999999776482582,
    "loss": 0.0,
    "name": "Y",
    "prediction": 1
  },
  "type": "integral"
}
{
  "false": {
    "false": {
      "false": {
        "false": {
          "complexity": 0.009999999776482582,
          "loss": 0.0,
          "name": "Y",
          "prediction": 0
        },
        "feature": 5,
        "name": "age4",
        "reference": 1,
        "relation": "==",
        "true": {
          "false": {
            "complexity": 0.009999999776482582,
            "loss": 0.0,
            "name": "Y",
            "prediction": 1
          },
          "feature": 12,
          "name": "Restaurant20to50>=4",
          "reference": 1,
          "relation": "==",
          "true": {
            "complexity": 0.009999999776482582,
            "loss": 0.0,
            "name": "Y",
            "prediction": 0
          },
          "type": "integral"
        },
        "type": "integral"
      },
      "feature": 8,
      "name": "Bar0",
      "reference": 1,
      "relation": "==",
      "true": {
        "false": {
          "false": {
            "complexity": 0.009999999776482582,
            "loss": 0.0,
            "name": "Y",
            "prediction": 1
          },
          "feature": 3,
          "name": "age2",
          "reference": 1,
          "relation": "==",
          "true": {
            "complexity": 0.009999999776482582,
            "loss": 0.0,
            "name": "Y",
            "prediction": 0
          },
          "type": "integral"
        },
        "feature": 13,
        "name": "direction_same",
        "reference": 1,
        "relation": "==",
        "true": {
          "complexity": 0.009999999776482582,
          "loss": 0.0,
          "name": "Y",
          "prediction": 0
        },
        "type": "integral"
      },
      "type": "integral"
    },
    "feature": 9,
    "name": "Bar1",
    "reference": 1,
    "relation": "==",
    "true": {
      "complexity": 0.009999999776482582,
      "loss": 0.0,
      "name": "Y",
      "prediction": 1
    },
    "type": "integral"
  },
  "feature": 1,
  "model_objective": 0.11124999821186066,
  "name": "age0",
  "reference": 1,
  "relation": "==",
  "true": {
    "complexity": 0.009999999776482582,
    "loss": 0.03125,
    "name": "Y",
    "prediction": 1
  },
  "type": "integral"
}
{
  "false": {
    "false": {
      "false": {
        "false": {
          "false": {
            "complexity": 0.009999999776482582,
            "loss": 0.0,
            "name": "Y",
            "prediction": 0
          },
          "feature": 5,
          "name": "age4",
          "reference": 1,
          "relation": "==",
          "true": {
            "false": {
              "complexity": 0.009999999776482582,
              "loss": 0.0,
              "name": "Y",
              "prediction": 1
            },
            "feature": 12,
            "name": "Restaurant20to50>=4",
            "reference": 1,
            "relation": "==",
            "true": {
              "complexity": 0.009999999776482582,
              "loss": 0.0,
              "name": "Y",
              "prediction": 0
            },
            "type": "integral"
          },
          "type": "integral"
        },
        "feature": 9,
        "name": "Bar1",
        "reference": 1,
        "relation": "==",
        "true": {
          "complexity": 0.009999999776482582,
          "loss": 0.0,
          "name": "Y",
          "prediction": 1
        },
        "type": "integral"
      },
      "feature": 8,
      "name": "Bar0",
      "reference": 1,
      "relation": "==",
      "true": {
        "false": {
          "complexity": 0.009999999776482582,
          "loss": 0.0,
          "name": "Y",
          "prediction": 1
        },
        "feature": 13,
        "name": "direction_same",
        "reference": 1,
        "relation": "==",
        "true": {
          "complexity": 0.009999999776482582,
          "loss": 0.0,
          "name": "Y",
          "prediction": 0
        },
        "type": "integral"
      },
      "type": "integral"
    },
    "feature": 3,
    "name": "age2",
    "reference": 1,
    "relation": "==",
    "true": {
      "complexity": 0.009999999776482582,
      "loss": 0.0,
      "name": "Y",
      "prediction": 0
    },
    "type": "integral"
  },
  "feature": 1,
  "model_objective": 0.11124999821186066,
  "name": "age0",
  "reference": 1,
  "relation": "==",
  "true": {
    "complexity": 0.009999999776482582,
    "loss": 0.03125,
    "name": "Y",
    "prediction": 1
  },
  "type": "integral"
}
{
  "false": {
    "false": {
      "false": {
        "false": {
          "false": {
            "complexity": 0.009999999776482582,
            "loss": 0.0,
            "name": "Y",
            "prediction": 0
          },
          "feature": 9,
          "name": "Bar1",
          "reference": 1,
          "relation": "==",
          "true": {
            "complexity": 0.009999999776482582,
            "loss": 0.0,
            "name": "Y",
            "prediction": 1
          },
          "type": "integral"
        },
        "feature": 5,
        "name": "age4",
        "reference": 1,
        "relation": "==",
        "true": {
          "false": {
            "complexity": 0.009999999776482582,
            "loss": 0.0,
            "name": "Y",
            "prediction": 1
          },
          "feature": 12,
          "name": "Restaurant20to50>=4",
          "reference": 1,
          "relation": "==",
          "true": {
            "complexity": 0.009999999776482582,
            "loss": 0.0,
            "name": "Y",
            "prediction": 0
          },
          "type": "integral"
        },
        "type": "integral"
      },
      "feature": 8,
      "name": "Bar0",
      "reference": 1,
      "relation": "==",
      "true": {
        "false": {
          "complexity": 0.009999999776482582,
          "loss": 0.0,
          "name": "Y",
          "prediction": 1
        },
        "feature": 13,
        "name": "direction_same",
        "reference": 1,
        "relation": "==",
        "true": {
          "complexity": 0.009999999776482582,
          "loss": 0.0,
          "name": "Y",
          "prediction": 0
        },
        "type": "integral"
      },
      "type": "integral"
    },
    "feature": 3,
    "name": "age2",
    "reference": 1,
    "relation": "==",
    "true": {
      "complexity": 0.009999999776482582,
      "loss": 0.0,
      "name": "Y",
      "prediction": 0
    },
    "type": "integral"
  },
  "feature": 1,
  "model_objective": 0.11124999821186066,
  "name": "age0",
  "reference": 1,
  "relation": "==",
  "true": {
    "complexity": 0.009999999776482582,
    "loss": 0.03125,
    "name": "Y",
    "prediction": 1
  },
  "type": "integral"
}
{
  "false": {
    "false": {
      "false": {
        "false": {
          "false": {
            "complexity": 0.009999999776482582,
            "loss": 0.0,
            "name": "Y",
            "prediction": 0
          },
          "feature": 5,
          "name": "age4",
          "reference": 1,
          "relation": "==",
          "true": {
            "complexity": 0.009999999776482582,
            "loss": 0.0,
            "name": "Y",
            "prediction": 1
          },
          "type": "integral"
        },
        "feature": 12,
        "name": "Restaurant20to50>=4",
        "reference": 1,
        "relation": "==",
        "true": {
          "complexity": 0.009999999776482582,
          "loss": 0.0,
          "name": "Y",
          "prediction": 0
        },
        "type": "integral"
      },
      "feature": 8,
      "name": "Bar0",
      "reference": 1,
      "relation": "==",
      "true": {
        "false": {
          "false": {
            "complexity": 0.009999999776482582,
            "loss": 0.0,
            "name": "Y",
            "prediction": 1
          },
          "feature": 13,
          "name": "direction_same",
          "reference": 1,
          "relation": "==",
          "true": {
            "complexity": 0.009999999776482582,
            "loss": 0.0,
            "name": "Y",
            "prediction": 0
          },
          "type": "integral"
        },
        "feature": 3,
        "name": "age2",
        "reference": 1,
        "relation": "==",
        "true": {
          "complexity": 0.009999999776482582,
          "loss": 0.0,
          "name": "Y",
          "prediction": 0
        },
        "type": "integral"
      },
      "type": "integral"
    },
    "feature": 9,
    "name": "Bar1",
    "reference": 1,
    "relation": "==",
    "true": {
      "complexity": 0.009999999776482582,
      "loss": 0.0,
      "name": "Y",
      "prediction": 1
    },
    "type": "integral"
  },
  "feature": 1,
  "model_objective": 0.11124999821186066,
  "name": "age0",
  "reference": 1,
  "relation": "==",
  "true": {
    "complexity": 0.009999999776482582,
    "loss": 0.03125,
    "name": "Y",
    "prediction": 1
  },
  "type": "integral"
}
{
  "false": {
    "false": {
      "false": {
        "false": {
          "false": {
            "false": {
              "complexity": 0.009999999776482582,
              "loss": 0.0,
              "name": "Y",
              "prediction": 0
            },
            "feature": 5,
            "name": "age4",
            "reference": 1,
            "relation": "==",
            "true": {
              "complexity": 0.009999999776482582,
              "loss": 0.0,
              "name": "Y",
              "prediction": 1
            },
            "type": "integral"
          },
          "feature": 12,
          "name": "Restaurant20to50>=4",
          "reference": 1,
          "relation": "==",
          "true": {
            "complexity": 0.009999999776482582,
            "loss": 0.0,
            "name": "Y",
            "prediction": 0
          },
          "type": "integral"
        },
        "feature": 8,
        "name": "Bar0",
        "reference": 1,
        "relation": "==",
        "true": {
          "false": {
            "complexity": 0.009999999776482582,
            "loss": 0.0,
            "name": "Y",
            "prediction": 1
          },
          "feature": 13,
          "name": "direction_same",
          "reference": 1,
          "relation": "==",
          "true": {
            "complexity": 0.009999999776482582,
            "loss": 0.0,
            "name": "Y",
            "prediction": 0
          },
          "type": "integral"
        },
        "type": "integral"
      },
      "feature": 3,
      "name": "age2",
      "reference": 1,
      "relation": "==",
      "true": {
        "complexity": 0.009999999776482582,
        "loss": 0.0,
        "name": "Y",
        "prediction": 0
      },
      "type": "integral"
    },
    "feature": 9,
    "name": "Bar1",
    "reference": 1,
    "relation": "==",
    "true": {
      "complexity": 0.009999999776482582,
      "loss": 0.0,
      "name": "Y",
      "prediction": 1
    },
    "type": "integral"
  },
  "feature": 1,
  "model_objective": 0.11124999076128006,
  "name": "age0",
  "reference": 1,
  "relation": "==",
  "true": {
    "complexity": 0.009999999776482582,
    "loss": 0.03125,
    "name": "Y",
    "prediction": 1
  },
  "type": "integral"
}
{
  "false": {
    "false": {
      "false": {
        "false": {
          "complexity": 0.009999999776482582,
          "loss": 0.0,
          "name": "Y",
          "prediction": 0
        },
        "feature": 9,
        "name": "Bar1",
        "reference": 1,
        "relation": "==",
        "true": {
          "complexity": 0.009999999776482582,
          "loss": 0.0,
          "name": "Y",
          "prediction": 1
        },
        "type": "integral"
      },
      "feature": 5,
      "name": "age4",
      "reference": 1,
      "relation": "==",
      "true": {
        "false": {
          "complexity": 0.009999999776482582,
          "loss": 0.0,
          "name": "Y",
          "prediction": 1
        },
        "feature": 12,
        "name": "Restaurant20to50>=4",
        "reference": 1,
        "relation": "==",
        "true": {
          "complexity": 0.009999999776482582,
          "loss": 0.0,
          "name": "Y",
          "prediction": 0
        },
        "type": "integral"
      },
      "type": "integral"
    },
    "feature": 8,
    "name": "Bar0",
    "reference": 1,
    "relation": "==",
    "true": {
      "false": {
        "false": {
          "complexity": 0.009999999776482582,
          "loss": 0.0,
          "name": "Y",
          "prediction": 1
        },
        "feature": 13,
        "name": "direction_same",
        "reference": 1,
        "relation": "==",
        "true": {
          "complexity": 0.009999999776482582,
          "loss": 0.0,
          "name": "Y",
          "prediction": 0
        },
        "type": "integral"
      },
      "feature": 3,
      "name": "age2",
      "reference": 1,
      "relation": "==",
      "true": {
        "complexity": 0.009999999776482582,
        "loss": 0.0,
        "name": "Y",
        "prediction": 0
      },
      "type": "integral"
    },
    "type": "integral"
  },
  "feature": 1,
  "model_objective": 0.11124999821186066,
  "name": "age0",
  "reference": 1,
  "relation": "==",
  "true": {
    "complexity": 0.009999999776482582,
    "loss": 0.03125,
    "name": "Y",
    "prediction": 1
  },
  "type": "integral"
}
{
  "false": {
    "false": {
      "false": {
        "false": {
          "false": {
            "complexity": 0.009999999776482582,
            "loss": 0.0,
            "name": "Y",
            "prediction": 0
          },
          "feature": 5,
          "name": "age4",
          "reference": 1,
          "relation": "==",
          "true": {
            "false": {
              "complexity": 0.009999999776482582,
              "loss": 0.0,
              "name": "Y",
              "prediction": 1
            },
            "feature": 12,
            "name": "Restaurant20to50>=4",
            "reference": 1,
            "relation": "==",
            "true": {
              "complexity": 0.009999999776482582,
              "loss": 0.0,
              "name": "Y",
              "prediction": 0
            },
            "type": "integral"
          },
          "type": "integral"
        },
        "feature": 8,
        "name": "Bar0",
        "reference": 1,
        "relation": "==",
        "true": {
          "false": {
            "complexity": 0.009999999776482582,
            "loss": 0.0,
            "name": "Y",
            "prediction": 1
          },
          "feature": 13,
          "name": "direction_same",
          "reference": 1,
          "relation": "==",
          "true": {
            "complexity": 0.009999999776482582,
            "loss": 0.0,
            "name": "Y",
            "prediction": 0
          },
          "type": "integral"
        },
        "type": "integral"
      },
      "feature": 3,
      "name": "age2",
      "reference": 1,
      "relation": "==",
      "true": {
        "complexity": 0.009999999776482582,
        "loss": 0.0,
        "name": "Y",
        "prediction": 0
      },
      "type": "integral"
    },
    "feature": 1,
    "name": "age0",
    "reference": 1,
    "relation": "==",
    "true": {
      "complexity": 0.009999999776482582,
      "loss": 0.03125,
      "name": "Y",
      "prediction": 1
    },
    "type": "integral"
  },
  "feature": 9,
  "model_objective": 0.11124999076128006,
  "name": "Bar1",
  "reference": 1,
  "relation": "==",
  "true": {
    "complexity": 0.009999999776482582,
    "loss": 0.0,
    "name": "Y",
    "prediction": 1
  },
  "type": "integral"
}
{
  "false": {
    "false": {
      "false": {
        "false": {
          "false": {
            "complexity": 0.009999999776482582,
            "loss": 0.0,
            "name": "Y",
            "prediction": 0
          },
          "feature": 5,
          "name": "age4",
          "reference": 1,
          "relation": "==",
          "true": {
            "false": {
              "complexity": 0.009999999776482582,
              "loss": 0.0,
              "name": "Y",
              "prediction": 1
            },
            "feature": 12,
            "name": "Restaurant20to50>=4",
            "reference": 1,
            "relation": "==",
            "true": {
              "complexity": 0.009999999776482582,
              "loss": 0.0,
              "name": "Y",
              "prediction": 0
            },
            "type": "integral"
          },
          "type": "integral"
        },
        "feature": 8,
        "name": "Bar0",
        "reference": 1,
        "relation": "==",
        "true": {
          "false": {
            "complexity": 0.009999999776482582,
            "loss": 0.0,
            "name": "Y",
            "prediction": 1
          },
          "feature": 13,
          "name": "direction_same",
          "reference": 1,
          "relation": "==",
          "true": {
            "complexity": 0.009999999776482582,
            "loss": 0.0,
            "name": "Y",
            "prediction": 0
          },
          "type": "integral"
        },
        "type": "integral"
      },
      "feature": 1,
      "name": "age0",
      "reference": 1,
      "relation": "==",
      "true": {
        "complexity": 0.009999999776482582,
        "loss": 0.03125,
        "name": "Y",
        "prediction": 1
      },
      "type": "integral"
    },
    "feature": 9,
    "name": "Bar1",
    "reference": 1,
    "relation": "==",
    "true": {
      "complexity": 0.009999999776482582,
      "loss": 0.0,
      "name": "Y",
      "prediction": 1
    },
    "type": "integral"
  },
  "feature": 3,
  "model_objective": 0.11124999076128006,
  "name": "age2",
  "reference": 1,
  "relation": "==",
  "true": {
    "complexity": 0.009999999776482582,
    "loss": 0.0,
    "name": "Y",
    "prediction": 0
  },
  "type": "integral"
}
{
  "false": {
    "false": {
      "false": {
        "false": {
          "false": {
            "false": {
              "complexity": 0.009999999776482582,
              "loss": 0.0,
              "name": "Y",
              "prediction": 0
            },
            "feature": 5,
            "name": "age4",
            "reference": 1,
            "relation": "==",
            "true": {
              "complexity": 0.009999999776482582,
              "loss": 0.0,
              "name": "Y",
              "prediction": 1
            },
            "type": "integral"
          },
          "feature": 12,
          "name": "Restaurant20to50>=4",
          "reference": 1,
          "relation": "==",
          "true": {
            "complexity": 0.009999999776482582,
            "loss": 0.0,
            "name": "Y",
            "prediction": 0
          },
          "type": "integral"
        },
        "feature": 9,
        "name": "Bar1",
        "reference": 1,
        "relation": "==",
        "true": {
          "complexity": 0.009999999776482582,
          "loss": 0.0,
          "name": "Y",
          "prediction": 1
        },
        "type": "integral"
      },
      "feature": 8,
      "name": "Bar0",
      "reference": 1,
      "relation": "==",
      "true": {
        "false": {
          "complexity": 0.009999999776482582,
          "loss": 0.0,
          "name": "Y",
          "prediction": 1
        },
        "feature": 13,
        "name": "direction_same",
        "reference": 1,
        "relation": "==",
        "true": {
          "complexity": 0.009999999776482582,
          "loss": 0.0,
          "name": "Y",
          "prediction": 0
        },
        "type": "integral"
      },
      "type": "integral"
    },
    "feature": 3,
    "name": "age2",
    "reference": 1,
    "relation": "==",
    "true": {
      "complexity": 0.009999999776482582,
      "loss": 0.0,
      "name": "Y",
      "prediction": 0
    },
    "type": "integral"
  },
  "feature": 1,
  "model_objective": 0.11124999821186066,
  "name": "age0",
  "reference": 1,
  "relation": "==",
  "true": {
    "complexity": 0.009999999776482582,
    "loss": 0.03125,
    "name": "Y",
    "prediction": 1
  },
  "type": "integral"
}
{
  "false": {
    "false": {
      "false": {
        "false": {
          "complexity": 0.009999999776482582,
          "loss": 0.0,
          "name": "Y",
          "prediction": 0
        },
        "feature": 5,
        "name": "age4",
        "reference": 1,
        "relation": "==",
        "true": {
          "false": {
            "complexity": 0.009999999776482582,
            "loss": 0.0,
            "name": "Y",
            "prediction": 1
          },
          "feature": 12,
          "name": "Restaurant20to50>=4",
          "reference": 1,
          "relation": "==",
          "true": {
            "complexity": 0.009999999776482582,
            "loss": 0.0,
            "name": "Y",
            "prediction": 0
          },
          "type": "integral"
        },
        "type": "integral"
      },
      "feature": 8,
      "name": "Bar0",
      "reference": 1,
      "relation": "==",
      "true": {
        "false": {
          "false": {
            "complexity": 0.009999999776482582,
            "loss": 0.0,
            "name": "Y",
            "prediction": 1
          },
          "feature": 13,
          "name": "direction_same",
          "reference": 1,
          "relation": "==",
          "true": {
            "complexity": 0.009999999776482582,
            "loss": 0.0,
            "name": "Y",
            "prediction": 0
          },
          "type": "integral"
        },
        "feature": 3,
        "name": "age2",
        "reference": 1,
        "relation": "==",
        "true": {
          "complexity": 0.009999999776482582,
          "loss": 0.0,
          "name": "Y",
          "prediction": 0
        },
        "type": "integral"
      },
      "type": "integral"
    },
    "feature": 9,
    "name": "Bar1",
    "reference": 1,
    "relation": "==",
    "true": {
      "complexity": 0.009999999776482582,
      "loss": 0.0,
      "name": "Y",
      "prediction": 1
    },
    "type": "integral"
  },
  "feature": 1,
  "model_objective": 0.11124999821186066,
  "name": "age0",
  "reference": 1,
  "relation": "==",
  "true": {
    "complexity": 0.009999999776482582,
    "loss": 0.03125,
    "name": "Y",
    "prediction": 1
  },
  "type": "integral"
}
{
  "false": {
    "false": {
      "false": {
        "false": {
          "false": {
            "complexity": 0.009999999776482582,
            "loss": 0.0,
            "name": "Y",
            "prediction": 0
          },
          "feature": 5,
          "name": "age4",
          "reference": 1,
          "relation": "==",
          "true": {
            "complexity": 0.009999999776482582,
            "loss": 0.0,
            "name": "Y",
            "prediction": 1
          },
          "type": "integral"
        },
        "feature": 12,
        "name": "Restaurant20to50>=4",
        "reference": 1,
        "relation": "==",
        "true": {
          "complexity": 0.009999999776482582,
          "loss": 0.0,
          "name": "Y",
          "prediction": 0
        },
        "type": "integral"
      },
      "feature": 8,
      "name": "Bar0",
      "reference": 1,
      "relation": "==",
      "true": {
        "false": {
          "false": {
            "complexity": 0.009999999776482582,
            "loss": 0.0,
            "name": "Y",
            "prediction": 1
          },
          "feature": 13,
          "name": "direction_same",
          "reference": 1,
          "relation": "==",
          "true": {
            "complexity": 0.009999999776482582,
            "loss": 0.0,
            "name": "Y",
            "prediction": 0
          },
          "type": "integral"
        },
        "feature": 3,
        "name": "age2",
        "reference": 1,
        "relation": "==",
        "true": {
          "complexity": 0.009999999776482582,
          "loss": 0.0,
          "name": "Y",
          "prediction": 0
        },
        "type": "integral"
      },
      "type": "integral"
    },
    "feature": 1,
    "name": "age0",
    "reference": 1,
    "relation": "==",
    "true": {
      "complexity": 0.009999999776482582,
      "loss": 0.03125,
      "name": "Y",
      "prediction": 1
    },
    "type": "integral"
  },
  "feature": 9,
  "model_objective": 0.11124999821186066,
  "name": "Bar1",
  "reference": 1,
  "relation": "==",
  "true": {
    "complexity": 0.009999999776482582,
    "loss": 0.0,
    "name": "Y",
    "prediction": 1
  },
  "type": "integral"
}
{
  "false": {
    "false": {
      "false": {
        "false": {
          "false": {
            "complexity": 0.009999999776482582,
            "loss": 0.0,
            "name": "Y",
            "prediction": 0
          },
          "feature": 5,
          "name": "age4",
          "reference": 1,
          "relation": "==",
          "true": {
            "false": {
              "complexity": 0.009999999776482582,
              "loss": 0.0,
              "name": "Y",
              "prediction": 1
            },
            "feature": 12,
            "name": "Restaurant20to50>=4",
            "reference": 1,
            "relation": "==",
            "true": {
              "complexity": 0.009999999776482582,
              "loss": 0.0,
              "name": "Y",
              "prediction": 0
            },
            "type": "integral"
          },
          "type": "integral"
        },
        "feature": 8,
        "name": "Bar0",
        "reference": 1,
        "relation": "==",
        "true": {
          "false": {
            "complexity": 0.009999999776482582,
            "loss": 0.0,
            "name": "Y",
            "prediction": 1
          },
          "feature": 13,
          "name": "direction_same",
          "reference": 1,
          "relation": "==",
          "true": {
            "complexity": 0.009999999776482582,
            "loss": 0.0,
            "name": "Y",
            "prediction": 0
          },
          "type": "integral"
        },
        "type": "integral"
      },
      "feature": 1,
      "name": "age0",
      "reference": 1,
      "relation": "==",
      "true": {
        "complexity": 0.009999999776482582,
        "loss": 0.03125,
        "name": "Y",
        "prediction": 1
      },
      "type": "integral"
    },
    "feature": 3,
    "name": "age2",
    "reference": 1,
    "relation": "==",
    "true": {
      "complexity": 0.009999999776482582,
      "loss": 0.0,
      "name": "Y",
      "prediction": 0
    },
    "type": "integral"
  },
  "feature": 9,
  "model_objective": 0.11124999076128006,
  "name": "Bar1",
  "reference": 1,
  "relation": "==",
  "true": {
    "complexity": 0.009999999776482582,
    "loss": 0.0,
    "name": "Y",
    "prediction": 1
  },
  "type": "integral"
}
{
  "false": {
    "false": {
      "false": {
        "false": {
          "false": {
            "false": {
              "complexity": 0.009999999776482582,
              "loss": 0.0,
              "name": "Y",
              "prediction": 0
            },
            "feature": 5,
            "name": "age4",
            "reference": 1,
            "relation": "==",
            "true": {
              "complexity": 0.009999999776482582,
              "loss": 0.0,
              "name": "Y",
              "prediction": 1
            },
            "type": "integral"
          },
          "feature": 12,
          "name": "Restaurant20to50>=4",
          "reference": 1,
          "relation": "==",
          "true": {
            "complexity": 0.009999999776482582,
            "loss": 0.0,
            "name": "Y",
            "prediction": 0
          },
          "type": "integral"
        },
        "feature": 8,
        "name": "Bar0",
        "reference": 1,
        "relation": "==",
        "true": {
          "false": {
            "complexity": 0.009999999776482582,
            "loss": 0.0,
            "name": "Y",
            "prediction": 1
          },
          "feature": 13,
          "name": "direction_same",
          "reference": 1,
          "relation": "==",
          "true": {
            "complexity": 0.009999999776482582,
            "loss": 0.0,
            "name": "Y",
            "prediction": 0
          },
          "type": "integral"
        },
        "type": "integral"
      },
      "feature": 9,
      "name": "Bar1",
      "reference": 1,
      "relation": "==",
      "true": {
        "complexity": 0.009999999776482582,
        "loss": 0.0,
        "name": "Y",
        "prediction": 1
      },
      "type": "integral"
    },
    "feature": 3,
    "name": "age2",
    "reference": 1,
    "relation": "==",
    "true": {
      "complexity": 0.009999999776482582,
      "loss": 0.0,
      "name": "Y",
      "prediction": 0
    },
    "type": "integral"
  },
  "feature": 1,
  "model_objective": 0.11124999076128006,
  "name": "age0",
  "reference": 1,
  "relation": "==",
  "true": {
    "complexity": 0.009999999776482582,
    "loss": 0.03125,
    "name": "Y",
    "prediction": 1
  },
  "type": "integral"
}
Iteration: 0
treefarms reported successful execution
training completed. Number of trees in the Rashomon set: 40
