null
Finding Optimal Objective...
{
  "false": {
    "false": {
      "false": {
        "false": {
          "complexity": 0.009999999776482582,
          "loss": 0.0,
          "name": "Y",
          "prediction": "False"
        },
        "feature": 9,
        "name": "a5_3",
        "reference": "True",
        "relation": "==",
        "true": {
          "complexity": 0.009999999776482582,
          "loss": 0.0,
          "name": "Y",
          "prediction": "True"
        },
        "type": "categorical"
      },
      "feature": 6,
      "name": "a4_2",
      "reference": "True",
      "relation": "==",
      "true": {
        "false": {
          "complexity": 0.009999999776482582,
          "loss": 0.0,
          "name": "Y",
          "prediction": "False"
        },
        "feature": 7,
        "name": "a5_1",
        "reference": "True",
        "relation": "==",
        "true": {
          "complexity": 0.009999999776482582,
          "loss": 0.0,
          "name": "Y",
          "prediction": "True"
        },
        "type": "categorical"
      },
      "type": "categorical"
    },
    "feature": 3,
    "name": "a2_2",
    "reference": "True",
    "relation": "==",
    "true": {
      "complexity": 0.009999999776482582,
      "loss": 0.0,
      "name": "Y",
      "prediction": "True"
    },
    "type": "categorical"
  },
  "feature": 8,
  "model_objective": 0.059999994933605194,
  "name": "a5_2",
  "reference": "True",
  "relation": "==",
  "true": {
    "complexity": 0.009999999776482582,
    "loss": 0.0,
    "name": "Y",
    "prediction": "True"
  },
  "type": "categorical"
}
{
  "false": {
    "false": {
      "false": {
        "complexity": 0.009999999776482582,
        "loss": 0.0,
        "name": "Y",
        "prediction": "False"
      },
      "feature": 9,
      "name": "a5_3",
      "reference": "True",
      "relation": "==",
      "true": {
        "complexity": 0.009999999776482582,
        "loss": 0.0,
        "name": "Y",
        "prediction": "True"
      },
      "type": "categorical"
    },
    "feature": 6,
    "name": "a4_2",
    "reference": "True",
    "relation": "==",
    "true": {
      "false": {
        "false": {
          "complexity": 0.009999999776482582,
          "loss": 0.0,
          "name": "Y",
          "prediction": "False"
        },
        "feature": 7,
        "name": "a5_1",
        "reference": "True",
        "relation": "==",
        "true": {
          "complexity": 0.009999999776482582,
          "loss": 0.0,
          "name": "Y",
          "prediction": "True"
        },
        "type": "categorical"
      },
      "feature": 8,
      "name": "a5_2",
      "reference": "True",
      "relation": "==",
      "true": {
        "complexity": 0.009999999776482582,
        "loss": 0.0,
        "name": "Y",
        "prediction": "True"
      },
      "type": "categorical"
    },
    "type": "categorical"
  },
  "feature": 3,
  "model_objective": 0.059999994933605194,
  "name": "a2_2",
  "reference": "True",
  "relation": "==",
  "true": {
    "complexity": 0.009999999776482582,
    "loss": 0.0,
    "name": "Y",
    "prediction": "True"
  },
  "type": "categorical"
}
{
  "false": {
    "false": {
      "false": {
        "complexity": 0.009999999776482582,
        "loss": 0.0,
        "name": "Y",
        "prediction": "False"
      },
      "feature": 9,
      "name": "a5_3",
      "reference": "True",
      "relation": "==",
      "true": {
        "complexity": 0.009999999776482582,
        "loss": 0.0,
        "name": "Y",
        "prediction": "True"
      },
      "type": "categorical"
    },
    "feature": 6,
    "name": "a4_2",
    "reference": "True",
    "relation": "==",
    "true": {
      "false": {
        "false": {
          "complexity": 0.009999999776482582,
          "loss": 0.0,
          "name": "Y",
          "prediction": "False"
        },
        "feature": 8,
        "name": "a5_2",
        "reference": "True",
        "relation": "==",
        "true": {
          "complexity": 0.009999999776482582,
          "loss": 0.0,
          "name": "Y",
          "prediction": "True"
        },
        "type": "categorical"
      },
      "feature": 7,
      "name": "a5_1",
      "reference": "True",
      "relation": "==",
      "true": {
        "complexity": 0.009999999776482582,
        "loss": 0.0,
        "name": "Y",
        "prediction": "True"
      },
      "type": "categorical"
    },
    "type": "categorical"
  },
  "feature": 3,
  "model_objective": 0.059999994933605194,
  "name": "a2_2",
  "reference": "True",
  "relation": "==",
  "true": {
    "complexity": 0.009999999776482582,
    "loss": 0.0,
    "name": "Y",
    "prediction": "True"
  },
  "type": "categorical"
}
{
  "false": {
    "false": {
      "false": {
        "false": {
          "complexity": 0.009999999776482582,
          "loss": 0.0,
          "name": "Y",
          "prediction": "False"
        },
        "feature": 9,
        "name": "a5_3",
        "reference": "True",
        "relation": "==",
        "true": {
          "complexity": 0.009999999776482582,
          "loss": 0.0,
          "name": "Y",
          "prediction": "True"
        },
        "type": "categorical"
      },
      "feature": 6,
      "name": "a4_2",
      "reference": "True",
      "relation": "==",
      "true": {
        "false": {
          "complexity": 0.009999999776482582,
          "loss": 0.0,
          "name": "Y",
          "prediction": "False"
        },
        "feature": 7,
        "name": "a5_1",
        "reference": "True",
        "relation": "==",
        "true": {
          "complexity": 0.009999999776482582,
          "loss": 0.0,
          "name": "Y",
          "prediction": "True"
        },
        "type": "categorical"
      },
      "type": "categorical"
    },
    "feature": 8,
    "name": "a5_2",
    "reference": "True",
    "relation": "==",
    "true": {
      "complexity": 0.009999999776482582,
      "loss": 0.0,
      "name": "Y",
      "prediction": "True"
    },
    "type": "categorical"
  },
  "feature": 3,
  "model_objective": 0.059999994933605194,
  "name": "a2_2",
  "reference": "True",
  "relation": "==",
  "true": {
    "complexity": 0.009999999776482582,
    "loss": 0.0,
    "name": "Y",
    "prediction": "True"
  },
  "type": "categorical"
}
Iteration: 0
treefarms reported successful execution
training completed. Number of trees in the Rashomon set: 8
