null
Finding Optimal Objective...
{
  "false": {
    "complexity": 0.009999999776482582,
    "loss": 0.20621638000011444,
    "name": "Y",
    "prediction": 0
  },
  "feature": 0,
  "model_objective": 0.32663479447364807,
  "name": "ExternalRiskEstimate<0.49",
  "reference": 1,
  "relation": "==",
  "true": {
    "complexity": 0.009999999776482582,
    "loss": 0.10041841119527817,
    "name": "Y",
    "prediction": 1
  },
  "type": "integral"
}
null
Finding Optimal Objective...
{
  "false": {
    "complexity": 0.009999999776482582,
    "loss": 0.2130005806684494,
    "name": "Y",
    "prediction": 0
  },
  "feature": 0,
  "model_objective": 0.3316657245159149,
  "name": "ExternalRiskEstimate<0.49",
  "reference": 1,
  "relation": "==",
  "true": {
    "complexity": 0.009999999776482582,
    "loss": 0.09866511821746826,
    "name": "Y",
    "prediction": 1
  },
  "type": "integral"
}
null
Finding Optimal Objective...
{
  "false": {
    "complexity": 0.009999999776482582,
    "loss": 0.21432600915431976,
    "name": "Y",
    "prediction": 0
  },
  "feature": 0,
  "model_objective": 0.3324647843837738,
  "name": "ExternalRiskEstimate<0.49",
  "reference": 1,
  "relation": "==",
  "true": {
    "complexity": 0.009999999776482582,
    "loss": 0.09813874959945679,
    "name": "Y",
    "prediction": 1
  },
  "type": "integral"
}
null
Finding Optimal Objective...
{
  "false": {
    "complexity": 0.009999999776482582,
    "loss": 0.220515638589859,
    "name": "Y",
    "prediction": 0
  },
  "feature": 0,
  "model_objective": 0.33596271276474,
  "name": "ExternalRiskEstimate<0.49",
  "reference": 1,
  "relation": "==",
  "true": {
    "complexity": 0.009999999776482582,
    "loss": 0.09544707089662552,
    "name": "Y",
    "prediction": 1
  },
  "type": "integral"
}
