null
Finding Optimal Objective...
{
  "false": {
    "complexity": 0.009999999776482582,
    "loss": 0.12193664163351059,
    "name": "Y",
    "prediction": 0
  },
  "feature": 1,
  "model_objective": 0.3075074851512909,
  "name": "ExternalRiskEstimate<0.65",
  "reference": 1,
  "relation": "==",
  "true": {
    "complexity": 0.009999999776482582,
    "loss": 0.16557084023952484,
    "name": "Y",
    "prediction": 1
  },
  "type": "integral"
}
null
Finding Optimal Objective...
{
  "false": {
    "complexity": 0.009999999776482582,
    "loss": 0.12420197576284409,
    "name": "Y",
    "prediction": 0
  },
  "feature": 1,
  "model_objective": 0.3130934536457062,
  "name": "ExternalRiskEstimate<0.65",
  "reference": 1,
  "relation": "==",
  "true": {
    "complexity": 0.009999999776482582,
    "loss": 0.16889147460460663,
    "name": "Y",
    "prediction": 1
  },
  "type": "integral"
}
null
Finding Optimal Objective...
{
  "false": {
    "complexity": 0.009999999776482582,
    "loss": 0.1257755309343338,
    "name": "Y",
    "prediction": 0
  },
  "feature": 1,
  "model_objective": 0.3155443072319031,
  "name": "ExternalRiskEstimate<0.65",
  "reference": 1,
  "relation": "==",
  "true": {
    "complexity": 0.009999999776482582,
    "loss": 0.16976876556873322,
    "name": "Y",
    "prediction": 1
  },
  "type": "integral"
}
null
Finding Optimal Objective...
{
  "false": {
    "complexity": 0.009999999776482582,
    "loss": 0.12781131267547607,
    "name": "Y",
    "prediction": 0
  },
  "feature": 1,
  "model_objective": 0.3206034302711487,
  "name": "ExternalRiskEstimate<0.65",
  "reference": 1,
  "relation": "==",
  "true": {
    "complexity": 0.009999999776482582,
    "loss": 0.17279210686683655,
    "name": "Y",
    "prediction": 1
  },
  "type": "integral"
}
