null
Finding Optimal Objective...
{
  "false": {
    "complexity": 0.009999999776482582,
    "loss": 0.2151823192834854,
    "name": "Y",
    "prediction": 0
  },
  "feature": 0,
  "model_objective": 0.32603707909584045,
  "name": "ExternalRiskEstimate<0.49",
  "reference": 1,
  "relation": "==",
  "true": {
    "complexity": 0.009999999776482582,
    "loss": 0.09085475653409958,
    "name": "Y",
    "prediction": 1
  },
  "type": "integral"
}
null
Finding Optimal Objective...
{
  "false": {
    "complexity": 0.009999999776482582,
    "loss": 0.21648287773132324,
    "name": "Y",
    "prediction": 0
  },
  "feature": 0,
  "model_objective": 0.33050495386123657,
  "name": "ExternalRiskEstimate<0.49",
  "reference": 1,
  "relation": "==",
  "true": {
    "complexity": 0.009999999776482582,
    "loss": 0.09402205795049667,
    "name": "Y",
    "prediction": 1
  },
  "type": "integral"
}
null
Finding Optimal Objective...
{
  "false": {
    "complexity": 0.009999999776482582,
    "loss": 0.2188381403684616,
    "name": "Y",
    "prediction": 0
  },
  "feature": 0,
  "model_objective": 0.33077272772789,
  "name": "ExternalRiskEstimate<0.49",
  "reference": 1,
  "relation": "==",
  "true": {
    "complexity": 0.009999999776482582,
    "loss": 0.09193457663059235,
    "name": "Y",
    "prediction": 1
  },
  "type": "integral"
}
null
Finding Optimal Objective...
{
  "false": {
    "complexity": 0.009999999776482582,
    "loss": 0.21503017842769623,
    "name": "Y",
    "prediction": 0
  },
  "feature": 0,
  "model_objective": 0.3326714336872101,
  "name": "ExternalRiskEstimate<0.49",
  "reference": 1,
  "relation": "==",
  "true": {
    "complexity": 0.009999999776482582,
    "loss": 0.09764125198125839,
    "name": "Y",
    "prediction": 1
  },
  "type": "integral"
}
