null
Finding Optimal Objective...
{
  "false": {
    "complexity": 0.009999999776482582,
    "loss": 0.21817095577716827,
    "name": "Y",
    "prediction": 0
  },
  "feature": 0,
  "model_objective": 0.33022117614746094,
  "name": "ExternalRiskEstimate<0.49",
  "reference": 1,
  "relation": "==",
  "true": {
    "complexity": 0.009999999776482582,
    "loss": 0.0920502096414566,
    "name": "Y",
    "prediction": 1
  },
  "type": "integral"
}
null
Finding Optimal Objective...
{
  "false": {
    "complexity": 0.009999999776482582,
    "loss": 0.21880441904067993,
    "name": "Y",
    "prediction": 0
  },
  "feature": 0,
  "model_objective": 0.3299245536327362,
  "name": "ExternalRiskEstimate<0.49",
  "reference": 1,
  "relation": "==",
  "true": {
    "complexity": 0.009999999776482582,
    "loss": 0.09112013876438141,
    "name": "Y",
    "prediction": 1
  },
  "type": "integral"
}
null
Finding Optimal Objective...
{
  "false": {
    "complexity": 0.009999999776482582,
    "loss": 0.21996617317199707,
    "name": "Y",
    "prediction": 0
  },
  "feature": 0,
  "model_objective": 0.33077272772789,
  "name": "ExternalRiskEstimate<0.49",
  "reference": 1,
  "relation": "==",
  "true": {
    "complexity": 0.009999999776482582,
    "loss": 0.09080654382705688,
    "name": "Y",
    "prediction": 1
  },
  "type": "integral"
}
null
Finding Optimal Objective...
{
  "false": {
    "complexity": 0.009999999776482582,
    "loss": 0.22435547411441803,
    "name": "Y",
    "prediction": 0
  },
  "feature": 0,
  "model_objective": 0.33541420102119446,
  "name": "ExternalRiskEstimate<0.49",
  "reference": 1,
  "relation": "==",
  "true": {
    "complexity": 0.009999999776482582,
    "loss": 0.09105870127677917,
    "name": "Y",
    "prediction": 1
  },
  "type": "integral"
}
