null
Finding Optimal Objective...
{
  "false": {
    "complexity": 0.009999999776482582,
    "loss": 0.20621638000011444,
    "name": "Y",
    "prediction": 0
  },
  "feature": 0,
  "model_objective": 0.32663479447364807,
  "name": "ExternalRiskEstimate<0.49",
  "reference": 1,
  "relation": "==",
  "true": {
    "complexity": 0.009999999776482582,
    "loss": 0.10041841119527817,
    "name": "Y",
    "prediction": 1
  },
  "type": "integral"
}
null
Finding Optimal Objective...
{
  "false": {
    "complexity": 0.009999999776482582,
    "loss": 0.2106790542602539,
    "name": "Y",
    "prediction": 0
  },
  "feature": 0,
  "model_objective": 0.33050495386123657,
  "name": "ExternalRiskEstimate<0.49",
  "reference": 1,
  "relation": "==",
  "true": {
    "complexity": 0.009999999776482582,
    "loss": 0.0998258888721466,
    "name": "Y",
    "prediction": 1
  },
  "type": "integral"
}
null
Finding Optimal Objective...
{
  "false": {
    "complexity": 0.009999999776482582,
    "loss": 0.21376200020313263,
    "name": "Y",
    "prediction": 0
  },
  "feature": 0,
  "model_objective": 0.3319007456302643,
  "name": "ExternalRiskEstimate<0.49",
  "reference": 1,
  "relation": "==",
  "true": {
    "complexity": 0.009999999776482582,
    "loss": 0.09813874959945679,
    "name": "Y",
    "prediction": 1
  },
  "type": "integral"
}
null
Finding Optimal Objective...
{
  "false": {
    "complexity": 0.009999999776482582,
    "loss": 0.21503017842769623,
    "name": "Y",
    "prediction": 0
  },
  "feature": 0,
  "model_objective": 0.3326714336872101,
  "name": "ExternalRiskEstimate<0.49",
  "reference": 1,
  "relation": "==",
  "true": {
    "complexity": 0.009999999776482582,
    "loss": 0.09764125198125839,
    "name": "Y",
    "prediction": 1
  },
  "type": "integral"
}
