null
Finding Optimal Objective...
{
  "false": {
    "complexity": 0.009999999776482582,
    "loss": 0.1482367068529129,
    "name": "Y",
    "prediction": 0
  },
  "feature": 1,
  "model_objective": 0.33022117614746094,
  "name": "ExternalRiskEstimate<0.65",
  "reference": 1,
  "relation": "==",
  "true": {
    "complexity": 0.009999999776482582,
    "loss": 0.16198445856571198,
    "name": "Y",
    "prediction": 1
  },
  "type": "integral"
}
null
Finding Optimal Objective...
{
  "false": {
    "complexity": 0.009999999776482582,
    "loss": 0.2240278571844101,
    "name": "Y",
    "prediction": 0
  },
  "feature": 0,
  "model_objective": 0.3345676362514496,
  "name": "ExternalRiskEstimate<0.49",
  "reference": 1,
  "relation": "==",
  "true": {
    "complexity": 0.009999999776482582,
    "loss": 0.09053975343704224,
    "name": "Y",
    "prediction": 1
  },
  "type": "integral"
}
null
Finding Optimal Objective...
{
  "false": {
    "complexity": 0.009999999776482582,
    "loss": 0.22842641174793243,
    "name": "Y",
    "prediction": 0
  },
  "feature": 0,
  "model_objective": 0.3397969901561737,
  "name": "ExternalRiskEstimate<0.49",
  "reference": 1,
  "relation": "==",
  "true": {
    "complexity": 0.009999999776482582,
    "loss": 0.09137056022882462,
    "name": "Y",
    "prediction": 1
  },
  "type": "integral"
}
null
Finding Optimal Objective...
{
  "false": {
    "complexity": 0.009999999776482582,
    "loss": 0.23148657381534576,
    "name": "Y",
    "prediction": 0
  },
  "feature": 0,
  "model_objective": 0.34364238381385803,
  "name": "ExternalRiskEstimate<0.49",
  "reference": 1,
  "relation": "==",
  "true": {
    "complexity": 0.009999999776482582,
    "loss": 0.09215579181909561,
    "name": "Y",
    "prediction": 1
  },
  "type": "integral"
}
