null
Finding Optimal Objective...
{
  "false": {
    "complexity": 0.009999999776482582,
    "loss": 0.21040049195289612,
    "name": "Y",
    "prediction": 0
  },
  "feature": 0,
  "model_objective": 0.3176688849925995,
  "name": "ExternalRiskEstimate<0.49",
  "reference": 1,
  "relation": "==",
  "true": {
    "complexity": 0.009999999776482582,
    "loss": 0.08726838231086731,
    "name": "Y",
    "prediction": 1
  },
  "type": "integral"
}
null
Finding Optimal Objective...
{
  "false": {
    "complexity": 0.009999999776482582,
    "loss": 0.2153221070766449,
    "name": "Y",
    "prediction": 0
  },
  "feature": 0,
  "model_objective": 0.32237955927848816,
  "name": "ExternalRiskEstimate<0.49",
  "reference": 1,
  "relation": "==",
  "true": {
    "complexity": 0.009999999776482582,
    "loss": 0.0870574563741684,
    "name": "Y",
    "prediction": 1
  },
  "type": "integral"
}
null
Finding Optimal Objective...
{
  "false": {
    "complexity": 0.009999999776482582,
    "loss": 0.21545404195785522,
    "name": "Y",
    "prediction": 0
  },
  "feature": 0,
  "model_objective": 0.3234405219554901,
  "name": "ExternalRiskEstimate<0.49",
  "reference": 1,
  "relation": "==",
  "true": {
    "complexity": 0.009999999776482582,
    "loss": 0.08798646926879883,
    "name": "Y",
    "prediction": 1
  },
  "type": "integral"
}
null
Finding Optimal Objective...
{
  "false": {
    "complexity": 0.009999999776482582,
    "loss": 0.22270983457565308,
    "name": "Y",
    "prediction": 0
  },
  "feature": 0,
  "model_objective": 0.3299287259578705,
  "name": "ExternalRiskEstimate<0.49",
  "reference": 1,
  "relation": "==",
  "true": {
    "complexity": 0.009999999776482582,
    "loss": 0.08721887320280075,
    "name": "Y",
    "prediction": 1
  },
  "type": "integral"
}
