null
Finding Optimal Objective...
{
  "false": {
    "false": {
      "complexity": 0.009999999776482582,
      "loss": 0.18111178278923035,
      "name": "Y",
      "prediction": 0
    },
    "feature": 0,
    "name": "ExternalRiskEstimate<0.49",
    "reference": 1,
    "relation": "==",
    "true": {
      "complexity": 0.009999999776482582,
      "loss": 0.061566051095724106,
      "name": "Y",
      "prediction": 1
    },
    "type": "integral"
  },
  "feature": 16,
  "model_objective": 0.3312552571296692,
  "name": "TradeWBalance<0.33",
  "reference": 1,
  "relation": "==",
  "true": {
    "complexity": 0.009999999776482582,
    "loss": 0.05857740715146065,
    "name": "Y",
    "prediction": 1
  },
  "type": "integral"
}
{
  "false": {
    "false": {
      "complexity": 0.009999999776482582,
      "loss": 0.18111178278923035,
      "name": "Y",
      "prediction": 0
    },
    "feature": 16,
    "name": "TradeWBalance<0.33",
    "reference": 1,
    "relation": "==",
    "true": {
      "complexity": 0.009999999776482582,
      "loss": 0.026300061494112015,
      "name": "Y",
      "prediction": 1
    },
    "type": "integral"
  },
  "feature": 0,
  "model_objective": 0.3312552273273468,
  "name": "ExternalRiskEstimate<0.49",
  "reference": 1,
  "relation": "==",
  "true": {
    "complexity": 0.009999999776482582,
    "loss": 0.09384340047836304,
    "name": "Y",
    "prediction": 1
  },
  "type": "integral"
}
null
Finding Optimal Objective...
{
  "false": {
    "complexity": 0.009999999776482582,
    "loss": 0.22112594544887543,
    "name": "Y",
    "prediction": 0
  },
  "feature": 0,
  "model_objective": 0.3328264653682709,
  "name": "ExternalRiskEstimate<0.49",
  "reference": 1,
  "relation": "==",
  "true": {
    "complexity": 0.009999999776482582,
    "loss": 0.09170052409172058,
    "name": "Y",
    "prediction": 1
  },
  "type": "integral"
}
null
Finding Optimal Objective...
{
  "false": {
    "complexity": 0.009999999776482582,
    "loss": 0.22504231333732605,
    "name": "Y",
    "prediction": 0
  },
  "feature": 0,
  "model_objective": 0.335848867893219,
  "name": "ExternalRiskEstimate<0.49",
  "reference": 1,
  "relation": "==",
  "true": {
    "complexity": 0.009999999776482582,
    "loss": 0.09080654382705688,
    "name": "Y",
    "prediction": 1
  },
  "type": "integral"
}
null
Finding Optimal Objective...
{
  "false": {
    "complexity": 0.009999999776482582,
    "loss": 0.23093801736831665,
    "name": "Y",
    "prediction": 0
  },
  "feature": 0,
  "model_objective": 0.3398025333881378,
  "name": "ExternalRiskEstimate<0.49",
  "reference": 1,
  "relation": "==",
  "true": {
    "complexity": 0.009999999776482582,
    "loss": 0.0888645127415657,
    "name": "Y",
    "prediction": 1
  },
  "type": "integral"
}
