null
Finding Optimal Objective...
{
  "false": {
    "complexity": 0.009999999776482582,
    "loss": 0.12552301585674286,
    "name": "Y",
    "prediction": 0
  },
  "feature": 1,
  "model_objective": 0.3093006908893585,
  "name": "ExternalRiskEstimate<0.65",
  "reference": 1,
  "relation": "==",
  "true": {
    "complexity": 0.009999999776482582,
    "loss": 0.1637776494026184,
    "name": "Y",
    "prediction": 1
  },
  "type": "integral"
}
null
Finding Optimal Objective...
{
  "false": {
    "complexity": 0.009999999776482582,
    "loss": 0.125943124294281,
    "name": "Y",
    "prediction": 0
  },
  "feature": 1,
  "model_objective": 0.3101915419101715,
  "name": "ExternalRiskEstimate<0.65",
  "reference": 1,
  "relation": "==",
  "true": {
    "complexity": 0.009999999776482582,
    "loss": 0.16424840688705444,
    "name": "Y",
    "prediction": 1
  },
  "type": "integral"
}
null
Finding Optimal Objective...
{
  "false": {
    "complexity": 0.009999999776482582,
    "loss": 0.13197970390319824,
    "name": "Y",
    "prediction": 0
  },
  "feature": 1,
  "model_objective": 0.3161083161830902,
  "name": "ExternalRiskEstimate<0.65",
  "reference": 1,
  "relation": "==",
  "true": {
    "complexity": 0.009999999776482582,
    "loss": 0.1641286015510559,
    "name": "Y",
    "prediction": 1
  },
  "type": "integral"
}
null
Finding Optimal Objective...
{
  "false": {
    "complexity": 0.009999999776482582,
    "loss": 0.13384531438350677,
    "name": "Y",
    "prediction": 0
  },
  "feature": 1,
  "model_objective": 0.31950631737709045,
  "name": "ExternalRiskEstimate<0.65",
  "reference": 1,
  "relation": "==",
  "true": {
    "complexity": 0.009999999776482582,
    "loss": 0.1656610071659088,
    "name": "Y",
    "prediction": 1
  },
  "type": "integral"
}
