null
Finding Optimal Objective...
{
  "false": {
    "complexity": 0.009999999776482582,
    "loss": 0.20621638000011444,
    "name": "Y",
    "prediction": 0
  },
  "feature": 0,
  "model_objective": 0.32663479447364807,
  "name": "ExternalRiskEstimate<0.49",
  "reference": 1,
  "relation": "==",
  "true": {
    "complexity": 0.009999999776482582,
    "loss": 0.10041841119527817,
    "name": "Y",
    "prediction": 1
  },
  "type": "integral"
}
null
Finding Optimal Objective...
{
  "false": {
    "complexity": 0.009999999776482582,
    "loss": 0.13755078613758087,
    "name": "Y",
    "prediction": 0
  },
  "feature": 1,
  "model_objective": 0.3322460949420929,
  "name": "ExternalRiskEstimate<0.65",
  "reference": 1,
  "relation": "==",
  "true": {
    "complexity": 0.009999999776482582,
    "loss": 0.17469529807567596,
    "name": "Y",
    "prediction": 1
  },
  "type": "integral"
}
{
  "false": {
    "complexity": 0.009999999776482582,
    "loss": 0.2130005806684494,
    "name": "Y",
    "prediction": 0
  },
  "feature": 0,
  "model_objective": 0.3322460949420929,
  "name": "ExternalRiskEstimate<0.49",
  "reference": 1,
  "relation": "==",
  "true": {
    "complexity": 0.009999999776482582,
    "loss": 0.09924550354480743,
    "name": "Y",
    "prediction": 1
  },
  "type": "integral"
}
null
Finding Optimal Objective...
{
  "false": {
    "complexity": 0.009999999776482582,
    "loss": 0.21432600915431976,
    "name": "Y",
    "prediction": 0
  },
  "feature": 0,
  "model_objective": 0.3324647843837738,
  "name": "ExternalRiskEstimate<0.49",
  "reference": 1,
  "relation": "==",
  "true": {
    "complexity": 0.009999999776482582,
    "loss": 0.09813874959945679,
    "name": "Y",
    "prediction": 1
  },
  "type": "integral"
}
null
Finding Optimal Objective...
{
  "false": {
    "complexity": 0.009999999776482582,
    "loss": 0.14317061007022858,
    "name": "Y",
    "prediction": 0
  },
  "feature": 1,
  "model_objective": 0.33760836720466614,
  "name": "ExternalRiskEstimate<0.65",
  "reference": 1,
  "relation": "==",
  "true": {
    "complexity": 0.009999999776482582,
    "loss": 0.1744377464056015,
    "name": "Y",
    "prediction": 1
  },
  "type": "integral"
}
