null
Finding Optimal Objective...
{
  "false": {
    "complexity": 0.009999999776482582,
    "loss": 0.2139868587255478,
    "name": "Y",
    "prediction": 0
  },
  "feature": 0,
  "model_objective": 0.3379916548728943,
  "name": "ExternalRiskEstimate<0.49",
  "reference": 1,
  "relation": "==",
  "true": {
    "complexity": 0.009999999776482582,
    "loss": 0.10400478541851044,
    "name": "Y",
    "prediction": 1
  },
  "type": "integral"
}
null
Finding Optimal Objective...
{
  "false": {
    "complexity": 0.009999999776482582,
    "loss": 0.21880441904067993,
    "name": "Y",
    "prediction": 0
  },
  "feature": 0,
  "model_objective": 0.34385377168655396,
  "name": "ExternalRiskEstimate<0.49",
  "reference": 1,
  "relation": "==",
  "true": {
    "complexity": 0.009999999776482582,
    "loss": 0.10504933446645737,
    "name": "Y",
    "prediction": 1
  },
  "type": "integral"
}
null
Finding Optimal Objective...
{
  "false": {
    "complexity": 0.009999999776482582,
    "loss": 0.22165821492671967,
    "name": "Y",
    "prediction": 0
  },
  "feature": 0,
  "model_objective": 0.3454371392726898,
  "name": "ExternalRiskEstimate<0.49",
  "reference": 1,
  "relation": "==",
  "true": {
    "complexity": 0.009999999776482582,
    "loss": 0.1037789136171341,
    "name": "Y",
    "prediction": 1
  },
  "type": "integral"
}
null
Finding Optimal Objective...
{
  "false": {
    "complexity": 0.009999999776482582,
    "loss": 0.22216127812862396,
    "name": "Y",
    "prediction": 0
  },
  "feature": 0,
  "model_objective": 0.34473946690559387,
  "name": "ExternalRiskEstimate<0.49",
  "reference": 1,
  "relation": "==",
  "true": {
    "complexity": 0.009999999776482582,
    "loss": 0.10257817059755325,
    "name": "Y",
    "prediction": 1
  },
  "type": "integral"
}
