null
Finding Optimal Objective...
{
  "false": {
    "complexity": 0.009999999776482582,
    "loss": 0.21817095577716827,
    "name": "Y",
    "prediction": 0
  },
  "feature": 0,
  "model_objective": 0.33022117614746094,
  "name": "ExternalRiskEstimate<0.49",
  "reference": 1,
  "relation": "==",
  "true": {
    "complexity": 0.009999999776482582,
    "loss": 0.0920502096414566,
    "name": "Y",
    "prediction": 1
  },
  "type": "integral"
}
null
Finding Optimal Objective...
{
  "false": {
    "complexity": 0.009999999776482582,
    "loss": 0.22054556012153625,
    "name": "Y",
    "prediction": 0
  },
  "feature": 0,
  "model_objective": 0.3339872360229492,
  "name": "ExternalRiskEstimate<0.49",
  "reference": 1,
  "relation": "==",
  "true": {
    "complexity": 0.009999999776482582,
    "loss": 0.0934416726231575,
    "name": "Y",
    "prediction": 1
  },
  "type": "integral"
}
null
Finding Optimal Objective...
{
  "false": {
    "complexity": 0.009999999776482582,
    "loss": 0.22109420597553253,
    "name": "Y",
    "prediction": 0
  },
  "feature": 0,
  "model_objective": 0.3347208499908447,
  "name": "ExternalRiskEstimate<0.49",
  "reference": 1,
  "relation": "==",
  "true": {
    "complexity": 0.009999999776482582,
    "loss": 0.09362662583589554,
    "name": "Y",
    "prediction": 1
  },
  "type": "integral"
}
null
Finding Optimal Objective...
{
  "false": {
    "complexity": 0.009999999776482582,
    "loss": 0.22216127812862396,
    "name": "Y",
    "prediction": 0
  },
  "feature": 0,
  "model_objective": 0.3392539918422699,
  "name": "ExternalRiskEstimate<0.49",
  "reference": 1,
  "relation": "==",
  "true": {
    "complexity": 0.009999999776482582,
    "loss": 0.09709271043539047,
    "name": "Y",
    "prediction": 1
  },
  "type": "integral"
}
