null
Finding Optimal Objective...
{
  "false": {
    "complexity": 0.009999999776482582,
    "loss": 0.21338912844657898,
    "name": "Y",
    "prediction": 0
  },
  "feature": 0,
  "model_objective": 0.3170711398124695,
  "name": "ExternalRiskEstimate<0.49",
  "reference": 1,
  "relation": "==",
  "true": {
    "complexity": 0.009999999776482582,
    "loss": 0.08368200808763504,
    "name": "Y",
    "prediction": 1
  },
  "type": "integral"
}
null
Finding Optimal Objective...
{
  "false": {
    "complexity": 0.009999999776482582,
    "loss": 0.21880441904067993,
    "name": "Y",
    "prediction": 0
  },
  "feature": 0,
  "model_objective": 0.32005804777145386,
  "name": "ExternalRiskEstimate<0.49",
  "reference": 1,
  "relation": "==",
  "true": {
    "complexity": 0.009999999776482582,
    "loss": 0.08125362545251846,
    "name": "Y",
    "prediction": 1
  },
  "type": "integral"
}
null
Finding Optimal Objective...
{
  "false": {
    "complexity": 0.009999999776482582,
    "loss": 0.222222238779068,
    "name": "Y",
    "prediction": 0
  },
  "feature": 0,
  "model_objective": 0.3234405219554901,
  "name": "ExternalRiskEstimate<0.49",
  "reference": 1,
  "relation": "==",
  "true": {
    "complexity": 0.009999999776482582,
    "loss": 0.08121827989816666,
    "name": "Y",
    "prediction": 1
  },
  "type": "integral"
}
null
Finding Optimal Objective...
{
  "false": {
    "complexity": 0.009999999776482582,
    "loss": 0.22435547411441803,
    "name": "Y",
    "prediction": 0
  },
  "feature": 0,
  "model_objective": 0.3244432508945465,
  "name": "ExternalRiskEstimate<0.49",
  "reference": 1,
  "relation": "==",
  "true": {
    "complexity": 0.009999999776482582,
    "loss": 0.08008777350187302,
    "name": "Y",
    "prediction": 1
  },
  "type": "integral"
}
