null
Finding Optimal Objective...
{
  "false": {
    "complexity": 0.009999999776482582,
    "loss": 0.12552301585674286,
    "name": "Y",
    "prediction": 0
  },
  "feature": 1,
  "model_objective": 0.3021279275417328,
  "name": "ExternalRiskEstimate<0.65",
  "reference": 1,
  "relation": "==",
  "true": {
    "complexity": 0.009999999776482582,
    "loss": 0.15660490095615387,
    "name": "Y",
    "prediction": 1
  },
  "type": "integral"
}
null
Finding Optimal Objective...
{
  "false": {
    "complexity": 0.009999999776482582,
    "loss": 0.13116657733917236,
    "name": "Y",
    "prediction": 0
  },
  "feature": 1,
  "model_objective": 0.3078700006008148,
  "name": "ExternalRiskEstimate<0.65",
  "reference": 1,
  "relation": "==",
  "true": {
    "complexity": 0.009999999776482582,
    "loss": 0.1567034274339676,
    "name": "Y",
    "prediction": 1
  },
  "type": "integral"
}
null
Finding Optimal Objective...
{
  "false": {
    "complexity": 0.009999999776482582,
    "loss": 0.13423576951026917,
    "name": "Y",
    "prediction": 0
  },
  "feature": 1,
  "model_objective": 0.31498029828071594,
  "name": "ExternalRiskEstimate<0.65",
  "reference": 1,
  "relation": "==",
  "true": {
    "complexity": 0.009999999776482582,
    "loss": 0.16074450314044952,
    "name": "Y",
    "prediction": 1
  },
  "type": "integral"
}
null
Finding Optimal Objective...
{
  "false": {
    "complexity": 0.009999999776482582,
    "loss": 0.13549095392227173,
    "name": "Y",
    "prediction": 0
  },
  "feature": 1,
  "model_objective": 0.3173121511936188,
  "name": "ExternalRiskEstimate<0.65",
  "reference": 1,
  "relation": "==",
  "true": {
    "complexity": 0.009999999776482582,
    "loss": 0.161821186542511,
    "name": "Y",
    "prediction": 1
  },
  "type": "integral"
}
