null
Finding Optimal Objective...
{
  "false": {
    "complexity": 0.009999999776482582,
    "loss": 0.1320980340242386,
    "name": "Y",
    "prediction": 0
  },
  "feature": 1,
  "model_objective": 0.3332098424434662,
  "name": "ExternalRiskEstimate<0.65",
  "reference": 1,
  "relation": "==",
  "true": {
    "complexity": 0.009999999776482582,
    "loss": 0.18111178278923035,
    "name": "Y",
    "prediction": 1
  },
  "type": "integral"
}
null
Finding Optimal Objective...
{
  "false": {
    "complexity": 0.009999999776482582,
    "loss": 0.1346488744020462,
    "name": "Y",
    "prediction": 0
  },
  "feature": 1,
  "model_objective": 0.3339872658252716,
  "name": "ExternalRiskEstimate<0.65",
  "reference": 1,
  "relation": "==",
  "true": {
    "complexity": 0.009999999776482582,
    "loss": 0.17933836579322815,
    "name": "Y",
    "prediction": 1
  },
  "type": "integral"
}
null
Finding Optimal Objective...
{
  "false": {
    "complexity": 0.009999999776482582,
    "loss": 0.13592781126499176,
    "name": "Y",
    "prediction": 0
  },
  "feature": 1,
  "model_objective": 0.33528485894203186,
  "name": "ExternalRiskEstimate<0.65",
  "reference": 1,
  "relation": "==",
  "true": {
    "complexity": 0.009999999776482582,
    "loss": 0.17935703694820404,
    "name": "Y",
    "prediction": 1
  },
  "type": "integral"
}
null
Finding Optimal Objective...
{
  "false": {
    "complexity": 0.009999999776482582,
    "loss": 0.13603949546813965,
    "name": "Y",
    "prediction": 0
  },
  "feature": 1,
  "model_objective": 0.33596271276474,
  "name": "ExternalRiskEstimate<0.65",
  "reference": 1,
  "relation": "==",
  "true": {
    "complexity": 0.009999999776482582,
    "loss": 0.17992320656776428,
    "name": "Y",
    "prediction": 1
  },
  "type": "integral"
}
