null
Finding Optimal Objective...
{
  "false": {
    "complexity": 0.009999999776482582,
    "loss": 0.12193664163351059,
    "name": "Y",
    "prediction": 0
  },
  "feature": 1,
  "model_objective": 0.3075074851512909,
  "name": "ExternalRiskEstimate<0.65",
  "reference": 1,
  "relation": "==",
  "true": {
    "complexity": 0.009999999776482582,
    "loss": 0.16557084023952484,
    "name": "Y",
    "prediction": 1
  },
  "type": "integral"
}
null
Finding Optimal Objective...
{
  "false": {
    "complexity": 0.009999999776482582,
    "loss": 0.12536273896694183,
    "name": "Y",
    "prediction": 0
  },
  "feature": 1,
  "model_objective": 0.3142542243003845,
  "name": "ExternalRiskEstimate<0.65",
  "reference": 1,
  "relation": "==",
  "true": {
    "complexity": 0.009999999776482582,
    "loss": 0.16889147460460663,
    "name": "Y",
    "prediction": 1
  },
  "type": "integral"
}
null
Finding Optimal Objective...
{
  "false": {
    "complexity": 0.009999999776482582,
    "loss": 0.1274675726890564,
    "name": "Y",
    "prediction": 0
  },
  "feature": 1,
  "model_objective": 0.31667232513427734,
  "name": "ExternalRiskEstimate<0.65",
  "reference": 1,
  "relation": "==",
  "true": {
    "complexity": 0.009999999776482582,
    "loss": 0.1692047417163849,
    "name": "Y",
    "prediction": 1
  },
  "type": "integral"
}
null
Finding Optimal Objective...
{
  "false": {
    "complexity": 0.009999999776482582,
    "loss": 0.128359854221344,
    "name": "Y",
    "prediction": 0
  },
  "feature": 1,
  "model_objective": 0.31950631737709045,
  "name": "ExternalRiskEstimate<0.65",
  "reference": 1,
  "relation": "==",
  "true": {
    "complexity": 0.009999999776482582,
    "loss": 0.1711464673280716,
    "name": "Y",
    "prediction": 1
  },
  "type": "integral"
}
