null
Finding Optimal Objective...
{
  "false": {
    "complexity": 0.009999999776482582,
    "loss": 0.09802749752998352,
    "name": "Y",
    "prediction": 0
  },
  "feature": 14,
  "model_objective": 0.3360370695590973,
  "name": "RevolvingBalance<0.6",
  "reference": 1,
  "relation": "==",
  "true": {
    "false": {
      "complexity": 0.009999999776482582,
      "loss": 0.08487746864557266,
      "name": "Y",
      "prediction": 0
    },
    "feature": 1,
    "name": "ExternalRiskEstimate<0.65",
    "reference": 1,
    "relation": "==",
    "true": {
      "complexity": 0.009999999776482582,
      "loss": 0.12313210219144821,
      "name": "Y",
      "prediction": 1
    },
    "type": "integral"
  },
  "type": "integral"
}
{
  "false": {
    "complexity": 0.009999999776482582,
    "loss": 0.14405260980129242,
    "name": "Y",
    "prediction": 0
  },
  "feature": 1,
  "model_objective": 0.3360370695590973,
  "name": "ExternalRiskEstimate<0.65",
  "reference": 1,
  "relation": "==",
  "true": {
    "false": {
      "complexity": 0.009999999776482582,
      "loss": 0.03885236382484436,
      "name": "Y",
      "prediction": 0
    },
    "feature": 14,
    "name": "RevolvingBalance<0.6",
    "reference": 1,
    "relation": "==",
    "true": {
      "complexity": 0.009999999776482582,
      "loss": 0.12313210219144821,
      "name": "Y",
      "prediction": 1
    },
    "type": "integral"
  },
  "type": "integral"
}
null
Finding Optimal Objective...
{
  "false": {
    "complexity": 0.009999999776482582,
    "loss": 0.0957632064819336,
    "name": "Y",
    "prediction": 0
  },
  "feature": 14,
  "model_objective": 0.3341207206249237,
  "name": "RevolvingBalance<0.6",
  "reference": 1,
  "relation": "==",
  "true": {
    "false": {
      "complexity": 0.009999999776482582,
      "loss": 0.08531630784273148,
      "name": "Y",
      "prediction": 0
    },
    "feature": 1,
    "name": "ExternalRiskEstimate<0.65",
    "reference": 1,
    "relation": "==",
    "true": {
      "complexity": 0.009999999776482582,
      "loss": 0.12304120510816574,
      "name": "Y",
      "prediction": 1
    },
    "type": "integral"
  },
  "type": "integral"
}
{
  "false": {
    "complexity": 0.009999999776482582,
    "loss": 0.1433546096086502,
    "name": "Y",
    "prediction": 0
  },
  "feature": 1,
  "model_objective": 0.3341207206249237,
  "name": "ExternalRiskEstimate<0.65",
  "reference": 1,
  "relation": "==",
  "true": {
    "false": {
      "complexity": 0.009999999776482582,
      "loss": 0.037724897265434265,
      "name": "Y",
      "prediction": 0
    },
    "feature": 14,
    "name": "RevolvingBalance<0.6",
    "reference": 1,
    "relation": "==",
    "true": {
      "complexity": 0.009999999776482582,
      "loss": 0.12304120510816574,
      "name": "Y",
      "prediction": 1
    },
    "type": "integral"
  },
  "type": "integral"
}
null
Finding Optimal Objective...
{
  "false": {
    "complexity": 0.009999999776482582,
    "loss": 0.09757473319768906,
    "name": "Y",
    "prediction": 0
  },
  "feature": 14,
  "model_objective": 0.33738863468170166,
  "name": "RevolvingBalance<0.6",
  "reference": 1,
  "relation": "==",
  "true": {
    "false": {
      "complexity": 0.009999999776482582,
      "loss": 0.08629442006349564,
      "name": "Y",
      "prediction": 0
    },
    "feature": 1,
    "name": "ExternalRiskEstimate<0.65",
    "reference": 1,
    "relation": "==",
    "true": {
      "complexity": 0.009999999776482582,
      "loss": 0.12351946532726288,
      "name": "Y",
      "prediction": 1
    },
    "type": "integral"
  },
  "type": "integral"
}
{
  "false": {
    "complexity": 0.009999999776482582,
    "loss": 0.14495205879211426,
    "name": "Y",
    "prediction": 0
  },
  "feature": 1,
  "model_objective": 0.3373886048793793,
  "name": "ExternalRiskEstimate<0.65",
  "reference": 1,
  "relation": "==",
  "true": {
    "false": {
      "complexity": 0.009999999776482582,
      "loss": 0.038917090743780136,
      "name": "Y",
      "prediction": 0
    },
    "feature": 14,
    "name": "RevolvingBalance<0.6",
    "reference": 1,
    "relation": "==",
    "true": {
      "complexity": 0.009999999776482582,
      "loss": 0.12351946532726288,
      "name": "Y",
      "prediction": 1
    },
    "type": "integral"
  },
  "type": "integral"
}
null
Finding Optimal Objective...
{
  "false": {
    "complexity": 0.009999999776482582,
    "loss": 0.09928689152002335,
    "name": "Y",
    "prediction": 0
  },
  "feature": 14,
  "model_objective": 0.34047722816467285,
  "name": "RevolvingBalance<0.6",
  "reference": 1,
  "relation": "==",
  "true": {
    "false": {
      "complexity": 0.009999999776482582,
      "loss": 0.0855732336640358,
      "name": "Y",
      "prediction": 0
    },
    "feature": 1,
    "name": "ExternalRiskEstimate<0.65",
    "reference": 1,
    "relation": "==",
    "true": {
      "complexity": 0.009999999776482582,
      "loss": 0.125617116689682,
      "name": "Y",
      "prediction": 1
    },
    "type": "integral"
  },
  "type": "integral"
}
{
  "false": {
    "complexity": 0.009999999776482582,
    "loss": 0.14481624960899353,
    "name": "Y",
    "prediction": 0
  },
  "feature": 1,
  "model_objective": 0.34047725796699524,
  "name": "ExternalRiskEstimate<0.65",
  "reference": 1,
  "relation": "==",
  "true": {
    "false": {
      "complexity": 0.009999999776482582,
      "loss": 0.04004388675093651,
      "name": "Y",
      "prediction": 0
    },
    "feature": 14,
    "name": "RevolvingBalance<0.6",
    "reference": 1,
    "relation": "==",
    "true": {
      "complexity": 0.009999999776482582,
      "loss": 0.125617116689682,
      "name": "Y",
      "prediction": 1
    },
    "type": "integral"
  },
  "type": "integral"
}
