null
Finding Optimal Objective...
{
  "false": {
    "complexity": 0.009999999776482582,
    "loss": 0.12552301585674286,
    "name": "Y",
    "prediction": 0
  },
  "feature": 1,
  "model_objective": 0.3093006908893585,
  "name": "ExternalRiskEstimate<0.65",
  "reference": 1,
  "relation": "==",
  "true": {
    "complexity": 0.009999999776482582,
    "loss": 0.1637776494026184,
    "name": "Y",
    "prediction": 1
  },
  "type": "integral"
}
null
Finding Optimal Objective...
{
  "false": {
    "complexity": 0.009999999776482582,
    "loss": 0.12884503602981567,
    "name": "Y",
    "prediction": 0
  },
  "feature": 1,
  "model_objective": 0.3130934536457062,
  "name": "ExternalRiskEstimate<0.65",
  "reference": 1,
  "relation": "==",
  "true": {
    "complexity": 0.009999999776482582,
    "loss": 0.16424840688705444,
    "name": "Y",
    "prediction": 1
  },
  "type": "integral"
}
null
Finding Optimal Objective...
{
  "false": {
    "complexity": 0.009999999776482582,
    "loss": 0.13141568005084991,
    "name": "Y",
    "prediction": 0
  },
  "feature": 1,
  "model_objective": 0.31498029828071594,
  "name": "ExternalRiskEstimate<0.65",
  "reference": 1,
  "relation": "==",
  "true": {
    "complexity": 0.009999999776482582,
    "loss": 0.16356459259986877,
    "name": "Y",
    "prediction": 1
  },
  "type": "integral"
}
null
Finding Optimal Objective...
{
  "false": {
    "complexity": 0.009999999776482582,
    "loss": 0.1349424123764038,
    "name": "Y",
    "prediction": 0
  },
  "feature": 1,
  "model_objective": 0.3211519718170166,
  "name": "ExternalRiskEstimate<0.65",
  "reference": 1,
  "relation": "==",
  "true": {
    "complexity": 0.009999999776482582,
    "loss": 0.16620954871177673,
    "name": "Y",
    "prediction": 1
  },
  "type": "integral"
}
