null
Finding Optimal Objective...
{
  "false": {
    "complexity": 0.009999999776482582,
    "loss": 0.20621638000011444,
    "name": "Y",
    "prediction": 0
  },
  "feature": 0,
  "model_objective": 0.3182666003704071,
  "name": "ExternalRiskEstimate<0.49",
  "reference": 1,
  "relation": "==",
  "true": {
    "complexity": 0.009999999776482582,
    "loss": 0.0920502096414566,
    "name": "Y",
    "prediction": 1
  },
  "type": "integral"
}
null
Finding Optimal Objective...
{
  "false": {
    "complexity": 0.009999999776482582,
    "loss": 0.20835751295089722,
    "name": "Y",
    "prediction": 0
  },
  "feature": 0,
  "model_objective": 0.31831690669059753,
  "name": "ExternalRiskEstimate<0.49",
  "reference": 1,
  "relation": "==",
  "true": {
    "complexity": 0.009999999776482582,
    "loss": 0.08995937556028366,
    "name": "Y",
    "prediction": 1
  },
  "type": "integral"
}
null
Finding Optimal Objective...
{
  "false": {
    "complexity": 0.009999999776482582,
    "loss": 0.2131979763507843,
    "name": "Y",
    "prediction": 0
  },
  "feature": 0,
  "model_objective": 0.3211844563484192,
  "name": "ExternalRiskEstimate<0.49",
  "reference": 1,
  "relation": "==",
  "true": {
    "complexity": 0.009999999776482582,
    "loss": 0.08798646926879883,
    "name": "Y",
    "prediction": 1
  },
  "type": "integral"
}
null
Finding Optimal Objective...
{
  "false": {
    "complexity": 0.009999999776482582,
    "loss": 0.21612727642059326,
    "name": "Y",
    "prediction": 0
  },
  "feature": 0,
  "model_objective": 0.32279762625694275,
  "name": "ExternalRiskEstimate<0.49",
  "reference": 1,
  "relation": "==",
  "true": {
    "complexity": 0.009999999776482582,
    "loss": 0.08667032420635223,
    "name": "Y",
    "prediction": 1
  },
  "type": "integral"
}
