null
Finding Optimal Objective...
{
  "false": {
    "complexity": 0.009999999776482582,
    "loss": 0.12552301585674286,
    "name": "Y",
    "prediction": 0
  },
  "feature": 1,
  "model_objective": 0.3021279275417328,
  "name": "ExternalRiskEstimate<0.65",
  "reference": 1,
  "relation": "==",
  "true": {
    "complexity": 0.009999999776482582,
    "loss": 0.15660490095615387,
    "name": "Y",
    "prediction": 1
  },
  "type": "integral"
}
null
Finding Optimal Objective...
{
  "false": {
    "complexity": 0.009999999776482582,
    "loss": 0.13116657733917236,
    "name": "Y",
    "prediction": 0
  },
  "feature": 1,
  "model_objective": 0.3078700006008148,
  "name": "ExternalRiskEstimate<0.65",
  "reference": 1,
  "relation": "==",
  "true": {
    "complexity": 0.009999999776482582,
    "loss": 0.1567034274339676,
    "name": "Y",
    "prediction": 1
  },
  "type": "integral"
}
null
Finding Optimal Objective...
{
  "false": {
    "complexity": 0.009999999776482582,
    "loss": 0.13367174565792084,
    "name": "Y",
    "prediction": 0
  },
  "feature": 1,
  "model_objective": 0.31328824162483215,
  "name": "ExternalRiskEstimate<0.65",
  "reference": 1,
  "relation": "==",
  "true": {
    "complexity": 0.009999999776482582,
    "loss": 0.15961647033691406,
    "name": "Y",
    "prediction": 1
  },
  "type": "integral"
}
null
Finding Optimal Objective...
{
  "false": {
    "complexity": 0.009999999776482582,
    "loss": 0.13384531438350677,
    "name": "Y",
    "prediction": 0
  },
  "feature": 1,
  "model_objective": 0.3145694136619568,
  "name": "ExternalRiskEstimate<0.65",
  "reference": 1,
  "relation": "==",
  "true": {
    "complexity": 0.009999999776482582,
    "loss": 0.16072408854961395,
    "name": "Y",
    "prediction": 1
  },
  "type": "integral"
}
