null
Finding Optimal Objective...
{
  "false": {
    "complexity": 0.009999999776482582,
    "loss": 0.1482367068529129,
    "name": "Y",
    "prediction": 0
  },
  "feature": 1,
  "model_objective": 0.33022117614746094,
  "name": "ExternalRiskEstimate<0.65",
  "reference": 1,
  "relation": "==",
  "true": {
    "complexity": 0.009999999776482582,
    "loss": 0.16198445856571198,
    "name": "Y",
    "prediction": 1
  },
  "type": "integral"
}
null
Finding Optimal Objective...
{
  "false": {
    "complexity": 0.009999999776482582,
    "loss": 0.2240278571844101,
    "name": "Y",
    "prediction": 0
  },
  "feature": 0,
  "model_objective": 0.3339872360229492,
  "name": "ExternalRiskEstimate<0.49",
  "reference": 1,
  "relation": "==",
  "true": {
    "complexity": 0.009999999776482582,
    "loss": 0.08995937556028366,
    "name": "Y",
    "prediction": 1
  },
  "type": "integral"
}
null
Finding Optimal Objective...
{
  "false": {
    "complexity": 0.009999999776482582,
    "loss": 0.22673435509204865,
    "name": "Y",
    "prediction": 0
  },
  "feature": 0,
  "model_objective": 0.3381049335002899,
  "name": "ExternalRiskEstimate<0.49",
  "reference": 1,
  "relation": "==",
  "true": {
    "complexity": 0.009999999776482582,
    "loss": 0.09137056022882462,
    "name": "Y",
    "prediction": 1
  },
  "type": "integral"
}
null
Finding Optimal Objective...
{
  "false": {
    "complexity": 0.009999999776482582,
    "loss": 0.15085025131702423,
    "name": "Y",
    "prediction": 0
  },
  "feature": 1,
  "model_objective": 0.34144818782806396,
  "name": "ExternalRiskEstimate<0.65",
  "reference": 1,
  "relation": "==",
  "true": {
    "complexity": 0.009999999776482582,
    "loss": 0.17059792578220367,
    "name": "Y",
    "prediction": 1
  },
  "type": "integral"
}
