null
Finding Optimal Objective...
{
  "false": {
    "complexity": 0.009999999776482582,
    "loss": 0.14524805545806885,
    "name": "Y",
    "prediction": 0
  },
  "feature": 1,
  "model_objective": 0.3344052731990814,
  "name": "ExternalRiskEstimate<0.65",
  "reference": 1,
  "relation": "==",
  "true": {
    "complexity": 0.009999999776482582,
    "loss": 0.1691572070121765,
    "name": "Y",
    "prediction": 1
  },
  "type": "integral"
}
null
Finding Optimal Objective...
{
  "false": {
    "complexity": 0.009999999776482582,
    "loss": 0.14277423918247223,
    "name": "Y",
    "prediction": 0
  },
  "feature": 1,
  "model_objective": 0.33514800667762756,
  "name": "ExternalRiskEstimate<0.65",
  "reference": 1,
  "relation": "==",
  "true": {
    "complexity": 0.009999999776482582,
    "loss": 0.17237377166748047,
    "name": "Y",
    "prediction": 1
  },
  "type": "integral"
}
null
Finding Optimal Objective...
{
  "false": {
    "complexity": 0.009999999776482582,
    "loss": 0.14382404088974,
    "name": "Y",
    "prediction": 0
  },
  "feature": 1,
  "model_objective": 0.33641287684440613,
  "name": "ExternalRiskEstimate<0.65",
  "reference": 1,
  "relation": "==",
  "true": {
    "complexity": 0.009999999776482582,
    "loss": 0.17258884012699127,
    "name": "Y",
    "prediction": 1
  },
  "type": "integral"
}
null
Finding Optimal Objective...
{
  "false": {
    "complexity": 0.009999999776482582,
    "loss": 0.14536479115486145,
    "name": "Y",
    "prediction": 0
  },
  "feature": 1,
  "model_objective": 0.3398025333881378,
  "name": "ExternalRiskEstimate<0.65",
  "reference": 1,
  "relation": "==",
  "true": {
    "complexity": 0.009999999776482582,
    "loss": 0.1744377464056015,
    "name": "Y",
    "prediction": 1
  },
  "type": "integral"
}
