null
Finding Optimal Objective...
{
  "false": {
    "complexity": 0.009999999776482582,
    "loss": 0.193664088845253,
    "name": "Y",
    "prediction": 0
  },
  "feature": 0,
  "model_objective": 0.30033475160598755,
  "name": "ExternalRiskEstimate<0.49",
  "reference": 1,
  "relation": "==",
  "true": {
    "complexity": 0.009999999776482582,
    "loss": 0.0866706520318985,
    "name": "Y",
    "prediction": 1
  },
  "type": "integral"
}
null
Finding Optimal Objective...
{
  "false": {
    "complexity": 0.009999999776482582,
    "loss": 0.1996517777442932,
    "name": "Y",
    "prediction": 0
  },
  "feature": 0,
  "model_objective": 0.30496808886528015,
  "name": "ExternalRiskEstimate<0.49",
  "reference": 1,
  "relation": "==",
  "true": {
    "complexity": 0.009999999776482582,
    "loss": 0.08531630784273148,
    "name": "Y",
    "prediction": 1
  },
  "type": "integral"
}
null
Finding Optimal Objective...
{
  "false": {
    "complexity": 0.009999999776482582,
    "loss": 0.20078963041305542,
    "name": "Y",
    "prediction": 0
  },
  "feature": 0,
  "model_objective": 0.3070840537548065,
  "name": "ExternalRiskEstimate<0.49",
  "reference": 1,
  "relation": "==",
  "true": {
    "complexity": 0.009999999776482582,
    "loss": 0.08629442006349564,
    "name": "Y",
    "prediction": 1
  },
  "type": "integral"
}
null
Finding Optimal Objective...
{
  "false": {
    "complexity": 0.009999999776482582,
    "loss": 0.20131652057170868,
    "name": "Y",
    "prediction": 0
  },
  "feature": 0,
  "model_objective": 0.3096325099468231,
  "name": "ExternalRiskEstimate<0.49",
  "reference": 1,
  "relation": "==",
  "true": {
    "complexity": 0.009999999776482582,
    "loss": 0.08831596374511719,
    "name": "Y",
    "prediction": 1
  },
  "type": "integral"
}
