null
Finding Optimal Objective...
{
  "false": {
    "complexity": 0.009999999776482582,
    "loss": 0.019127316772937775,
    "name": "Y",
    "prediction": 0
  },
  "feature": 5,
  "model_objective": 0.33424386382102966,
  "name": "TradeOpenTime<0.85",
  "reference": 1,
  "relation": "==",
  "true": {
    "false": {
      "complexity": 0.009999999776482582,
      "loss": 0.1374775916337967,
      "name": "Y",
      "prediction": 0
    },
    "feature": 1,
    "name": "ExternalRiskEstimate<0.65",
    "reference": 1,
    "relation": "==",
    "true": {
      "complexity": 0.009999999776482582,
      "loss": 0.1476389765739441,
      "name": "Y",
      "prediction": 1
    },
    "type": "integral"
  },
  "type": "integral"
}
{
  "false": {
    "complexity": 0.009999999776482582,
    "loss": 0.1482367068529129,
    "name": "Y",
    "prediction": 0
  },
  "feature": 1,
  "model_objective": 0.33424386382102966,
  "name": "ExternalRiskEstimate<0.65",
  "reference": 1,
  "relation": "==",
  "true": {
    "false": {
      "complexity": 0.009999999776482582,
      "loss": 0.008368201553821564,
      "name": "Y",
      "prediction": 0
    },
    "feature": 5,
    "name": "TradeOpenTime<0.85",
    "reference": 1,
    "relation": "==",
    "true": {
      "complexity": 0.009999999776482582,
      "loss": 0.1476389765739441,
      "name": "Y",
      "prediction": 1
    },
    "type": "integral"
  },
  "type": "integral"
}
null
Finding Optimal Objective...
{
  "false": {
    "complexity": 0.009999999776482582,
    "loss": 0.020313406363129616,
    "name": "Y",
    "prediction": 0
  },
  "feature": 5,
  "model_objective": 0.33760303258895874,
  "name": "TradeOpenTime<0.85",
  "reference": 1,
  "relation": "==",
  "true": {
    "false": {
      "complexity": 0.009999999776482582,
      "loss": 0.13813117146492004,
      "name": "Y",
      "prediction": 0
    },
    "feature": 1,
    "name": "ExternalRiskEstimate<0.65",
    "reference": 1,
    "relation": "==",
    "true": {
      "complexity": 0.009999999776482582,
      "loss": 0.14915844798088074,
      "name": "Y",
      "prediction": 1
    },
    "type": "integral"
  },
  "type": "integral"
}
{
  "false": {
    "complexity": 0.009999999776482582,
    "loss": 0.15031921863555908,
    "name": "Y",
    "prediction": 0
  },
  "feature": 1,
  "model_objective": 0.33760303258895874,
  "name": "ExternalRiskEstimate<0.65",
  "reference": 1,
  "relation": "==",
  "true": {
    "false": {
      "complexity": 0.009999999776482582,
      "loss": 0.008125362917780876,
      "name": "Y",
      "prediction": 0
    },
    "feature": 5,
    "name": "TradeOpenTime<0.85",
    "reference": 1,
    "relation": "==",
    "true": {
      "complexity": 0.009999999776482582,
      "loss": 0.14915844798088074,
      "name": "Y",
      "prediction": 1
    },
    "type": "integral"
  },
  "type": "integral"
}
null
Finding Optimal Objective...
{
  "false": {
    "complexity": 0.009999999776482582,
    "loss": 0.2261703461408615,
    "name": "Y",
    "prediction": 0
  },
  "feature": 0,
  "model_objective": 0.3392329514026642,
  "name": "ExternalRiskEstimate<0.49",
  "reference": 1,
  "relation": "==",
  "true": {
    "complexity": 0.009999999776482582,
    "loss": 0.09306260943412781,
    "name": "Y",
    "prediction": 1
  },
  "type": "integral"
}
null
Finding Optimal Objective...
{
  "false": {
    "complexity": 0.009999999776482582,
    "loss": 0.22435547411441803,
    "name": "Y",
    "prediction": 0
  },
  "feature": 0,
  "model_objective": 0.3370598256587982,
  "name": "ExternalRiskEstimate<0.49",
  "reference": 1,
  "relation": "==",
  "true": {
    "complexity": 0.009999999776482582,
    "loss": 0.09270434081554413,
    "name": "Y",
    "prediction": 1
  },
  "type": "integral"
}
