null
Finding Optimal Objective...
{
  "false": {
    "complexity": 0.009999999776482582,
    "loss": 0.1434548795223236,
    "name": "Y",
    "prediction": 0
  },
  "feature": 1,
  "model_objective": 0.32484161853790283,
  "name": "ExternalRiskEstimate<0.65",
  "reference": 1,
  "relation": "==",
  "true": {
    "complexity": 0.009999999776482582,
    "loss": 0.16138672828674316,
    "name": "Y",
    "prediction": 1
  },
  "type": "integral"
}
null
Finding Optimal Objective...
{
  "false": {
    "complexity": 0.009999999776482582,
    "loss": 0.14277423918247223,
    "name": "Y",
    "prediction": 0
  },
  "feature": 1,
  "model_objective": 0.32818344235420227,
  "name": "ExternalRiskEstimate<0.65",
  "reference": 1,
  "relation": "==",
  "true": {
    "complexity": 0.009999999776482582,
    "loss": 0.1654091775417328,
    "name": "Y",
    "prediction": 1
  },
  "type": "integral"
}
null
Finding Optimal Objective...
{
  "false": {
    "complexity": 0.009999999776482582,
    "loss": 0.1477721482515335,
    "name": "Y",
    "prediction": 0
  },
  "feature": 1,
  "model_objective": 0.3302087187767029,
  "name": "ExternalRiskEstimate<0.65",
  "reference": 1,
  "relation": "==",
  "true": {
    "complexity": 0.009999999776482582,
    "loss": 0.1624365597963333,
    "name": "Y",
    "prediction": 1
  },
  "type": "integral"
}
null
Finding Optimal Objective...
{
  "false": {
    "complexity": 0.009999999776482582,
    "loss": 0.15139879286289215,
    "name": "Y",
    "prediction": 0
  },
  "feature": 1,
  "model_objective": 0.3299287259578705,
  "name": "ExternalRiskEstimate<0.65",
  "reference": 1,
  "relation": "==",
  "true": {
    "complexity": 0.009999999776482582,
    "loss": 0.15852990746498108,
    "name": "Y",
    "prediction": 1
  },
  "type": "integral"
}
