null
Finding Optimal Objective...
{
  "false": {
    "complexity": 0.009999999776482582,
    "loss": 0.1273162066936493,
    "name": "Y",
    "prediction": 0
  },
  "feature": 1,
  "model_objective": 0.31109386682510376,
  "name": "ExternalRiskEstimate<0.65",
  "reference": 1,
  "relation": "==",
  "true": {
    "complexity": 0.009999999776482582,
    "loss": 0.1637776494026184,
    "name": "Y",
    "prediction": 1
  },
  "type": "integral"
}
null
Finding Optimal Objective...
{
  "false": {
    "complexity": 0.009999999776482582,
    "loss": 0.1305861920118332,
    "name": "Y",
    "prediction": 0
  },
  "feature": 1,
  "model_objective": 0.3148346245288849,
  "name": "ExternalRiskEstimate<0.65",
  "reference": 1,
  "relation": "==",
  "true": {
    "complexity": 0.009999999776482582,
    "loss": 0.16424840688705444,
    "name": "Y",
    "prediction": 1
  },
  "type": "integral"
}
null
Finding Optimal Objective...
{
  "false": {
    "complexity": 0.009999999776482582,
    "loss": 0.13141568005084991,
    "name": "Y",
    "prediction": 0
  },
  "feature": 1,
  "model_objective": 0.317800372838974,
  "name": "ExternalRiskEstimate<0.65",
  "reference": 1,
  "relation": "==",
  "true": {
    "complexity": 0.009999999776482582,
    "loss": 0.16638466715812683,
    "name": "Y",
    "prediction": 1
  },
  "type": "integral"
}
null
Finding Optimal Objective...
{
  "false": {
    "complexity": 0.009999999776482582,
    "loss": 0.013713659718632698,
    "name": "Y",
    "prediction": 0
  },
  "feature": 5,
  "model_objective": 0.31908395886421204,
  "name": "TradeOpenTime<0.85",
  "reference": 1,
  "relation": "==",
  "true": {
    "false": {
      "complexity": 0.009999999776482582,
      "loss": 0.125617116689682,
      "name": "Y",
      "prediction": 0
    },
    "feature": 1,
    "name": "ExternalRiskEstimate<0.65",
    "reference": 1,
    "relation": "==",
    "true": {
      "complexity": 0.009999999776482582,
      "loss": 0.1497531682252884,
      "name": "Y",
      "prediction": 1
    },
    "type": "integral"
  },
  "type": "integral"
}
{
  "false": {
    "complexity": 0.009999999776482582,
    "loss": 0.13384531438350677,
    "name": "Y",
    "prediction": 0
  },
  "feature": 1,
  "model_objective": 0.31908395886421204,
  "name": "ExternalRiskEstimate<0.65",
  "reference": 1,
  "relation": "==",
  "true": {
    "false": {
      "complexity": 0.009999999776482582,
      "loss": 0.005485463887453079,
      "name": "Y",
      "prediction": 0
    },
    "feature": 5,
    "name": "TradeOpenTime<0.85",
    "reference": 1,
    "relation": "==",
    "true": {
      "complexity": 0.009999999776482582,
      "loss": 0.1497531682252884,
      "name": "Y",
      "prediction": 1
    },
    "type": "integral"
  },
  "type": "integral"
}
