null
Finding Optimal Objective...
{
  "false": {
    "complexity": 0.009999999776482582,
    "loss": 0.14106395840644836,
    "name": "Y",
    "prediction": 0
  },
  "feature": 1,
  "model_objective": 0.32543936371803284,
  "name": "ExternalRiskEstimate<0.65",
  "reference": 1,
  "relation": "==",
  "true": {
    "complexity": 0.009999999776482582,
    "loss": 0.16437537968158722,
    "name": "Y",
    "prediction": 1
  },
  "type": "integral"
}
null
Finding Optimal Objective...
{
  "false": {
    "complexity": 0.009999999776482582,
    "loss": 0.14509576559066772,
    "name": "Y",
    "prediction": 0
  },
  "feature": 1,
  "model_objective": 0.3299245536327362,
  "name": "ExternalRiskEstimate<0.65",
  "reference": 1,
  "relation": "==",
  "true": {
    "complexity": 0.009999999776482582,
    "loss": 0.16482879221439362,
    "name": "Y",
    "prediction": 1
  },
  "type": "integral"
}
null
Finding Optimal Objective...
{
  "false": {
    "complexity": 0.009999999776482582,
    "loss": 0.14495205879211426,
    "name": "Y",
    "prediction": 0
  },
  "feature": 1,
  "model_objective": 0.33133673667907715,
  "name": "ExternalRiskEstimate<0.65",
  "reference": 1,
  "relation": "==",
  "true": {
    "complexity": 0.009999999776482582,
    "loss": 0.16638466715812683,
    "name": "Y",
    "prediction": 1
  },
  "type": "integral"
}
null
Finding Optimal Objective...
{
  "false": {
    "complexity": 0.009999999776482582,
    "loss": 0.14481624960899353,
    "name": "Y",
    "prediction": 0
  },
  "feature": 1,
  "model_objective": 0.3337685465812683,
  "name": "ExternalRiskEstimate<0.65",
  "reference": 1,
  "relation": "==",
  "true": {
    "complexity": 0.009999999776482582,
    "loss": 0.16895228624343872,
    "name": "Y",
    "prediction": 1
  },
  "type": "integral"
}
