null
Finding Optimal Objective...
{
  "false": {
    "complexity": 0.009999999776482582,
    "loss": 0.1279139369726181,
    "name": "Y",
    "prediction": 0
  },
  "feature": 1,
  "model_objective": 0.313484787940979,
  "name": "ExternalRiskEstimate<0.65",
  "reference": 1,
  "relation": "==",
  "true": {
    "complexity": 0.009999999776482582,
    "loss": 0.16557084023952484,
    "name": "Y",
    "prediction": 1
  },
  "type": "integral"
}
null
Finding Optimal Objective...
{
  "false": {
    "complexity": 0.009999999776482582,
    "loss": 0.12884503602981567,
    "name": "Y",
    "prediction": 0
  },
  "feature": 1,
  "model_objective": 0.3188972771167755,
  "name": "ExternalRiskEstimate<0.65",
  "reference": 1,
  "relation": "==",
  "true": {
    "complexity": 0.009999999776482582,
    "loss": 0.17005223035812378,
    "name": "Y",
    "prediction": 1
  },
  "type": "integral"
}
null
Finding Optimal Objective...
{
  "false": {
    "complexity": 0.009999999776482582,
    "loss": 0.12972363829612732,
    "name": "Y",
    "prediction": 0
  },
  "feature": 1,
  "model_objective": 0.32062044739723206,
  "name": "ExternalRiskEstimate<0.65",
  "reference": 1,
  "relation": "==",
  "true": {
    "complexity": 0.009999999776482582,
    "loss": 0.17089679837226868,
    "name": "Y",
    "prediction": 1
  },
  "type": "integral"
}
null
Finding Optimal Objective...
{
  "false": {
    "complexity": 0.009999999776482582,
    "loss": 0.13274821639060974,
    "name": "Y",
    "prediction": 0
  },
  "feature": 1,
  "model_objective": 0.32499179244041443,
  "name": "ExternalRiskEstimate<0.65",
  "reference": 1,
  "relation": "==",
  "true": {
    "complexity": 0.009999999776482582,
    "loss": 0.17224356532096863,
    "name": "Y",
    "prediction": 1
  },
  "type": "integral"
}
