null
Finding Optimal Objective...
{
  "false": {
    "complexity": 0.009999999776482582,
    "loss": 0.21338912844657898,
    "name": "Y",
    "prediction": 0
  },
  "feature": 0,
  "model_objective": 0.3170711398124695,
  "name": "ExternalRiskEstimate<0.49",
  "reference": 1,
  "relation": "==",
  "true": {
    "complexity": 0.009999999776482582,
    "loss": 0.08368200808763504,
    "name": "Y",
    "prediction": 1
  },
  "type": "integral"
}
null
Finding Optimal Objective...
{
  "false": {
    "complexity": 0.009999999776482582,
    "loss": 0.2176436483860016,
    "name": "Y",
    "prediction": 0
  },
  "feature": 0,
  "model_objective": 0.3194776773452759,
  "name": "ExternalRiskEstimate<0.49",
  "reference": 1,
  "relation": "==",
  "true": {
    "complexity": 0.009999999776482582,
    "loss": 0.08183401077985764,
    "name": "Y",
    "prediction": 1
  },
  "type": "integral"
}
null
Finding Optimal Objective...
{
  "false": {
    "complexity": 0.009999999776482582,
    "loss": 0.22109420597553253,
    "name": "Y",
    "prediction": 0
  },
  "feature": 0,
  "model_objective": 0.3217484652996063,
  "name": "ExternalRiskEstimate<0.49",
  "reference": 1,
  "relation": "==",
  "true": {
    "complexity": 0.009999999776482582,
    "loss": 0.08065426349639893,
    "name": "Y",
    "prediction": 1
  },
  "type": "integral"
}
null
Finding Optimal Objective...
{
  "false": {
    "complexity": 0.009999999776482582,
    "loss": 0.22600111365318298,
    "name": "Y",
    "prediction": 0
  },
  "feature": 0,
  "model_objective": 0.32554033398628235,
  "name": "ExternalRiskEstimate<0.49",
  "reference": 1,
  "relation": "==",
  "true": {
    "complexity": 0.009999999776482582,
    "loss": 0.0795392245054245,
    "name": "Y",
    "prediction": 1
  },
  "type": "integral"
}
