null
Finding Optimal Objective...
{
  "false": {
    "complexity": 0.009999999776482582,
    "loss": 0.193664088845253,
    "name": "Y",
    "prediction": 0
  },
  "feature": 0,
  "model_objective": 0.30033475160598755,
  "name": "ExternalRiskEstimate<0.49",
  "reference": 1,
  "relation": "==",
  "true": {
    "complexity": 0.009999999776482582,
    "loss": 0.0866706520318985,
    "name": "Y",
    "prediction": 1
  },
  "type": "integral"
}
null
Finding Optimal Objective...
{
  "false": {
    "complexity": 0.009999999776482582,
    "loss": 0.20081253349781036,
    "name": "Y",
    "prediction": 0
  },
  "feature": 0,
  "model_objective": 0.3061288595199585,
  "name": "ExternalRiskEstimate<0.49",
  "reference": 1,
  "relation": "==",
  "true": {
    "complexity": 0.009999999776482582,
    "loss": 0.08531630784273148,
    "name": "Y",
    "prediction": 1
  },
  "type": "integral"
}
null
Finding Optimal Objective...
{
  "false": {
    "complexity": 0.009999999776482582,
    "loss": 0.20304569602012634,
    "name": "Y",
    "prediction": 0
  },
  "feature": 0,
  "model_objective": 0.3070840537548065,
  "name": "ExternalRiskEstimate<0.49",
  "reference": 1,
  "relation": "==",
  "true": {
    "complexity": 0.009999999776482582,
    "loss": 0.08403835445642471,
    "name": "Y",
    "prediction": 1
  },
  "type": "integral"
}
null
Finding Optimal Objective...
{
  "false": {
    "complexity": 0.009999999776482582,
    "loss": 0.2051563411951065,
    "name": "Y",
    "prediction": 0
  },
  "feature": 0,
  "model_objective": 0.3090839385986328,
  "name": "ExternalRiskEstimate<0.49",
  "reference": 1,
  "relation": "==",
  "true": {
    "complexity": 0.009999999776482582,
    "loss": 0.08392759412527084,
    "name": "Y",
    "prediction": 1
  },
  "type": "integral"
}
