null
Finding Optimal Objective...
{
  "false": {
    "complexity": 0.009999999776482582,
    "loss": 0.14524805545806885,
    "name": "Y",
    "prediction": 0
  },
  "feature": 1,
  "model_objective": 0.3344052731990814,
  "name": "ExternalRiskEstimate<0.65",
  "reference": 1,
  "relation": "==",
  "true": {
    "complexity": 0.009999999776482582,
    "loss": 0.1691572070121765,
    "name": "Y",
    "prediction": 1
  },
  "type": "integral"
}
null
Finding Optimal Objective...
{
  "false": {
    "complexity": 0.009999999776482582,
    "loss": 0.14625653624534607,
    "name": "Y",
    "prediction": 0
  },
  "feature": 1,
  "model_objective": 0.3363087773323059,
  "name": "ExternalRiskEstimate<0.65",
  "reference": 1,
  "relation": "==",
  "true": {
    "complexity": 0.009999999776482582,
    "loss": 0.17005223035812378,
    "name": "Y",
    "prediction": 1
  },
  "type": "integral"
}
null
Finding Optimal Objective...
{
  "false": {
    "complexity": 0.009999999776482582,
    "loss": 0.14720812439918518,
    "name": "Y",
    "prediction": 0
  },
  "feature": 1,
  "model_objective": 0.3381049335002899,
  "name": "ExternalRiskEstimate<0.65",
  "reference": 1,
  "relation": "==",
  "true": {
    "complexity": 0.009999999776482582,
    "loss": 0.17089679837226868,
    "name": "Y",
    "prediction": 1
  },
  "type": "integral"
}
null
Finding Optimal Objective...
{
  "false": {
    "complexity": 0.009999999776482582,
    "loss": 0.1470104306936264,
    "name": "Y",
    "prediction": 0
  },
  "feature": 1,
  "model_objective": 0.3365112841129303,
  "name": "ExternalRiskEstimate<0.65",
  "reference": 1,
  "relation": "==",
  "true": {
    "complexity": 0.009999999776482582,
    "loss": 0.16950082778930664,
    "name": "Y",
    "prediction": 1
  },
  "type": "integral"
}
