null
Finding Optimal Objective...
{
  "false": {
    "complexity": 0.009999999776482582,
    "loss": 0.1279139369726181,
    "name": "Y",
    "prediction": 0
  },
  "feature": 1,
  "model_objective": 0.313484787940979,
  "name": "ExternalRiskEstimate<0.65",
  "reference": 1,
  "relation": "==",
  "true": {
    "complexity": 0.009999999776482582,
    "loss": 0.16557084023952484,
    "name": "Y",
    "prediction": 1
  },
  "type": "integral"
}
null
Finding Optimal Objective...
{
  "false": {
    "complexity": 0.009999999776482582,
    "loss": 0.12768426537513733,
    "name": "Y",
    "prediction": 0
  },
  "feature": 1,
  "model_objective": 0.31541499495506287,
  "name": "ExternalRiskEstimate<0.65",
  "reference": 1,
  "relation": "==",
  "true": {
    "complexity": 0.009999999776482582,
    "loss": 0.16773070394992828,
    "name": "Y",
    "prediction": 1
  },
  "type": "integral"
}
null
Finding Optimal Objective...
{
  "false": {
    "complexity": 0.009999999776482582,
    "loss": 0.12972363829612732,
    "name": "Y",
    "prediction": 0
  },
  "feature": 1,
  "model_objective": 0.3172363340854645,
  "name": "ExternalRiskEstimate<0.65",
  "reference": 1,
  "relation": "==",
  "true": {
    "complexity": 0.009999999776482582,
    "loss": 0.1675126999616623,
    "name": "Y",
    "prediction": 1
  },
  "type": "integral"
}
null
Finding Optimal Objective...
{
  "false": {
    "complexity": 0.009999999776482582,
    "loss": 0.13000549376010895,
    "name": "Y",
    "prediction": 0
  },
  "feature": 1,
  "model_objective": 0.31950631737709045,
  "name": "ExternalRiskEstimate<0.65",
  "reference": 1,
  "relation": "==",
  "true": {
    "complexity": 0.009999999776482582,
    "loss": 0.16950082778930664,
    "name": "Y",
    "prediction": 1
  },
  "type": "integral"
}
