null
Finding Optimal Objective...
{
  "false": {
    "complexity": 0.009999999776482582,
    "loss": 0.21817095577716827,
    "name": "Y",
    "prediction": 0
  },
  "feature": 0,
  "model_objective": 0.33022117614746094,
  "name": "ExternalRiskEstimate<0.49",
  "reference": 1,
  "relation": "==",
  "true": {
    "complexity": 0.009999999776482582,
    "loss": 0.0920502096414566,
    "name": "Y",
    "prediction": 1
  },
  "type": "integral"
}
null
Finding Optimal Objective...
{
  "false": {
    "complexity": 0.009999999776482582,
    "loss": 0.2193847894668579,
    "name": "Y",
    "prediction": 0
  },
  "feature": 0,
  "model_objective": 0.3345676362514496,
  "name": "ExternalRiskEstimate<0.49",
  "reference": 1,
  "relation": "==",
  "true": {
    "complexity": 0.009999999776482582,
    "loss": 0.09518282115459442,
    "name": "Y",
    "prediction": 1
  },
  "type": "integral"
}
null
Finding Optimal Objective...
{
  "false": {
    "complexity": 0.009999999776482582,
    "loss": 0.22278624773025513,
    "name": "Y",
    "prediction": 0
  },
  "feature": 0,
  "model_objective": 0.33641287684440613,
  "name": "ExternalRiskEstimate<0.49",
  "reference": 1,
  "relation": "==",
  "true": {
    "complexity": 0.009999999776482582,
    "loss": 0.09362662583589554,
    "name": "Y",
    "prediction": 1
  },
  "type": "integral"
}
null
Finding Optimal Objective...
{
  "false": {
    "complexity": 0.009999999776482582,
    "loss": 0.22819529473781586,
    "name": "Y",
    "prediction": 0
  },
  "feature": 0,
  "model_objective": 0.3403511047363281,
  "name": "ExternalRiskEstimate<0.49",
  "reference": 1,
  "relation": "==",
  "true": {
    "complexity": 0.009999999776482582,
    "loss": 0.09215579181909561,
    "name": "Y",
    "prediction": 1
  },
  "type": "integral"
}
