null
Finding Optimal Objective...
{
  "false": {
    "complexity": 0.009999999776482582,
    "loss": 0.12193664163351059,
    "name": "Y",
    "prediction": 0
  },
  "feature": 1,
  "model_objective": 0.3075074851512909,
  "name": "ExternalRiskEstimate<0.65",
  "reference": 1,
  "relation": "==",
  "true": {
    "complexity": 0.009999999776482582,
    "loss": 0.16557084023952484,
    "name": "Y",
    "prediction": 1
  },
  "type": "integral"
}
null
Finding Optimal Objective...
{
  "false": {
    "complexity": 0.009999999776482582,
    "loss": 0.12420197576284409,
    "name": "Y",
    "prediction": 0
  },
  "feature": 1,
  "model_objective": 0.3142542243003845,
  "name": "ExternalRiskEstimate<0.65",
  "reference": 1,
  "relation": "==",
  "true": {
    "complexity": 0.009999999776482582,
    "loss": 0.17005223035812378,
    "name": "Y",
    "prediction": 1
  },
  "type": "integral"
}
null
Finding Optimal Objective...
{
  "false": {
    "complexity": 0.009999999776482582,
    "loss": 0.12972363829612732,
    "name": "Y",
    "prediction": 0
  },
  "feature": 1,
  "model_objective": 0.3172363340854645,
  "name": "ExternalRiskEstimate<0.65",
  "reference": 1,
  "relation": "==",
  "true": {
    "complexity": 0.009999999776482582,
    "loss": 0.1675126999616623,
    "name": "Y",
    "prediction": 1
  },
  "type": "integral"
}
null
Finding Optimal Objective...
{
  "false": {
    "complexity": 0.009999999776482582,
    "loss": 0.1349424123764038,
    "name": "Y",
    "prediction": 0
  },
  "feature": 1,
  "model_objective": 0.3184092342853546,
  "name": "ExternalRiskEstimate<0.65",
  "reference": 1,
  "relation": "==",
  "true": {
    "complexity": 0.009999999776482582,
    "loss": 0.16346682608127594,
    "name": "Y",
    "prediction": 1
  },
  "type": "integral"
}
