null
Finding Optimal Objective...
{
  "false": {
    "complexity": 0.009999999776482582,
    "loss": 0.21817095577716827,
    "name": "Y",
    "prediction": 0
  },
  "feature": 0,
  "model_objective": 0.33022117614746094,
  "name": "ExternalRiskEstimate<0.49",
  "reference": 1,
  "relation": "==",
  "true": {
    "complexity": 0.009999999776482582,
    "loss": 0.0920502096414566,
    "name": "Y",
    "prediction": 1
  },
  "type": "integral"
}
null
Finding Optimal Objective...
{
  "false": {
    "complexity": 0.009999999776482582,
    "loss": 0.21996517479419708,
    "name": "Y",
    "prediction": 0
  },
  "feature": 0,
  "model_objective": 0.3316657245159149,
  "name": "ExternalRiskEstimate<0.49",
  "reference": 1,
  "relation": "==",
  "true": {
    "complexity": 0.009999999776482582,
    "loss": 0.09170052409172058,
    "name": "Y",
    "prediction": 1
  },
  "type": "integral"
}
null
Finding Optimal Objective...
{
  "false": {
    "complexity": 0.009999999776482582,
    "loss": 0.22278624773025513,
    "name": "Y",
    "prediction": 0
  },
  "feature": 0,
  "model_objective": 0.3341568112373352,
  "name": "ExternalRiskEstimate<0.49",
  "reference": 1,
  "relation": "==",
  "true": {
    "complexity": 0.009999999776482582,
    "loss": 0.09137056022882462,
    "name": "Y",
    "prediction": 1
  },
  "type": "integral"
}
null
Finding Optimal Objective...
{
  "false": {
    "complexity": 0.009999999776482582,
    "loss": 0.22600111365318298,
    "name": "Y",
    "prediction": 0
  },
  "feature": 0,
  "model_objective": 0.33760836720466614,
  "name": "ExternalRiskEstimate<0.49",
  "reference": 1,
  "relation": "==",
  "true": {
    "complexity": 0.009999999776482582,
    "loss": 0.0916072428226471,
    "name": "Y",
    "prediction": 1
  },
  "type": "integral"
}
