null
Finding Optimal Objective...
{
  "false": {
    "complexity": 0.009999999776482582,
    "loss": 0.14524805545806885,
    "name": "Y",
    "prediction": 0
  },
  "feature": 1,
  "model_objective": 0.3344052731990814,
  "name": "ExternalRiskEstimate<0.65",
  "reference": 1,
  "relation": "==",
  "true": {
    "complexity": 0.009999999776482582,
    "loss": 0.1691572070121765,
    "name": "Y",
    "prediction": 1
  },
  "type": "integral"
}
null
Finding Optimal Objective...
{
  "false": {
    "complexity": 0.009999999776482582,
    "loss": 0.1433546096086502,
    "name": "Y",
    "prediction": 0
  },
  "feature": 1,
  "model_objective": 0.33804991841316223,
  "name": "ExternalRiskEstimate<0.65",
  "reference": 1,
  "relation": "==",
  "true": {
    "complexity": 0.009999999776482582,
    "loss": 0.17469529807567596,
    "name": "Y",
    "prediction": 1
  },
  "type": "integral"
}
null
Finding Optimal Objective...
{
  "false": {
    "complexity": 0.009999999776482582,
    "loss": 0.14608009159564972,
    "name": "Y",
    "prediction": 0
  },
  "feature": 1,
  "model_objective": 0.3375408947467804,
  "name": "ExternalRiskEstimate<0.65",
  "reference": 1,
  "relation": "==",
  "true": {
    "complexity": 0.009999999776482582,
    "loss": 0.1714608073234558,
    "name": "Y",
    "prediction": 1
  },
  "type": "integral"
}
null
Finding Optimal Objective...
{
  "false": {
    "complexity": 0.009999999776482582,
    "loss": 0.1470104306936264,
    "name": "Y",
    "prediction": 0
  },
  "feature": 1,
  "model_objective": 0.338705450296402,
  "name": "ExternalRiskEstimate<0.65",
  "reference": 1,
  "relation": "==",
  "true": {
    "complexity": 0.009999999776482582,
    "loss": 0.17169500887393951,
    "name": "Y",
    "prediction": 1
  },
  "type": "integral"
}
