null
Finding Optimal Objective...
{
  "false": {
    "complexity": 0.009999999776482582,
    "loss": 0.21578004956245422,
    "name": "Y",
    "prediction": 0
  },
  "feature": 0,
  "model_objective": 0.31169161200523376,
  "name": "ExternalRiskEstimate<0.49",
  "reference": 1,
  "relation": "==",
  "true": {
    "complexity": 0.009999999776482582,
    "loss": 0.07591153681278229,
    "name": "Y",
    "prediction": 1
  },
  "type": "integral"
}
null
Finding Optimal Objective...
{
  "false": {
    "complexity": 0.009999999776482582,
    "loss": 0.21822403371334076,
    "name": "Y",
    "prediction": 0
  },
  "feature": 0,
  "model_objective": 0.31541499495506287,
  "name": "ExternalRiskEstimate<0.49",
  "reference": 1,
  "relation": "==",
  "true": {
    "complexity": 0.009999999776482582,
    "loss": 0.07719094306230545,
    "name": "Y",
    "prediction": 1
  },
  "type": "integral"
}
null
Finding Optimal Objective...
{
  "false": {
    "complexity": 0.009999999776482582,
    "loss": 0.21940214931964874,
    "name": "Y",
    "prediction": 0
  },
  "feature": 0,
  "model_objective": 0.317800372838974,
  "name": "ExternalRiskEstimate<0.49",
  "reference": 1,
  "relation": "==",
  "true": {
    "complexity": 0.009999999776482582,
    "loss": 0.078398197889328,
    "name": "Y",
    "prediction": 1
  },
  "type": "integral"
}
null
Finding Optimal Objective...
{
  "false": {
    "complexity": 0.009999999776482582,
    "loss": 0.220515638589859,
    "name": "Y",
    "prediction": 0
  },
  "feature": 0,
  "model_objective": 0.31950631737709045,
  "name": "ExternalRiskEstimate<0.49",
  "reference": 1,
  "relation": "==",
  "true": {
    "complexity": 0.009999999776482582,
    "loss": 0.07899067550897598,
    "name": "Y",
    "prediction": 1
  },
  "type": "integral"
}
