null
Finding Optimal Objective...
{
  "false": {
    "complexity": 0.009999999776482582,
    "loss": 0.21697549521923065,
    "name": "Y",
    "prediction": 0
  },
  "feature": 0,
  "model_objective": 0.32005980610847473,
  "name": "ExternalRiskEstimate<0.49",
  "reference": 1,
  "relation": "==",
  "true": {
    "complexity": 0.009999999776482582,
    "loss": 0.08308428525924683,
    "name": "Y",
    "prediction": 1
  },
  "type": "integral"
}
null
Finding Optimal Objective...
{
  "false": {
    "complexity": 0.009999999776482582,
    "loss": 0.22112594544887543,
    "name": "Y",
    "prediction": 0
  },
  "feature": 0,
  "model_objective": 0.32470110058784485,
  "name": "ExternalRiskEstimate<0.49",
  "reference": 1,
  "relation": "==",
  "true": {
    "complexity": 0.009999999776482582,
    "loss": 0.08357515931129456,
    "name": "Y",
    "prediction": 1
  },
  "type": "integral"
}
null
Finding Optimal Objective...
{
  "false": {
    "complexity": 0.009999999776482582,
    "loss": 0.22447828948497772,
    "name": "Y",
    "prediction": 0
  },
  "feature": 0,
  "model_objective": 0.32964468002319336,
  "name": "ExternalRiskEstimate<0.49",
  "reference": 1,
  "relation": "==",
  "true": {
    "complexity": 0.009999999776482582,
    "loss": 0.08516638725996017,
    "name": "Y",
    "prediction": 1
  },
  "type": "integral"
}
null
Finding Optimal Objective...
{
  "false": {
    "complexity": 0.009999999776482582,
    "loss": 0.22709819674491882,
    "name": "Y",
    "prediction": 0
  },
  "feature": 0,
  "model_objective": 0.33212289214134216,
  "name": "ExternalRiskEstimate<0.49",
  "reference": 1,
  "relation": "==",
  "true": {
    "complexity": 0.009999999776482582,
    "loss": 0.08502469211816788,
    "name": "Y",
    "prediction": 1
  },
  "type": "integral"
}
