null
Finding Optimal Objective...
{
  "false": {
    "complexity": 0.009999999776482582,
    "loss": 0.13927078247070313,
    "name": "Y",
    "prediction": 0
  },
  "feature": 1,
  "model_objective": 0.3182666003704071,
  "name": "ExternalRiskEstimate<0.65",
  "reference": 1,
  "relation": "==",
  "true": {
    "complexity": 0.009999999776482582,
    "loss": 0.1589958220720291,
    "name": "Y",
    "prediction": 1
  },
  "type": "integral"
}
null
Finding Optimal Objective...
{
  "false": {
    "complexity": 0.009999999776482582,
    "loss": 0.018572257831692696,
    "name": "Y",
    "prediction": 0
  },
  "feature": 5,
  "model_objective": 0.3172896206378937,
  "name": "TradeOpenTime<0.85",
  "reference": 1,
  "relation": "==",
  "true": {
    "false": {
      "complexity": 0.009999999776482582,
      "loss": 0.1282646507024765,
      "name": "Y",
      "prediction": 0
    },
    "feature": 1,
    "name": "ExternalRiskEstimate<0.65",
    "reference": 1,
    "relation": "==",
    "true": {
      "complexity": 0.009999999776482582,
      "loss": 0.14045269787311554,
      "name": "Y",
      "prediction": 1
    },
    "type": "integral"
  },
  "type": "integral"
}
{
  "false": {
    "complexity": 0.009999999776482582,
    "loss": 0.1392919272184372,
    "name": "Y",
    "prediction": 0
  },
  "feature": 1,
  "model_objective": 0.3172896206378937,
  "name": "ExternalRiskEstimate<0.65",
  "reference": 1,
  "relation": "==",
  "true": {
    "false": {
      "complexity": 0.009999999776482582,
      "loss": 0.00754497991874814,
      "name": "Y",
      "prediction": 0
    },
    "feature": 5,
    "name": "TradeOpenTime<0.85",
    "reference": 1,
    "relation": "==",
    "true": {
      "complexity": 0.009999999776482582,
      "loss": 0.14045269787311554,
      "name": "Y",
      "prediction": 1
    },
    "type": "integral"
  },
  "type": "integral"
}
null
Finding Optimal Objective...
{
  "false": {
    "complexity": 0.009999999776482582,
    "loss": 0.13987591862678528,
    "name": "Y",
    "prediction": 0
  },
  "feature": 1,
  "model_objective": 0.32062044739723206,
  "name": "ExternalRiskEstimate<0.65",
  "reference": 1,
  "relation": "==",
  "true": {
    "complexity": 0.009999999776482582,
    "loss": 0.16074450314044952,
    "name": "Y",
    "prediction": 1
  },
  "type": "integral"
}
null
Finding Optimal Objective...
{
  "false": {
    "complexity": 0.009999999776482582,
    "loss": 0.14207351207733154,
    "name": "Y",
    "prediction": 0
  },
  "feature": 1,
  "model_objective": 0.32279762625694275,
  "name": "ExternalRiskEstimate<0.65",
  "reference": 1,
  "relation": "==",
  "true": {
    "complexity": 0.009999999776482582,
    "loss": 0.16072408854961395,
    "name": "Y",
    "prediction": 1
  },
  "type": "integral"
}
