null
Finding Optimal Objective...
{
  "false": {
    "complexity": 0.009999999776482582,
    "loss": 0.01195457298308611,
    "name": "Y",
    "prediction": 0
  },
  "feature": 5,
  "model_objective": 0.3264734148979187,
  "name": "TradeOpenTime<0.85",
  "reference": 1,
  "relation": "==",
  "true": {
    "false": {
      "complexity": 0.009999999776482582,
      "loss": 0.13030484318733215,
      "name": "Y",
      "prediction": 0
    },
    "feature": 1,
    "name": "ExternalRiskEstimate<0.65",
    "reference": 1,
    "relation": "==",
    "true": {
      "complexity": 0.009999999776482582,
      "loss": 0.15421399474143982,
      "name": "Y",
      "prediction": 1
    },
    "type": "integral"
  },
  "type": "integral"
}
{
  "false": {
    "complexity": 0.009999999776482582,
    "loss": 0.1380753219127655,
    "name": "Y",
    "prediction": 0
  },
  "feature": 1,
  "model_objective": 0.3264734148979187,
  "name": "ExternalRiskEstimate<0.65",
  "reference": 1,
  "relation": "==",
  "true": {
    "false": {
      "complexity": 0.009999999776482582,
      "loss": 0.004184100776910782,
      "name": "Y",
      "prediction": 0
    },
    "feature": 5,
    "name": "TradeOpenTime<0.85",
    "reference": 1,
    "relation": "==",
    "true": {
      "complexity": 0.009999999776482582,
      "loss": 0.15421399474143982,
      "name": "Y",
      "prediction": 1
    },
    "type": "integral"
  },
  "type": "integral"
}
null
Finding Optimal Objective...
{
  "false": {
    "complexity": 0.009999999776482582,
    "loss": 0.013929193839430809,
    "name": "Y",
    "prediction": 0
  },
  "feature": 5,
  "model_objective": 0.32831689715385437,
  "name": "TradeOpenTime<0.85",
  "reference": 1,
  "relation": "==",
  "true": {
    "false": {
      "complexity": 0.009999999776482582,
      "loss": 0.13000580668449402,
      "name": "Y",
      "prediction": 0
    },
    "feature": 1,
    "name": "ExternalRiskEstimate<0.65",
    "reference": 1,
    "relation": "==",
    "true": {
      "complexity": 0.009999999776482582,
      "loss": 0.1543818861246109,
      "name": "Y",
      "prediction": 1
    },
    "type": "integral"
  },
  "type": "integral"
}
{
  "false": {
    "complexity": 0.009999999776482582,
    "loss": 0.13871155679225922,
    "name": "Y",
    "prediction": 0
  },
  "feature": 1,
  "model_objective": 0.32831689715385437,
  "name": "ExternalRiskEstimate<0.65",
  "reference": 1,
  "relation": "==",
  "true": {
    "false": {
      "complexity": 0.009999999776482582,
      "loss": 0.00522344745695591,
      "name": "Y",
      "prediction": 0
    },
    "feature": 5,
    "name": "TradeOpenTime<0.85",
    "reference": 1,
    "relation": "==",
    "true": {
      "complexity": 0.009999999776482582,
      "loss": 0.1543818861246109,
      "name": "Y",
      "prediction": 1
    },
    "type": "integral"
  },
  "type": "integral"
}
null
Finding Optimal Objective...
{
  "false": {
    "complexity": 0.009999999776482582,
    "loss": 0.013536379672586918,
    "name": "Y",
    "prediction": 0
  },
  "feature": 5,
  "model_objective": 0.3306204378604889,
  "name": "TradeOpenTime<0.85",
  "reference": 1,
  "relation": "==",
  "true": {
    "false": {
      "complexity": 0.009999999776482582,
      "loss": 0.1274675726890564,
      "name": "Y",
      "prediction": 0
    },
    "feature": 1,
    "name": "ExternalRiskEstimate<0.65",
    "reference": 1,
    "relation": "==",
    "true": {
      "complexity": 0.009999999776482582,
      "loss": 0.15961647033691406,
      "name": "Y",
      "prediction": 1
    },
    "type": "integral"
  },
  "type": "integral"
}
{
  "false": {
    "complexity": 0.009999999776482582,
    "loss": 0.13592781126499176,
    "name": "Y",
    "prediction": 0
  },
  "feature": 1,
  "model_objective": 0.3306204378604889,
  "name": "ExternalRiskEstimate<0.65",
  "reference": 1,
  "relation": "==",
  "true": {
    "false": {
      "complexity": 0.009999999776482582,
      "loss": 0.005076142493635416,
      "name": "Y",
      "prediction": 0
    },
    "feature": 5,
    "name": "TradeOpenTime<0.85",
    "reference": 1,
    "relation": "==",
    "true": {
      "complexity": 0.009999999776482582,
      "loss": 0.15961647033691406,
      "name": "Y",
      "prediction": 1
    },
    "type": "integral"
  },
  "type": "integral"
}
null
Finding Optimal Objective...
{
  "false": {
    "complexity": 0.009999999776482582,
    "loss": 0.014810752123594284,
    "name": "Y",
    "prediction": 0
  },
  "feature": 5,
  "model_objective": 0.33444324135780334,
  "name": "TradeOpenTime<0.85",
  "reference": 1,
  "relation": "==",
  "true": {
    "false": {
      "complexity": 0.009999999776482582,
      "loss": 0.128359854221344,
      "name": "Y",
      "prediction": 0
    },
    "feature": 1,
    "name": "ExternalRiskEstimate<0.65",
    "reference": 1,
    "relation": "==",
    "true": {
      "complexity": 0.009999999776482582,
      "loss": 0.16127263009548187,
      "name": "Y",
      "prediction": 1
    },
    "type": "integral"
  },
  "type": "integral"
}
{
  "false": {
    "complexity": 0.009999999776482582,
    "loss": 0.1376851350069046,
    "name": "Y",
    "prediction": 0
  },
  "feature": 1,
  "model_objective": 0.33444324135780334,
  "name": "ExternalRiskEstimate<0.65",
  "reference": 1,
  "relation": "==",
  "true": {
    "false": {
      "complexity": 0.009999999776482582,
      "loss": 0.005485463887453079,
      "name": "Y",
      "prediction": 0
    },
    "feature": 5,
    "name": "TradeOpenTime<0.85",
    "reference": 1,
    "relation": "==",
    "true": {
      "complexity": 0.009999999776482582,
      "loss": 0.16127263009548187,
      "name": "Y",
      "prediction": 1
    },
    "type": "integral"
  },
  "type": "integral"
}
