null
Finding Optimal Objective...
{
  "false": {
    "complexity": 0.009999999776482582,
    "loss": 0.09802749752998352,
    "name": "Y",
    "prediction": 0
  },
  "feature": 14,
  "model_objective": 0.3360370695590973,
  "name": "RevolvingBalance<0.6",
  "reference": 1,
  "relation": "==",
  "true": {
    "false": {
      "complexity": 0.009999999776482582,
      "loss": 0.08487746864557266,
      "name": "Y",
      "prediction": 0
    },
    "feature": 1,
    "name": "ExternalRiskEstimate<0.65",
    "reference": 1,
    "relation": "==",
    "true": {
      "complexity": 0.009999999776482582,
      "loss": 0.12313210219144821,
      "name": "Y",
      "prediction": 1
    },
    "type": "integral"
  },
  "type": "integral"
}
{
  "false": {
    "complexity": 0.009999999776482582,
    "loss": 0.14405260980129242,
    "name": "Y",
    "prediction": 0
  },
  "feature": 1,
  "model_objective": 0.3360370695590973,
  "name": "ExternalRiskEstimate<0.65",
  "reference": 1,
  "relation": "==",
  "true": {
    "false": {
      "complexity": 0.009999999776482582,
      "loss": 0.03885236382484436,
      "name": "Y",
      "prediction": 0
    },
    "feature": 14,
    "name": "RevolvingBalance<0.6",
    "reference": 1,
    "relation": "==",
    "true": {
      "complexity": 0.009999999776482582,
      "loss": 0.12313210219144821,
      "name": "Y",
      "prediction": 1
    },
    "type": "integral"
  },
  "type": "integral"
}
null
Finding Optimal Objective...
{
  "false": {
    "complexity": 0.009999999776482582,
    "loss": 0.09808474034070969,
    "name": "Y",
    "prediction": 0
  },
  "feature": 14,
  "model_objective": 0.33528149127960205,
  "name": "RevolvingBalance<0.6",
  "reference": 1,
  "relation": "==",
  "true": {
    "false": {
      "complexity": 0.009999999776482582,
      "loss": 0.08531630784273148,
      "name": "Y",
      "prediction": 0
    },
    "feature": 1,
    "name": "ExternalRiskEstimate<0.65",
    "reference": 1,
    "relation": "==",
    "true": {
      "complexity": 0.009999999776482582,
      "loss": 0.121880441904068,
      "name": "Y",
      "prediction": 1
    },
    "type": "integral"
  },
  "type": "integral"
}
{
  "false": {
    "complexity": 0.009999999776482582,
    "loss": 0.14509576559066772,
    "name": "Y",
    "prediction": 0
  },
  "feature": 1,
  "model_objective": 0.33528149127960205,
  "name": "ExternalRiskEstimate<0.65",
  "reference": 1,
  "relation": "==",
  "true": {
    "false": {
      "complexity": 0.009999999776482582,
      "loss": 0.03830528259277344,
      "name": "Y",
      "prediction": 0
    },
    "feature": 14,
    "name": "RevolvingBalance<0.6",
    "reference": 1,
    "relation": "==",
    "true": {
      "complexity": 0.009999999776482582,
      "loss": 0.121880441904068,
      "name": "Y",
      "prediction": 1
    },
    "type": "integral"
  },
  "type": "integral"
}
null
Finding Optimal Objective...
{
  "false": {
    "complexity": 0.009999999776482582,
    "loss": 0.09870276600122452,
    "name": "Y",
    "prediction": 0
  },
  "feature": 14,
  "model_objective": 0.3379526436328888,
  "name": "RevolvingBalance<0.6",
  "reference": 1,
  "relation": "==",
  "true": {
    "false": {
      "complexity": 0.009999999776482582,
      "loss": 0.0874224528670311,
      "name": "Y",
      "prediction": 0
    },
    "feature": 1,
    "name": "ExternalRiskEstimate<0.65",
    "reference": 1,
    "relation": "==",
    "true": {
      "complexity": 0.009999999776482582,
      "loss": 0.12182741612195969,
      "name": "Y",
      "prediction": 1
    },
    "type": "integral"
  },
  "type": "integral"
}
{
  "false": {
    "complexity": 0.009999999776482582,
    "loss": 0.14664411544799805,
    "name": "Y",
    "prediction": 0
  },
  "feature": 1,
  "model_objective": 0.3379526436328888,
  "name": "ExternalRiskEstimate<0.65",
  "reference": 1,
  "relation": "==",
  "true": {
    "false": {
      "complexity": 0.009999999776482582,
      "loss": 0.03948110714554787,
      "name": "Y",
      "prediction": 0
    },
    "feature": 14,
    "name": "RevolvingBalance<0.6",
    "reference": 1,
    "relation": "==",
    "true": {
      "complexity": 0.009999999776482582,
      "loss": 0.12182741612195969,
      "name": "Y",
      "prediction": 1
    },
    "type": "integral"
  },
  "type": "integral"
}
null
Finding Optimal Objective...
{
  "false": {
    "complexity": 0.009999999776482582,
    "loss": 0.09818980097770691,
    "name": "Y",
    "prediction": 0
  },
  "feature": 14,
  "model_objective": 0.336637407541275,
  "name": "RevolvingBalance<0.6",
  "reference": 1,
  "relation": "==",
  "true": {
    "false": {
      "complexity": 0.009999999776482582,
      "loss": 0.08721887320280075,
      "name": "Y",
      "prediction": 0
    },
    "feature": 1,
    "name": "ExternalRiskEstimate<0.65",
    "reference": 1,
    "relation": "==",
    "true": {
      "complexity": 0.009999999776482582,
      "loss": 0.12122874706983566,
      "name": "Y",
      "prediction": 1
    },
    "type": "integral"
  },
  "type": "integral"
}
{
  "false": {
    "complexity": 0.009999999776482582,
    "loss": 0.14536479115486145,
    "name": "Y",
    "prediction": 0
  },
  "feature": 1,
  "model_objective": 0.336637407541275,
  "name": "ExternalRiskEstimate<0.65",
  "reference": 1,
  "relation": "==",
  "true": {
    "false": {
      "complexity": 0.009999999776482582,
      "loss": 0.04004388675093651,
      "name": "Y",
      "prediction": 0
    },
    "feature": 14,
    "name": "RevolvingBalance<0.6",
    "reference": 1,
    "relation": "==",
    "true": {
      "complexity": 0.009999999776482582,
      "loss": 0.12122874706983566,
      "name": "Y",
      "prediction": 1
    },
    "type": "integral"
  },
  "type": "integral"
}
