null
Finding Optimal Objective...
{
  "false": {
    "complexity": 0.009999999776482582,
    "loss": 0.12552301585674286,
    "name": "Y",
    "prediction": 0
  },
  "feature": 1,
  "model_objective": 0.3021279275417328,
  "name": "ExternalRiskEstimate<0.65",
  "reference": 1,
  "relation": "==",
  "true": {
    "complexity": 0.009999999776482582,
    "loss": 0.15660490095615387,
    "name": "Y",
    "prediction": 1
  },
  "type": "integral"
}
null
Finding Optimal Objective...
{
  "false": {
    "complexity": 0.009999999776482582,
    "loss": 0.12942542135715485,
    "name": "Y",
    "prediction": 0
  },
  "feature": 1,
  "model_objective": 0.30961117148399353,
  "name": "ExternalRiskEstimate<0.65",
  "reference": 1,
  "relation": "==",
  "true": {
    "complexity": 0.009999999776482582,
    "loss": 0.16018572449684143,
    "name": "Y",
    "prediction": 1
  },
  "type": "integral"
}
null
Finding Optimal Objective...
{
  "false": {
    "complexity": 0.009999999776482582,
    "loss": 0.13141568005084991,
    "name": "Y",
    "prediction": 0
  },
  "feature": 1,
  "model_objective": 0.3155442774295807,
  "name": "ExternalRiskEstimate<0.65",
  "reference": 1,
  "relation": "==",
  "true": {
    "complexity": 0.009999999776482582,
    "loss": 0.1641286015510559,
    "name": "Y",
    "prediction": 1
  },
  "type": "integral"
}
null
Finding Optimal Objective...
{
  "false": {
    "complexity": 0.009999999776482582,
    "loss": 0.13219967484474182,
    "name": "Y",
    "prediction": 0
  },
  "feature": 1,
  "model_objective": 0.31676360964775085,
  "name": "ExternalRiskEstimate<0.65",
  "reference": 1,
  "relation": "==",
  "true": {
    "complexity": 0.009999999776482582,
    "loss": 0.16456390917301178,
    "name": "Y",
    "prediction": 1
  },
  "type": "integral"
}
