null
Finding Optimal Objective...
{
  "false": {
    "complexity": 0.009999999776482582,
    "loss": 0.2139868587255478,
    "name": "Y",
    "prediction": 0
  },
  "feature": 0,
  "model_objective": 0.3379916548728943,
  "name": "ExternalRiskEstimate<0.49",
  "reference": 1,
  "relation": "==",
  "true": {
    "complexity": 0.009999999776482582,
    "loss": 0.10400478541851044,
    "name": "Y",
    "prediction": 1
  },
  "type": "integral"
}
null
Finding Optimal Objective...
{
  "false": {
    "complexity": 0.009999999776482582,
    "loss": 0.21648287773132324,
    "name": "Y",
    "prediction": 0
  },
  "feature": 0,
  "model_objective": 0.3432733714580536,
  "name": "ExternalRiskEstimate<0.49",
  "reference": 1,
  "relation": "==",
  "true": {
    "complexity": 0.009999999776482582,
    "loss": 0.10679048299789429,
    "name": "Y",
    "prediction": 1
  },
  "type": "integral"
}
null
Finding Optimal Objective...
{
  "false": {
    "complexity": 0.009999999776482582,
    "loss": 0.2205301821231842,
    "name": "Y",
    "prediction": 0
  },
  "feature": 0,
  "model_objective": 0.3448731303215027,
  "name": "ExternalRiskEstimate<0.49",
  "reference": 1,
  "relation": "==",
  "true": {
    "complexity": 0.009999999776482582,
    "loss": 0.10434293001890182,
    "name": "Y",
    "prediction": 1
  },
  "type": "integral"
}
null
Finding Optimal Objective...
{
  "false": {
    "complexity": 0.009999999776482582,
    "loss": 0.22161273658275604,
    "name": "Y",
    "prediction": 0
  },
  "feature": 0,
  "model_objective": 0.34638509154319763,
  "name": "ExternalRiskEstimate<0.49",
  "reference": 1,
  "relation": "==",
  "true": {
    "complexity": 0.009999999776482582,
    "loss": 0.10477235913276672,
    "name": "Y",
    "prediction": 1
  },
  "type": "integral"
}
