null
Finding Optimal Objective...
{
  "false": {
    "complexity": 0.009999999776482582,
    "loss": 0.14524805545806885,
    "name": "Y",
    "prediction": 0
  },
  "feature": 1,
  "model_objective": 0.3344052731990814,
  "name": "ExternalRiskEstimate<0.65",
  "reference": 1,
  "relation": "==",
  "true": {
    "complexity": 0.009999999776482582,
    "loss": 0.1691572070121765,
    "name": "Y",
    "prediction": 1
  },
  "type": "integral"
}
null
Finding Optimal Objective...
{
  "false": {
    "complexity": 0.009999999776482582,
    "loss": 0.14625653624534607,
    "name": "Y",
    "prediction": 0
  },
  "feature": 1,
  "model_objective": 0.3339872658252716,
  "name": "ExternalRiskEstimate<0.65",
  "reference": 1,
  "relation": "==",
  "true": {
    "complexity": 0.009999999776482582,
    "loss": 0.16773070394992828,
    "name": "Y",
    "prediction": 1
  },
  "type": "integral"
}
null
Finding Optimal Objective...
{
  "false": {
    "complexity": 0.009999999776482582,
    "loss": 0.14720812439918518,
    "name": "Y",
    "prediction": 0
  },
  "feature": 1,
  "model_objective": 0.33697691559791565,
  "name": "ExternalRiskEstimate<0.65",
  "reference": 1,
  "relation": "==",
  "true": {
    "complexity": 0.009999999776482582,
    "loss": 0.16976876556873322,
    "name": "Y",
    "prediction": 1
  },
  "type": "integral"
}
null
Finding Optimal Objective...
{
  "false": {
    "complexity": 0.009999999776482582,
    "loss": 0.1470104306936264,
    "name": "Y",
    "prediction": 0
  },
  "feature": 1,
  "model_objective": 0.33815690875053406,
  "name": "ExternalRiskEstimate<0.65",
  "reference": 1,
  "relation": "==",
  "true": {
    "complexity": 0.009999999776482582,
    "loss": 0.1711464673280716,
    "name": "Y",
    "prediction": 1
  },
  "type": "integral"
}
