null
Finding Optimal Objective...
{
  "false": {
    "false": {
      "complexity": 0.009999999776482582,
      "loss": 0.10579796880483627,
      "name": "Y",
      "prediction": 0
    },
    "feature": 0,
    "name": "ExternalRiskEstimate<0.49",
    "reference": 1,
    "relation": "==",
    "true": {
      "complexity": 0.009999999776482582,
      "loss": 0.06515242159366608,
      "name": "Y",
      "prediction": 1
    },
    "type": "integral"
  },
  "feature": 12,
  "model_objective": 0.3233233392238617,
  "name": "Inquiry<0.75",
  "reference": 1,
  "relation": "==",
  "true": {
    "false": {
      "complexity": 0.009999999776482582,
      "loss": 0.06993424892425537,
      "name": "Y",
      "prediction": 0
    },
    "feature": 1,
    "name": "ExternalRiskEstimate<0.65",
    "reference": 1,
    "relation": "==",
    "true": {
      "complexity": 0.009999999776482582,
      "loss": 0.04243873432278633,
      "name": "Y",
      "prediction": 1
    },
    "type": "integral"
  },
  "type": "integral"
}
{
  "false": {
    "complexity": 0.009999999776482582,
    "loss": 0.13687986135482788,
    "name": "Y",
    "prediction": 0
  },
  "feature": 1,
  "model_objective": 0.3233233690261841,
  "name": "ExternalRiskEstimate<0.65",
  "reference": 1,
  "relation": "==",
  "true": {
    "false": {
      "false": {
        "complexity": 0.009999999776482582,
        "loss": 0.03885236382484436,
        "name": "Y",
        "prediction": 0
      },
      "feature": 12,
      "name": "Inquiry<0.75",
      "reference": 1,
      "relation": "==",
      "true": {
        "complexity": 0.009999999776482582,
        "loss": 0.01793185994029045,
        "name": "Y",
        "prediction": 1
      },
      "type": "integral"
    },
    "feature": 0,
    "name": "ExternalRiskEstimate<0.49",
    "reference": 1,
    "relation": "==",
    "true": {
      "complexity": 0.009999999776482582,
      "loss": 0.08965929597616196,
      "name": "Y",
      "prediction": 1
    },
    "type": "integral"
  },
  "type": "integral"
}
{
  "false": {
    "complexity": 0.009999999776482582,
    "loss": 0.13687986135482788,
    "name": "Y",
    "prediction": 0
  },
  "feature": 1,
  "model_objective": 0.3233233690261841,
  "name": "ExternalRiskEstimate<0.65",
  "reference": 1,
  "relation": "==",
  "true": {
    "false": {
      "false": {
        "complexity": 0.009999999776482582,
        "loss": 0.03885236382484436,
        "name": "Y",
        "prediction": 0
      },
      "feature": 0,
      "name": "ExternalRiskEstimate<0.49",
      "reference": 1,
      "relation": "==",
      "true": {
        "complexity": 0.009999999776482582,
        "loss": 0.06515242159366608,
        "name": "Y",
        "prediction": 1
      },
      "type": "integral"
    },
    "feature": 12,
    "name": "Inquiry<0.75",
    "reference": 1,
    "relation": "==",
    "true": {
      "complexity": 0.009999999776482582,
      "loss": 0.04243873432278633,
      "name": "Y",
      "prediction": 1
    },
    "type": "integral"
  },
  "type": "integral"
}
{
  "false": {
    "false": {
      "complexity": 0.009999999776482582,
      "loss": 0.13687986135482788,
      "name": "Y",
      "prediction": 0
    },
    "feature": 1,
    "name": "ExternalRiskEstimate<0.65",
    "reference": 1,
    "relation": "==",
    "true": {
      "false": {
        "complexity": 0.009999999776482582,
        "loss": 0.03885236382484436,
        "name": "Y",
        "prediction": 0
      },
      "feature": 12,
      "name": "Inquiry<0.75",
      "reference": 1,
      "relation": "==",
      "true": {
        "complexity": 0.009999999776482582,
        "loss": 0.01793185994029045,
        "name": "Y",
        "prediction": 1
      },
      "type": "integral"
    },
    "type": "integral"
  },
  "feature": 0,
  "model_objective": 0.3233233690261841,
  "name": "ExternalRiskEstimate<0.49",
  "reference": 1,
  "relation": "==",
  "true": {
    "complexity": 0.009999999776482582,
    "loss": 0.08965929597616196,
    "name": "Y",
    "prediction": 1
  },
  "type": "integral"
}
{
  "false": {
    "false": {
      "complexity": 0.009999999776482582,
      "loss": 0.10579796880483627,
      "name": "Y",
      "prediction": 0
    },
    "feature": 12,
    "name": "Inquiry<0.75",
    "reference": 1,
    "relation": "==",
    "true": {
      "false": {
        "complexity": 0.009999999776482582,
        "loss": 0.06993424892425537,
        "name": "Y",
        "prediction": 0
      },
      "feature": 1,
      "name": "ExternalRiskEstimate<0.65",
      "reference": 1,
      "relation": "==",
      "true": {
        "complexity": 0.009999999776482582,
        "loss": 0.01793185994029045,
        "name": "Y",
        "prediction": 1
      },
      "type": "integral"
    },
    "type": "integral"
  },
  "feature": 0,
  "model_objective": 0.3233233690261841,
  "name": "ExternalRiskEstimate<0.49",
  "reference": 1,
  "relation": "==",
  "true": {
    "complexity": 0.009999999776482582,
    "loss": 0.08965929597616196,
    "name": "Y",
    "prediction": 1
  },
  "type": "integral"
}
null
Finding Optimal Objective...
{
  "false": {
    "complexity": 0.009999999776482582,
    "loss": 0.1346488744020462,
    "name": "Y",
    "prediction": 0
  },
  "feature": 1,
  "model_objective": 0.3209054172039032,
  "name": "ExternalRiskEstimate<0.65",
  "reference": 1,
  "relation": "==",
  "true": {
    "false": {
      "false": {
        "complexity": 0.009999999776482582,
        "loss": 0.03830528259277344,
        "name": "Y",
        "prediction": 0
      },
      "feature": 12,
      "name": "Inquiry<0.75",
      "reference": 1,
      "relation": "==",
      "true": {
        "complexity": 0.009999999776482582,
        "loss": 0.018572257831692696,
        "name": "Y",
        "prediction": 1
      },
      "type": "integral"
    },
    "feature": 0,
    "name": "ExternalRiskEstimate<0.49",
    "reference": 1,
    "relation": "==",
    "true": {
      "complexity": 0.009999999776482582,
      "loss": 0.08937899023294449,
      "name": "Y",
      "prediction": 1
    },
    "type": "integral"
  },
  "type": "integral"
}
{
  "false": {
    "complexity": 0.009999999776482582,
    "loss": 0.1346488744020462,
    "name": "Y",
    "prediction": 0
  },
  "feature": 1,
  "model_objective": 0.3209054172039032,
  "name": "ExternalRiskEstimate<0.65",
  "reference": 1,
  "relation": "==",
  "true": {
    "false": {
      "false": {
        "complexity": 0.009999999776482582,
        "loss": 0.03830528259277344,
        "name": "Y",
        "prediction": 0
      },
      "feature": 0,
      "name": "ExternalRiskEstimate<0.49",
      "reference": 1,
      "relation": "==",
      "true": {
        "complexity": 0.009999999776482582,
        "loss": 0.06500290334224701,
        "name": "Y",
        "prediction": 1
      },
      "type": "integral"
    },
    "feature": 12,
    "name": "Inquiry<0.75",
    "reference": 1,
    "relation": "==",
    "true": {
      "complexity": 0.009999999776482582,
      "loss": 0.042948346585035324,
      "name": "Y",
      "prediction": 1
    },
    "type": "integral"
  },
  "type": "integral"
}
{
  "false": {
    "false": {
      "complexity": 0.009999999776482582,
      "loss": 0.1346488744020462,
      "name": "Y",
      "prediction": 0
    },
    "feature": 1,
    "name": "ExternalRiskEstimate<0.65",
    "reference": 1,
    "relation": "==",
    "true": {
      "false": {
        "complexity": 0.009999999776482582,
        "loss": 0.03830528259277344,
        "name": "Y",
        "prediction": 0
      },
      "feature": 12,
      "name": "Inquiry<0.75",
      "reference": 1,
      "relation": "==",
      "true": {
        "complexity": 0.009999999776482582,
        "loss": 0.018572257831692696,
        "name": "Y",
        "prediction": 1
      },
      "type": "integral"
    },
    "type": "integral"
  },
  "feature": 0,
  "model_objective": 0.3209053874015808,
  "name": "ExternalRiskEstimate<0.49",
  "reference": 1,
  "relation": "==",
  "true": {
    "complexity": 0.009999999776482582,
    "loss": 0.08937899023294449,
    "name": "Y",
    "prediction": 1
  },
  "type": "integral"
}
{
  "false": {
    "false": {
      "complexity": 0.009999999776482582,
      "loss": 0.10388856381177902,
      "name": "Y",
      "prediction": 0
    },
    "feature": 0,
    "name": "ExternalRiskEstimate<0.49",
    "reference": 1,
    "relation": "==",
    "true": {
      "complexity": 0.009999999776482582,
      "loss": 0.06500290334224701,
      "name": "Y",
      "prediction": 1
    },
    "type": "integral"
  },
  "feature": 12,
  "model_objective": 0.3209053874015808,
  "name": "Inquiry<0.75",
  "reference": 1,
  "relation": "==",
  "true": {
    "false": {
      "complexity": 0.009999999776482582,
      "loss": 0.06906558573246002,
      "name": "Y",
      "prediction": 0
    },
    "feature": 1,
    "name": "ExternalRiskEstimate<0.65",
    "reference": 1,
    "relation": "==",
    "true": {
      "complexity": 0.009999999776482582,
      "loss": 0.042948346585035324,
      "name": "Y",
      "prediction": 1
    },
    "type": "integral"
  },
  "type": "integral"
}
{
  "false": {
    "false": {
      "complexity": 0.009999999776482582,
      "loss": 0.10388856381177902,
      "name": "Y",
      "prediction": 0
    },
    "feature": 12,
    "name": "Inquiry<0.75",
    "reference": 1,
    "relation": "==",
    "true": {
      "false": {
        "complexity": 0.009999999776482582,
        "loss": 0.06906558573246002,
        "name": "Y",
        "prediction": 0
      },
      "feature": 1,
      "name": "ExternalRiskEstimate<0.65",
      "reference": 1,
      "relation": "==",
      "true": {
        "complexity": 0.009999999776482582,
        "loss": 0.018572257831692696,
        "name": "Y",
        "prediction": 1
      },
      "type": "integral"
    },
    "type": "integral"
  },
  "feature": 0,
  "model_objective": 0.3209053874015808,
  "name": "ExternalRiskEstimate<0.49",
  "reference": 1,
  "relation": "==",
  "true": {
    "complexity": 0.009999999776482582,
    "loss": 0.08937899023294449,
    "name": "Y",
    "prediction": 1
  },
  "type": "integral"
}
null
Finding Optimal Objective...
{
  "false": {
    "complexity": 0.009999999776482582,
    "loss": 0.21432600915431976,
    "name": "Y",
    "prediction": 0
  },
  "feature": 0,
  "model_objective": 0.3234405219554901,
  "name": "ExternalRiskEstimate<0.49",
  "reference": 1,
  "relation": "==",
  "true": {
    "complexity": 0.009999999776482582,
    "loss": 0.08911450207233429,
    "name": "Y",
    "prediction": 1
  },
  "type": "integral"
}
null
Finding Optimal Objective...
{
  "false": {
    "complexity": 0.009999999776482582,
    "loss": 0.21503017842769623,
    "name": "Y",
    "prediction": 0
  },
  "feature": 0,
  "model_objective": 0.3217005133628845,
  "name": "ExternalRiskEstimate<0.49",
  "reference": 1,
  "relation": "==",
  "true": {
    "complexity": 0.009999999776482582,
    "loss": 0.08667032420635223,
    "name": "Y",
    "prediction": 1
  },
  "type": "integral"
}
