null
Finding Optimal Objective...
{
  "false": {
    "complexity": 0.009999999776482582,
    "loss": 0.1482367068529129,
    "name": "Y",
    "prediction": 0
  },
  "feature": 1,
  "model_objective": 0.33022117614746094,
  "name": "ExternalRiskEstimate<0.65",
  "reference": 1,
  "relation": "==",
  "true": {
    "complexity": 0.009999999776482582,
    "loss": 0.16198445856571198,
    "name": "Y",
    "prediction": 1
  },
  "type": "integral"
}
null
Finding Optimal Objective...
{
  "false": {
    "complexity": 0.009999999776482582,
    "loss": 0.2217063307762146,
    "name": "Y",
    "prediction": 0
  },
  "feature": 0,
  "model_objective": 0.3316657245159149,
  "name": "ExternalRiskEstimate<0.49",
  "reference": 1,
  "relation": "==",
  "true": {
    "complexity": 0.009999999776482582,
    "loss": 0.08995937556028366,
    "name": "Y",
    "prediction": 1
  },
  "type": "integral"
}
null
Finding Optimal Objective...
{
  "false": {
    "complexity": 0.009999999776482582,
    "loss": 0.22447828948497772,
    "name": "Y",
    "prediction": 0
  },
  "feature": 0,
  "model_objective": 0.33359280228614807,
  "name": "ExternalRiskEstimate<0.49",
  "reference": 1,
  "relation": "==",
  "true": {
    "complexity": 0.009999999776482582,
    "loss": 0.08911450207233429,
    "name": "Y",
    "prediction": 1
  },
  "type": "integral"
}
null
Finding Optimal Objective...
{
  "false": {
    "complexity": 0.009999999776482582,
    "loss": 0.15194734930992126,
    "name": "Y",
    "prediction": 0
  },
  "feature": 1,
  "model_objective": 0.33731213212013245,
  "name": "ExternalRiskEstimate<0.65",
  "reference": 1,
  "relation": "==",
  "true": {
    "false": {
      "false": {
        "complexity": 0.009999999776482582,
        "loss": 0.028524411842226982,
        "name": "Y",
        "prediction": 0
      },
      "feature": 3,
      "name": "NumSatisfactoryTrades<0.5",
      "reference": 1,
      "relation": "==",
      "true": {
        "complexity": 0.009999999776482582,
        "loss": 0.02633022516965866,
        "name": "Y",
        "prediction": 1
      },
      "type": "integral"
    },
    "feature": 0,
    "name": "ExternalRiskEstimate<0.49",
    "reference": 1,
    "relation": "==",
    "true": {
      "complexity": 0.009999999776482582,
      "loss": 0.09051015228033066,
      "name": "Y",
      "prediction": 1
    },
    "type": "integral"
  },
  "type": "integral"
}
{
  "false": {
    "complexity": 0.009999999776482582,
    "loss": 0.15194734930992126,
    "name": "Y",
    "prediction": 0
  },
  "feature": 1,
  "model_objective": 0.33731213212013245,
  "name": "ExternalRiskEstimate<0.65",
  "reference": 1,
  "relation": "==",
  "true": {
    "false": {
      "false": {
        "complexity": 0.009999999776482582,
        "loss": 0.028524411842226982,
        "name": "Y",
        "prediction": 0
      },
      "feature": 0,
      "name": "ExternalRiskEstimate<0.49",
      "reference": 1,
      "relation": "==",
      "true": {
        "complexity": 0.009999999776482582,
        "loss": 0.05375754460692406,
        "name": "Y",
        "prediction": 1
      },
      "type": "integral"
    },
    "feature": 3,
    "name": "NumSatisfactoryTrades<0.5",
    "reference": 1,
    "relation": "==",
    "true": {
      "complexity": 0.009999999776482582,
      "loss": 0.06308283656835556,
      "name": "Y",
      "prediction": 1
    },
    "type": "integral"
  },
  "type": "integral"
}
{
  "false": {
    "false": {
      "complexity": 0.009999999776482582,
      "loss": 0.15194734930992126,
      "name": "Y",
      "prediction": 0
    },
    "feature": 1,
    "name": "ExternalRiskEstimate<0.65",
    "reference": 1,
    "relation": "==",
    "true": {
      "false": {
        "complexity": 0.009999999776482582,
        "loss": 0.028524411842226982,
        "name": "Y",
        "prediction": 0
      },
      "feature": 3,
      "name": "NumSatisfactoryTrades<0.5",
      "reference": 1,
      "relation": "==",
      "true": {
        "complexity": 0.009999999776482582,
        "loss": 0.02633022516965866,
        "name": "Y",
        "prediction": 1
      },
      "type": "integral"
    },
    "type": "integral"
  },
  "feature": 0,
  "model_objective": 0.33731213212013245,
  "name": "ExternalRiskEstimate<0.49",
  "reference": 1,
  "relation": "==",
  "true": {
    "complexity": 0.009999999776482582,
    "loss": 0.09051015228033066,
    "name": "Y",
    "prediction": 1
  },
  "type": "integral"
}
{
  "false": {
    "false": {
      "complexity": 0.009999999776482582,
      "loss": 0.11135491728782654,
      "name": "Y",
      "prediction": 0
    },
    "feature": 0,
    "name": "ExternalRiskEstimate<0.49",
    "reference": 1,
    "relation": "==",
    "true": {
      "complexity": 0.009999999776482582,
      "loss": 0.05375754460692406,
      "name": "Y",
      "prediction": 1
    },
    "type": "integral"
  },
  "feature": 3,
  "model_objective": 0.33731213212013245,
  "name": "NumSatisfactoryTrades<0.5",
  "reference": 1,
  "relation": "==",
  "true": {
    "false": {
      "complexity": 0.009999999776482582,
      "loss": 0.06911684572696686,
      "name": "Y",
      "prediction": 0
    },
    "feature": 1,
    "name": "ExternalRiskEstimate<0.65",
    "reference": 1,
    "relation": "==",
    "true": {
      "complexity": 0.009999999776482582,
      "loss": 0.06308283656835556,
      "name": "Y",
      "prediction": 1
    },
    "type": "integral"
  },
  "type": "integral"
}
{
  "false": {
    "false": {
      "complexity": 0.009999999776482582,
      "loss": 0.11135491728782654,
      "name": "Y",
      "prediction": 0
    },
    "feature": 3,
    "name": "NumSatisfactoryTrades<0.5",
    "reference": 1,
    "relation": "==",
    "true": {
      "false": {
        "complexity": 0.009999999776482582,
        "loss": 0.06911684572696686,
        "name": "Y",
        "prediction": 0
      },
      "feature": 1,
      "name": "ExternalRiskEstimate<0.65",
      "reference": 1,
      "relation": "==",
      "true": {
        "complexity": 0.009999999776482582,
        "loss": 0.02633022516965866,
        "name": "Y",
        "prediction": 1
      },
      "type": "integral"
    },
    "type": "integral"
  },
  "feature": 0,
  "model_objective": 0.33731213212013245,
  "name": "ExternalRiskEstimate<0.49",
  "reference": 1,
  "relation": "==",
  "true": {
    "complexity": 0.009999999776482582,
    "loss": 0.09051015228033066,
    "name": "Y",
    "prediction": 1
  },
  "type": "integral"
}
