null
Finding Optimal Objective...
{
  "false": {
    "complexity": 0.009999999776482582,
    "loss": 0.2139868587255478,
    "name": "Y",
    "prediction": 0
  },
  "feature": 0,
  "model_objective": 0.3379916548728943,
  "name": "ExternalRiskEstimate<0.49",
  "reference": 1,
  "relation": "==",
  "true": {
    "complexity": 0.009999999776482582,
    "loss": 0.10400478541851044,
    "name": "Y",
    "prediction": 1
  },
  "type": "integral"
}
null
Finding Optimal Objective...
{
  "false": {
    "complexity": 0.009999999776482582,
    "loss": 0.21590249240398407,
    "name": "Y",
    "prediction": 0
  },
  "feature": 0,
  "model_objective": 0.34153223037719727,
  "name": "ExternalRiskEstimate<0.49",
  "reference": 1,
  "relation": "==",
  "true": {
    "complexity": 0.009999999776482582,
    "loss": 0.10562971979379654,
    "name": "Y",
    "prediction": 1
  },
  "type": "integral"
}
null
Finding Optimal Objective...
{
  "false": {
    "complexity": 0.009999999776482582,
    "loss": 0.222222238779068,
    "name": "Y",
    "prediction": 0
  },
  "feature": 0,
  "model_objective": 0.3465651869773865,
  "name": "ExternalRiskEstimate<0.49",
  "reference": 1,
  "relation": "==",
  "true": {
    "complexity": 0.009999999776482582,
    "loss": 0.10434293001890182,
    "name": "Y",
    "prediction": 1
  },
  "type": "integral"
}
null
Finding Optimal Objective...
{
  "false": {
    "complexity": 0.009999999776482582,
    "loss": 0.21667581796646118,
    "name": "Y",
    "prediction": 0
  },
  "feature": 0,
  "model_objective": 0.34419092535972595,
  "name": "ExternalRiskEstimate<0.49",
  "reference": 1,
  "relation": "==",
  "true": {
    "complexity": 0.009999999776482582,
    "loss": 0.10751508921384811,
    "name": "Y",
    "prediction": 1
  },
  "type": "integral"
}
