null
Finding Optimal Objective...
{
  "false": {
    "complexity": 0.009999999776482582,
    "loss": 0.21578004956245422,
    "name": "Y",
    "prediction": 0
  },
  "feature": 0,
  "model_objective": 0.31169161200523376,
  "name": "ExternalRiskEstimate<0.49",
  "reference": 1,
  "relation": "==",
  "true": {
    "complexity": 0.009999999776482582,
    "loss": 0.07591153681278229,
    "name": "Y",
    "prediction": 1
  },
  "type": "integral"
}
null
Finding Optimal Objective...
{
  "false": {
    "complexity": 0.009999999776482582,
    "loss": 0.21996517479419708,
    "name": "Y",
    "prediction": 0
  },
  "feature": 0,
  "model_objective": 0.3165757358074188,
  "name": "ExternalRiskEstimate<0.49",
  "reference": 1,
  "relation": "==",
  "true": {
    "complexity": 0.009999999776482582,
    "loss": 0.07661056518554688,
    "name": "Y",
    "prediction": 1
  },
  "type": "integral"
}
null
Finding Optimal Objective...
{
  "false": {
    "complexity": 0.009999999776482582,
    "loss": 0.22109420597553253,
    "name": "Y",
    "prediction": 0
  },
  "feature": 0,
  "model_objective": 0.3172363340854645,
  "name": "ExternalRiskEstimate<0.49",
  "reference": 1,
  "relation": "==",
  "true": {
    "complexity": 0.009999999776482582,
    "loss": 0.07614213228225708,
    "name": "Y",
    "prediction": 1
  },
  "type": "integral"
}
null
Finding Optimal Objective...
{
  "false": {
    "complexity": 0.009999999776482582,
    "loss": 0.22600111365318298,
    "name": "Y",
    "prediction": 0
  },
  "feature": 0,
  "model_objective": 0.3211519718170166,
  "name": "ExternalRiskEstimate<0.49",
  "reference": 1,
  "relation": "==",
  "true": {
    "complexity": 0.009999999776482582,
    "loss": 0.07515085488557816,
    "name": "Y",
    "prediction": 1
  },
  "type": "integral"
}
