null
Finding Optimal Objective...
{
  "false": {
    "complexity": 0.009999999776482582,
    "loss": 0.14405260980129242,
    "name": "Y",
    "prediction": 0
  },
  "feature": 1,
  "model_objective": 0.33081892132759094,
  "name": "ExternalRiskEstimate<0.65",
  "reference": 1,
  "relation": "==",
  "true": {
    "complexity": 0.009999999776482582,
    "loss": 0.16676628589630127,
    "name": "Y",
    "prediction": 1
  },
  "type": "integral"
}
null
Finding Optimal Objective...
{
  "false": {
    "complexity": 0.009999999776482582,
    "loss": 0.1479976773262024,
    "name": "Y",
    "prediction": 0
  },
  "feature": 1,
  "model_objective": 0.3363087773323059,
  "name": "ExternalRiskEstimate<0.65",
  "reference": 1,
  "relation": "==",
  "true": {
    "complexity": 0.009999999776482582,
    "loss": 0.16831108927726746,
    "name": "Y",
    "prediction": 1
  },
  "type": "integral"
}
null
Finding Optimal Objective...
{
  "false": {
    "complexity": 0.009999999776482582,
    "loss": 0.15059222280979156,
    "name": "Y",
    "prediction": 0
  },
  "feature": 1,
  "model_objective": 0.3392329514026642,
  "name": "ExternalRiskEstimate<0.65",
  "reference": 1,
  "relation": "==",
  "true": {
    "complexity": 0.009999999776482582,
    "loss": 0.16864073276519775,
    "name": "Y",
    "prediction": 1
  },
  "type": "integral"
}
null
Finding Optimal Objective...
{
  "false": {
    "complexity": 0.009999999776482582,
    "loss": 0.14920461177825928,
    "name": "Y",
    "prediction": 0
  },
  "feature": 1,
  "model_objective": 0.34035107493400574,
  "name": "ExternalRiskEstimate<0.65",
  "reference": 1,
  "relation": "==",
  "true": {
    "complexity": 0.009999999776482582,
    "loss": 0.1711464673280716,
    "name": "Y",
    "prediction": 1
  },
  "type": "integral"
}
