null
Finding Optimal Objective...
{
  "false": {
    "complexity": 0.009999999776482582,
    "loss": 0.1279139369726181,
    "name": "Y",
    "prediction": 0
  },
  "feature": 1,
  "model_objective": 0.313484787940979,
  "name": "ExternalRiskEstimate<0.65",
  "reference": 1,
  "relation": "==",
  "true": {
    "complexity": 0.009999999776482582,
    "loss": 0.16557084023952484,
    "name": "Y",
    "prediction": 1
  },
  "type": "integral"
}
null
Finding Optimal Objective...
{
  "false": {
    "complexity": 0.009999999776482582,
    "loss": 0.12768426537513733,
    "name": "Y",
    "prediction": 0
  },
  "feature": 1,
  "model_objective": 0.31425419449806213,
  "name": "ExternalRiskEstimate<0.65",
  "reference": 1,
  "relation": "==",
  "true": {
    "complexity": 0.009999999776482582,
    "loss": 0.16656993329524994,
    "name": "Y",
    "prediction": 1
  },
  "type": "integral"
}
null
Finding Optimal Objective...
{
  "false": {
    "complexity": 0.009999999776482582,
    "loss": 0.12915962934494019,
    "name": "Y",
    "prediction": 0
  },
  "feature": 1,
  "model_objective": 0.31836438179016113,
  "name": "ExternalRiskEstimate<0.65",
  "reference": 1,
  "relation": "==",
  "true": {
    "complexity": 0.009999999776482582,
    "loss": 0.1692047417163849,
    "name": "Y",
    "prediction": 1
  },
  "type": "integral"
}
null
Finding Optimal Objective...
{
  "false": {
    "complexity": 0.009999999776482582,
    "loss": 0.12781131267547607,
    "name": "Y",
    "prediction": 0
  },
  "feature": 1,
  "model_objective": 0.32334616780281067,
  "name": "ExternalRiskEstimate<0.65",
  "reference": 1,
  "relation": "==",
  "true": {
    "complexity": 0.009999999776482582,
    "loss": 0.17553484439849854,
    "name": "Y",
    "prediction": 1
  },
  "type": "integral"
}
