null
Finding Optimal Objective...
{
  "false": {
    "complexity": 0.009999999776482582,
    "loss": 0.193664088845253,
    "name": "Y",
    "prediction": 0
  },
  "feature": 0,
  "model_objective": 0.30033475160598755,
  "name": "ExternalRiskEstimate<0.49",
  "reference": 1,
  "relation": "==",
  "true": {
    "complexity": 0.009999999776482582,
    "loss": 0.0866706520318985,
    "name": "Y",
    "prediction": 1
  },
  "type": "integral"
}
null
Finding Optimal Objective...
{
  "false": {
    "complexity": 0.009999999776482582,
    "loss": 0.19907139241695404,
    "name": "Y",
    "prediction": 0
  },
  "feature": 0,
  "model_objective": 0.3043877184391022,
  "name": "ExternalRiskEstimate<0.49",
  "reference": 1,
  "relation": "==",
  "true": {
    "complexity": 0.009999999776482582,
    "loss": 0.08531630784273148,
    "name": "Y",
    "prediction": 1
  },
  "type": "integral"
}
null
Finding Optimal Objective...
{
  "false": {
    "complexity": 0.009999999776482582,
    "loss": 0.20191766321659088,
    "name": "Y",
    "prediction": 0
  },
  "feature": 0,
  "model_objective": 0.3082121014595032,
  "name": "ExternalRiskEstimate<0.49",
  "reference": 1,
  "relation": "==",
  "true": {
    "complexity": 0.009999999776482582,
    "loss": 0.08629442006349564,
    "name": "Y",
    "prediction": 1
  },
  "type": "integral"
}
null
Finding Optimal Objective...
{
  "false": {
    "complexity": 0.009999999776482582,
    "loss": 0.20076797902584076,
    "name": "Y",
    "prediction": 0
  },
  "feature": 0,
  "model_objective": 0.307986855506897,
  "name": "ExternalRiskEstimate<0.49",
  "reference": 1,
  "relation": "==",
  "true": {
    "complexity": 0.009999999776482582,
    "loss": 0.08721887320280075,
    "name": "Y",
    "prediction": 1
  },
  "type": "integral"
}
