null
Finding Optimal Objective...
{
  "false": {
    "complexity": 0.009999999776482582,
    "loss": 0.09563658386468887,
    "name": "Y",
    "prediction": 0
  },
  "feature": 14,
  "model_objective": 0.3151165544986725,
  "name": "RevolvingBalance<0.6",
  "reference": 1,
  "relation": "==",
  "true": {
    "false": {
      "complexity": 0.009999999776482582,
      "loss": 0.08368200808763504,
      "name": "Y",
      "prediction": 0
    },
    "feature": 1,
    "name": "ExternalRiskEstimate<0.65",
    "reference": 1,
    "relation": "==",
    "true": {
      "complexity": 0.009999999776482582,
      "loss": 0.10579796880483627,
      "name": "Y",
      "prediction": 1
    },
    "type": "integral"
  },
  "type": "integral"
}
{
  "false": {
    "complexity": 0.009999999776482582,
    "loss": 0.14046622812747955,
    "name": "Y",
    "prediction": 0
  },
  "feature": 1,
  "model_objective": 0.3151165544986725,
  "name": "ExternalRiskEstimate<0.65",
  "reference": 1,
  "relation": "==",
  "true": {
    "false": {
      "complexity": 0.009999999776482582,
      "loss": 0.03885236382484436,
      "name": "Y",
      "prediction": 0
    },
    "feature": 14,
    "name": "RevolvingBalance<0.6",
    "reference": 1,
    "relation": "==",
    "true": {
      "complexity": 0.009999999776482582,
      "loss": 0.10579796880483627,
      "name": "Y",
      "prediction": 1
    },
    "type": "integral"
  },
  "type": "integral"
}
null
Finding Optimal Objective...
{
  "false": {
    "complexity": 0.009999999776482582,
    "loss": 0.14277423918247223,
    "name": "Y",
    "prediction": 0
  },
  "feature": 1,
  "model_objective": 0.32005807757377625,
  "name": "ExternalRiskEstimate<0.65",
  "reference": 1,
  "relation": "==",
  "true": {
    "complexity": 0.009999999776482582,
    "loss": 0.15728381276130676,
    "name": "Y",
    "prediction": 1
  },
  "type": "integral"
}
{
  "false": {
    "complexity": 0.009999999776482582,
    "loss": 0.21125943958759308,
    "name": "Y",
    "prediction": 0
  },
  "feature": 0,
  "model_objective": 0.32005804777145386,
  "name": "ExternalRiskEstimate<0.49",
  "reference": 1,
  "relation": "==",
  "true": {
    "complexity": 0.009999999776482582,
    "loss": 0.08879860490560532,
    "name": "Y",
    "prediction": 1
  },
  "type": "integral"
}
null
Finding Optimal Objective...
{
  "false": {
    "complexity": 0.009999999776482582,
    "loss": 0.09983079880475998,
    "name": "Y",
    "prediction": 0
  },
  "feature": 14,
  "model_objective": 0.3238522410392761,
  "name": "RevolvingBalance<0.6",
  "reference": 1,
  "relation": "==",
  "true": {
    "false": {
      "complexity": 0.009999999776482582,
      "loss": 0.08516638725996017,
      "name": "Y",
      "prediction": 0
    },
    "feature": 1,
    "name": "ExternalRiskEstimate<0.65",
    "reference": 1,
    "relation": "==",
    "true": {
      "complexity": 0.009999999776482582,
      "loss": 0.10885505378246307,
      "name": "Y",
      "prediction": 1
    },
    "type": "integral"
  },
  "type": "integral"
}
{
  "false": {
    "complexity": 0.009999999776482582,
    "loss": 0.14608009159564972,
    "name": "Y",
    "prediction": 0
  },
  "feature": 1,
  "model_objective": 0.3238522410392761,
  "name": "ExternalRiskEstimate<0.65",
  "reference": 1,
  "relation": "==",
  "true": {
    "false": {
      "complexity": 0.009999999776482582,
      "loss": 0.038917090743780136,
      "name": "Y",
      "prediction": 0
    },
    "feature": 14,
    "name": "RevolvingBalance<0.6",
    "reference": 1,
    "relation": "==",
    "true": {
      "complexity": 0.009999999776482582,
      "loss": 0.10885505378246307,
      "name": "Y",
      "prediction": 1
    },
    "type": "integral"
  },
  "type": "integral"
}
null
Finding Optimal Objective...
{
  "false": {
    "complexity": 0.009999999776482582,
    "loss": 0.10148108005523682,
    "name": "Y",
    "prediction": 0
  },
  "feature": 14,
  "model_objective": 0.3300548791885376,
  "name": "RevolvingBalance<0.6",
  "reference": 1,
  "relation": "==",
  "true": {
    "false": {
      "complexity": 0.009999999776482582,
      "loss": 0.09105870127677917,
      "name": "Y",
      "prediction": 0
    },
    "feature": 1,
    "name": "ExternalRiskEstimate<0.65",
    "reference": 1,
    "relation": "==",
    "true": {
      "complexity": 0.009999999776482582,
      "loss": 0.10751508921384811,
      "name": "Y",
      "prediction": 1
    },
    "type": "integral"
  },
  "type": "integral"
}
{
  "false": {
    "complexity": 0.009999999776482582,
    "loss": 0.1530444324016571,
    "name": "Y",
    "prediction": 0
  },
  "feature": 1,
  "model_objective": 0.3300548493862152,
  "name": "ExternalRiskEstimate<0.65",
  "reference": 1,
  "relation": "==",
  "true": {
    "false": {
      "complexity": 0.009999999776482582,
      "loss": 0.03949533775448799,
      "name": "Y",
      "prediction": 0
    },
    "feature": 14,
    "name": "RevolvingBalance<0.6",
    "reference": 1,
    "relation": "==",
    "true": {
      "complexity": 0.009999999776482582,
      "loss": 0.10751508921384811,
      "name": "Y",
      "prediction": 1
    },
    "type": "integral"
  },
  "type": "integral"
}
