null
Finding Optimal Objective...
{
  "false": {
    "complexity": 0.009999999776482582,
    "loss": 0.1990436464548111,
    "name": "Y",
    "prediction": 0
  },
  "feature": 0,
  "model_objective": 0.3182666003704071,
  "name": "ExternalRiskEstimate<0.49",
  "reference": 1,
  "relation": "==",
  "true": {
    "complexity": 0.009999999776482582,
    "loss": 0.09922295808792114,
    "name": "Y",
    "prediction": 1
  },
  "type": "integral"
}
null
Finding Optimal Objective...
{
  "false": {
    "complexity": 0.009999999776482582,
    "loss": 0.20371446013450623,
    "name": "Y",
    "prediction": 0
  },
  "feature": 0,
  "model_objective": 0.32237958908081055,
  "name": "ExternalRiskEstimate<0.49",
  "reference": 1,
  "relation": "==",
  "true": {
    "complexity": 0.009999999776482582,
    "loss": 0.09866511821746826,
    "name": "Y",
    "prediction": 1
  },
  "type": "integral"
}
null
Finding Optimal Objective...
{
  "false": {
    "complexity": 0.009999999776482582,
    "loss": 0.21094191074371338,
    "name": "Y",
    "prediction": 0
  },
  "feature": 0,
  "model_objective": 0.32964468002319336,
  "name": "ExternalRiskEstimate<0.49",
  "reference": 1,
  "relation": "==",
  "true": {
    "complexity": 0.009999999776482582,
    "loss": 0.09870276600122452,
    "name": "Y",
    "prediction": 1
  },
  "type": "integral"
}
null
Finding Optimal Objective...
{
  "false": {
    "complexity": 0.009999999776482582,
    "loss": 0.2078990787267685,
    "name": "Y",
    "prediction": 0
  },
  "feature": 0,
  "model_objective": 0.32608887553215027,
  "name": "ExternalRiskEstimate<0.49",
  "reference": 1,
  "relation": "==",
  "true": {
    "complexity": 0.009999999776482582,
    "loss": 0.09818980097770691,
    "name": "Y",
    "prediction": 1
  },
  "type": "integral"
}
