null
Finding Optimal Objective...
{
  "false": {
    "complexity": 0.009999999776482582,
    "loss": 0.20621638000011444,
    "name": "Y",
    "prediction": 0
  },
  "feature": 0,
  "model_objective": 0.3182666003704071,
  "name": "ExternalRiskEstimate<0.49",
  "reference": 1,
  "relation": "==",
  "true": {
    "complexity": 0.009999999776482582,
    "loss": 0.0920502096414566,
    "name": "Y",
    "prediction": 1
  },
  "type": "integral"
}
null
Finding Optimal Objective...
{
  "false": {
    "complexity": 0.009999999776482582,
    "loss": 0.2106790542602539,
    "name": "Y",
    "prediction": 0
  },
  "feature": 0,
  "model_objective": 0.3217991888523102,
  "name": "ExternalRiskEstimate<0.49",
  "reference": 1,
  "relation": "==",
  "true": {
    "complexity": 0.009999999776482582,
    "loss": 0.09112013876438141,
    "name": "Y",
    "prediction": 1
  },
  "type": "integral"
}
null
Finding Optimal Objective...
{
  "false": {
    "complexity": 0.009999999776482582,
    "loss": 0.21094191074371338,
    "name": "Y",
    "prediction": 0
  },
  "feature": 0,
  "model_objective": 0.3217484652996063,
  "name": "ExternalRiskEstimate<0.49",
  "reference": 1,
  "relation": "==",
  "true": {
    "complexity": 0.009999999776482582,
    "loss": 0.09080654382705688,
    "name": "Y",
    "prediction": 1
  },
  "type": "integral"
}
null
Finding Optimal Objective...
{
  "false": {
    "complexity": 0.009999999776482582,
    "loss": 0.21338453888893127,
    "name": "Y",
    "prediction": 0
  },
  "feature": 0,
  "model_objective": 0.32279762625694275,
  "name": "ExternalRiskEstimate<0.49",
  "reference": 1,
  "relation": "==",
  "true": {
    "complexity": 0.009999999776482582,
    "loss": 0.08941306173801422,
    "name": "Y",
    "prediction": 1
  },
  "type": "integral"
}
