null
Finding Optimal Objective...
{
  "false": {
    "complexity": 0.009999999776482582,
    "loss": 0.1273162066936493,
    "name": "Y",
    "prediction": 0
  },
  "feature": 1,
  "model_objective": 0.31109386682510376,
  "name": "ExternalRiskEstimate<0.65",
  "reference": 1,
  "relation": "==",
  "true": {
    "complexity": 0.009999999776482582,
    "loss": 0.1637776494026184,
    "name": "Y",
    "prediction": 1
  },
  "type": "integral"
}
null
Finding Optimal Objective...
{
  "false": {
    "complexity": 0.009999999776482582,
    "loss": 0.12768426537513733,
    "name": "Y",
    "prediction": 0
  },
  "feature": 1,
  "model_objective": 0.31367382407188416,
  "name": "ExternalRiskEstimate<0.65",
  "reference": 1,
  "relation": "==",
  "true": {
    "complexity": 0.009999999776482582,
    "loss": 0.16598954796791077,
    "name": "Y",
    "prediction": 1
  },
  "type": "integral"
}
null
Finding Optimal Objective...
{
  "false": {
    "false": {
      "complexity": 0.009999999776482582,
      "loss": 0.16356459259986877,
      "name": "Y",
      "prediction": 0
    },
    "feature": 0,
    "name": "ExternalRiskEstimate<0.49",
    "reference": 1,
    "relation": "==",
    "true": {
      "complexity": 0.009999999776482582,
      "loss": 0.05865764617919922,
      "name": "Y",
      "prediction": 1
    },
    "type": "integral"
  },
  "feature": 16,
  "model_objective": 0.3159560263156891,
  "name": "TradeWBalance<0.33",
  "reference": 1,
  "relation": "==",
  "true": {
    "complexity": 0.009999999776482582,
    "loss": 0.0637337863445282,
    "name": "Y",
    "prediction": 1
  },
  "type": "integral"
}
{
  "false": {
    "false": {
      "complexity": 0.009999999776482582,
      "loss": 0.16356459259986877,
      "name": "Y",
      "prediction": 0
    },
    "feature": 16,
    "name": "TradeWBalance<0.33",
    "reference": 1,
    "relation": "==",
    "true": {
      "complexity": 0.009999999776482582,
      "loss": 0.03045685403048992,
      "name": "Y",
      "prediction": 1
    },
    "type": "integral"
  },
  "feature": 0,
  "model_objective": 0.3159560263156891,
  "name": "ExternalRiskEstimate<0.49",
  "reference": 1,
  "relation": "==",
  "true": {
    "complexity": 0.009999999776482582,
    "loss": 0.09193457663059235,
    "name": "Y",
    "prediction": 1
  },
  "type": "integral"
}
null
Finding Optimal Objective...
{
  "false": {
    "false": {
      "complexity": 0.009999999776482582,
      "loss": 0.16401536762714386,
      "name": "Y",
      "prediction": 0
    },
    "feature": 0,
    "name": "ExternalRiskEstimate<0.49",
    "reference": 1,
    "relation": "==",
    "true": {
      "complexity": 0.009999999776482582,
      "loss": 0.059243008494377136,
      "name": "Y",
      "prediction": 1
    },
    "type": "integral"
  },
  "feature": 16,
  "model_objective": 0.31908395886421204,
  "name": "TradeWBalance<0.33",
  "reference": 1,
  "relation": "==",
  "true": {
    "complexity": 0.009999999776482582,
    "loss": 0.06582556664943695,
    "name": "Y",
    "prediction": 1
  },
  "type": "integral"
}
{
  "false": {
    "false": {
      "complexity": 0.009999999776482582,
      "loss": 0.16401536762714386,
      "name": "Y",
      "prediction": 0
    },
    "feature": 16,
    "name": "TradeWBalance<0.33",
    "reference": 1,
    "relation": "==",
    "true": {
      "complexity": 0.009999999776482582,
      "loss": 0.033461328595876694,
      "name": "Y",
      "prediction": 1
    },
    "type": "integral"
  },
  "feature": 0,
  "model_objective": 0.31908395886421204,
  "name": "ExternalRiskEstimate<0.49",
  "reference": 1,
  "relation": "==",
  "true": {
    "complexity": 0.009999999776482582,
    "loss": 0.0916072428226471,
    "name": "Y",
    "prediction": 1
  },
  "type": "integral"
}
