null
Finding Optimal Objective...
{
  "false": {
    "complexity": 0.009999999776482582,
    "loss": 0.1434548795223236,
    "name": "Y",
    "prediction": 0
  },
  "feature": 1,
  "model_objective": 0.32484161853790283,
  "name": "ExternalRiskEstimate<0.65",
  "reference": 1,
  "relation": "==",
  "true": {
    "complexity": 0.009999999776482582,
    "loss": 0.16138672828674316,
    "name": "Y",
    "prediction": 1
  },
  "type": "integral"
}
null
Finding Optimal Objective...
{
  "false": {
    "complexity": 0.009999999776482582,
    "loss": 0.14393499493598938,
    "name": "Y",
    "prediction": 0
  },
  "feature": 1,
  "model_objective": 0.32702264189720154,
  "name": "ExternalRiskEstimate<0.65",
  "reference": 1,
  "relation": "==",
  "true": {
    "complexity": 0.009999999776482582,
    "loss": 0.1630876362323761,
    "name": "Y",
    "prediction": 1
  },
  "type": "integral"
}
null
Finding Optimal Objective...
{
  "false": {
    "complexity": 0.009999999776482582,
    "loss": 0.15059222280979156,
    "name": "Y",
    "prediction": 0
  },
  "feature": 1,
  "model_objective": 0.32964470982551575,
  "name": "ExternalRiskEstimate<0.65",
  "reference": 1,
  "relation": "==",
  "true": {
    "complexity": 0.009999999776482582,
    "loss": 0.15905246138572693,
    "name": "Y",
    "prediction": 1
  },
  "type": "integral"
}
null
Finding Optimal Objective...
{
  "false": {
    "complexity": 0.009999999776482582,
    "loss": 0.156335711479187,
    "name": "Y",
    "prediction": 0
  },
  "feature": 1,
  "model_objective": 0.3310258090496063,
  "name": "ExternalRiskEstimate<0.65",
  "reference": 1,
  "relation": "==",
  "true": {
    "complexity": 0.009999999776482582,
    "loss": 0.15469007194042206,
    "name": "Y",
    "prediction": 1
  },
  "type": "integral"
}
