null
Finding Optimal Objective...
{
  "false": {
    "complexity": 0.009999999776482582,
    "loss": 0.1320980340242386,
    "name": "Y",
    "prediction": 0
  },
  "feature": 1,
  "model_objective": 0.3332098424434662,
  "name": "ExternalRiskEstimate<0.65",
  "reference": 1,
  "relation": "==",
  "true": {
    "complexity": 0.009999999776482582,
    "loss": 0.18111178278923035,
    "name": "Y",
    "prediction": 1
  },
  "type": "integral"
}
null
Finding Optimal Objective...
{
  "false": {
    "complexity": 0.009999999776482582,
    "loss": 0.13174694776535034,
    "name": "Y",
    "prediction": 0
  },
  "feature": 1,
  "model_objective": 0.3305049240589142,
  "name": "ExternalRiskEstimate<0.65",
  "reference": 1,
  "relation": "==",
  "true": {
    "complexity": 0.009999999776482582,
    "loss": 0.17875798046588898,
    "name": "Y",
    "prediction": 1
  },
  "type": "integral"
}
null
Finding Optimal Objective...
{
  "false": {
    "complexity": 0.009999999776482582,
    "loss": 0.04794134572148323,
    "name": "Y",
    "prediction": 0
  },
  "feature": 15,
  "model_objective": 0.33344054222106934,
  "name": "Utilization<0.6",
  "reference": 1,
  "relation": "==",
  "true": {
    "false": {
      "complexity": 0.009999999776482582,
      "loss": 0.10434293001890182,
      "name": "Y",
      "prediction": 0
    },
    "feature": 1,
    "name": "ExternalRiskEstimate<0.65",
    "reference": 1,
    "relation": "==",
    "true": {
      "complexity": 0.009999999776482582,
      "loss": 0.1511562466621399,
      "name": "Y",
      "prediction": 1
    },
    "type": "integral"
  },
  "type": "integral"
}
{
  "false": {
    "complexity": 0.009999999776482582,
    "loss": 0.13367174565792084,
    "name": "Y",
    "prediction": 0
  },
  "feature": 1,
  "model_objective": 0.33344051241874695,
  "name": "ExternalRiskEstimate<0.65",
  "reference": 1,
  "relation": "==",
  "true": {
    "false": {
      "complexity": 0.009999999776482582,
      "loss": 0.01861252263188362,
      "name": "Y",
      "prediction": 0
    },
    "feature": 15,
    "name": "Utilization<0.6",
    "reference": 1,
    "relation": "==",
    "true": {
      "complexity": 0.009999999776482582,
      "loss": 0.1511562466621399,
      "name": "Y",
      "prediction": 1
    },
    "type": "integral"
  },
  "type": "integral"
}
null
Finding Optimal Objective...
{
  "false": {
    "complexity": 0.009999999776482582,
    "loss": 0.1311025768518448,
    "name": "Y",
    "prediction": 0
  },
  "feature": 1,
  "model_objective": 0.3326714336872101,
  "name": "ExternalRiskEstimate<0.65",
  "reference": 1,
  "relation": "==",
  "true": {
    "complexity": 0.009999999776482582,
    "loss": 0.18156884610652924,
    "name": "Y",
    "prediction": 1
  },
  "type": "integral"
}
