null
Finding Optimal Objective...
{
  "false": {
    "complexity": 0.009999999776482582,
    "loss": 0.1320980340242386,
    "name": "Y",
    "prediction": 0
  },
  "feature": 1,
  "model_objective": 0.3332098424434662,
  "name": "ExternalRiskEstimate<0.65",
  "reference": 1,
  "relation": "==",
  "true": {
    "complexity": 0.009999999776482582,
    "loss": 0.18111178278923035,
    "name": "Y",
    "prediction": 1
  },
  "type": "integral"
}
null
Finding Optimal Objective...
{
  "false": {
    "complexity": 0.009999999776482582,
    "loss": 0.1329077184200287,
    "name": "Y",
    "prediction": 0
  },
  "feature": 1,
  "model_objective": 0.33340686559677124,
  "name": "ExternalRiskEstimate<0.65",
  "reference": 1,
  "relation": "==",
  "true": {
    "complexity": 0.009999999776482582,
    "loss": 0.1804991364479065,
    "name": "Y",
    "prediction": 1
  },
  "type": "integral"
}
null
Finding Optimal Objective...
{
  "false": {
    "complexity": 0.009999999776482582,
    "loss": 0.13536380231380463,
    "name": "Y",
    "prediction": 0
  },
  "feature": 1,
  "model_objective": 0.33359280228614807,
  "name": "ExternalRiskEstimate<0.65",
  "reference": 1,
  "relation": "==",
  "true": {
    "complexity": 0.009999999776482582,
    "loss": 0.17822900414466858,
    "name": "Y",
    "prediction": 1
  },
  "type": "integral"
}
null
Finding Optimal Objective...
{
  "false": {
    "complexity": 0.009999999776482582,
    "loss": 0.13878223299980164,
    "name": "Y",
    "prediction": 0
  },
  "feature": 1,
  "model_objective": 0.33815690875053406,
  "name": "ExternalRiskEstimate<0.65",
  "reference": 1,
  "relation": "==",
  "true": {
    "complexity": 0.009999999776482582,
    "loss": 0.17937466502189636,
    "name": "Y",
    "prediction": 1
  },
  "type": "integral"
}
