null
Finding Optimal Objective...
{
  "false": {
    "complexity": 0.009999999776482582,
    "loss": 0.1434548795223236,
    "name": "Y",
    "prediction": 0
  },
  "feature": 1,
  "model_objective": 0.32484161853790283,
  "name": "ExternalRiskEstimate<0.65",
  "reference": 1,
  "relation": "==",
  "true": {
    "complexity": 0.009999999776482582,
    "loss": 0.16138672828674316,
    "name": "Y",
    "prediction": 1
  },
  "type": "integral"
}
null
Finding Optimal Objective...
{
  "false": {
    "complexity": 0.009999999776482582,
    "loss": 0.14509576559066772,
    "name": "Y",
    "prediction": 0
  },
  "feature": 1,
  "model_objective": 0.32702264189720154,
  "name": "ExternalRiskEstimate<0.65",
  "reference": 1,
  "relation": "==",
  "true": {
    "complexity": 0.009999999776482582,
    "loss": 0.16192686557769775,
    "name": "Y",
    "prediction": 1
  },
  "type": "integral"
}
null
Finding Optimal Objective...
{
  "false": {
    "complexity": 0.009999999776482582,
    "loss": 0.14608009159564972,
    "name": "Y",
    "prediction": 0
  },
  "feature": 1,
  "model_objective": 0.32795265316963196,
  "name": "ExternalRiskEstimate<0.65",
  "reference": 1,
  "relation": "==",
  "true": {
    "complexity": 0.009999999776482582,
    "loss": 0.16187253594398499,
    "name": "Y",
    "prediction": 1
  },
  "type": "integral"
}
null
Finding Optimal Objective...
{
  "false": {
    "complexity": 0.009999999776482582,
    "loss": 0.14591333270072937,
    "name": "Y",
    "prediction": 0
  },
  "feature": 1,
  "model_objective": 0.32883161306381226,
  "name": "ExternalRiskEstimate<0.65",
  "reference": 1,
  "relation": "==",
  "true": {
    "complexity": 0.009999999776482582,
    "loss": 0.16291826963424683,
    "name": "Y",
    "prediction": 1
  },
  "type": "integral"
}
