null
Finding Optimal Objective...
{
  "false": {
    "complexity": 0.009999999776482582,
    "loss": 0.12910938262939453,
    "name": "Y",
    "prediction": 0
  },
  "feature": 1,
  "model_objective": 0.31049612164497375,
  "name": "ExternalRiskEstimate<0.65",
  "reference": 1,
  "relation": "==",
  "true": {
    "complexity": 0.009999999776482582,
    "loss": 0.16138672828674316,
    "name": "Y",
    "prediction": 1
  },
  "type": "integral"
}
null
Finding Optimal Objective...
{
  "false": {
    "complexity": 0.009999999776482582,
    "loss": 0.1329077184200287,
    "name": "Y",
    "prediction": 0
  },
  "feature": 1,
  "model_objective": 0.31541499495506287,
  "name": "ExternalRiskEstimate<0.65",
  "reference": 1,
  "relation": "==",
  "true": {
    "complexity": 0.009999999776482582,
    "loss": 0.16250725090503693,
    "name": "Y",
    "prediction": 1
  },
  "type": "integral"
}
null
Finding Optimal Objective...
{
  "false": {
    "complexity": 0.009999999776482582,
    "loss": 0.13367174565792084,
    "name": "Y",
    "prediction": 0
  },
  "feature": 1,
  "model_objective": 0.3172363340854645,
  "name": "ExternalRiskEstimate<0.65",
  "reference": 1,
  "relation": "==",
  "true": {
    "complexity": 0.009999999776482582,
    "loss": 0.16356459259986877,
    "name": "Y",
    "prediction": 1
  },
  "type": "integral"
}
null
Finding Optimal Objective...
{
  "false": {
    "complexity": 0.009999999776482582,
    "loss": 0.13658805191516876,
    "name": "Y",
    "prediction": 0
  },
  "feature": 1,
  "model_objective": 0.31950631737709045,
  "name": "ExternalRiskEstimate<0.65",
  "reference": 1,
  "relation": "==",
  "true": {
    "complexity": 0.009999999776482582,
    "loss": 0.16291826963424683,
    "name": "Y",
    "prediction": 1
  },
  "type": "integral"
}
