null
Finding Optimal Objective...
{
  "false": {
    "complexity": 0.009999999776482582,
    "loss": 0.2139868587255478,
    "name": "Y",
    "prediction": 0
  },
  "feature": 0,
  "model_objective": 0.3379916548728943,
  "name": "ExternalRiskEstimate<0.49",
  "reference": 1,
  "relation": "==",
  "true": {
    "complexity": 0.009999999776482582,
    "loss": 0.10400478541851044,
    "name": "Y",
    "prediction": 1
  },
  "type": "integral"
}
null
Finding Optimal Objective...
{
  "false": {
    "complexity": 0.009999999776482582,
    "loss": 0.21822403371334076,
    "name": "Y",
    "prediction": 0
  },
  "feature": 0,
  "model_objective": 0.3426930010318756,
  "name": "ExternalRiskEstimate<0.49",
  "reference": 1,
  "relation": "==",
  "true": {
    "complexity": 0.009999999776482582,
    "loss": 0.1044689491391182,
    "name": "Y",
    "prediction": 1
  },
  "type": "integral"
}
null
Finding Optimal Objective...
{
  "false": {
    "complexity": 0.009999999776482582,
    "loss": 0.222222238779068,
    "name": "Y",
    "prediction": 0
  },
  "feature": 0,
  "model_objective": 0.34600117802619934,
  "name": "ExternalRiskEstimate<0.49",
  "reference": 1,
  "relation": "==",
  "true": {
    "complexity": 0.009999999776482582,
    "loss": 0.1037789136171341,
    "name": "Y",
    "prediction": 1
  },
  "type": "integral"
}
null
Finding Optimal Objective...
{
  "false": {
    "complexity": 0.009999999776482582,
    "loss": 0.22380691766738892,
    "name": "Y",
    "prediction": 0
  },
  "feature": 0,
  "model_objective": 0.3458365499973297,
  "name": "ExternalRiskEstimate<0.49",
  "reference": 1,
  "relation": "==",
  "true": {
    "complexity": 0.009999999776482582,
    "loss": 0.10202962905168533,
    "name": "Y",
    "prediction": 1
  },
  "type": "integral"
}
