null
Finding Optimal Objective...
{
  "false": {
    "complexity": 0.009999999776482582,
    "loss": 0.2044232040643692,
    "name": "Y",
    "prediction": 0
  },
  "feature": 0,
  "model_objective": 0.3176688849925995,
  "name": "ExternalRiskEstimate<0.49",
  "reference": 1,
  "relation": "==",
  "true": {
    "complexity": 0.009999999776482582,
    "loss": 0.09324567019939423,
    "name": "Y",
    "prediction": 1
  },
  "type": "integral"
}
null
Finding Optimal Objective...
{
  "false": {
    "complexity": 0.009999999776482582,
    "loss": 0.21125943958759308,
    "name": "Y",
    "prediction": 0
  },
  "feature": 0,
  "model_objective": 0.32237958908081055,
  "name": "ExternalRiskEstimate<0.49",
  "reference": 1,
  "relation": "==",
  "true": {
    "complexity": 0.009999999776482582,
    "loss": 0.09112013876438141,
    "name": "Y",
    "prediction": 1
  },
  "type": "integral"
}
null
Finding Optimal Objective...
{
  "false": {
    "complexity": 0.009999999776482582,
    "loss": 0.2188381403684616,
    "name": "Y",
    "prediction": 0
  },
  "feature": 0,
  "model_objective": 0.32795265316963196,
  "name": "ExternalRiskEstimate<0.49",
  "reference": 1,
  "relation": "==",
  "true": {
    "complexity": 0.009999999776482582,
    "loss": 0.08911450207233429,
    "name": "Y",
    "prediction": 1
  },
  "type": "integral"
}
null
Finding Optimal Objective...
{
  "false": {
    "complexity": 0.009999999776482582,
    "loss": 0.2172243595123291,
    "name": "Y",
    "prediction": 0
  },
  "feature": 0,
  "model_objective": 0.3277345299720764,
  "name": "ExternalRiskEstimate<0.49",
  "reference": 1,
  "relation": "==",
  "true": {
    "complexity": 0.009999999776482582,
    "loss": 0.09051015228033066,
    "name": "Y",
    "prediction": 1
  },
  "type": "integral"
}
