null
Finding Optimal Objective...
{
  "false": {
    "complexity": 0.009999999776482582,
    "loss": 0.12910938262939453,
    "name": "Y",
    "prediction": 0
  },
  "feature": 1,
  "model_objective": 0.31049612164497375,
  "name": "ExternalRiskEstimate<0.65",
  "reference": 1,
  "relation": "==",
  "true": {
    "complexity": 0.009999999776482582,
    "loss": 0.16138672828674316,
    "name": "Y",
    "prediction": 1
  },
  "type": "integral"
}
null
Finding Optimal Objective...
{
  "false": {
    "complexity": 0.009999999776482582,
    "loss": 0.13232733309268951,
    "name": "Y",
    "prediction": 0
  },
  "feature": 1,
  "model_objective": 0.31599536538124084,
  "name": "ExternalRiskEstimate<0.65",
  "reference": 1,
  "relation": "==",
  "true": {
    "complexity": 0.009999999776482582,
    "loss": 0.16366802155971527,
    "name": "Y",
    "prediction": 1
  },
  "type": "integral"
}
null
Finding Optimal Objective...
{
  "false": {
    "complexity": 0.009999999776482582,
    "loss": 0.1347997784614563,
    "name": "Y",
    "prediction": 0
  },
  "feature": 1,
  "model_objective": 0.3194924294948578,
  "name": "ExternalRiskEstimate<0.65",
  "reference": 1,
  "relation": "==",
  "true": {
    "complexity": 0.009999999776482582,
    "loss": 0.16469262540340424,
    "name": "Y",
    "prediction": 1
  },
  "type": "integral"
}
null
Finding Optimal Objective...
{
  "false": {
    "complexity": 0.009999999776482582,
    "loss": 0.13878223299980164,
    "name": "Y",
    "prediction": 0
  },
  "feature": 1,
  "model_objective": 0.32608887553215027,
  "name": "ExternalRiskEstimate<0.65",
  "reference": 1,
  "relation": "==",
  "true": {
    "complexity": 0.009999999776482582,
    "loss": 0.16730664670467377,
    "name": "Y",
    "prediction": 1
  },
  "type": "integral"
}
