null
Finding Optimal Objective...
{
  "false": {
    "complexity": 0.009999999776482582,
    "loss": 0.12193664163351059,
    "name": "Y",
    "prediction": 0
  },
  "feature": 1,
  "model_objective": 0.3075074851512909,
  "name": "ExternalRiskEstimate<0.65",
  "reference": 1,
  "relation": "==",
  "true": {
    "complexity": 0.009999999776482582,
    "loss": 0.16557084023952484,
    "name": "Y",
    "prediction": 1
  },
  "type": "integral"
}
null
Finding Optimal Objective...
{
  "false": {
    "complexity": 0.009999999776482582,
    "loss": 0.12362159043550491,
    "name": "Y",
    "prediction": 0
  },
  "feature": 1,
  "model_objective": 0.3130934536457062,
  "name": "ExternalRiskEstimate<0.65",
  "reference": 1,
  "relation": "==",
  "true": {
    "complexity": 0.009999999776482582,
    "loss": 0.1694718599319458,
    "name": "Y",
    "prediction": 1
  },
  "type": "integral"
}
null
Finding Optimal Objective...
{
  "false": {
    "complexity": 0.009999999776482582,
    "loss": 0.12690356373786926,
    "name": "Y",
    "prediction": 0
  },
  "feature": 1,
  "model_objective": 0.3144162595272064,
  "name": "ExternalRiskEstimate<0.65",
  "reference": 1,
  "relation": "==",
  "true": {
    "complexity": 0.009999999776482582,
    "loss": 0.1675126999616623,
    "name": "Y",
    "prediction": 1
  },
  "type": "integral"
}
null
Finding Optimal Objective...
{
  "false": {
    "complexity": 0.009999999776482582,
    "loss": 0.128359854221344,
    "name": "Y",
    "prediction": 0
  },
  "feature": 1,
  "model_objective": 0.31621506810188293,
  "name": "ExternalRiskEstimate<0.65",
  "reference": 1,
  "relation": "==",
  "true": {
    "complexity": 0.009999999776482582,
    "loss": 0.1678551882505417,
    "name": "Y",
    "prediction": 1
  },
  "type": "integral"
}
