null
Finding Optimal Objective...
{
  "false": {
    "complexity": 0.009999999776482582,
    "loss": 0.21159593760967255,
    "name": "Y",
    "prediction": 0
  },
  "feature": 0,
  "model_objective": 0.3284280002117157,
  "name": "ExternalRiskEstimate<0.49",
  "reference": 1,
  "relation": "==",
  "true": {
    "complexity": 0.009999999776482582,
    "loss": 0.0968320444226265,
    "name": "Y",
    "prediction": 1
  },
  "type": "integral"
}
null
Finding Optimal Objective...
{
  "false": {
    "complexity": 0.009999999776482582,
    "loss": 0.21590249240398407,
    "name": "Y",
    "prediction": 0
  },
  "feature": 0,
  "model_objective": 0.33108532428741455,
  "name": "ExternalRiskEstimate<0.49",
  "reference": 1,
  "relation": "==",
  "true": {
    "complexity": 0.009999999776482582,
    "loss": 0.09518282115459442,
    "name": "Y",
    "prediction": 1
  },
  "type": "integral"
}
null
Finding Optimal Objective...
{
  "false": {
    "complexity": 0.009999999776482582,
    "loss": 0.21827411651611328,
    "name": "Y",
    "prediction": 0
  },
  "feature": 0,
  "model_objective": 0.33359280228614807,
  "name": "ExternalRiskEstimate<0.49",
  "reference": 1,
  "relation": "==",
  "true": {
    "complexity": 0.009999999776482582,
    "loss": 0.09531867504119873,
    "name": "Y",
    "prediction": 1
  },
  "type": "integral"
}
null
Finding Optimal Objective...
{
  "false": {
    "complexity": 0.009999999776482582,
    "loss": 0.21832145750522614,
    "name": "Y",
    "prediction": 0
  },
  "feature": 0,
  "model_objective": 0.3365112841129303,
  "name": "ExternalRiskEstimate<0.49",
  "reference": 1,
  "relation": "==",
  "true": {
    "complexity": 0.009999999776482582,
    "loss": 0.09818980097770691,
    "name": "Y",
    "prediction": 1
  },
  "type": "integral"
}
