null
Finding Optimal Objective...
{
  "false": {
    "complexity": 0.009999999776482582,
    "loss": 0.21159593760967255,
    "name": "Y",
    "prediction": 0
  },
  "feature": 0,
  "model_objective": 0.3284280002117157,
  "name": "ExternalRiskEstimate<0.49",
  "reference": 1,
  "relation": "==",
  "true": {
    "complexity": 0.009999999776482582,
    "loss": 0.0968320444226265,
    "name": "Y",
    "prediction": 1
  },
  "type": "integral"
}
null
Finding Optimal Objective...
{
  "false": {
    "complexity": 0.009999999776482582,
    "loss": 0.21590249240398407,
    "name": "Y",
    "prediction": 0
  },
  "feature": 0,
  "model_objective": 0.33340686559677124,
  "name": "ExternalRiskEstimate<0.49",
  "reference": 1,
  "relation": "==",
  "true": {
    "complexity": 0.009999999776482582,
    "loss": 0.09750435501337051,
    "name": "Y",
    "prediction": 1
  },
  "type": "integral"
}
null
Finding Optimal Objective...
{
  "false": {
    "complexity": 0.009999999776482582,
    "loss": 0.21545404195785522,
    "name": "Y",
    "prediction": 0
  },
  "feature": 0,
  "model_objective": 0.3302087187767029,
  "name": "ExternalRiskEstimate<0.49",
  "reference": 1,
  "relation": "==",
  "true": {
    "complexity": 0.009999999776482582,
    "loss": 0.094754658639431,
    "name": "Y",
    "prediction": 1
  },
  "type": "integral"
}
null
Finding Optimal Objective...
{
  "false": {
    "complexity": 0.009999999776482582,
    "loss": 0.2199670970439911,
    "name": "Y",
    "prediction": 0
  },
  "feature": 0,
  "model_objective": 0.33431708812713623,
  "name": "ExternalRiskEstimate<0.49",
  "reference": 1,
  "relation": "==",
  "true": {
    "complexity": 0.009999999776482582,
    "loss": 0.09434998035430908,
    "name": "Y",
    "prediction": 1
  },
  "type": "integral"
}
