null
Finding Optimal Objective...
{
  "false": {
    "complexity": 0.009999999776482582,
    "loss": 0.14106395840644836,
    "name": "Y",
    "prediction": 0
  },
  "feature": 1,
  "model_objective": 0.32543936371803284,
  "name": "ExternalRiskEstimate<0.65",
  "reference": 1,
  "relation": "==",
  "true": {
    "complexity": 0.009999999776482582,
    "loss": 0.16437537968158722,
    "name": "Y",
    "prediction": 1
  },
  "type": "integral"
}
null
Finding Optimal Objective...
{
  "false": {
    "complexity": 0.009999999776482582,
    "loss": 0.1410330832004547,
    "name": "Y",
    "prediction": 0
  },
  "feature": 1,
  "model_objective": 0.3281834125518799,
  "name": "ExternalRiskEstimate<0.65",
  "reference": 1,
  "relation": "==",
  "true": {
    "complexity": 0.009999999776482582,
    "loss": 0.1671503186225891,
    "name": "Y",
    "prediction": 1
  },
  "type": "integral"
}
null
Finding Optimal Objective...
{
  "false": {
    "complexity": 0.009999999776482582,
    "loss": 0.14269600808620453,
    "name": "Y",
    "prediction": 0
  },
  "feature": 1,
  "model_objective": 0.33133676648139954,
  "name": "ExternalRiskEstimate<0.65",
  "reference": 1,
  "relation": "==",
  "true": {
    "complexity": 0.009999999776482582,
    "loss": 0.16864073276519775,
    "name": "Y",
    "prediction": 1
  },
  "type": "integral"
}
null
Finding Optimal Objective...
{
  "false": {
    "complexity": 0.009999999776482582,
    "loss": 0.14536479115486145,
    "name": "Y",
    "prediction": 0
  },
  "feature": 1,
  "model_objective": 0.33486562967300415,
  "name": "ExternalRiskEstimate<0.65",
  "reference": 1,
  "relation": "==",
  "true": {
    "complexity": 0.009999999776482582,
    "loss": 0.16950082778930664,
    "name": "Y",
    "prediction": 1
  },
  "type": "integral"
}
