null
Finding Optimal Objective...
{
  "false": {
    "complexity": 0.009999999776482582,
    "loss": 0.1990436464548111,
    "name": "Y",
    "prediction": 0
  },
  "feature": 0,
  "model_objective": 0.3182666003704071,
  "name": "ExternalRiskEstimate<0.49",
  "reference": 1,
  "relation": "==",
  "true": {
    "complexity": 0.009999999776482582,
    "loss": 0.09922295808792114,
    "name": "Y",
    "prediction": 1
  },
  "type": "integral"
}
null
Finding Optimal Objective...
{
  "false": {
    "complexity": 0.009999999776482582,
    "loss": 0.20313407480716705,
    "name": "Y",
    "prediction": 0
  },
  "feature": 0,
  "model_objective": 0.3229599893093109,
  "name": "ExternalRiskEstimate<0.49",
  "reference": 1,
  "relation": "==",
  "true": {
    "complexity": 0.009999999776482582,
    "loss": 0.0998258888721466,
    "name": "Y",
    "prediction": 1
  },
  "type": "integral"
}
null
Finding Optimal Objective...
{
  "false": {
    "complexity": 0.009999999776482582,
    "loss": 0.2115059345960617,
    "name": "Y",
    "prediction": 0
  },
  "feature": 0,
  "model_objective": 0.33077272772789,
  "name": "ExternalRiskEstimate<0.49",
  "reference": 1,
  "relation": "==",
  "true": {
    "complexity": 0.009999999776482582,
    "loss": 0.09926678240299225,
    "name": "Y",
    "prediction": 1
  },
  "type": "integral"
}
null
Finding Optimal Objective...
{
  "false": {
    "complexity": 0.009999999776482582,
    "loss": 0.2139330804347992,
    "name": "Y",
    "prediction": 0
  },
  "feature": 0,
  "model_objective": 0.33157435059547424,
  "name": "ExternalRiskEstimate<0.49",
  "reference": 1,
  "relation": "==",
  "true": {
    "complexity": 0.009999999776482582,
    "loss": 0.09764125198125839,
    "name": "Y",
    "prediction": 1
  },
  "type": "integral"
}
