null
Finding Optimal Objective...
{
  "false": {
    "complexity": 0.009999999776482582,
    "loss": 0.142259418964386,
    "name": "Y",
    "prediction": 0
  },
  "feature": 1,
  "model_objective": 0.32065752148628235,
  "name": "ExternalRiskEstimate<0.65",
  "reference": 1,
  "relation": "==",
  "true": {
    "complexity": 0.009999999776482582,
    "loss": 0.1583980917930603,
    "name": "Y",
    "prediction": 1
  },
  "type": "integral"
}
null
Finding Optimal Objective...
{
  "false": {
    "complexity": 0.009999999776482582,
    "loss": 0.14161346852779388,
    "name": "Y",
    "prediction": 0
  },
  "feature": 1,
  "model_objective": 0.3252815008163452,
  "name": "ExternalRiskEstimate<0.65",
  "reference": 1,
  "relation": "==",
  "true": {
    "complexity": 0.009999999776482582,
    "loss": 0.16366802155971527,
    "name": "Y",
    "prediction": 1
  },
  "type": "integral"
}
null
Finding Optimal Objective...
{
  "false": {
    "false": {
      "complexity": 0.009999999776482582,
      "loss": 0.10772702097892761,
      "name": "Y",
      "prediction": 0
    },
    "feature": 0,
    "name": "ExternalRiskEstimate<0.49",
    "reference": 1,
    "relation": "==",
    "true": {
      "complexity": 0.009999999776482582,
      "loss": 0.06598985195159912,
      "name": "Y",
      "prediction": 1
    },
    "type": "integral"
  },
  "feature": 12,
  "model_objective": 0.32990410923957825,
  "name": "Inquiry<0.75",
  "reference": 1,
  "relation": "==",
  "true": {
    "false": {
      "complexity": 0.009999999776482582,
      "loss": 0.014100395143032074,
      "name": "Y",
      "prediction": 0
    },
    "feature": 2,
    "name": "ExternalRiskEstimate<0.80",
    "reference": 1,
    "relation": "==",
    "true": {
      "complexity": 0.009999999776482582,
      "loss": 0.1020868644118309,
      "name": "Y",
      "prediction": 1
    },
    "type": "integral"
  },
  "type": "integral"
}
{
  "false": {
    "complexity": 0.009999999776482582,
    "loss": 0.04342921823263168,
    "name": "Y",
    "prediction": 0
  },
  "feature": 2,
  "model_objective": 0.32990413904190063,
  "name": "ExternalRiskEstimate<0.80",
  "reference": 1,
  "relation": "==",
  "true": {
    "false": {
      "false": {
        "complexity": 0.009999999776482582,
        "loss": 0.078398197889328,
        "name": "Y",
        "prediction": 0
      },
      "feature": 12,
      "name": "Inquiry<0.75",
      "reference": 1,
      "relation": "==",
      "true": {
        "complexity": 0.009999999776482582,
        "loss": 0.0800902470946312,
        "name": "Y",
        "prediction": 1
      },
      "type": "integral"
    },
    "feature": 0,
    "name": "ExternalRiskEstimate<0.49",
    "reference": 1,
    "relation": "==",
    "true": {
      "complexity": 0.009999999776482582,
      "loss": 0.08798646926879883,
      "name": "Y",
      "prediction": 1
    },
    "type": "integral"
  },
  "type": "integral"
}
{
  "false": {
    "complexity": 0.009999999776482582,
    "loss": 0.04342921823263168,
    "name": "Y",
    "prediction": 0
  },
  "feature": 2,
  "model_objective": 0.32990413904190063,
  "name": "ExternalRiskEstimate<0.80",
  "reference": 1,
  "relation": "==",
  "true": {
    "false": {
      "false": {
        "complexity": 0.009999999776482582,
        "loss": 0.078398197889328,
        "name": "Y",
        "prediction": 0
      },
      "feature": 0,
      "name": "ExternalRiskEstimate<0.49",
      "reference": 1,
      "relation": "==",
      "true": {
        "complexity": 0.009999999776482582,
        "loss": 0.06598985195159912,
        "name": "Y",
        "prediction": 1
      },
      "type": "integral"
    },
    "feature": 12,
    "name": "Inquiry<0.75",
    "reference": 1,
    "relation": "==",
    "true": {
      "complexity": 0.009999999776482582,
      "loss": 0.1020868644118309,
      "name": "Y",
      "prediction": 1
    },
    "type": "integral"
  },
  "type": "integral"
}
{
  "false": {
    "false": {
      "complexity": 0.009999999776482582,
      "loss": 0.04342921823263168,
      "name": "Y",
      "prediction": 0
    },
    "feature": 2,
    "name": "ExternalRiskEstimate<0.80",
    "reference": 1,
    "relation": "==",
    "true": {
      "false": {
        "complexity": 0.009999999776482582,
        "loss": 0.078398197889328,
        "name": "Y",
        "prediction": 0
      },
      "feature": 12,
      "name": "Inquiry<0.75",
      "reference": 1,
      "relation": "==",
      "true": {
        "complexity": 0.009999999776482582,
        "loss": 0.0800902470946312,
        "name": "Y",
        "prediction": 1
      },
      "type": "integral"
    },
    "type": "integral"
  },
  "feature": 0,
  "model_objective": 0.32990413904190063,
  "name": "ExternalRiskEstimate<0.49",
  "reference": 1,
  "relation": "==",
  "true": {
    "complexity": 0.009999999776482582,
    "loss": 0.08798646926879883,
    "name": "Y",
    "prediction": 1
  },
  "type": "integral"
}
{
  "false": {
    "false": {
      "complexity": 0.009999999776482582,
      "loss": 0.10772702097892761,
      "name": "Y",
      "prediction": 0
    },
    "feature": 12,
    "name": "Inquiry<0.75",
    "reference": 1,
    "relation": "==",
    "true": {
      "false": {
        "complexity": 0.009999999776482582,
        "loss": 0.014100395143032074,
        "name": "Y",
        "prediction": 0
      },
      "feature": 2,
      "name": "ExternalRiskEstimate<0.80",
      "reference": 1,
      "relation": "==",
      "true": {
        "complexity": 0.009999999776482582,
        "loss": 0.0800902470946312,
        "name": "Y",
        "prediction": 1
      },
      "type": "integral"
    },
    "type": "integral"
  },
  "feature": 0,
  "model_objective": 0.32990410923957825,
  "name": "ExternalRiskEstimate<0.49",
  "reference": 1,
  "relation": "==",
  "true": {
    "complexity": 0.009999999776482582,
    "loss": 0.08798646926879883,
    "name": "Y",
    "prediction": 1
  },
  "type": "integral"
}
null
Finding Optimal Objective...
{
  "false": {
    "complexity": 0.009999999776482582,
    "loss": 0.223258376121521,
    "name": "Y",
    "prediction": 0
  },
  "feature": 0,
  "model_objective": 0.3304772675037384,
  "name": "ExternalRiskEstimate<0.49",
  "reference": 1,
  "relation": "==",
  "true": {
    "complexity": 0.009999999776482582,
    "loss": 0.08721887320280075,
    "name": "Y",
    "prediction": 1
  },
  "type": "integral"
}
