null
Finding Optimal Objective...
{
  "false": {
    "complexity": 0.009999999776482582,
    "loss": 0.21040049195289612,
    "name": "Y",
    "prediction": 0
  },
  "feature": 0,
  "model_objective": 0.3176688849925995,
  "name": "ExternalRiskEstimate<0.49",
  "reference": 1,
  "relation": "==",
  "true": {
    "complexity": 0.009999999776482582,
    "loss": 0.08726838231086731,
    "name": "Y",
    "prediction": 1
  },
  "type": "integral"
}
null
Finding Optimal Objective...
{
  "false": {
    "complexity": 0.009999999776482582,
    "loss": 0.21242019534111023,
    "name": "Y",
    "prediction": 0
  },
  "feature": 0,
  "model_objective": 0.3194776475429535,
  "name": "ExternalRiskEstimate<0.49",
  "reference": 1,
  "relation": "==",
  "true": {
    "complexity": 0.009999999776482582,
    "loss": 0.0870574563741684,
    "name": "Y",
    "prediction": 1
  },
  "type": "integral"
}
null
Finding Optimal Objective...
{
  "false": {
    "complexity": 0.009999999776482582,
    "loss": 0.21827411651611328,
    "name": "Y",
    "prediction": 0
  },
  "feature": 0,
  "model_objective": 0.3245685398578644,
  "name": "ExternalRiskEstimate<0.49",
  "reference": 1,
  "relation": "==",
  "true": {
    "complexity": 0.009999999776482582,
    "loss": 0.08629442006349564,
    "name": "Y",
    "prediction": 1
  },
  "type": "integral"
}
null
Finding Optimal Objective...
{
  "false": {
    "complexity": 0.009999999776482582,
    "loss": 0.22435547411441803,
    "name": "Y",
    "prediction": 0
  },
  "feature": 0,
  "model_objective": 0.32938018441200256,
  "name": "ExternalRiskEstimate<0.49",
  "reference": 1,
  "relation": "==",
  "true": {
    "complexity": 0.009999999776482582,
    "loss": 0.08502469211816788,
    "name": "Y",
    "prediction": 1
  },
  "type": "integral"
}
