null
Finding Optimal Objective...
{
  "false": {
    "complexity": 0.009999999776482582,
    "loss": 0.1320980340242386,
    "name": "Y",
    "prediction": 0
  },
  "feature": 1,
  "model_objective": 0.3332098424434662,
  "name": "ExternalRiskEstimate<0.65",
  "reference": 1,
  "relation": "==",
  "true": {
    "complexity": 0.009999999776482582,
    "loss": 0.18111178278923035,
    "name": "Y",
    "prediction": 1
  },
  "type": "integral"
}
null
Finding Optimal Objective...
{
  "false": {
    "complexity": 0.009999999776482582,
    "loss": 0.13406848907470703,
    "name": "Y",
    "prediction": 0
  },
  "feature": 1,
  "model_objective": 0.33340686559677124,
  "name": "ExternalRiskEstimate<0.65",
  "reference": 1,
  "relation": "==",
  "true": {
    "complexity": 0.009999999776482582,
    "loss": 0.17933836579322815,
    "name": "Y",
    "prediction": 1
  },
  "type": "integral"
}
null
Finding Optimal Objective...
{
  "false": {
    "complexity": 0.009999999776482582,
    "loss": 0.1347997784614563,
    "name": "Y",
    "prediction": 0
  },
  "feature": 1,
  "model_objective": 0.3341568410396576,
  "name": "ExternalRiskEstimate<0.65",
  "reference": 1,
  "relation": "==",
  "true": {
    "complexity": 0.009999999776482582,
    "loss": 0.17935703694820404,
    "name": "Y",
    "prediction": 1
  },
  "type": "integral"
}
null
Finding Optimal Objective...
{
  "false": {
    "complexity": 0.009999999776482582,
    "loss": 0.13549095392227173,
    "name": "Y",
    "prediction": 0
  },
  "feature": 1,
  "model_objective": 0.33486562967300415,
  "name": "ExternalRiskEstimate<0.65",
  "reference": 1,
  "relation": "==",
  "true": {
    "complexity": 0.009999999776482582,
    "loss": 0.17937466502189636,
    "name": "Y",
    "prediction": 1
  },
  "type": "integral"
}
