null
Finding Optimal Objective...
{
  "false": {
    "complexity": 0.009999999776482582,
    "loss": 0.1990436464548111,
    "name": "Y",
    "prediction": 0
  },
  "feature": 0,
  "model_objective": 0.3182666003704071,
  "name": "ExternalRiskEstimate<0.49",
  "reference": 1,
  "relation": "==",
  "true": {
    "complexity": 0.009999999776482582,
    "loss": 0.09922295808792114,
    "name": "Y",
    "prediction": 1
  },
  "type": "integral"
}
null
Finding Optimal Objective...
{
  "false": {
    "complexity": 0.009999999776482582,
    "loss": 0.2042948305606842,
    "name": "Y",
    "prediction": 0
  },
  "feature": 0,
  "model_objective": 0.3235403597354889,
  "name": "ExternalRiskEstimate<0.49",
  "reference": 1,
  "relation": "==",
  "true": {
    "complexity": 0.009999999776482582,
    "loss": 0.09924550354480743,
    "name": "Y",
    "prediction": 1
  },
  "type": "integral"
}
null
Finding Optimal Objective...
{
  "false": {
    "complexity": 0.009999999776482582,
    "loss": 0.20642979443073273,
    "name": "Y",
    "prediction": 0
  },
  "feature": 0,
  "model_objective": 0.32400453090667725,
  "name": "ExternalRiskEstimate<0.49",
  "reference": 1,
  "relation": "==",
  "true": {
    "complexity": 0.009999999776482582,
    "loss": 0.09757473319768906,
    "name": "Y",
    "prediction": 1
  },
  "type": "integral"
}
null
Finding Optimal Objective...
{
  "false": {
    "complexity": 0.009999999776482582,
    "loss": 0.21173889935016632,
    "name": "Y",
    "prediction": 0
  },
  "feature": 0,
  "model_objective": 0.3271859884262085,
  "name": "ExternalRiskEstimate<0.49",
  "reference": 1,
  "relation": "==",
  "true": {
    "complexity": 0.009999999776482582,
    "loss": 0.09544707089662552,
    "name": "Y",
    "prediction": 1
  },
  "type": "integral"
}
