null
Finding Optimal Objective...
{
  "false": {
    "complexity": 0.009999999776482582,
    "loss": 0.21578004956245422,
    "name": "Y",
    "prediction": 0
  },
  "feature": 0,
  "model_objective": 0.31169161200523376,
  "name": "ExternalRiskEstimate<0.49",
  "reference": 1,
  "relation": "==",
  "true": {
    "complexity": 0.009999999776482582,
    "loss": 0.07591153681278229,
    "name": "Y",
    "prediction": 1
  },
  "type": "integral"
}
null
Finding Optimal Objective...
{
  "false": {
    "complexity": 0.009999999776482582,
    "loss": 0.21822403371334076,
    "name": "Y",
    "prediction": 0
  },
  "feature": 0,
  "model_objective": 0.3148346245288849,
  "name": "ExternalRiskEstimate<0.49",
  "reference": 1,
  "relation": "==",
  "true": {
    "complexity": 0.009999999776482582,
    "loss": 0.07661056518554688,
    "name": "Y",
    "prediction": 1
  },
  "type": "integral"
}
null
Finding Optimal Objective...
{
  "false": {
    "complexity": 0.009999999776482582,
    "loss": 0.21940214931964874,
    "name": "Y",
    "prediction": 0
  },
  "feature": 0,
  "model_objective": 0.3161083161830902,
  "name": "ExternalRiskEstimate<0.49",
  "reference": 1,
  "relation": "==",
  "true": {
    "complexity": 0.009999999776482582,
    "loss": 0.07670614868402481,
    "name": "Y",
    "prediction": 1
  },
  "type": "integral"
}
null
Finding Optimal Objective...
{
  "false": {
    "complexity": 0.009999999776482582,
    "loss": 0.22161273658275604,
    "name": "Y",
    "prediction": 0
  },
  "feature": 0,
  "model_objective": 0.3178606927394867,
  "name": "ExternalRiskEstimate<0.49",
  "reference": 1,
  "relation": "==",
  "true": {
    "complexity": 0.009999999776482582,
    "loss": 0.07624794542789459,
    "name": "Y",
    "prediction": 1
  },
  "type": "integral"
}
