null
Finding Optimal Objective...
{
  "false": {
    "complexity": 0.009999999776482582,
    "loss": 0.2044232040643692,
    "name": "Y",
    "prediction": 0
  },
  "feature": 0,
  "model_objective": 0.3176688849925995,
  "name": "ExternalRiskEstimate<0.49",
  "reference": 1,
  "relation": "==",
  "true": {
    "complexity": 0.009999999776482582,
    "loss": 0.09324567019939423,
    "name": "Y",
    "prediction": 1
  },
  "type": "integral"
}
null
Finding Optimal Objective...
{
  "false": {
    "complexity": 0.009999999776482582,
    "loss": 0.20603598654270172,
    "name": "Y",
    "prediction": 0
  },
  "feature": 0,
  "model_objective": 0.31831690669059753,
  "name": "ExternalRiskEstimate<0.49",
  "reference": 1,
  "relation": "==",
  "true": {
    "complexity": 0.009999999776482582,
    "loss": 0.09228090941905975,
    "name": "Y",
    "prediction": 1
  },
  "type": "integral"
}
null
Finding Optimal Objective...
{
  "false": {
    "complexity": 0.009999999776482582,
    "loss": 0.20981387794017792,
    "name": "Y",
    "prediction": 0
  },
  "feature": 0,
  "model_objective": 0.3211844563484192,
  "name": "ExternalRiskEstimate<0.49",
  "reference": 1,
  "relation": "==",
  "true": {
    "complexity": 0.009999999776482582,
    "loss": 0.09137056022882462,
    "name": "Y",
    "prediction": 1
  },
  "type": "integral"
}
null
Finding Optimal Objective...
{
  "false": {
    "complexity": 0.009999999776482582,
    "loss": 0.2144816368818283,
    "name": "Y",
    "prediction": 0
  },
  "feature": 0,
  "model_objective": 0.3238947093486786,
  "name": "ExternalRiskEstimate<0.49",
  "reference": 1,
  "relation": "==",
  "true": {
    "complexity": 0.009999999776482582,
    "loss": 0.08941306173801422,
    "name": "Y",
    "prediction": 1
  },
  "type": "integral"
}
