null
Finding Optimal Objective...
{
  "false": {
    "complexity": 0.009999999776482582,
    "loss": 0.1434548795223236,
    "name": "Y",
    "prediction": 0
  },
  "feature": 1,
  "model_objective": 0.32484161853790283,
  "name": "ExternalRiskEstimate<0.65",
  "reference": 1,
  "relation": "==",
  "true": {
    "complexity": 0.009999999776482582,
    "loss": 0.16138672828674316,
    "name": "Y",
    "prediction": 1
  },
  "type": "integral"
}
null
Finding Optimal Objective...
{
  "false": {
    "complexity": 0.009999999776482582,
    "loss": 0.14451538026332855,
    "name": "Y",
    "prediction": 0
  },
  "feature": 1,
  "model_objective": 0.3281834125518799,
  "name": "ExternalRiskEstimate<0.65",
  "reference": 1,
  "relation": "==",
  "true": {
    "complexity": 0.009999999776482582,
    "loss": 0.16366802155971527,
    "name": "Y",
    "prediction": 1
  },
  "type": "integral"
}
null
Finding Optimal Objective...
{
  "false": {
    "complexity": 0.009999999776482582,
    "loss": 0.14833615720272064,
    "name": "Y",
    "prediction": 0
  },
  "feature": 1,
  "model_objective": 0.33077272772789,
  "name": "ExternalRiskEstimate<0.65",
  "reference": 1,
  "relation": "==",
  "true": {
    "complexity": 0.009999999776482582,
    "loss": 0.1624365597963333,
    "name": "Y",
    "prediction": 1
  },
  "type": "integral"
}
null
Finding Optimal Objective...
{
  "false": {
    "complexity": 0.009999999776482582,
    "loss": 0.1503017097711563,
    "name": "Y",
    "prediction": 0
  },
  "feature": 1,
  "model_objective": 0.3337685465812683,
  "name": "ExternalRiskEstimate<0.65",
  "reference": 1,
  "relation": "==",
  "true": {
    "complexity": 0.009999999776482582,
    "loss": 0.16346682608127594,
    "name": "Y",
    "prediction": 1
  },
  "type": "integral"
}
