null
Finding Optimal Objective...
{
  "false": {
    "complexity": 0.009999999776482582,
    "loss": 0.12910938262939453,
    "name": "Y",
    "prediction": 0
  },
  "feature": 1,
  "model_objective": 0.31049612164497375,
  "name": "ExternalRiskEstimate<0.65",
  "reference": 1,
  "relation": "==",
  "true": {
    "complexity": 0.009999999776482582,
    "loss": 0.16138672828674316,
    "name": "Y",
    "prediction": 1
  },
  "type": "integral"
}
null
Finding Optimal Objective...
{
  "false": {
    "complexity": 0.009999999776482582,
    "loss": 0.13116657733917236,
    "name": "Y",
    "prediction": 0
  },
  "feature": 1,
  "model_objective": 0.3142542243003845,
  "name": "ExternalRiskEstimate<0.65",
  "reference": 1,
  "relation": "==",
  "true": {
    "complexity": 0.009999999776482582,
    "loss": 0.1630876362323761,
    "name": "Y",
    "prediction": 1
  },
  "type": "integral"
}
null
Finding Optimal Objective...
{
  "false": {
    "complexity": 0.009999999776482582,
    "loss": 0.1347997784614563,
    "name": "Y",
    "prediction": 0
  },
  "feature": 1,
  "model_objective": 0.32062044739723206,
  "name": "ExternalRiskEstimate<0.65",
  "reference": 1,
  "relation": "==",
  "true": {
    "complexity": 0.009999999776482582,
    "loss": 0.1658206582069397,
    "name": "Y",
    "prediction": 1
  },
  "type": "integral"
}
null
Finding Optimal Objective...
{
  "false": {
    "complexity": 0.009999999776482582,
    "loss": 0.13603949546813965,
    "name": "Y",
    "prediction": 0
  },
  "feature": 1,
  "model_objective": 0.3206034004688263,
  "name": "ExternalRiskEstimate<0.65",
  "reference": 1,
  "relation": "==",
  "true": {
    "complexity": 0.009999999776482582,
    "loss": 0.16456390917301178,
    "name": "Y",
    "prediction": 1
  },
  "type": "integral"
}
