null
Finding Optimal Objective...
{
  "false": {
    "complexity": 0.009999999776482582,
    "loss": 0.2151823192834854,
    "name": "Y",
    "prediction": 0
  },
  "feature": 0,
  "model_objective": 0.32603707909584045,
  "name": "ExternalRiskEstimate<0.49",
  "reference": 1,
  "relation": "==",
  "true": {
    "complexity": 0.009999999776482582,
    "loss": 0.09085475653409958,
    "name": "Y",
    "prediction": 1
  },
  "type": "integral"
}
null
Finding Optimal Objective...
{
  "false": {
    "complexity": 0.009999999776482582,
    "loss": 0.2153221070766449,
    "name": "Y",
    "prediction": 0
  },
  "feature": 0,
  "model_objective": 0.32470110058784485,
  "name": "ExternalRiskEstimate<0.49",
  "reference": 1,
  "relation": "==",
  "true": {
    "complexity": 0.009999999776482582,
    "loss": 0.08937899023294449,
    "name": "Y",
    "prediction": 1
  },
  "type": "integral"
}
null
Finding Optimal Objective...
{
  "false": {
    "complexity": 0.009999999776482582,
    "loss": 0.21714608371257782,
    "name": "Y",
    "prediction": 0
  },
  "feature": 0,
  "model_objective": 0.32569658756256104,
  "name": "ExternalRiskEstimate<0.49",
  "reference": 1,
  "relation": "==",
  "true": {
    "complexity": 0.009999999776482582,
    "loss": 0.08855048567056656,
    "name": "Y",
    "prediction": 1
  },
  "type": "integral"
}
null
Finding Optimal Objective...
{
  "false": {
    "complexity": 0.009999999776482582,
    "loss": 0.22106419503688812,
    "name": "Y",
    "prediction": 0
  },
  "feature": 0,
  "model_objective": 0.32828307151794434,
  "name": "ExternalRiskEstimate<0.49",
  "reference": 1,
  "relation": "==",
  "true": {
    "complexity": 0.009999999776482582,
    "loss": 0.08721887320280075,
    "name": "Y",
    "prediction": 1
  },
  "type": "integral"
}
