null
Finding Optimal Objective...
{
  "false": {
    "complexity": 0.009999999776482582,
    "loss": 0.12193664163351059,
    "name": "Y",
    "prediction": 0
  },
  "feature": 1,
  "model_objective": 0.3075074851512909,
  "name": "ExternalRiskEstimate<0.65",
  "reference": 1,
  "relation": "==",
  "true": {
    "complexity": 0.009999999776482582,
    "loss": 0.16557084023952484,
    "name": "Y",
    "prediction": 1
  },
  "type": "integral"
}
null
Finding Optimal Objective...
{
  "false": {
    "complexity": 0.009999999776482582,
    "loss": 0.12246082723140717,
    "name": "Y",
    "prediction": 0
  },
  "feature": 1,
  "model_objective": 0.3130934536457062,
  "name": "ExternalRiskEstimate<0.65",
  "reference": 1,
  "relation": "==",
  "true": {
    "complexity": 0.009999999776482582,
    "loss": 0.17063261568546295,
    "name": "Y",
    "prediction": 1
  },
  "type": "integral"
}
null
Finding Optimal Objective...
{
  "false": {
    "complexity": 0.009999999776482582,
    "loss": 0.12521150708198547,
    "name": "Y",
    "prediction": 0
  },
  "feature": 1,
  "model_objective": 0.3155442774295807,
  "name": "ExternalRiskEstimate<0.65",
  "reference": 1,
  "relation": "==",
  "true": {
    "complexity": 0.009999999776482582,
    "loss": 0.17033277451992035,
    "name": "Y",
    "prediction": 1
  },
  "type": "integral"
}
null
Finding Optimal Objective...
{
  "false": {
    "complexity": 0.009999999776482582,
    "loss": 0.13000549376010895,
    "name": "Y",
    "prediction": 0
  },
  "feature": 1,
  "model_objective": 0.3211519718170166,
  "name": "ExternalRiskEstimate<0.65",
  "reference": 1,
  "relation": "==",
  "true": {
    "complexity": 0.009999999776482582,
    "loss": 0.1711464673280716,
    "name": "Y",
    "prediction": 1
  },
  "type": "integral"
}
