null
Finding Optimal Objective...
{
  "false": {
    "complexity": 0.009999999776482582,
    "loss": 0.20800957083702087,
    "name": "Y",
    "prediction": 0
  },
  "feature": 0,
  "model_objective": 0.31587567925453186,
  "name": "ExternalRiskEstimate<0.49",
  "reference": 1,
  "relation": "==",
  "true": {
    "complexity": 0.009999999776482582,
    "loss": 0.08786611258983612,
    "name": "Y",
    "prediction": 1
  },
  "type": "integral"
}
null
Finding Optimal Objective...
{
  "false": {
    "complexity": 0.009999999776482582,
    "loss": 0.21416135132312775,
    "name": "Y",
    "prediction": 0
  },
  "feature": 0,
  "model_objective": 0.3217991888523102,
  "name": "ExternalRiskEstimate<0.49",
  "reference": 1,
  "relation": "==",
  "true": {
    "complexity": 0.009999999776482582,
    "loss": 0.08763784170150757,
    "name": "Y",
    "prediction": 1
  },
  "type": "integral"
}
null
Finding Optimal Objective...
{
  "false": {
    "complexity": 0.009999999776482582,
    "loss": 0.22165821492671967,
    "name": "Y",
    "prediction": 0
  },
  "feature": 0,
  "model_objective": 0.3290806710720062,
  "name": "ExternalRiskEstimate<0.49",
  "reference": 1,
  "relation": "==",
  "true": {
    "complexity": 0.009999999776482582,
    "loss": 0.0874224528670311,
    "name": "Y",
    "prediction": 1
  },
  "type": "integral"
}
null
Finding Optimal Objective...
{
  "false": {
    "complexity": 0.009999999776482582,
    "loss": 0.22545255720615387,
    "name": "Y",
    "prediction": 0
  },
  "feature": 0,
  "model_objective": 0.33212289214134216,
  "name": "ExternalRiskEstimate<0.49",
  "reference": 1,
  "relation": "==",
  "true": {
    "complexity": 0.009999999776482582,
    "loss": 0.08667032420635223,
    "name": "Y",
    "prediction": 1
  },
  "type": "integral"
}
