null
Finding Optimal Objective...
{
  "false": {
    "complexity": 0.009999999776482582,
    "loss": 0.21159593760967255,
    "name": "Y",
    "prediction": 0
  },
  "feature": 0,
  "model_objective": 0.3284280002117157,
  "name": "ExternalRiskEstimate<0.49",
  "reference": 1,
  "relation": "==",
  "true": {
    "complexity": 0.009999999776482582,
    "loss": 0.0968320444226265,
    "name": "Y",
    "prediction": 1
  },
  "type": "integral"
}
null
Finding Optimal Objective...
{
  "false": {
    "complexity": 0.009999999776482582,
    "loss": 0.21474173665046692,
    "name": "Y",
    "prediction": 0
  },
  "feature": 0,
  "model_objective": 0.33050495386123657,
  "name": "ExternalRiskEstimate<0.49",
  "reference": 1,
  "relation": "==",
  "true": {
    "complexity": 0.009999999776482582,
    "loss": 0.0957632064819336,
    "name": "Y",
    "prediction": 1
  },
  "type": "integral"
}
null
Finding Optimal Objective...
{
  "false": {
    "complexity": 0.009999999776482582,
    "loss": 0.21658207476139069,
    "name": "Y",
    "prediction": 0
  },
  "feature": 0,
  "model_objective": 0.3319007456302643,
  "name": "ExternalRiskEstimate<0.49",
  "reference": 1,
  "relation": "==",
  "true": {
    "complexity": 0.009999999776482582,
    "loss": 0.09531867504119873,
    "name": "Y",
    "prediction": 1
  },
  "type": "integral"
}
null
Finding Optimal Objective...
{
  "false": {
    "complexity": 0.009999999776482582,
    "loss": 0.22435547411441803,
    "name": "Y",
    "prediction": 0
  },
  "feature": 0,
  "model_objective": 0.3398025631904602,
  "name": "ExternalRiskEstimate<0.49",
  "reference": 1,
  "relation": "==",
  "true": {
    "complexity": 0.009999999776482582,
    "loss": 0.09544707089662552,
    "name": "Y",
    "prediction": 1
  },
  "type": "integral"
}
