null
Finding Optimal Objective...
{
  "false": {
    "false": {
      "complexity": 0.009999999776482582,
      "loss": 0.11297071725130081,
      "name": "Y",
      "prediction": 0
    },
    "feature": 0,
    "name": "ExternalRiskEstimate<0.49",
    "reference": 1,
    "relation": "==",
    "true": {
      "complexity": 0.009999999776482582,
      "loss": 0.06037059426307678,
      "name": "Y",
      "prediction": 1
    },
    "type": "integral"
  },
  "feature": 12,
  "model_objective": 0.3298983871936798,
  "name": "Inquiry<0.75",
  "reference": 1,
  "relation": "==",
  "true": {
    "false": {
      "complexity": 0.009999999776482582,
      "loss": 0.010759115219116211,
      "name": "Y",
      "prediction": 0
    },
    "feature": 2,
    "name": "ExternalRiskEstimate<0.80",
    "reference": 1,
    "relation": "==",
    "true": {
      "complexity": 0.009999999776482582,
      "loss": 0.10579796880483627,
      "name": "Y",
      "prediction": 1
    },
    "type": "integral"
  },
  "type": "integral"
}
{
  "false": {
    "complexity": 0.009999999776482582,
    "loss": 0.040047820657491684,
    "name": "Y",
    "prediction": 0
  },
  "feature": 2,
  "model_objective": 0.3298983871936798,
  "name": "ExternalRiskEstimate<0.80",
  "reference": 1,
  "relation": "==",
  "true": {
    "false": {
      "false": {
        "complexity": 0.009999999776482582,
        "loss": 0.08368200808763504,
        "name": "Y",
        "prediction": 0
      },
      "feature": 12,
      "name": "Inquiry<0.75",
      "reference": 1,
      "relation": "==",
      "true": {
        "complexity": 0.009999999776482582,
        "loss": 0.08368200808763504,
        "name": "Y",
        "prediction": 1
      },
      "type": "integral"
    },
    "feature": 0,
    "name": "ExternalRiskEstimate<0.49",
    "reference": 1,
    "relation": "==",
    "true": {
      "complexity": 0.009999999776482582,
      "loss": 0.08248655498027802,
      "name": "Y",
      "prediction": 1
    },
    "type": "integral"
  },
  "type": "integral"
}
{
  "false": {
    "complexity": 0.009999999776482582,
    "loss": 0.040047820657491684,
    "name": "Y",
    "prediction": 0
  },
  "feature": 2,
  "model_objective": 0.3298983871936798,
  "name": "ExternalRiskEstimate<0.80",
  "reference": 1,
  "relation": "==",
  "true": {
    "false": {
      "false": {
        "complexity": 0.009999999776482582,
        "loss": 0.08368200808763504,
        "name": "Y",
        "prediction": 0
      },
      "feature": 0,
      "name": "ExternalRiskEstimate<0.49",
      "reference": 1,
      "relation": "==",
      "true": {
        "complexity": 0.009999999776482582,
        "loss": 0.06037059426307678,
        "name": "Y",
        "prediction": 1
      },
      "type": "integral"
    },
    "feature": 12,
    "name": "Inquiry<0.75",
    "reference": 1,
    "relation": "==",
    "true": {
      "complexity": 0.009999999776482582,
      "loss": 0.10579796880483627,
      "name": "Y",
      "prediction": 1
    },
    "type": "integral"
  },
  "type": "integral"
}
{
  "false": {
    "false": {
      "complexity": 0.009999999776482582,
      "loss": 0.040047820657491684,
      "name": "Y",
      "prediction": 0
    },
    "feature": 2,
    "name": "ExternalRiskEstimate<0.80",
    "reference": 1,
    "relation": "==",
    "true": {
      "false": {
        "complexity": 0.009999999776482582,
        "loss": 0.08368200808763504,
        "name": "Y",
        "prediction": 0
      },
      "feature": 12,
      "name": "Inquiry<0.75",
      "reference": 1,
      "relation": "==",
      "true": {
        "complexity": 0.009999999776482582,
        "loss": 0.08368200808763504,
        "name": "Y",
        "prediction": 1
      },
      "type": "integral"
    },
    "type": "integral"
  },
  "feature": 0,
  "model_objective": 0.3298983871936798,
  "name": "ExternalRiskEstimate<0.49",
  "reference": 1,
  "relation": "==",
  "true": {
    "complexity": 0.009999999776482582,
    "loss": 0.08248655498027802,
    "name": "Y",
    "prediction": 1
  },
  "type": "integral"
}
{
  "false": {
    "false": {
      "complexity": 0.009999999776482582,
      "loss": 0.11297071725130081,
      "name": "Y",
      "prediction": 0
    },
    "feature": 12,
    "name": "Inquiry<0.75",
    "reference": 1,
    "relation": "==",
    "true": {
      "false": {
        "complexity": 0.009999999776482582,
        "loss": 0.010759115219116211,
        "name": "Y",
        "prediction": 0
      },
      "feature": 2,
      "name": "ExternalRiskEstimate<0.80",
      "reference": 1,
      "relation": "==",
      "true": {
        "complexity": 0.009999999776482582,
        "loss": 0.08368200808763504,
        "name": "Y",
        "prediction": 1
      },
      "type": "integral"
    },
    "type": "integral"
  },
  "feature": 0,
  "model_objective": 0.3298983871936798,
  "name": "ExternalRiskEstimate<0.49",
  "reference": 1,
  "relation": "==",
  "true": {
    "complexity": 0.009999999776482582,
    "loss": 0.08248655498027802,
    "name": "Y",
    "prediction": 1
  },
  "type": "integral"
}
null
Finding Optimal Objective...
{
  "false": {
    "false": {
      "complexity": 0.009999999776482582,
      "loss": 0.11259431391954422,
      "name": "Y",
      "prediction": 0
    },
    "feature": 0,
    "name": "ExternalRiskEstimate<0.49",
    "reference": 1,
    "relation": "==",
    "true": {
      "complexity": 0.009999999776482582,
      "loss": 0.06035983934998512,
      "name": "Y",
      "prediction": 1
    },
    "type": "integral"
  },
  "feature": 12,
  "model_objective": 0.3319326639175415,
  "name": "Inquiry<0.75",
  "reference": 1,
  "relation": "==",
  "true": {
    "false": {
      "complexity": 0.009999999776482582,
      "loss": 0.011027278378605843,
      "name": "Y",
      "prediction": 0
    },
    "feature": 2,
    "name": "ExternalRiskEstimate<0.80",
    "reference": 1,
    "relation": "==",
    "true": {
      "complexity": 0.009999999776482582,
      "loss": 0.10795124620199203,
      "name": "Y",
      "prediction": 1
    },
    "type": "integral"
  },
  "type": "integral"
}
{
  "false": {
    "complexity": 0.009999999776482582,
    "loss": 0.04004643112421036,
    "name": "Y",
    "prediction": 0
  },
  "feature": 2,
  "model_objective": 0.3319326639175415,
  "name": "ExternalRiskEstimate<0.80",
  "reference": 1,
  "relation": "==",
  "true": {
    "false": {
      "false": {
        "complexity": 0.009999999776482582,
        "loss": 0.08357515931129456,
        "name": "Y",
        "prediction": 0
      },
      "feature": 12,
      "name": "Inquiry<0.75",
      "reference": 1,
      "relation": "==",
      "true": {
        "complexity": 0.009999999776482582,
        "loss": 0.08647707849740982,
        "name": "Y",
        "prediction": 1
      },
      "type": "integral"
    },
    "feature": 0,
    "name": "ExternalRiskEstimate<0.49",
    "reference": 1,
    "relation": "==",
    "true": {
      "complexity": 0.009999999776482582,
      "loss": 0.08183401077985764,
      "name": "Y",
      "prediction": 1
    },
    "type": "integral"
  },
  "type": "integral"
}
{
  "false": {
    "complexity": 0.009999999776482582,
    "loss": 0.04004643112421036,
    "name": "Y",
    "prediction": 0
  },
  "feature": 2,
  "model_objective": 0.3319326639175415,
  "name": "ExternalRiskEstimate<0.80",
  "reference": 1,
  "relation": "==",
  "true": {
    "false": {
      "false": {
        "complexity": 0.009999999776482582,
        "loss": 0.08357515931129456,
        "name": "Y",
        "prediction": 0
      },
      "feature": 0,
      "name": "ExternalRiskEstimate<0.49",
      "reference": 1,
      "relation": "==",
      "true": {
        "complexity": 0.009999999776482582,
        "loss": 0.06035983934998512,
        "name": "Y",
        "prediction": 1
      },
      "type": "integral"
    },
    "feature": 12,
    "name": "Inquiry<0.75",
    "reference": 1,
    "relation": "==",
    "true": {
      "complexity": 0.009999999776482582,
      "loss": 0.10795124620199203,
      "name": "Y",
      "prediction": 1
    },
    "type": "integral"
  },
  "type": "integral"
}
{
  "false": {
    "false": {
      "complexity": 0.009999999776482582,
      "loss": 0.04004643112421036,
      "name": "Y",
      "prediction": 0
    },
    "feature": 2,
    "name": "ExternalRiskEstimate<0.80",
    "reference": 1,
    "relation": "==",
    "true": {
      "false": {
        "complexity": 0.009999999776482582,
        "loss": 0.08357515931129456,
        "name": "Y",
        "prediction": 0
      },
      "feature": 12,
      "name": "Inquiry<0.75",
      "reference": 1,
      "relation": "==",
      "true": {
        "complexity": 0.009999999776482582,
        "loss": 0.08647707849740982,
        "name": "Y",
        "prediction": 1
      },
      "type": "integral"
    },
    "type": "integral"
  },
  "feature": 0,
  "model_objective": 0.3319326639175415,
  "name": "ExternalRiskEstimate<0.49",
  "reference": 1,
  "relation": "==",
  "true": {
    "complexity": 0.009999999776482582,
    "loss": 0.08183401077985764,
    "name": "Y",
    "prediction": 1
  },
  "type": "integral"
}
{
  "false": {
    "false": {
      "complexity": 0.009999999776482582,
      "loss": 0.11259431391954422,
      "name": "Y",
      "prediction": 0
    },
    "feature": 12,
    "name": "Inquiry<0.75",
    "reference": 1,
    "relation": "==",
    "true": {
      "false": {
        "complexity": 0.009999999776482582,
        "loss": 0.011027278378605843,
        "name": "Y",
        "prediction": 0
      },
      "feature": 2,
      "name": "ExternalRiskEstimate<0.80",
      "reference": 1,
      "relation": "==",
      "true": {
        "complexity": 0.009999999776482582,
        "loss": 0.08647707849740982,
        "name": "Y",
        "prediction": 1
      },
      "type": "integral"
    },
    "type": "integral"
  },
  "feature": 0,
  "model_objective": 0.3319326639175415,
  "name": "ExternalRiskEstimate<0.49",
  "reference": 1,
  "relation": "==",
  "true": {
    "complexity": 0.009999999776482582,
    "loss": 0.08183401077985764,
    "name": "Y",
    "prediction": 1
  },
  "type": "integral"
}
null
Finding Optimal Objective...
{
  "false": {
    "complexity": 0.009999999776482582,
    "loss": 0.15059222280979156,
    "name": "Y",
    "prediction": 0
  },
  "feature": 1,
  "model_objective": 0.33359280228614807,
  "name": "ExternalRiskEstimate<0.65",
  "reference": 1,
  "relation": "==",
  "true": {
    "complexity": 0.009999999776482582,
    "loss": 0.16300056874752045,
    "name": "Y",
    "prediction": 1
  },
  "type": "integral"
}
{
  "false": {
    "complexity": 0.009999999776482582,
    "loss": 0.23406656086444855,
    "name": "Y",
    "prediction": 0
  },
  "feature": 0,
  "model_objective": 0.33359280228614807,
  "name": "ExternalRiskEstimate<0.49",
  "reference": 1,
  "relation": "==",
  "true": {
    "complexity": 0.009999999776482582,
    "loss": 0.07952623069286346,
    "name": "Y",
    "prediction": 1
  },
  "type": "integral"
}
null
Finding Optimal Objective...
{
  "false": {
    "complexity": 0.009999999776482582,
    "loss": 0.15359298884868622,
    "name": "Y",
    "prediction": 0
  },
  "feature": 1,
  "model_objective": 0.33760836720466614,
  "name": "ExternalRiskEstimate<0.65",
  "reference": 1,
  "relation": "==",
  "true": {
    "complexity": 0.009999999776482582,
    "loss": 0.16401536762714386,
    "name": "Y",
    "prediction": 1
  },
  "type": "integral"
}
