Traceback (most recent call last):
  File "/mnt/beegfs/homes/simondn/RashomonActiveLearning/Code/RunSimulation.py", line 56, in <module>
    SimulationResults = OneIterationFunction(SimulationConfigInput)
                        ^^^^^^^^^^^^^^^^^^^^^^^^^^^^^^^^^^^^^^^^^^^
  File "/mnt/beegfs/homes/simondn/RashomonActiveLearning/Code/utils/Main/OneIterationFunction.py", line 78, in OneIterationFunction
    LearningProcedureOutput = LearningProcedure(SimulationConfigInputUpdated = SimulationConfigInput)
                              ^^^^^^^^^^^^^^^^^^^^^^^^^^^^^^^^^^^^^^^^^^^^^^^^^^^^^^^^^^^^^^^^^^^^^^^
  File "/mnt/beegfs/homes/simondn/RashomonActiveLearning/Code/utils/Main/LearningProcedure.py", line 59, in LearningProcedure
    SelectorFuncOutput = SelectorType(**SelectorArgsFiltered)
                         ^^^^^^^^^^^^^^^^^^^^^^^^^^^^^^^^^^^^
  File "/mnt/beegfs/homes/simondn/RashomonActiveLearning/Code/utils/Selector/TreeEnsembleQBCFunction.py", line 37, in TreeEnsembleQBCFunction
    PredictionArray_Duplicate = pd.DataFrame(np.array([Model[i].predict(X_Candidate) for i in range(TreeCounts)]))
                                                      ^^^^^^^^^^^^^^^^^^^^^^^^^^^^^^^^^^^^^^^^^^^^^^^^^^^^^^^^^^
  File "/mnt/beegfs/homes/simondn/RashomonActiveLearning/Code/utils/Selector/TreeEnsembleQBCFunction.py", line 37, in <listcomp>
    PredictionArray_Duplicate = pd.DataFrame(np.array([Model[i].predict(X_Candidate) for i in range(TreeCounts)]))
                                                       ^^^^^^^^^^^^^^^^^^^^^^^^^^^^^
  File "/homes/simondn/.local/lib/python3.11/site-packages/treefarms/model/tree_classifier.py", line 134, in predict
    prediction, _ = self.classify(X.values[i,:])
                                  ^^^^^^^^
AttributeError: 'numpy.ndarray' object has no attribute 'values'
