null
Finding Optimal Objective...
{
  "false": {
    "false": {
      "complexity": 0.009999999776482582,
      "loss": 0.03125,
      "name": "Y",
      "prediction": 1
    },
    "feature": 1,
    "name": "CellSize_1",
    "reference": 1,
    "relation": "==",
    "true": {
      "complexity": 0.009999999776482582,
      "loss": 0.0,
      "name": "Y",
      "prediction": 0
    },
    "type": "integral"
  },
  "feature": 8,
  "model_objective": 0.07124999910593033,
  "name": "NormalNucleoli_1",
  "reference": 1,
  "relation": "==",
  "true": {
    "false": {
      "complexity": 0.009999999776482582,
      "loss": 0.0,
      "name": "Y",
      "prediction": 0
    },
    "feature": 7,
    "name": "BareNuclei_10",
    "reference": 1,
    "relation": "==",
    "true": {
      "complexity": 0.009999999776482582,
      "loss": 0.0,
      "name": "Y",
      "prediction": 1
    },
    "type": "integral"
  },
  "type": "integral"
}
{
  "false": {
    "false": {
      "complexity": 0.009999999776482582,
      "loss": 0.03125,
      "name": "Y",
      "prediction": 1
    },
    "feature": 3,
    "name": "CellShape_1",
    "reference": 1,
    "relation": "==",
    "true": {
      "complexity": 0.009999999776482582,
      "loss": 0.0,
      "name": "Y",
      "prediction": 0
    },
    "type": "integral"
  },
  "feature": 8,
  "model_objective": 0.07124999910593033,
  "name": "NormalNucleoli_1",
  "reference": 1,
  "relation": "==",
  "true": {
    "false": {
      "complexity": 0.009999999776482582,
      "loss": 0.0,
      "name": "Y",
      "prediction": 0
    },
    "feature": 7,
    "name": "BareNuclei_10",
    "reference": 1,
    "relation": "==",
    "true": {
      "complexity": 0.009999999776482582,
      "loss": 0.0,
      "name": "Y",
      "prediction": 1
    },
    "type": "integral"
  },
  "type": "integral"
}
{
  "false": {
    "false": {
      "complexity": 0.009999999776482582,
      "loss": 0.03125,
      "name": "Y",
      "prediction": 1
    },
    "feature": 4,
    "name": "Adhesion_1",
    "reference": 1,
    "relation": "==",
    "true": {
      "complexity": 0.009999999776482582,
      "loss": 0.0,
      "name": "Y",
      "prediction": 0
    },
    "type": "integral"
  },
  "feature": 8,
  "model_objective": 0.07124999910593033,
  "name": "NormalNucleoli_1",
  "reference": 1,
  "relation": "==",
  "true": {
    "false": {
      "complexity": 0.009999999776482582,
      "loss": 0.0,
      "name": "Y",
      "prediction": 0
    },
    "feature": 7,
    "name": "BareNuclei_10",
    "reference": 1,
    "relation": "==",
    "true": {
      "complexity": 0.009999999776482582,
      "loss": 0.0,
      "name": "Y",
      "prediction": 1
    },
    "type": "integral"
  },
  "type": "integral"
}
{
  "false": {
    "false": {
      "false": {
        "complexity": 0.009999999776482582,
        "loss": 0.0,
        "name": "Y",
        "prediction": 1
      },
      "feature": 8,
      "name": "NormalNucleoli_1",
      "reference": 1,
      "relation": "==",
      "true": {
        "complexity": 0.009999999776482582,
        "loss": 0.0,
        "name": "Y",
        "prediction": 0
      },
      "type": "integral"
    },
    "feature": 7,
    "name": "BareNuclei_10",
    "reference": 1,
    "relation": "==",
    "true": {
      "complexity": 0.009999999776482582,
      "loss": 0.03125,
      "name": "Y",
      "prediction": 1
    },
    "type": "integral"
  },
  "feature": 3,
  "model_objective": 0.07124999910593033,
  "name": "CellShape_1",
  "reference": 1,
  "relation": "==",
  "true": {
    "complexity": 0.009999999776482582,
    "loss": 0.0,
    "name": "Y",
    "prediction": 0
  },
  "type": "integral"
}
{
  "false": {
    "false": {
      "complexity": 0.009999999776482582,
      "loss": 0.03125,
      "name": "Y",
      "prediction": 1
    },
    "feature": 8,
    "name": "NormalNucleoli_1",
    "reference": 1,
    "relation": "==",
    "true": {
      "false": {
        "complexity": 0.009999999776482582,
        "loss": 0.0,
        "name": "Y",
        "prediction": 0
      },
      "feature": 7,
      "name": "BareNuclei_10",
      "reference": 1,
      "relation": "==",
      "true": {
        "complexity": 0.009999999776482582,
        "loss": 0.0,
        "name": "Y",
        "prediction": 1
      },
      "type": "integral"
    },
    "type": "integral"
  },
  "feature": 3,
  "model_objective": 0.07124999910593033,
  "name": "CellShape_1",
  "reference": 1,
  "relation": "==",
  "true": {
    "complexity": 0.009999999776482582,
    "loss": 0.0,
    "name": "Y",
    "prediction": 0
  },
  "type": "integral"
}
null
Finding Optimal Objective...
{
  "false": {
    "false": {
      "false": {
        "false": {
          "complexity": 0.009999999776482582,
          "loss": 0.027027027681469917,
          "name": "Y",
          "prediction": 1
        },
        "feature": 6,
        "name": "BareNuclei_1",
        "reference": 1,
        "relation": "==",
        "true": {
          "complexity": 0.009999999776482582,
          "loss": 0.0,
          "name": "Y",
          "prediction": 0
        },
        "type": "integral"
      },
      "feature": 4,
      "name": "Adhesion_1",
      "reference": 1,
      "relation": "==",
      "true": {
        "complexity": 0.009999999776482582,
        "loss": 0.0,
        "name": "Y",
        "prediction": 0
      },
      "type": "integral"
    },
    "feature": 5,
    "name": "SingleEpithelialCellSize_2",
    "reference": 1,
    "relation": "==",
    "true": {
      "false": {
        "complexity": 0.009999999776482582,
        "loss": 0.0,
        "name": "Y",
        "prediction": 0
      },
      "feature": 7,
      "name": "BareNuclei_10",
      "reference": 1,
      "relation": "==",
      "true": {
        "complexity": 0.009999999776482582,
        "loss": 0.0,
        "name": "Y",
        "prediction": 1
      },
      "type": "integral"
    },
    "type": "integral"
  },
  "feature": 9,
  "model_objective": 0.08702702075242996,
  "name": "NormalNucleoli_10",
  "reference": 1,
  "relation": "==",
  "true": {
    "complexity": 0.009999999776482582,
    "loss": 0.0,
    "name": "Y",
    "prediction": 1
  },
  "type": "integral"
}
{
  "false": {
    "false": {
      "false": {
        "false": {
          "false": {
            "complexity": 0.009999999776482582,
            "loss": 0.0,
            "name": "Y",
            "prediction": 1
          },
          "feature": 5,
          "name": "SingleEpithelialCellSize_2",
          "reference": 1,
          "relation": "==",
          "true": {
            "complexity": 0.009999999776482582,
            "loss": 0.0,
            "name": "Y",
            "prediction": 0
          },
          "type": "integral"
        },
        "feature": 6,
        "name": "BareNuclei_1",
        "reference": 1,
        "relation": "==",
        "true": {
          "complexity": 0.009999999776482582,
          "loss": 0.0,
          "name": "Y",
          "prediction": 0
        },
        "type": "integral"
      },
      "feature": 4,
      "name": "Adhesion_1",
      "reference": 1,
      "relation": "==",
      "true": {
        "complexity": 0.009999999776482582,
        "loss": 0.0,
        "name": "Y",
        "prediction": 0
      },
      "type": "integral"
    },
    "feature": 7,
    "name": "BareNuclei_10",
    "reference": 1,
    "relation": "==",
    "true": {
      "complexity": 0.009999999776482582,
      "loss": 0.027027027681469917,
      "name": "Y",
      "prediction": 1
    },
    "type": "integral"
  },
  "feature": 9,
  "model_objective": 0.08702702075242996,
  "name": "NormalNucleoli_10",
  "reference": 1,
  "relation": "==",
  "true": {
    "complexity": 0.009999999776482582,
    "loss": 0.0,
    "name": "Y",
    "prediction": 1
  },
  "type": "integral"
}
{
  "false": {
    "false": {
      "false": {
        "false": {
          "complexity": 0.009999999776482582,
          "loss": 0.027027027681469917,
          "name": "Y",
          "prediction": 1
        },
        "feature": 4,
        "name": "Adhesion_1",
        "reference": 1,
        "relation": "==",
        "true": {
          "complexity": 0.009999999776482582,
          "loss": 0.0,
          "name": "Y",
          "prediction": 0
        },
        "type": "integral"
      },
      "feature": 5,
      "name": "SingleEpithelialCellSize_2",
      "reference": 1,
      "relation": "==",
      "true": {
        "false": {
          "complexity": 0.009999999776482582,
          "loss": 0.0,
          "name": "Y",
          "prediction": 0
        },
        "feature": 7,
        "name": "BareNuclei_10",
        "reference": 1,
        "relation": "==",
        "true": {
          "complexity": 0.009999999776482582,
          "loss": 0.0,
          "name": "Y",
          "prediction": 1
        },
        "type": "integral"
      },
      "type": "integral"
    },
    "feature": 6,
    "name": "BareNuclei_1",
    "reference": 1,
    "relation": "==",
    "true": {
      "complexity": 0.009999999776482582,
      "loss": 0.0,
      "name": "Y",
      "prediction": 0
    },
    "type": "integral"
  },
  "feature": 9,
  "model_objective": 0.08702702075242996,
  "name": "NormalNucleoli_10",
  "reference": 1,
  "relation": "==",
  "true": {
    "complexity": 0.009999999776482582,
    "loss": 0.0,
    "name": "Y",
    "prediction": 1
  },
  "type": "integral"
}
{
  "false": {
    "false": {
      "false": {
        "false": {
          "false": {
            "complexity": 0.009999999776482582,
            "loss": 0.0,
            "name": "Y",
            "prediction": 1
          },
          "feature": 6,
          "name": "BareNuclei_1",
          "reference": 1,
          "relation": "==",
          "true": {
            "complexity": 0.009999999776482582,
            "loss": 0.0,
            "name": "Y",
            "prediction": 0
          },
          "type": "integral"
        },
        "feature": 5,
        "name": "SingleEpithelialCellSize_2",
        "reference": 1,
        "relation": "==",
        "true": {
          "complexity": 0.009999999776482582,
          "loss": 0.0,
          "name": "Y",
          "prediction": 0
        },
        "type": "integral"
      },
      "feature": 4,
      "name": "Adhesion_1",
      "reference": 1,
      "relation": "==",
      "true": {
        "complexity": 0.009999999776482582,
        "loss": 0.0,
        "name": "Y",
        "prediction": 0
      },
      "type": "integral"
    },
    "feature": 7,
    "name": "BareNuclei_10",
    "reference": 1,
    "relation": "==",
    "true": {
      "complexity": 0.009999999776482582,
      "loss": 0.027027027681469917,
      "name": "Y",
      "prediction": 1
    },
    "type": "integral"
  },
  "feature": 9,
  "model_objective": 0.08702702075242996,
  "name": "NormalNucleoli_10",
  "reference": 1,
  "relation": "==",
  "true": {
    "complexity": 0.009999999776482582,
    "loss": 0.0,
    "name": "Y",
    "prediction": 1
  },
  "type": "integral"
}
{
  "false": {
    "false": {
      "false": {
        "false": {
          "complexity": 0.009999999776482582,
          "loss": 0.0,
          "name": "Y",
          "prediction": 1
        },
        "feature": 8,
        "name": "NormalNucleoli_1",
        "reference": 1,
        "relation": "==",
        "true": {
          "complexity": 0.009999999776482582,
          "loss": 0.0,
          "name": "Y",
          "prediction": 0
        },
        "type": "integral"
      },
      "feature": 3,
      "name": "CellShape_1",
      "reference": 1,
      "relation": "==",
      "true": {
        "false": {
          "complexity": 0.009999999776482582,
          "loss": 0.0,
          "name": "Y",
          "prediction": 0
        },
        "feature": 8,
        "name": "NormalNucleoli_1",
        "reference": 1,
        "relation": "==",
        "true": {
          "complexity": 0.009999999776482582,
          "loss": 0.0,
          "name": "Y",
          "prediction": 1
        },
        "type": "integral"
      },
      "type": "integral"
    },
    "feature": 5,
    "name": "SingleEpithelialCellSize_2",
    "reference": 1,
    "relation": "==",
    "true": {
      "complexity": 0.009999999776482582,
      "loss": 0.0,
      "name": "Y",
      "prediction": 0
    },
    "type": "integral"
  },
  "feature": 7,
  "model_objective": 0.08702702075242996,
  "name": "BareNuclei_10",
  "reference": 1,
  "relation": "==",
  "true": {
    "complexity": 0.009999999776482582,
    "loss": 0.027027027681469917,
    "name": "Y",
    "prediction": 1
  },
  "type": "integral"
}
{
  "false": {
    "false": {
      "false": {
        "false": {
          "complexity": 0.009999999776482582,
          "loss": 0.0,
          "name": "Y",
          "prediction": 1
        },
        "feature": 3,
        "name": "CellShape_1",
        "reference": 1,
        "relation": "==",
        "true": {
          "complexity": 0.009999999776482582,
          "loss": 0.0,
          "name": "Y",
          "prediction": 0
        },
        "type": "integral"
      },
      "feature": 8,
      "name": "NormalNucleoli_1",
      "reference": 1,
      "relation": "==",
      "true": {
        "false": {
          "complexity": 0.009999999776482582,
          "loss": 0.0,
          "name": "Y",
          "prediction": 0
        },
        "feature": 1,
        "name": "CellSize_1",
        "reference": 1,
        "relation": "==",
        "true": {
          "complexity": 0.009999999776482582,
          "loss": 0.0,
          "name": "Y",
          "prediction": 1
        },
        "type": "integral"
      },
      "type": "integral"
    },
    "feature": 5,
    "name": "SingleEpithelialCellSize_2",
    "reference": 1,
    "relation": "==",
    "true": {
      "complexity": 0.009999999776482582,
      "loss": 0.0,
      "name": "Y",
      "prediction": 0
    },
    "type": "integral"
  },
  "feature": 7,
  "model_objective": 0.08702702075242996,
  "name": "BareNuclei_10",
  "reference": 1,
  "relation": "==",
  "true": {
    "complexity": 0.009999999776482582,
    "loss": 0.027027027681469917,
    "name": "Y",
    "prediction": 1
  },
  "type": "integral"
}
{
  "false": {
    "false": {
      "false": {
        "false": {
          "complexity": 0.009999999776482582,
          "loss": 0.0,
          "name": "Y",
          "prediction": 1
        },
        "feature": 4,
        "name": "Adhesion_1",
        "reference": 1,
        "relation": "==",
        "true": {
          "complexity": 0.009999999776482582,
          "loss": 0.0,
          "name": "Y",
          "prediction": 0
        },
        "type": "integral"
      },
      "feature": 5,
      "name": "SingleEpithelialCellSize_2",
      "reference": 1,
      "relation": "==",
      "true": {
        "complexity": 0.009999999776482582,
        "loss": 0.0,
        "name": "Y",
        "prediction": 0
      },
      "type": "integral"
    },
    "feature": 6,
    "name": "BareNuclei_1",
    "reference": 1,
    "relation": "==",
    "true": {
      "false": {
        "complexity": 0.009999999776482582,
        "loss": 0.0,
        "name": "Y",
        "prediction": 0
      },
      "feature": 9,
      "name": "NormalNucleoli_10",
      "reference": 1,
      "relation": "==",
      "true": {
        "complexity": 0.009999999776482582,
        "loss": 0.0,
        "name": "Y",
        "prediction": 1
      },
      "type": "integral"
    },
    "type": "integral"
  },
  "feature": 7,
  "model_objective": 0.08702702075242996,
  "name": "BareNuclei_10",
  "reference": 1,
  "relation": "==",
  "true": {
    "complexity": 0.009999999776482582,
    "loss": 0.027027027681469917,
    "name": "Y",
    "prediction": 1
  },
  "type": "integral"
}
{
  "false": {
    "false": {
      "false": {
        "false": {
          "complexity": 0.009999999776482582,
          "loss": 0.0,
          "name": "Y",
          "prediction": 1
        },
        "feature": 4,
        "name": "Adhesion_1",
        "reference": 1,
        "relation": "==",
        "true": {
          "complexity": 0.009999999776482582,
          "loss": 0.0,
          "name": "Y",
          "prediction": 0
        },
        "type": "integral"
      },
      "feature": 6,
      "name": "BareNuclei_1",
      "reference": 1,
      "relation": "==",
      "true": {
        "false": {
          "complexity": 0.009999999776482582,
          "loss": 0.0,
          "name": "Y",
          "prediction": 1
        },
        "feature": 8,
        "name": "NormalNucleoli_1",
        "reference": 1,
        "relation": "==",
        "true": {
          "complexity": 0.009999999776482582,
          "loss": 0.0,
          "name": "Y",
          "prediction": 0
        },
        "type": "integral"
      },
      "type": "integral"
    },
    "feature": 5,
    "name": "SingleEpithelialCellSize_2",
    "reference": 1,
    "relation": "==",
    "true": {
      "complexity": 0.009999999776482582,
      "loss": 0.0,
      "name": "Y",
      "prediction": 0
    },
    "type": "integral"
  },
  "feature": 7,
  "model_objective": 0.08702702075242996,
  "name": "BareNuclei_10",
  "reference": 1,
  "relation": "==",
  "true": {
    "complexity": 0.009999999776482582,
    "loss": 0.027027027681469917,
    "name": "Y",
    "prediction": 1
  },
  "type": "integral"
}
{
  "false": {
    "false": {
      "false": {
        "complexity": 0.009999999776482582,
        "loss": 0.0,
        "name": "Y",
        "prediction": 1
      },
      "feature": 8,
      "name": "NormalNucleoli_1",
      "reference": 1,
      "relation": "==",
      "true": {
        "complexity": 0.009999999776482582,
        "loss": 0.0,
        "name": "Y",
        "prediction": 0
      },
      "type": "integral"
    },
    "feature": 3,
    "name": "CellShape_1",
    "reference": 1,
    "relation": "==",
    "true": {
      "false": {
        "false": {
          "complexity": 0.009999999776482582,
          "loss": 0.0,
          "name": "Y",
          "prediction": 1
        },
        "feature": 5,
        "name": "SingleEpithelialCellSize_2",
        "reference": 1,
        "relation": "==",
        "true": {
          "complexity": 0.009999999776482582,
          "loss": 0.0,
          "name": "Y",
          "prediction": 0
        },
        "type": "integral"
      },
      "feature": 4,
      "name": "Adhesion_1",
      "reference": 1,
      "relation": "==",
      "true": {
        "complexity": 0.009999999776482582,
        "loss": 0.0,
        "name": "Y",
        "prediction": 0
      },
      "type": "integral"
    },
    "type": "integral"
  },
  "feature": 7,
  "model_objective": 0.08702702075242996,
  "name": "BareNuclei_10",
  "reference": 1,
  "relation": "==",
  "true": {
    "complexity": 0.009999999776482582,
    "loss": 0.027027027681469917,
    "name": "Y",
    "prediction": 1
  },
  "type": "integral"
}
{
  "false": {
    "false": {
      "false": {
        "false": {
          "complexity": 0.009999999776482582,
          "loss": 0.0,
          "name": "Y",
          "prediction": 1
        },
        "feature": 1,
        "name": "CellSize_1",
        "reference": 1,
        "relation": "==",
        "true": {
          "complexity": 0.009999999776482582,
          "loss": 0.0,
          "name": "Y",
          "prediction": 0
        },
        "type": "integral"
      },
      "feature": 8,
      "name": "NormalNucleoli_1",
      "reference": 1,
      "relation": "==",
      "true": {
        "false": {
          "complexity": 0.009999999776482582,
          "loss": 0.0,
          "name": "Y",
          "prediction": 0
        },
        "feature": 3,
        "name": "CellShape_1",
        "reference": 1,
        "relation": "==",
        "true": {
          "complexity": 0.009999999776482582,
          "loss": 0.0,
          "name": "Y",
          "prediction": 1
        },
        "type": "integral"
      },
      "type": "integral"
    },
    "feature": 5,
    "name": "SingleEpithelialCellSize_2",
    "reference": 1,
    "relation": "==",
    "true": {
      "complexity": 0.009999999776482582,
      "loss": 0.0,
      "name": "Y",
      "prediction": 0
    },
    "type": "integral"
  },
  "feature": 7,
  "model_objective": 0.08702702075242996,
  "name": "BareNuclei_10",
  "reference": 1,
  "relation": "==",
  "true": {
    "complexity": 0.009999999776482582,
    "loss": 0.027027027681469917,
    "name": "Y",
    "prediction": 1
  },
  "type": "integral"
}
{
  "false": {
    "false": {
      "false": {
        "complexity": 0.009999999776482582,
        "loss": 0.0,
        "name": "Y",
        "prediction": 1
      },
      "feature": 8,
      "name": "NormalNucleoli_1",
      "reference": 1,
      "relation": "==",
      "true": {
        "complexity": 0.009999999776482582,
        "loss": 0.0,
        "name": "Y",
        "prediction": 0
      },
      "type": "integral"
    },
    "feature": 3,
    "name": "CellShape_1",
    "reference": 1,
    "relation": "==",
    "true": {
      "false": {
        "false": {
          "complexity": 0.009999999776482582,
          "loss": 0.0,
          "name": "Y",
          "prediction": 1
        },
        "feature": 6,
        "name": "BareNuclei_1",
        "reference": 1,
        "relation": "==",
        "true": {
          "complexity": 0.009999999776482582,
          "loss": 0.0,
          "name": "Y",
          "prediction": 0
        },
        "type": "integral"
      },
      "feature": 4,
      "name": "Adhesion_1",
      "reference": 1,
      "relation": "==",
      "true": {
        "complexity": 0.009999999776482582,
        "loss": 0.0,
        "name": "Y",
        "prediction": 0
      },
      "type": "integral"
    },
    "type": "integral"
  },
  "feature": 7,
  "model_objective": 0.08702702075242996,
  "name": "BareNuclei_10",
  "reference": 1,
  "relation": "==",
  "true": {
    "complexity": 0.009999999776482582,
    "loss": 0.027027027681469917,
    "name": "Y",
    "prediction": 1
  },
  "type": "integral"
}
{
  "false": {
    "false": {
      "false": {
        "false": {
          "complexity": 0.009999999776482582,
          "loss": 0.0,
          "name": "Y",
          "prediction": 1
        },
        "feature": 8,
        "name": "NormalNucleoli_1",
        "reference": 1,
        "relation": "==",
        "true": {
          "complexity": 0.009999999776482582,
          "loss": 0.0,
          "name": "Y",
          "prediction": 0
        },
        "type": "integral"
      },
      "feature": 1,
      "name": "CellSize_1",
      "reference": 1,
      "relation": "==",
      "true": {
        "false": {
          "complexity": 0.009999999776482582,
          "loss": 0.0,
          "name": "Y",
          "prediction": 0
        },
        "feature": 8,
        "name": "NormalNucleoli_1",
        "reference": 1,
        "relation": "==",
        "true": {
          "complexity": 0.009999999776482582,
          "loss": 0.0,
          "name": "Y",
          "prediction": 1
        },
        "type": "integral"
      },
      "type": "integral"
    },
    "feature": 5,
    "name": "SingleEpithelialCellSize_2",
    "reference": 1,
    "relation": "==",
    "true": {
      "complexity": 0.009999999776482582,
      "loss": 0.0,
      "name": "Y",
      "prediction": 0
    },
    "type": "integral"
  },
  "feature": 7,
  "model_objective": 0.08702702075242996,
  "name": "BareNuclei_10",
  "reference": 1,
  "relation": "==",
  "true": {
    "complexity": 0.009999999776482582,
    "loss": 0.027027027681469917,
    "name": "Y",
    "prediction": 1
  },
  "type": "integral"
}
{
  "false": {
    "false": {
      "false": {
        "complexity": 0.009999999776482582,
        "loss": 0.0,
        "name": "Y",
        "prediction": 1
      },
      "feature": 8,
      "name": "NormalNucleoli_1",
      "reference": 1,
      "relation": "==",
      "true": {
        "complexity": 0.009999999776482582,
        "loss": 0.0,
        "name": "Y",
        "prediction": 0
      },
      "type": "integral"
    },
    "feature": 3,
    "name": "CellShape_1",
    "reference": 1,
    "relation": "==",
    "true": {
      "false": {
        "false": {
          "complexity": 0.009999999776482582,
          "loss": 0.0,
          "name": "Y",
          "prediction": 1
        },
        "feature": 4,
        "name": "Adhesion_1",
        "reference": 1,
        "relation": "==",
        "true": {
          "complexity": 0.009999999776482582,
          "loss": 0.0,
          "name": "Y",
          "prediction": 0
        },
        "type": "integral"
      },
      "feature": 5,
      "name": "SingleEpithelialCellSize_2",
      "reference": 1,
      "relation": "==",
      "true": {
        "complexity": 0.009999999776482582,
        "loss": 0.0,
        "name": "Y",
        "prediction": 0
      },
      "type": "integral"
    },
    "type": "integral"
  },
  "feature": 7,
  "model_objective": 0.08702702075242996,
  "name": "BareNuclei_10",
  "reference": 1,
  "relation": "==",
  "true": {
    "complexity": 0.009999999776482582,
    "loss": 0.027027027681469917,
    "name": "Y",
    "prediction": 1
  },
  "type": "integral"
}
{
  "false": {
    "false": {
      "false": {
        "false": {
          "false": {
            "complexity": 0.009999999776482582,
            "loss": 0.0,
            "name": "Y",
            "prediction": 1
          },
          "feature": 5,
          "name": "SingleEpithelialCellSize_2",
          "reference": 1,
          "relation": "==",
          "true": {
            "complexity": 0.009999999776482582,
            "loss": 0.0,
            "name": "Y",
            "prediction": 0
          },
          "type": "integral"
        },
        "feature": 4,
        "name": "Adhesion_1",
        "reference": 1,
        "relation": "==",
        "true": {
          "complexity": 0.009999999776482582,
          "loss": 0.0,
          "name": "Y",
          "prediction": 0
        },
        "type": "integral"
      },
      "feature": 7,
      "name": "BareNuclei_10",
      "reference": 1,
      "relation": "==",
      "true": {
        "complexity": 0.009999999776482582,
        "loss": 0.027027027681469917,
        "name": "Y",
        "prediction": 1
      },
      "type": "integral"
    },
    "feature": 6,
    "name": "BareNuclei_1",
    "reference": 1,
    "relation": "==",
    "true": {
      "complexity": 0.009999999776482582,
      "loss": 0.0,
      "name": "Y",
      "prediction": 0
    },
    "type": "integral"
  },
  "feature": 9,
  "model_objective": 0.08702702075242996,
  "name": "NormalNucleoli_10",
  "reference": 1,
  "relation": "==",
  "true": {
    "complexity": 0.009999999776482582,
    "loss": 0.0,
    "name": "Y",
    "prediction": 1
  },
  "type": "integral"
}
{
  "false": {
    "false": {
      "false": {
        "false": {
          "false": {
            "complexity": 0.009999999776482582,
            "loss": 0.0,
            "name": "Y",
            "prediction": 1
          },
          "feature": 4,
          "name": "Adhesion_1",
          "reference": 1,
          "relation": "==",
          "true": {
            "complexity": 0.009999999776482582,
            "loss": 0.0,
            "name": "Y",
            "prediction": 0
          },
          "type": "integral"
        },
        "feature": 6,
        "name": "BareNuclei_1",
        "reference": 1,
        "relation": "==",
        "true": {
          "complexity": 0.009999999776482582,
          "loss": 0.0,
          "name": "Y",
          "prediction": 0
        },
        "type": "integral"
      },
      "feature": 5,
      "name": "SingleEpithelialCellSize_2",
      "reference": 1,
      "relation": "==",
      "true": {
        "complexity": 0.009999999776482582,
        "loss": 0.0,
        "name": "Y",
        "prediction": 0
      },
      "type": "integral"
    },
    "feature": 7,
    "name": "BareNuclei_10",
    "reference": 1,
    "relation": "==",
    "true": {
      "complexity": 0.009999999776482582,
      "loss": 0.027027027681469917,
      "name": "Y",
      "prediction": 1
    },
    "type": "integral"
  },
  "feature": 9,
  "model_objective": 0.08702702075242996,
  "name": "NormalNucleoli_10",
  "reference": 1,
  "relation": "==",
  "true": {
    "complexity": 0.009999999776482582,
    "loss": 0.0,
    "name": "Y",
    "prediction": 1
  },
  "type": "integral"
}
{
  "false": {
    "false": {
      "false": {
        "complexity": 0.009999999776482582,
        "loss": 0.0,
        "name": "Y",
        "prediction": 1
      },
      "feature": 8,
      "name": "NormalNucleoli_1",
      "reference": 1,
      "relation": "==",
      "true": {
        "complexity": 0.009999999776482582,
        "loss": 0.0,
        "name": "Y",
        "prediction": 0
      },
      "type": "integral"
    },
    "feature": 3,
    "name": "CellShape_1",
    "reference": 1,
    "relation": "==",
    "true": {
      "false": {
        "false": {
          "complexity": 0.009999999776482582,
          "loss": 0.0,
          "name": "Y",
          "prediction": 0
        },
        "feature": 8,
        "name": "NormalNucleoli_1",
        "reference": 1,
        "relation": "==",
        "true": {
          "complexity": 0.009999999776482582,
          "loss": 0.0,
          "name": "Y",
          "prediction": 1
        },
        "type": "integral"
      },
      "feature": 5,
      "name": "SingleEpithelialCellSize_2",
      "reference": 1,
      "relation": "==",
      "true": {
        "complexity": 0.009999999776482582,
        "loss": 0.0,
        "name": "Y",
        "prediction": 0
      },
      "type": "integral"
    },
    "type": "integral"
  },
  "feature": 7,
  "model_objective": 0.08702702075242996,
  "name": "BareNuclei_10",
  "reference": 1,
  "relation": "==",
  "true": {
    "complexity": 0.009999999776482582,
    "loss": 0.027027027681469917,
    "name": "Y",
    "prediction": 1
  },
  "type": "integral"
}
{
  "false": {
    "false": {
      "false": {
        "false": {
          "complexity": 0.009999999776482582,
          "loss": 0.0,
          "name": "Y",
          "prediction": 1
        },
        "feature": 5,
        "name": "SingleEpithelialCellSize_2",
        "reference": 1,
        "relation": "==",
        "true": {
          "complexity": 0.009999999776482582,
          "loss": 0.0,
          "name": "Y",
          "prediction": 0
        },
        "type": "integral"
      },
      "feature": 4,
      "name": "Adhesion_1",
      "reference": 1,
      "relation": "==",
      "true": {
        "complexity": 0.009999999776482582,
        "loss": 0.0,
        "name": "Y",
        "prediction": 0
      },
      "type": "integral"
    },
    "feature": 7,
    "name": "BareNuclei_10",
    "reference": 1,
    "relation": "==",
    "true": {
      "complexity": 0.009999999776482582,
      "loss": 0.027027027681469917,
      "name": "Y",
      "prediction": 1
    },
    "type": "integral"
  },
  "feature": 6,
  "model_objective": 0.08702702820301056,
  "name": "BareNuclei_1",
  "reference": 1,
  "relation": "==",
  "true": {
    "false": {
      "complexity": 0.009999999776482582,
      "loss": 0.0,
      "name": "Y",
      "prediction": 0
    },
    "feature": 9,
    "name": "NormalNucleoli_10",
    "reference": 1,
    "relation": "==",
    "true": {
      "complexity": 0.009999999776482582,
      "loss": 0.0,
      "name": "Y",
      "prediction": 1
    },
    "type": "integral"
  },
  "type": "integral"
}
{
  "false": {
    "false": {
      "false": {
        "complexity": 0.009999999776482582,
        "loss": 0.027027027681469917,
        "name": "Y",
        "prediction": 1
      },
      "feature": 8,
      "name": "NormalNucleoli_1",
      "reference": 1,
      "relation": "==",
      "true": {
        "complexity": 0.009999999776482582,
        "loss": 0.0,
        "name": "Y",
        "prediction": 0
      },
      "type": "integral"
    },
    "feature": 1,
    "name": "CellSize_1",
    "reference": 1,
    "relation": "==",
    "true": {
      "false": {
        "complexity": 0.009999999776482582,
        "loss": 0.0,
        "name": "Y",
        "prediction": 0
      },
      "feature": 8,
      "name": "NormalNucleoli_1",
      "reference": 1,
      "relation": "==",
      "true": {
        "complexity": 0.009999999776482582,
        "loss": 0.0,
        "name": "Y",
        "prediction": 1
      },
      "type": "integral"
    },
    "type": "integral"
  },
  "feature": 5,
  "model_objective": 0.08702702820301056,
  "name": "SingleEpithelialCellSize_2",
  "reference": 1,
  "relation": "==",
  "true": {
    "false": {
      "complexity": 0.009999999776482582,
      "loss": 0.0,
      "name": "Y",
      "prediction": 0
    },
    "feature": 7,
    "name": "BareNuclei_10",
    "reference": 1,
    "relation": "==",
    "true": {
      "complexity": 0.009999999776482582,
      "loss": 0.0,
      "name": "Y",
      "prediction": 1
    },
    "type": "integral"
  },
  "type": "integral"
}
{
  "false": {
    "false": {
      "false": {
        "complexity": 0.009999999776482582,
        "loss": 0.027027027681469917,
        "name": "Y",
        "prediction": 1
      },
      "feature": 3,
      "name": "CellShape_1",
      "reference": 1,
      "relation": "==",
      "true": {
        "complexity": 0.009999999776482582,
        "loss": 0.0,
        "name": "Y",
        "prediction": 0
      },
      "type": "integral"
    },
    "feature": 8,
    "name": "NormalNucleoli_1",
    "reference": 1,
    "relation": "==",
    "true": {
      "false": {
        "complexity": 0.009999999776482582,
        "loss": 0.0,
        "name": "Y",
        "prediction": 0
      },
      "feature": 1,
      "name": "CellSize_1",
      "reference": 1,
      "relation": "==",
      "true": {
        "complexity": 0.009999999776482582,
        "loss": 0.0,
        "name": "Y",
        "prediction": 1
      },
      "type": "integral"
    },
    "type": "integral"
  },
  "feature": 5,
  "model_objective": 0.08702702820301056,
  "name": "SingleEpithelialCellSize_2",
  "reference": 1,
  "relation": "==",
  "true": {
    "false": {
      "complexity": 0.009999999776482582,
      "loss": 0.0,
      "name": "Y",
      "prediction": 0
    },
    "feature": 7,
    "name": "BareNuclei_10",
    "reference": 1,
    "relation": "==",
    "true": {
      "complexity": 0.009999999776482582,
      "loss": 0.0,
      "name": "Y",
      "prediction": 1
    },
    "type": "integral"
  },
  "type": "integral"
}
{
  "false": {
    "false": {
      "false": {
        "false": {
          "complexity": 0.009999999776482582,
          "loss": 0.027027027681469917,
          "name": "Y",
          "prediction": 1
        },
        "feature": 4,
        "name": "Adhesion_1",
        "reference": 1,
        "relation": "==",
        "true": {
          "complexity": 0.009999999776482582,
          "loss": 0.0,
          "name": "Y",
          "prediction": 0
        },
        "type": "integral"
      },
      "feature": 6,
      "name": "BareNuclei_1",
      "reference": 1,
      "relation": "==",
      "true": {
        "complexity": 0.009999999776482582,
        "loss": 0.0,
        "name": "Y",
        "prediction": 0
      },
      "type": "integral"
    },
    "feature": 5,
    "name": "SingleEpithelialCellSize_2",
    "reference": 1,
    "relation": "==",
    "true": {
      "false": {
        "complexity": 0.009999999776482582,
        "loss": 0.0,
        "name": "Y",
        "prediction": 0
      },
      "feature": 7,
      "name": "BareNuclei_10",
      "reference": 1,
      "relation": "==",
      "true": {
        "complexity": 0.009999999776482582,
        "loss": 0.0,
        "name": "Y",
        "prediction": 1
      },
      "type": "integral"
    },
    "type": "integral"
  },
  "feature": 9,
  "model_objective": 0.08702702075242996,
  "name": "NormalNucleoli_10",
  "reference": 1,
  "relation": "==",
  "true": {
    "complexity": 0.009999999776482582,
    "loss": 0.0,
    "name": "Y",
    "prediction": 1
  },
  "type": "integral"
}
{
  "false": {
    "false": {
      "false": {
        "complexity": 0.009999999776482582,
        "loss": 0.027027027681469917,
        "name": "Y",
        "prediction": 1
      },
      "feature": 8,
      "name": "NormalNucleoli_1",
      "reference": 1,
      "relation": "==",
      "true": {
        "complexity": 0.009999999776482582,
        "loss": 0.0,
        "name": "Y",
        "prediction": 0
      },
      "type": "integral"
    },
    "feature": 3,
    "name": "CellShape_1",
    "reference": 1,
    "relation": "==",
    "true": {
      "false": {
        "complexity": 0.009999999776482582,
        "loss": 0.0,
        "name": "Y",
        "prediction": 1
      },
      "feature": 4,
      "name": "Adhesion_1",
      "reference": 1,
      "relation": "==",
      "true": {
        "complexity": 0.009999999776482582,
        "loss": 0.0,
        "name": "Y",
        "prediction": 0
      },
      "type": "integral"
    },
    "type": "integral"
  },
  "feature": 5,
  "model_objective": 0.08702702820301056,
  "name": "SingleEpithelialCellSize_2",
  "reference": 1,
  "relation": "==",
  "true": {
    "false": {
      "complexity": 0.009999999776482582,
      "loss": 0.0,
      "name": "Y",
      "prediction": 0
    },
    "feature": 7,
    "name": "BareNuclei_10",
    "reference": 1,
    "relation": "==",
    "true": {
      "complexity": 0.009999999776482582,
      "loss": 0.0,
      "name": "Y",
      "prediction": 1
    },
    "type": "integral"
  },
  "type": "integral"
}
{
  "false": {
    "false": {
      "false": {
        "false": {
          "complexity": 0.009999999776482582,
          "loss": 0.027027027681469917,
          "name": "Y",
          "prediction": 1
        },
        "feature": 6,
        "name": "BareNuclei_1",
        "reference": 1,
        "relation": "==",
        "true": {
          "complexity": 0.009999999776482582,
          "loss": 0.0,
          "name": "Y",
          "prediction": 0
        },
        "type": "integral"
      },
      "feature": 4,
      "name": "Adhesion_1",
      "reference": 1,
      "relation": "==",
      "true": {
        "complexity": 0.009999999776482582,
        "loss": 0.0,
        "name": "Y",
        "prediction": 0
      },
      "type": "integral"
    },
    "feature": 9,
    "name": "NormalNucleoli_10",
    "reference": 1,
    "relation": "==",
    "true": {
      "complexity": 0.009999999776482582,
      "loss": 0.0,
      "name": "Y",
      "prediction": 1
    },
    "type": "integral"
  },
  "feature": 5,
  "model_objective": 0.08702702820301056,
  "name": "SingleEpithelialCellSize_2",
  "reference": 1,
  "relation": "==",
  "true": {
    "false": {
      "complexity": 0.009999999776482582,
      "loss": 0.0,
      "name": "Y",
      "prediction": 0
    },
    "feature": 7,
    "name": "BareNuclei_10",
    "reference": 1,
    "relation": "==",
    "true": {
      "complexity": 0.009999999776482582,
      "loss": 0.0,
      "name": "Y",
      "prediction": 1
    },
    "type": "integral"
  },
  "type": "integral"
}
{
  "false": {
    "false": {
      "false": {
        "false": {
          "false": {
            "complexity": 0.009999999776482582,
            "loss": 0.0,
            "name": "Y",
            "prediction": 1
          },
          "feature": 4,
          "name": "Adhesion_1",
          "reference": 1,
          "relation": "==",
          "true": {
            "complexity": 0.009999999776482582,
            "loss": 0.0,
            "name": "Y",
            "prediction": 0
          },
          "type": "integral"
        },
        "feature": 5,
        "name": "SingleEpithelialCellSize_2",
        "reference": 1,
        "relation": "==",
        "true": {
          "complexity": 0.009999999776482582,
          "loss": 0.0,
          "name": "Y",
          "prediction": 0
        },
        "type": "integral"
      },
      "feature": 7,
      "name": "BareNuclei_10",
      "reference": 1,
      "relation": "==",
      "true": {
        "complexity": 0.009999999776482582,
        "loss": 0.027027027681469917,
        "name": "Y",
        "prediction": 1
      },
      "type": "integral"
    },
    "feature": 6,
    "name": "BareNuclei_1",
    "reference": 1,
    "relation": "==",
    "true": {
      "complexity": 0.009999999776482582,
      "loss": 0.0,
      "name": "Y",
      "prediction": 0
    },
    "type": "integral"
  },
  "feature": 9,
  "model_objective": 0.08702702075242996,
  "name": "NormalNucleoli_10",
  "reference": 1,
  "relation": "==",
  "true": {
    "complexity": 0.009999999776482582,
    "loss": 0.0,
    "name": "Y",
    "prediction": 1
  },
  "type": "integral"
}
{
  "false": {
    "false": {
      "false": {
        "complexity": 0.009999999776482582,
        "loss": 0.027027027681469917,
        "name": "Y",
        "prediction": 1
      },
      "feature": 8,
      "name": "NormalNucleoli_1",
      "reference": 1,
      "relation": "==",
      "true": {
        "complexity": 0.009999999776482582,
        "loss": 0.0,
        "name": "Y",
        "prediction": 0
      },
      "type": "integral"
    },
    "feature": 1,
    "name": "CellSize_1",
    "reference": 1,
    "relation": "==",
    "true": {
      "false": {
        "complexity": 0.009999999776482582,
        "loss": 0.0,
        "name": "Y",
        "prediction": 1
      },
      "feature": 4,
      "name": "Adhesion_1",
      "reference": 1,
      "relation": "==",
      "true": {
        "complexity": 0.009999999776482582,
        "loss": 0.0,
        "name": "Y",
        "prediction": 0
      },
      "type": "integral"
    },
    "type": "integral"
  },
  "feature": 5,
  "model_objective": 0.08702702820301056,
  "name": "SingleEpithelialCellSize_2",
  "reference": 1,
  "relation": "==",
  "true": {
    "false": {
      "complexity": 0.009999999776482582,
      "loss": 0.0,
      "name": "Y",
      "prediction": 0
    },
    "feature": 7,
    "name": "BareNuclei_10",
    "reference": 1,
    "relation": "==",
    "true": {
      "complexity": 0.009999999776482582,
      "loss": 0.0,
      "name": "Y",
      "prediction": 1
    },
    "type": "integral"
  },
  "type": "integral"
}
{
  "false": {
    "false": {
      "false": {
        "false": {
          "false": {
            "complexity": 0.009999999776482582,
            "loss": 0.0,
            "name": "Y",
            "prediction": 1
          },
          "feature": 4,
          "name": "Adhesion_1",
          "reference": 1,
          "relation": "==",
          "true": {
            "complexity": 0.009999999776482582,
            "loss": 0.0,
            "name": "Y",
            "prediction": 0
          },
          "type": "integral"
        },
        "feature": 6,
        "name": "BareNuclei_1",
        "reference": 1,
        "relation": "==",
        "true": {
          "complexity": 0.009999999776482582,
          "loss": 0.0,
          "name": "Y",
          "prediction": 0
        },
        "type": "integral"
      },
      "feature": 5,
      "name": "SingleEpithelialCellSize_2",
      "reference": 1,
      "relation": "==",
      "true": {
        "complexity": 0.009999999776482582,
        "loss": 0.0,
        "name": "Y",
        "prediction": 0
      },
      "type": "integral"
    },
    "feature": 9,
    "name": "NormalNucleoli_10",
    "reference": 1,
    "relation": "==",
    "true": {
      "complexity": 0.009999999776482582,
      "loss": 0.0,
      "name": "Y",
      "prediction": 1
    },
    "type": "integral"
  },
  "feature": 7,
  "model_objective": 0.08702702075242996,
  "name": "BareNuclei_10",
  "reference": 1,
  "relation": "==",
  "true": {
    "complexity": 0.009999999776482582,
    "loss": 0.027027027681469917,
    "name": "Y",
    "prediction": 1
  },
  "type": "integral"
}
{
  "false": {
    "false": {
      "false": {
        "complexity": 0.009999999776482582,
        "loss": 0.027027027681469917,
        "name": "Y",
        "prediction": 1
      },
      "feature": 4,
      "name": "Adhesion_1",
      "reference": 1,
      "relation": "==",
      "true": {
        "complexity": 0.009999999776482582,
        "loss": 0.0,
        "name": "Y",
        "prediction": 0
      },
      "type": "integral"
    },
    "feature": 6,
    "name": "BareNuclei_1",
    "reference": 1,
    "relation": "==",
    "true": {
      "false": {
        "complexity": 0.009999999776482582,
        "loss": 0.0,
        "name": "Y",
        "prediction": 0
      },
      "feature": 9,
      "name": "NormalNucleoli_10",
      "reference": 1,
      "relation": "==",
      "true": {
        "complexity": 0.009999999776482582,
        "loss": 0.0,
        "name": "Y",
        "prediction": 1
      },
      "type": "integral"
    },
    "type": "integral"
  },
  "feature": 5,
  "model_objective": 0.08702702820301056,
  "name": "SingleEpithelialCellSize_2",
  "reference": 1,
  "relation": "==",
  "true": {
    "false": {
      "complexity": 0.009999999776482582,
      "loss": 0.0,
      "name": "Y",
      "prediction": 0
    },
    "feature": 7,
    "name": "BareNuclei_10",
    "reference": 1,
    "relation": "==",
    "true": {
      "complexity": 0.009999999776482582,
      "loss": 0.0,
      "name": "Y",
      "prediction": 1
    },
    "type": "integral"
  },
  "type": "integral"
}
{
  "false": {
    "false": {
      "false": {
        "complexity": 0.009999999776482582,
        "loss": 0.027027027681469917,
        "name": "Y",
        "prediction": 1
      },
      "feature": 4,
      "name": "Adhesion_1",
      "reference": 1,
      "relation": "==",
      "true": {
        "complexity": 0.009999999776482582,
        "loss": 0.0,
        "name": "Y",
        "prediction": 0
      },
      "type": "integral"
    },
    "feature": 6,
    "name": "BareNuclei_1",
    "reference": 1,
    "relation": "==",
    "true": {
      "false": {
        "complexity": 0.009999999776482582,
        "loss": 0.0,
        "name": "Y",
        "prediction": 1
      },
      "feature": 8,
      "name": "NormalNucleoli_1",
      "reference": 1,
      "relation": "==",
      "true": {
        "complexity": 0.009999999776482582,
        "loss": 0.0,
        "name": "Y",
        "prediction": 0
      },
      "type": "integral"
    },
    "type": "integral"
  },
  "feature": 5,
  "model_objective": 0.08702702820301056,
  "name": "SingleEpithelialCellSize_2",
  "reference": 1,
  "relation": "==",
  "true": {
    "false": {
      "complexity": 0.009999999776482582,
      "loss": 0.0,
      "name": "Y",
      "prediction": 0
    },
    "feature": 7,
    "name": "BareNuclei_10",
    "reference": 1,
    "relation": "==",
    "true": {
      "complexity": 0.009999999776482582,
      "loss": 0.0,
      "name": "Y",
      "prediction": 1
    },
    "type": "integral"
  },
  "type": "integral"
}
{
  "false": {
    "false": {
      "false": {
        "complexity": 0.009999999776482582,
        "loss": 0.027027027681469917,
        "name": "Y",
        "prediction": 1
      },
      "feature": 3,
      "name": "CellShape_1",
      "reference": 1,
      "relation": "==",
      "true": {
        "complexity": 0.009999999776482582,
        "loss": 0.0,
        "name": "Y",
        "prediction": 0
      },
      "type": "integral"
    },
    "feature": 8,
    "name": "NormalNucleoli_1",
    "reference": 1,
    "relation": "==",
    "true": {
      "false": {
        "complexity": 0.009999999776482582,
        "loss": 0.0,
        "name": "Y",
        "prediction": 0
      },
      "feature": 3,
      "name": "CellShape_1",
      "reference": 1,
      "relation": "==",
      "true": {
        "complexity": 0.009999999776482582,
        "loss": 0.0,
        "name": "Y",
        "prediction": 1
      },
      "type": "integral"
    },
    "type": "integral"
  },
  "feature": 5,
  "model_objective": 0.08702702820301056,
  "name": "SingleEpithelialCellSize_2",
  "reference": 1,
  "relation": "==",
  "true": {
    "false": {
      "complexity": 0.009999999776482582,
      "loss": 0.0,
      "name": "Y",
      "prediction": 0
    },
    "feature": 7,
    "name": "BareNuclei_10",
    "reference": 1,
    "relation": "==",
    "true": {
      "complexity": 0.009999999776482582,
      "loss": 0.0,
      "name": "Y",
      "prediction": 1
    },
    "type": "integral"
  },
  "type": "integral"
}
{
  "false": {
    "false": {
      "false": {
        "complexity": 0.009999999776482582,
        "loss": 0.0,
        "name": "Y",
        "prediction": 1
      },
      "feature": 3,
      "name": "CellShape_1",
      "reference": 1,
      "relation": "==",
      "true": {
        "complexity": 0.009999999776482582,
        "loss": 0.0,
        "name": "Y",
        "prediction": 0
      },
      "type": "integral"
    },
    "feature": 8,
    "name": "NormalNucleoli_1",
    "reference": 1,
    "relation": "==",
    "true": {
      "false": {
        "false": {
          "complexity": 0.009999999776482582,
          "loss": 0.0,
          "name": "Y",
          "prediction": 0
        },
        "feature": 1,
        "name": "CellSize_1",
        "reference": 1,
        "relation": "==",
        "true": {
          "complexity": 0.009999999776482582,
          "loss": 0.0,
          "name": "Y",
          "prediction": 1
        },
        "type": "integral"
      },
      "feature": 5,
      "name": "SingleEpithelialCellSize_2",
      "reference": 1,
      "relation": "==",
      "true": {
        "complexity": 0.009999999776482582,
        "loss": 0.0,
        "name": "Y",
        "prediction": 0
      },
      "type": "integral"
    },
    "type": "integral"
  },
  "feature": 7,
  "model_objective": 0.08702702075242996,
  "name": "BareNuclei_10",
  "reference": 1,
  "relation": "==",
  "true": {
    "complexity": 0.009999999776482582,
    "loss": 0.027027027681469917,
    "name": "Y",
    "prediction": 1
  },
  "type": "integral"
}
{
  "false": {
    "false": {
      "false": {
        "false": {
          "false": {
            "complexity": 0.009999999776482582,
            "loss": 0.0,
            "name": "Y",
            "prediction": 1
          },
          "feature": 4,
          "name": "Adhesion_1",
          "reference": 1,
          "relation": "==",
          "true": {
            "complexity": 0.009999999776482582,
            "loss": 0.0,
            "name": "Y",
            "prediction": 0
          },
          "type": "integral"
        },
        "feature": 5,
        "name": "SingleEpithelialCellSize_2",
        "reference": 1,
        "relation": "==",
        "true": {
          "complexity": 0.009999999776482582,
          "loss": 0.0,
          "name": "Y",
          "prediction": 0
        },
        "type": "integral"
      },
      "feature": 6,
      "name": "BareNuclei_1",
      "reference": 1,
      "relation": "==",
      "true": {
        "complexity": 0.009999999776482582,
        "loss": 0.0,
        "name": "Y",
        "prediction": 0
      },
      "type": "integral"
    },
    "feature": 7,
    "name": "BareNuclei_10",
    "reference": 1,
    "relation": "==",
    "true": {
      "complexity": 0.009999999776482582,
      "loss": 0.027027027681469917,
      "name": "Y",
      "prediction": 1
    },
    "type": "integral"
  },
  "feature": 9,
  "model_objective": 0.08702702075242996,
  "name": "NormalNucleoli_10",
  "reference": 1,
  "relation": "==",
  "true": {
    "complexity": 0.009999999776482582,
    "loss": 0.0,
    "name": "Y",
    "prediction": 1
  },
  "type": "integral"
}
{
  "false": {
    "false": {
      "false": {
        "complexity": 0.009999999776482582,
        "loss": 0.0,
        "name": "Y",
        "prediction": 1
      },
      "feature": 8,
      "name": "NormalNucleoli_1",
      "reference": 1,
      "relation": "==",
      "true": {
        "complexity": 0.009999999776482582,
        "loss": 0.0,
        "name": "Y",
        "prediction": 0
      },
      "type": "integral"
    },
    "feature": 3,
    "name": "CellShape_1",
    "reference": 1,
    "relation": "==",
    "true": {
      "false": {
        "complexity": 0.009999999776482582,
        "loss": 0.0,
        "name": "Y",
        "prediction": 0
      },
      "feature": 8,
      "name": "NormalNucleoli_1",
      "reference": 1,
      "relation": "==",
      "true": {
        "false": {
          "complexity": 0.009999999776482582,
          "loss": 0.0,
          "name": "Y",
          "prediction": 1
        },
        "feature": 5,
        "name": "SingleEpithelialCellSize_2",
        "reference": 1,
        "relation": "==",
        "true": {
          "complexity": 0.009999999776482582,
          "loss": 0.0,
          "name": "Y",
          "prediction": 0
        },
        "type": "integral"
      },
      "type": "integral"
    },
    "type": "integral"
  },
  "feature": 7,
  "model_objective": 0.08702702075242996,
  "name": "BareNuclei_10",
  "reference": 1,
  "relation": "==",
  "true": {
    "complexity": 0.009999999776482582,
    "loss": 0.027027027681469917,
    "name": "Y",
    "prediction": 1
  },
  "type": "integral"
}
{
  "false": {
    "false": {
      "false": {
        "complexity": 0.009999999776482582,
        "loss": 0.027027027681469917,
        "name": "Y",
        "prediction": 1
      },
      "feature": 1,
      "name": "CellSize_1",
      "reference": 1,
      "relation": "==",
      "true": {
        "complexity": 0.009999999776482582,
        "loss": 0.0,
        "name": "Y",
        "prediction": 0
      },
      "type": "integral"
    },
    "feature": 8,
    "name": "NormalNucleoli_1",
    "reference": 1,
    "relation": "==",
    "true": {
      "false": {
        "complexity": 0.009999999776482582,
        "loss": 0.0,
        "name": "Y",
        "prediction": 0
      },
      "feature": 1,
      "name": "CellSize_1",
      "reference": 1,
      "relation": "==",
      "true": {
        "complexity": 0.009999999776482582,
        "loss": 0.0,
        "name": "Y",
        "prediction": 1
      },
      "type": "integral"
    },
    "type": "integral"
  },
  "feature": 5,
  "model_objective": 0.08702702820301056,
  "name": "SingleEpithelialCellSize_2",
  "reference": 1,
  "relation": "==",
  "true": {
    "false": {
      "complexity": 0.009999999776482582,
      "loss": 0.0,
      "name": "Y",
      "prediction": 0
    },
    "feature": 7,
    "name": "BareNuclei_10",
    "reference": 1,
    "relation": "==",
    "true": {
      "complexity": 0.009999999776482582,
      "loss": 0.0,
      "name": "Y",
      "prediction": 1
    },
    "type": "integral"
  },
  "type": "integral"
}
{
  "false": {
    "false": {
      "false": {
        "false": {
          "complexity": 0.009999999776482582,
          "loss": 0.0,
          "name": "Y",
          "prediction": 1
        },
        "feature": 8,
        "name": "NormalNucleoli_1",
        "reference": 1,
        "relation": "==",
        "true": {
          "complexity": 0.009999999776482582,
          "loss": 0.0,
          "name": "Y",
          "prediction": 0
        },
        "type": "integral"
      },
      "feature": 1,
      "name": "CellSize_1",
      "reference": 1,
      "relation": "==",
      "true": {
        "false": {
          "complexity": 0.009999999776482582,
          "loss": 0.0,
          "name": "Y",
          "prediction": 1
        },
        "feature": 4,
        "name": "Adhesion_1",
        "reference": 1,
        "relation": "==",
        "true": {
          "complexity": 0.009999999776482582,
          "loss": 0.0,
          "name": "Y",
          "prediction": 0
        },
        "type": "integral"
      },
      "type": "integral"
    },
    "feature": 5,
    "name": "SingleEpithelialCellSize_2",
    "reference": 1,
    "relation": "==",
    "true": {
      "complexity": 0.009999999776482582,
      "loss": 0.0,
      "name": "Y",
      "prediction": 0
    },
    "type": "integral"
  },
  "feature": 7,
  "model_objective": 0.08702702075242996,
  "name": "BareNuclei_10",
  "reference": 1,
  "relation": "==",
  "true": {
    "complexity": 0.009999999776482582,
    "loss": 0.027027027681469917,
    "name": "Y",
    "prediction": 1
  },
  "type": "integral"
}
{
  "false": {
    "false": {
      "false": {
        "false": {
          "complexity": 0.009999999776482582,
          "loss": 0.0,
          "name": "Y",
          "prediction": 1
        },
        "feature": 1,
        "name": "CellSize_1",
        "reference": 1,
        "relation": "==",
        "true": {
          "complexity": 0.009999999776482582,
          "loss": 0.0,
          "name": "Y",
          "prediction": 0
        },
        "type": "integral"
      },
      "feature": 8,
      "name": "NormalNucleoli_1",
      "reference": 1,
      "relation": "==",
      "true": {
        "false": {
          "complexity": 0.009999999776482582,
          "loss": 0.0,
          "name": "Y",
          "prediction": 0
        },
        "feature": 1,
        "name": "CellSize_1",
        "reference": 1,
        "relation": "==",
        "true": {
          "complexity": 0.009999999776482582,
          "loss": 0.0,
          "name": "Y",
          "prediction": 1
        },
        "type": "integral"
      },
      "type": "integral"
    },
    "feature": 5,
    "name": "SingleEpithelialCellSize_2",
    "reference": 1,
    "relation": "==",
    "true": {
      "complexity": 0.009999999776482582,
      "loss": 0.0,
      "name": "Y",
      "prediction": 0
    },
    "type": "integral"
  },
  "feature": 7,
  "model_objective": 0.08702702075242996,
  "name": "BareNuclei_10",
  "reference": 1,
  "relation": "==",
  "true": {
    "complexity": 0.009999999776482582,
    "loss": 0.027027027681469917,
    "name": "Y",
    "prediction": 1
  },
  "type": "integral"
}
{
  "false": {
    "false": {
      "false": {
        "complexity": 0.009999999776482582,
        "loss": 0.027027027681469917,
        "name": "Y",
        "prediction": 1
      },
      "feature": 8,
      "name": "NormalNucleoli_1",
      "reference": 1,
      "relation": "==",
      "true": {
        "complexity": 0.009999999776482582,
        "loss": 0.0,
        "name": "Y",
        "prediction": 0
      },
      "type": "integral"
    },
    "feature": 3,
    "name": "CellShape_1",
    "reference": 1,
    "relation": "==",
    "true": {
      "false": {
        "complexity": 0.009999999776482582,
        "loss": 0.0,
        "name": "Y",
        "prediction": 0
      },
      "feature": 8,
      "name": "NormalNucleoli_1",
      "reference": 1,
      "relation": "==",
      "true": {
        "complexity": 0.009999999776482582,
        "loss": 0.0,
        "name": "Y",
        "prediction": 1
      },
      "type": "integral"
    },
    "type": "integral"
  },
  "feature": 5,
  "model_objective": 0.08702702820301056,
  "name": "SingleEpithelialCellSize_2",
  "reference": 1,
  "relation": "==",
  "true": {
    "false": {
      "complexity": 0.009999999776482582,
      "loss": 0.0,
      "name": "Y",
      "prediction": 0
    },
    "feature": 7,
    "name": "BareNuclei_10",
    "reference": 1,
    "relation": "==",
    "true": {
      "complexity": 0.009999999776482582,
      "loss": 0.0,
      "name": "Y",
      "prediction": 1
    },
    "type": "integral"
  },
  "type": "integral"
}
{
  "false": {
    "false": {
      "false": {
        "false": {
          "false": {
            "complexity": 0.009999999776482582,
            "loss": 0.0,
            "name": "Y",
            "prediction": 1
          },
          "feature": 5,
          "name": "SingleEpithelialCellSize_2",
          "reference": 1,
          "relation": "==",
          "true": {
            "complexity": 0.009999999776482582,
            "loss": 0.0,
            "name": "Y",
            "prediction": 0
          },
          "type": "integral"
        },
        "feature": 4,
        "name": "Adhesion_1",
        "reference": 1,
        "relation": "==",
        "true": {
          "complexity": 0.009999999776482582,
          "loss": 0.0,
          "name": "Y",
          "prediction": 0
        },
        "type": "integral"
      },
      "feature": 6,
      "name": "BareNuclei_1",
      "reference": 1,
      "relation": "==",
      "true": {
        "complexity": 0.009999999776482582,
        "loss": 0.0,
        "name": "Y",
        "prediction": 0
      },
      "type": "integral"
    },
    "feature": 7,
    "name": "BareNuclei_10",
    "reference": 1,
    "relation": "==",
    "true": {
      "complexity": 0.009999999776482582,
      "loss": 0.027027027681469917,
      "name": "Y",
      "prediction": 1
    },
    "type": "integral"
  },
  "feature": 9,
  "model_objective": 0.08702702075242996,
  "name": "NormalNucleoli_10",
  "reference": 1,
  "relation": "==",
  "true": {
    "complexity": 0.009999999776482582,
    "loss": 0.0,
    "name": "Y",
    "prediction": 1
  },
  "type": "integral"
}
{
  "false": {
    "false": {
      "false": {
        "false": {
          "false": {
            "complexity": 0.009999999776482582,
            "loss": 0.0,
            "name": "Y",
            "prediction": 1
          },
          "feature": 5,
          "name": "SingleEpithelialCellSize_2",
          "reference": 1,
          "relation": "==",
          "true": {
            "complexity": 0.009999999776482582,
            "loss": 0.0,
            "name": "Y",
            "prediction": 0
          },
          "type": "integral"
        },
        "feature": 6,
        "name": "BareNuclei_1",
        "reference": 1,
        "relation": "==",
        "true": {
          "complexity": 0.009999999776482582,
          "loss": 0.0,
          "name": "Y",
          "prediction": 0
        },
        "type": "integral"
      },
      "feature": 4,
      "name": "Adhesion_1",
      "reference": 1,
      "relation": "==",
      "true": {
        "complexity": 0.009999999776482582,
        "loss": 0.0,
        "name": "Y",
        "prediction": 0
      },
      "type": "integral"
    },
    "feature": 9,
    "name": "NormalNucleoli_10",
    "reference": 1,
    "relation": "==",
    "true": {
      "complexity": 0.009999999776482582,
      "loss": 0.0,
      "name": "Y",
      "prediction": 1
    },
    "type": "integral"
  },
  "feature": 7,
  "model_objective": 0.08702702075242996,
  "name": "BareNuclei_10",
  "reference": 1,
  "relation": "==",
  "true": {
    "complexity": 0.009999999776482582,
    "loss": 0.027027027681469917,
    "name": "Y",
    "prediction": 1
  },
  "type": "integral"
}
{
  "false": {
    "false": {
      "false": {
        "complexity": 0.009999999776482582,
        "loss": 0.027027027681469917,
        "name": "Y",
        "prediction": 1
      },
      "feature": 1,
      "name": "CellSize_1",
      "reference": 1,
      "relation": "==",
      "true": {
        "complexity": 0.009999999776482582,
        "loss": 0.0,
        "name": "Y",
        "prediction": 0
      },
      "type": "integral"
    },
    "feature": 8,
    "name": "NormalNucleoli_1",
    "reference": 1,
    "relation": "==",
    "true": {
      "false": {
        "complexity": 0.009999999776482582,
        "loss": 0.0,
        "name": "Y",
        "prediction": 0
      },
      "feature": 3,
      "name": "CellShape_1",
      "reference": 1,
      "relation": "==",
      "true": {
        "complexity": 0.009999999776482582,
        "loss": 0.0,
        "name": "Y",
        "prediction": 1
      },
      "type": "integral"
    },
    "type": "integral"
  },
  "feature": 5,
  "model_objective": 0.08702702820301056,
  "name": "SingleEpithelialCellSize_2",
  "reference": 1,
  "relation": "==",
  "true": {
    "false": {
      "complexity": 0.009999999776482582,
      "loss": 0.0,
      "name": "Y",
      "prediction": 0
    },
    "feature": 7,
    "name": "BareNuclei_10",
    "reference": 1,
    "relation": "==",
    "true": {
      "complexity": 0.009999999776482582,
      "loss": 0.0,
      "name": "Y",
      "prediction": 1
    },
    "type": "integral"
  },
  "type": "integral"
}
{
  "false": {
    "false": {
      "false": {
        "false": {
          "complexity": 0.009999999776482582,
          "loss": 0.027027027681469917,
          "name": "Y",
          "prediction": 1
        },
        "feature": 4,
        "name": "Adhesion_1",
        "reference": 1,
        "relation": "==",
        "true": {
          "complexity": 0.009999999776482582,
          "loss": 0.0,
          "name": "Y",
          "prediction": 0
        },
        "type": "integral"
      },
      "feature": 6,
      "name": "BareNuclei_1",
      "reference": 1,
      "relation": "==",
      "true": {
        "complexity": 0.009999999776482582,
        "loss": 0.0,
        "name": "Y",
        "prediction": 0
      },
      "type": "integral"
    },
    "feature": 9,
    "name": "NormalNucleoli_10",
    "reference": 1,
    "relation": "==",
    "true": {
      "complexity": 0.009999999776482582,
      "loss": 0.0,
      "name": "Y",
      "prediction": 1
    },
    "type": "integral"
  },
  "feature": 5,
  "model_objective": 0.08702702820301056,
  "name": "SingleEpithelialCellSize_2",
  "reference": 1,
  "relation": "==",
  "true": {
    "false": {
      "complexity": 0.009999999776482582,
      "loss": 0.0,
      "name": "Y",
      "prediction": 0
    },
    "feature": 7,
    "name": "BareNuclei_10",
    "reference": 1,
    "relation": "==",
    "true": {
      "complexity": 0.009999999776482582,
      "loss": 0.0,
      "name": "Y",
      "prediction": 1
    },
    "type": "integral"
  },
  "type": "integral"
}
{
  "false": {
    "false": {
      "false": {
        "false": {
          "complexity": 0.009999999776482582,
          "loss": 0.0,
          "name": "Y",
          "prediction": 1
        },
        "feature": 4,
        "name": "Adhesion_1",
        "reference": 1,
        "relation": "==",
        "true": {
          "complexity": 0.009999999776482582,
          "loss": 0.0,
          "name": "Y",
          "prediction": 0
        },
        "type": "integral"
      },
      "feature": 5,
      "name": "SingleEpithelialCellSize_2",
      "reference": 1,
      "relation": "==",
      "true": {
        "complexity": 0.009999999776482582,
        "loss": 0.0,
        "name": "Y",
        "prediction": 0
      },
      "type": "integral"
    },
    "feature": 7,
    "name": "BareNuclei_10",
    "reference": 1,
    "relation": "==",
    "true": {
      "complexity": 0.009999999776482582,
      "loss": 0.027027027681469917,
      "name": "Y",
      "prediction": 1
    },
    "type": "integral"
  },
  "feature": 6,
  "model_objective": 0.08702702820301056,
  "name": "BareNuclei_1",
  "reference": 1,
  "relation": "==",
  "true": {
    "false": {
      "complexity": 0.009999999776482582,
      "loss": 0.0,
      "name": "Y",
      "prediction": 0
    },
    "feature": 9,
    "name": "NormalNucleoli_10",
    "reference": 1,
    "relation": "==",
    "true": {
      "complexity": 0.009999999776482582,
      "loss": 0.0,
      "name": "Y",
      "prediction": 1
    },
    "type": "integral"
  },
  "type": "integral"
}
{
  "false": {
    "false": {
      "false": {
        "complexity": 0.009999999776482582,
        "loss": 0.0,
        "name": "Y",
        "prediction": 1
      },
      "feature": 3,
      "name": "CellShape_1",
      "reference": 1,
      "relation": "==",
      "true": {
        "complexity": 0.009999999776482582,
        "loss": 0.0,
        "name": "Y",
        "prediction": 0
      },
      "type": "integral"
    },
    "feature": 8,
    "name": "NormalNucleoli_1",
    "reference": 1,
    "relation": "==",
    "true": {
      "false": {
        "complexity": 0.009999999776482582,
        "loss": 0.0,
        "name": "Y",
        "prediction": 0
      },
      "feature": 3,
      "name": "CellShape_1",
      "reference": 1,
      "relation": "==",
      "true": {
        "false": {
          "complexity": 0.009999999776482582,
          "loss": 0.0,
          "name": "Y",
          "prediction": 1
        },
        "feature": 5,
        "name": "SingleEpithelialCellSize_2",
        "reference": 1,
        "relation": "==",
        "true": {
          "complexity": 0.009999999776482582,
          "loss": 0.0,
          "name": "Y",
          "prediction": 0
        },
        "type": "integral"
      },
      "type": "integral"
    },
    "type": "integral"
  },
  "feature": 7,
  "model_objective": 0.08702702075242996,
  "name": "BareNuclei_10",
  "reference": 1,
  "relation": "==",
  "true": {
    "complexity": 0.009999999776482582,
    "loss": 0.027027027681469917,
    "name": "Y",
    "prediction": 1
  },
  "type": "integral"
}
{
  "false": {
    "false": {
      "false": {
        "complexity": 0.009999999776482582,
        "loss": 0.027027027681469917,
        "name": "Y",
        "prediction": 1
      },
      "feature": 4,
      "name": "Adhesion_1",
      "reference": 1,
      "relation": "==",
      "true": {
        "complexity": 0.009999999776482582,
        "loss": 0.0,
        "name": "Y",
        "prediction": 0
      },
      "type": "integral"
    },
    "feature": 5,
    "name": "SingleEpithelialCellSize_2",
    "reference": 1,
    "relation": "==",
    "true": {
      "false": {
        "complexity": 0.009999999776482582,
        "loss": 0.0,
        "name": "Y",
        "prediction": 0
      },
      "feature": 7,
      "name": "BareNuclei_10",
      "reference": 1,
      "relation": "==",
      "true": {
        "complexity": 0.009999999776482582,
        "loss": 0.0,
        "name": "Y",
        "prediction": 1
      },
      "type": "integral"
    },
    "type": "integral"
  },
  "feature": 6,
  "model_objective": 0.08702702820301056,
  "name": "BareNuclei_1",
  "reference": 1,
  "relation": "==",
  "true": {
    "false": {
      "complexity": 0.009999999776482582,
      "loss": 0.0,
      "name": "Y",
      "prediction": 0
    },
    "feature": 9,
    "name": "NormalNucleoli_10",
    "reference": 1,
    "relation": "==",
    "true": {
      "complexity": 0.009999999776482582,
      "loss": 0.0,
      "name": "Y",
      "prediction": 1
    },
    "type": "integral"
  },
  "type": "integral"
}
{
  "false": {
    "false": {
      "false": {
        "false": {
          "false": {
            "complexity": 0.009999999776482582,
            "loss": 0.0,
            "name": "Y",
            "prediction": 1
          },
          "feature": 6,
          "name": "BareNuclei_1",
          "reference": 1,
          "relation": "==",
          "true": {
            "complexity": 0.009999999776482582,
            "loss": 0.0,
            "name": "Y",
            "prediction": 0
          },
          "type": "integral"
        },
        "feature": 5,
        "name": "SingleEpithelialCellSize_2",
        "reference": 1,
        "relation": "==",
        "true": {
          "complexity": 0.009999999776482582,
          "loss": 0.0,
          "name": "Y",
          "prediction": 0
        },
        "type": "integral"
      },
      "feature": 4,
      "name": "Adhesion_1",
      "reference": 1,
      "relation": "==",
      "true": {
        "complexity": 0.009999999776482582,
        "loss": 0.0,
        "name": "Y",
        "prediction": 0
      },
      "type": "integral"
    },
    "feature": 9,
    "name": "NormalNucleoli_10",
    "reference": 1,
    "relation": "==",
    "true": {
      "complexity": 0.009999999776482582,
      "loss": 0.0,
      "name": "Y",
      "prediction": 1
    },
    "type": "integral"
  },
  "feature": 7,
  "model_objective": 0.08702702075242996,
  "name": "BareNuclei_10",
  "reference": 1,
  "relation": "==",
  "true": {
    "complexity": 0.009999999776482582,
    "loss": 0.027027027681469917,
    "name": "Y",
    "prediction": 1
  },
  "type": "integral"
}
{
  "false": {
    "false": {
      "false": {
        "complexity": 0.009999999776482582,
        "loss": 0.0,
        "name": "Y",
        "prediction": 1
      },
      "feature": 3,
      "name": "CellShape_1",
      "reference": 1,
      "relation": "==",
      "true": {
        "complexity": 0.009999999776482582,
        "loss": 0.0,
        "name": "Y",
        "prediction": 0
      },
      "type": "integral"
    },
    "feature": 8,
    "name": "NormalNucleoli_1",
    "reference": 1,
    "relation": "==",
    "true": {
      "false": {
        "false": {
          "complexity": 0.009999999776482582,
          "loss": 0.0,
          "name": "Y",
          "prediction": 0
        },
        "feature": 3,
        "name": "CellShape_1",
        "reference": 1,
        "relation": "==",
        "true": {
          "complexity": 0.009999999776482582,
          "loss": 0.0,
          "name": "Y",
          "prediction": 1
        },
        "type": "integral"
      },
      "feature": 5,
      "name": "SingleEpithelialCellSize_2",
      "reference": 1,
      "relation": "==",
      "true": {
        "complexity": 0.009999999776482582,
        "loss": 0.0,
        "name": "Y",
        "prediction": 0
      },
      "type": "integral"
    },
    "type": "integral"
  },
  "feature": 7,
  "model_objective": 0.08702702075242996,
  "name": "BareNuclei_10",
  "reference": 1,
  "relation": "==",
  "true": {
    "complexity": 0.009999999776482582,
    "loss": 0.027027027681469917,
    "name": "Y",
    "prediction": 1
  },
  "type": "integral"
}
{
  "false": {
    "false": {
      "false": {
        "false": {
          "complexity": 0.009999999776482582,
          "loss": 0.0,
          "name": "Y",
          "prediction": 1
        },
        "feature": 4,
        "name": "Adhesion_1",
        "reference": 1,
        "relation": "==",
        "true": {
          "complexity": 0.009999999776482582,
          "loss": 0.0,
          "name": "Y",
          "prediction": 0
        },
        "type": "integral"
      },
      "feature": 6,
      "name": "BareNuclei_1",
      "reference": 1,
      "relation": "==",
      "true": {
        "false": {
          "complexity": 0.009999999776482582,
          "loss": 0.0,
          "name": "Y",
          "prediction": 0
        },
        "feature": 9,
        "name": "NormalNucleoli_10",
        "reference": 1,
        "relation": "==",
        "true": {
          "complexity": 0.009999999776482582,
          "loss": 0.0,
          "name": "Y",
          "prediction": 1
        },
        "type": "integral"
      },
      "type": "integral"
    },
    "feature": 5,
    "name": "SingleEpithelialCellSize_2",
    "reference": 1,
    "relation": "==",
    "true": {
      "complexity": 0.009999999776482582,
      "loss": 0.0,
      "name": "Y",
      "prediction": 0
    },
    "type": "integral"
  },
  "feature": 7,
  "model_objective": 0.08702702075242996,
  "name": "BareNuclei_10",
  "reference": 1,
  "relation": "==",
  "true": {
    "complexity": 0.009999999776482582,
    "loss": 0.027027027681469917,
    "name": "Y",
    "prediction": 1
  },
  "type": "integral"
}
{
  "false": {
    "false": {
      "false": {
        "complexity": 0.009999999776482582,
        "loss": 0.0,
        "name": "Y",
        "prediction": 1
      },
      "feature": 3,
      "name": "CellShape_1",
      "reference": 1,
      "relation": "==",
      "true": {
        "complexity": 0.009999999776482582,
        "loss": 0.0,
        "name": "Y",
        "prediction": 0
      },
      "type": "integral"
    },
    "feature": 8,
    "name": "NormalNucleoli_1",
    "reference": 1,
    "relation": "==",
    "true": {
      "false": {
        "complexity": 0.009999999776482582,
        "loss": 0.0,
        "name": "Y",
        "prediction": 0
      },
      "feature": 1,
      "name": "CellSize_1",
      "reference": 1,
      "relation": "==",
      "true": {
        "false": {
          "complexity": 0.009999999776482582,
          "loss": 0.0,
          "name": "Y",
          "prediction": 1
        },
        "feature": 5,
        "name": "SingleEpithelialCellSize_2",
        "reference": 1,
        "relation": "==",
        "true": {
          "complexity": 0.009999999776482582,
          "loss": 0.0,
          "name": "Y",
          "prediction": 0
        },
        "type": "integral"
      },
      "type": "integral"
    },
    "type": "integral"
  },
  "feature": 7,
  "model_objective": 0.08702702075242996,
  "name": "BareNuclei_10",
  "reference": 1,
  "relation": "==",
  "true": {
    "complexity": 0.009999999776482582,
    "loss": 0.027027027681469917,
    "name": "Y",
    "prediction": 1
  },
  "type": "integral"
}
{
  "false": {
    "false": {
      "false": {
        "false": {
          "complexity": 0.009999999776482582,
          "loss": 0.0,
          "name": "Y",
          "prediction": 1
        },
        "feature": 5,
        "name": "SingleEpithelialCellSize_2",
        "reference": 1,
        "relation": "==",
        "true": {
          "complexity": 0.009999999776482582,
          "loss": 0.0,
          "name": "Y",
          "prediction": 0
        },
        "type": "integral"
      },
      "feature": 4,
      "name": "Adhesion_1",
      "reference": 1,
      "relation": "==",
      "true": {
        "complexity": 0.009999999776482582,
        "loss": 0.0,
        "name": "Y",
        "prediction": 0
      },
      "type": "integral"
    },
    "feature": 6,
    "name": "BareNuclei_1",
    "reference": 1,
    "relation": "==",
    "true": {
      "false": {
        "complexity": 0.009999999776482582,
        "loss": 0.0,
        "name": "Y",
        "prediction": 0
      },
      "feature": 9,
      "name": "NormalNucleoli_10",
      "reference": 1,
      "relation": "==",
      "true": {
        "complexity": 0.009999999776482582,
        "loss": 0.0,
        "name": "Y",
        "prediction": 1
      },
      "type": "integral"
    },
    "type": "integral"
  },
  "feature": 7,
  "model_objective": 0.08702702075242996,
  "name": "BareNuclei_10",
  "reference": 1,
  "relation": "==",
  "true": {
    "complexity": 0.009999999776482582,
    "loss": 0.027027027681469917,
    "name": "Y",
    "prediction": 1
  },
  "type": "integral"
}
{
  "false": {
    "false": {
      "false": {
        "false": {
          "false": {
            "complexity": 0.009999999776482582,
            "loss": 0.0,
            "name": "Y",
            "prediction": 1
          },
          "feature": 6,
          "name": "BareNuclei_1",
          "reference": 1,
          "relation": "==",
          "true": {
            "complexity": 0.009999999776482582,
            "loss": 0.0,
            "name": "Y",
            "prediction": 0
          },
          "type": "integral"
        },
        "feature": 4,
        "name": "Adhesion_1",
        "reference": 1,
        "relation": "==",
        "true": {
          "complexity": 0.009999999776482582,
          "loss": 0.0,
          "name": "Y",
          "prediction": 0
        },
        "type": "integral"
      },
      "feature": 5,
      "name": "SingleEpithelialCellSize_2",
      "reference": 1,
      "relation": "==",
      "true": {
        "complexity": 0.009999999776482582,
        "loss": 0.0,
        "name": "Y",
        "prediction": 0
      },
      "type": "integral"
    },
    "feature": 7,
    "name": "BareNuclei_10",
    "reference": 1,
    "relation": "==",
    "true": {
      "complexity": 0.009999999776482582,
      "loss": 0.027027027681469917,
      "name": "Y",
      "prediction": 1
    },
    "type": "integral"
  },
  "feature": 9,
  "model_objective": 0.08702702075242996,
  "name": "NormalNucleoli_10",
  "reference": 1,
  "relation": "==",
  "true": {
    "complexity": 0.009999999776482582,
    "loss": 0.0,
    "name": "Y",
    "prediction": 1
  },
  "type": "integral"
}
{
  "false": {
    "false": {
      "false": {
        "false": {
          "complexity": 0.009999999776482582,
          "loss": 0.0,
          "name": "Y",
          "prediction": 1
        },
        "feature": 8,
        "name": "NormalNucleoli_1",
        "reference": 1,
        "relation": "==",
        "true": {
          "complexity": 0.009999999776482582,
          "loss": 0.0,
          "name": "Y",
          "prediction": 0
        },
        "type": "integral"
      },
      "feature": 3,
      "name": "CellShape_1",
      "reference": 1,
      "relation": "==",
      "true": {
        "false": {
          "complexity": 0.009999999776482582,
          "loss": 0.0,
          "name": "Y",
          "prediction": 1
        },
        "feature": 4,
        "name": "Adhesion_1",
        "reference": 1,
        "relation": "==",
        "true": {
          "complexity": 0.009999999776482582,
          "loss": 0.0,
          "name": "Y",
          "prediction": 0
        },
        "type": "integral"
      },
      "type": "integral"
    },
    "feature": 5,
    "name": "SingleEpithelialCellSize_2",
    "reference": 1,
    "relation": "==",
    "true": {
      "complexity": 0.009999999776482582,
      "loss": 0.0,
      "name": "Y",
      "prediction": 0
    },
    "type": "integral"
  },
  "feature": 7,
  "model_objective": 0.08702702075242996,
  "name": "BareNuclei_10",
  "reference": 1,
  "relation": "==",
  "true": {
    "complexity": 0.009999999776482582,
    "loss": 0.027027027681469917,
    "name": "Y",
    "prediction": 1
  },
  "type": "integral"
}
{
  "false": {
    "false": {
      "false": {
        "false": {
          "complexity": 0.009999999776482582,
          "loss": 0.0,
          "name": "Y",
          "prediction": 1
        },
        "feature": 3,
        "name": "CellShape_1",
        "reference": 1,
        "relation": "==",
        "true": {
          "complexity": 0.009999999776482582,
          "loss": 0.0,
          "name": "Y",
          "prediction": 0
        },
        "type": "integral"
      },
      "feature": 8,
      "name": "NormalNucleoli_1",
      "reference": 1,
      "relation": "==",
      "true": {
        "false": {
          "complexity": 0.009999999776482582,
          "loss": 0.0,
          "name": "Y",
          "prediction": 0
        },
        "feature": 3,
        "name": "CellShape_1",
        "reference": 1,
        "relation": "==",
        "true": {
          "complexity": 0.009999999776482582,
          "loss": 0.0,
          "name": "Y",
          "prediction": 1
        },
        "type": "integral"
      },
      "type": "integral"
    },
    "feature": 5,
    "name": "SingleEpithelialCellSize_2",
    "reference": 1,
    "relation": "==",
    "true": {
      "complexity": 0.009999999776482582,
      "loss": 0.0,
      "name": "Y",
      "prediction": 0
    },
    "type": "integral"
  },
  "feature": 7,
  "model_objective": 0.08702702075242996,
  "name": "BareNuclei_10",
  "reference": 1,
  "relation": "==",
  "true": {
    "complexity": 0.009999999776482582,
    "loss": 0.027027027681469917,
    "name": "Y",
    "prediction": 1
  },
  "type": "integral"
}
{
  "false": {
    "false": {
      "false": {
        "false": {
          "false": {
            "complexity": 0.009999999776482582,
            "loss": 0.0,
            "name": "Y",
            "prediction": 1
          },
          "feature": 6,
          "name": "BareNuclei_1",
          "reference": 1,
          "relation": "==",
          "true": {
            "complexity": 0.009999999776482582,
            "loss": 0.0,
            "name": "Y",
            "prediction": 0
          },
          "type": "integral"
        },
        "feature": 4,
        "name": "Adhesion_1",
        "reference": 1,
        "relation": "==",
        "true": {
          "complexity": 0.009999999776482582,
          "loss": 0.0,
          "name": "Y",
          "prediction": 0
        },
        "type": "integral"
      },
      "feature": 5,
      "name": "SingleEpithelialCellSize_2",
      "reference": 1,
      "relation": "==",
      "true": {
        "complexity": 0.009999999776482582,
        "loss": 0.0,
        "name": "Y",
        "prediction": 0
      },
      "type": "integral"
    },
    "feature": 9,
    "name": "NormalNucleoli_10",
    "reference": 1,
    "relation": "==",
    "true": {
      "complexity": 0.009999999776482582,
      "loss": 0.0,
      "name": "Y",
      "prediction": 1
    },
    "type": "integral"
  },
  "feature": 7,
  "model_objective": 0.08702702075242996,
  "name": "BareNuclei_10",
  "reference": 1,
  "relation": "==",
  "true": {
    "complexity": 0.009999999776482582,
    "loss": 0.027027027681469917,
    "name": "Y",
    "prediction": 1
  },
  "type": "integral"
}
{
  "false": {
    "false": {
      "false": {
        "complexity": 0.009999999776482582,
        "loss": 0.0,
        "name": "Y",
        "prediction": 1
      },
      "feature": 8,
      "name": "NormalNucleoli_1",
      "reference": 1,
      "relation": "==",
      "true": {
        "complexity": 0.009999999776482582,
        "loss": 0.0,
        "name": "Y",
        "prediction": 0
      },
      "type": "integral"
    },
    "feature": 3,
    "name": "CellShape_1",
    "reference": 1,
    "relation": "==",
    "true": {
      "false": {
        "false": {
          "complexity": 0.009999999776482582,
          "loss": 0.0,
          "name": "Y",
          "prediction": 1
        },
        "feature": 4,
        "name": "Adhesion_1",
        "reference": 1,
        "relation": "==",
        "true": {
          "complexity": 0.009999999776482582,
          "loss": 0.0,
          "name": "Y",
          "prediction": 0
        },
        "type": "integral"
      },
      "feature": 6,
      "name": "BareNuclei_1",
      "reference": 1,
      "relation": "==",
      "true": {
        "complexity": 0.009999999776482582,
        "loss": 0.0,
        "name": "Y",
        "prediction": 0
      },
      "type": "integral"
    },
    "type": "integral"
  },
  "feature": 7,
  "model_objective": 0.08702702075242996,
  "name": "BareNuclei_10",
  "reference": 1,
  "relation": "==",
  "true": {
    "complexity": 0.009999999776482582,
    "loss": 0.027027027681469917,
    "name": "Y",
    "prediction": 1
  },
  "type": "integral"
}
{
  "false": {
    "false": {
      "false": {
        "false": {
          "false": {
            "complexity": 0.009999999776482582,
            "loss": 0.0,
            "name": "Y",
            "prediction": 1
          },
          "feature": 5,
          "name": "SingleEpithelialCellSize_2",
          "reference": 1,
          "relation": "==",
          "true": {
            "complexity": 0.009999999776482582,
            "loss": 0.0,
            "name": "Y",
            "prediction": 0
          },
          "type": "integral"
        },
        "feature": 4,
        "name": "Adhesion_1",
        "reference": 1,
        "relation": "==",
        "true": {
          "complexity": 0.009999999776482582,
          "loss": 0.0,
          "name": "Y",
          "prediction": 0
        },
        "type": "integral"
      },
      "feature": 6,
      "name": "BareNuclei_1",
      "reference": 1,
      "relation": "==",
      "true": {
        "complexity": 0.009999999776482582,
        "loss": 0.0,
        "name": "Y",
        "prediction": 0
      },
      "type": "integral"
    },
    "feature": 9,
    "name": "NormalNucleoli_10",
    "reference": 1,
    "relation": "==",
    "true": {
      "complexity": 0.009999999776482582,
      "loss": 0.0,
      "name": "Y",
      "prediction": 1
    },
    "type": "integral"
  },
  "feature": 7,
  "model_objective": 0.08702702075242996,
  "name": "BareNuclei_10",
  "reference": 1,
  "relation": "==",
  "true": {
    "complexity": 0.009999999776482582,
    "loss": 0.027027027681469917,
    "name": "Y",
    "prediction": 1
  },
  "type": "integral"
}
{
  "false": {
    "false": {
      "false": {
        "false": {
          "false": {
            "complexity": 0.009999999776482582,
            "loss": 0.0,
            "name": "Y",
            "prediction": 1
          },
          "feature": 4,
          "name": "Adhesion_1",
          "reference": 1,
          "relation": "==",
          "true": {
            "complexity": 0.009999999776482582,
            "loss": 0.0,
            "name": "Y",
            "prediction": 0
          },
          "type": "integral"
        },
        "feature": 5,
        "name": "SingleEpithelialCellSize_2",
        "reference": 1,
        "relation": "==",
        "true": {
          "complexity": 0.009999999776482582,
          "loss": 0.0,
          "name": "Y",
          "prediction": 0
        },
        "type": "integral"
      },
      "feature": 6,
      "name": "BareNuclei_1",
      "reference": 1,
      "relation": "==",
      "true": {
        "complexity": 0.009999999776482582,
        "loss": 0.0,
        "name": "Y",
        "prediction": 0
      },
      "type": "integral"
    },
    "feature": 9,
    "name": "NormalNucleoli_10",
    "reference": 1,
    "relation": "==",
    "true": {
      "complexity": 0.009999999776482582,
      "loss": 0.0,
      "name": "Y",
      "prediction": 1
    },
    "type": "integral"
  },
  "feature": 7,
  "model_objective": 0.08702702075242996,
  "name": "BareNuclei_10",
  "reference": 1,
  "relation": "==",
  "true": {
    "complexity": 0.009999999776482582,
    "loss": 0.027027027681469917,
    "name": "Y",
    "prediction": 1
  },
  "type": "integral"
}
