null
Finding Optimal Objective...
{
  "false": {
    "false": {
      "complexity": 0.009999999776482582,
      "loss": 0.0,
      "name": "Y",
      "prediction": 1
    },
    "feature": 1,
    "name": "CellSize_1",
    "reference": 1,
    "relation": "==",
    "true": {
      "complexity": 0.009999999776482582,
      "loss": 0.0,
      "name": "Y",
      "prediction": 0
    },
    "type": "integral"
  },
  "feature": 6,
  "model_objective": 0.029999999329447746,
  "name": "BareNuclei_1",
  "reference": 1,
  "relation": "==",
  "true": {
    "complexity": 0.009999999776482582,
    "loss": 0.0,
    "name": "Y",
    "prediction": 0
  },
  "type": "integral"
}
{
  "false": {
    "false": {
      "complexity": 0.009999999776482582,
      "loss": 0.0,
      "name": "Y",
      "prediction": 1
    },
    "feature": 1,
    "name": "CellSize_1",
    "reference": 1,
    "relation": "==",
    "true": {
      "complexity": 0.009999999776482582,
      "loss": 0.0,
      "name": "Y",
      "prediction": 0
    },
    "type": "integral"
  },
  "feature": 3,
  "model_objective": 0.029999999329447746,
  "name": "CellShape_1",
  "reference": 1,
  "relation": "==",
  "true": {
    "complexity": 0.009999999776482582,
    "loss": 0.0,
    "name": "Y",
    "prediction": 0
  },
  "type": "integral"
}
{
  "false": {
    "false": {
      "complexity": 0.009999999776482582,
      "loss": 0.0,
      "name": "Y",
      "prediction": 1
    },
    "feature": 3,
    "name": "CellShape_1",
    "reference": 1,
    "relation": "==",
    "true": {
      "complexity": 0.009999999776482582,
      "loss": 0.0,
      "name": "Y",
      "prediction": 0
    },
    "type": "integral"
  },
  "feature": 6,
  "model_objective": 0.029999999329447746,
  "name": "BareNuclei_1",
  "reference": 1,
  "relation": "==",
  "true": {
    "complexity": 0.009999999776482582,
    "loss": 0.0,
    "name": "Y",
    "prediction": 0
  },
  "type": "integral"
}
{
  "false": {
    "false": {
      "complexity": 0.009999999776482582,
      "loss": 0.0,
      "name": "Y",
      "prediction": 1
    },
    "feature": 6,
    "name": "BareNuclei_1",
    "reference": 1,
    "relation": "==",
    "true": {
      "complexity": 0.009999999776482582,
      "loss": 0.0,
      "name": "Y",
      "prediction": 0
    },
    "type": "integral"
  },
  "feature": 3,
  "model_objective": 0.029999999329447746,
  "name": "CellShape_1",
  "reference": 1,
  "relation": "==",
  "true": {
    "complexity": 0.009999999776482582,
    "loss": 0.0,
    "name": "Y",
    "prediction": 0
  },
  "type": "integral"
}
{
  "false": {
    "false": {
      "complexity": 0.009999999776482582,
      "loss": 0.0,
      "name": "Y",
      "prediction": 1
    },
    "feature": 3,
    "name": "CellShape_1",
    "reference": 1,
    "relation": "==",
    "true": {
      "complexity": 0.009999999776482582,
      "loss": 0.0,
      "name": "Y",
      "prediction": 0
    },
    "type": "integral"
  },
  "feature": 1,
  "model_objective": 0.029999999329447746,
  "name": "CellSize_1",
  "reference": 1,
  "relation": "==",
  "true": {
    "complexity": 0.009999999776482582,
    "loss": 0.0,
    "name": "Y",
    "prediction": 0
  },
  "type": "integral"
}
{
  "false": {
    "false": {
      "complexity": 0.009999999776482582,
      "loss": 0.0,
      "name": "Y",
      "prediction": 1
    },
    "feature": 6,
    "name": "BareNuclei_1",
    "reference": 1,
    "relation": "==",
    "true": {
      "complexity": 0.009999999776482582,
      "loss": 0.0,
      "name": "Y",
      "prediction": 0
    },
    "type": "integral"
  },
  "feature": 1,
  "model_objective": 0.029999999329447746,
  "name": "CellSize_1",
  "reference": 1,
  "relation": "==",
  "true": {
    "complexity": 0.009999999776482582,
    "loss": 0.0,
    "name": "Y",
    "prediction": 0
  },
  "type": "integral"
}
null
Finding Optimal Objective...
{
  "false": {
    "false": {
      "false": {
        "complexity": 0.009999999776482582,
        "loss": 0.0,
        "name": "Y",
        "prediction": 1
      },
      "feature": 6,
      "name": "BareNuclei_1",
      "reference": 1,
      "relation": "==",
      "true": {
        "complexity": 0.009999999776482582,
        "loss": 0.0,
        "name": "Y",
        "prediction": 0
      },
      "type": "integral"
    },
    "feature": 1,
    "name": "CellSize_1",
    "reference": 1,
    "relation": "==",
    "true": {
      "complexity": 0.009999999776482582,
      "loss": 0.0,
      "name": "Y",
      "prediction": 0
    },
    "type": "integral"
  },
  "feature": 7,
  "model_objective": 0.03999999910593033,
  "name": "BareNuclei_10",
  "reference": 1,
  "relation": "==",
  "true": {
    "complexity": 0.009999999776482582,
    "loss": 0.0,
    "name": "Y",
    "prediction": 1
  },
  "type": "integral"
}
{
  "false": {
    "false": {
      "false": {
        "complexity": 0.009999999776482582,
        "loss": 0.0,
        "name": "Y",
        "prediction": 1
      },
      "feature": 6,
      "name": "BareNuclei_1",
      "reference": 1,
      "relation": "==",
      "true": {
        "complexity": 0.009999999776482582,
        "loss": 0.0,
        "name": "Y",
        "prediction": 0
      },
      "type": "integral"
    },
    "feature": 3,
    "name": "CellShape_1",
    "reference": 1,
    "relation": "==",
    "true": {
      "complexity": 0.009999999776482582,
      "loss": 0.0,
      "name": "Y",
      "prediction": 0
    },
    "type": "integral"
  },
  "feature": 7,
  "model_objective": 0.03999999910593033,
  "name": "BareNuclei_10",
  "reference": 1,
  "relation": "==",
  "true": {
    "complexity": 0.009999999776482582,
    "loss": 0.0,
    "name": "Y",
    "prediction": 1
  },
  "type": "integral"
}
{
  "false": {
    "false": {
      "complexity": 0.009999999776482582,
      "loss": 0.0,
      "name": "Y",
      "prediction": 1
    },
    "feature": 6,
    "name": "BareNuclei_1",
    "reference": 1,
    "relation": "==",
    "true": {
      "complexity": 0.009999999776482582,
      "loss": 0.0,
      "name": "Y",
      "prediction": 0
    },
    "type": "integral"
  },
  "feature": 1,
  "model_objective": 0.03999999910593033,
  "name": "CellSize_1",
  "reference": 1,
  "relation": "==",
  "true": {
    "false": {
      "complexity": 0.009999999776482582,
      "loss": 0.0,
      "name": "Y",
      "prediction": 0
    },
    "feature": 7,
    "name": "BareNuclei_10",
    "reference": 1,
    "relation": "==",
    "true": {
      "complexity": 0.009999999776482582,
      "loss": 0.0,
      "name": "Y",
      "prediction": 1
    },
    "type": "integral"
  },
  "type": "integral"
}
{
  "false": {
    "false": {
      "complexity": 0.009999999776482582,
      "loss": 0.0,
      "name": "Y",
      "prediction": 1
    },
    "feature": 1,
    "name": "CellSize_1",
    "reference": 1,
    "relation": "==",
    "true": {
      "false": {
        "complexity": 0.009999999776482582,
        "loss": 0.0,
        "name": "Y",
        "prediction": 0
      },
      "feature": 7,
      "name": "BareNuclei_10",
      "reference": 1,
      "relation": "==",
      "true": {
        "complexity": 0.009999999776482582,
        "loss": 0.0,
        "name": "Y",
        "prediction": 1
      },
      "type": "integral"
    },
    "type": "integral"
  },
  "feature": 6,
  "model_objective": 0.03999999910593033,
  "name": "BareNuclei_1",
  "reference": 1,
  "relation": "==",
  "true": {
    "complexity": 0.009999999776482582,
    "loss": 0.0,
    "name": "Y",
    "prediction": 0
  },
  "type": "integral"
}
{
  "false": {
    "false": {
      "complexity": 0.009999999776482582,
      "loss": 0.0,
      "name": "Y",
      "prediction": 1
    },
    "feature": 6,
    "name": "BareNuclei_1",
    "reference": 1,
    "relation": "==",
    "true": {
      "complexity": 0.009999999776482582,
      "loss": 0.0,
      "name": "Y",
      "prediction": 0
    },
    "type": "integral"
  },
  "feature": 3,
  "model_objective": 0.03999999910593033,
  "name": "CellShape_1",
  "reference": 1,
  "relation": "==",
  "true": {
    "false": {
      "complexity": 0.009999999776482582,
      "loss": 0.0,
      "name": "Y",
      "prediction": 0
    },
    "feature": 7,
    "name": "BareNuclei_10",
    "reference": 1,
    "relation": "==",
    "true": {
      "complexity": 0.009999999776482582,
      "loss": 0.0,
      "name": "Y",
      "prediction": 1
    },
    "type": "integral"
  },
  "type": "integral"
}
{
  "false": {
    "false": {
      "complexity": 0.009999999776482582,
      "loss": 0.0,
      "name": "Y",
      "prediction": 1
    },
    "feature": 3,
    "name": "CellShape_1",
    "reference": 1,
    "relation": "==",
    "true": {
      "false": {
        "complexity": 0.009999999776482582,
        "loss": 0.0,
        "name": "Y",
        "prediction": 0
      },
      "feature": 0,
      "name": "ClumpThickness_10",
      "reference": 1,
      "relation": "==",
      "true": {
        "complexity": 0.009999999776482582,
        "loss": 0.0,
        "name": "Y",
        "prediction": 1
      },
      "type": "integral"
    },
    "type": "integral"
  },
  "feature": 6,
  "model_objective": 0.03999999910593033,
  "name": "BareNuclei_1",
  "reference": 1,
  "relation": "==",
  "true": {
    "complexity": 0.009999999776482582,
    "loss": 0.0,
    "name": "Y",
    "prediction": 0
  },
  "type": "integral"
}
{
  "false": {
    "false": {
      "false": {
        "complexity": 0.009999999776482582,
        "loss": 0.0,
        "name": "Y",
        "prediction": 1
      },
      "feature": 1,
      "name": "CellSize_1",
      "reference": 1,
      "relation": "==",
      "true": {
        "complexity": 0.009999999776482582,
        "loss": 0.0,
        "name": "Y",
        "prediction": 0
      },
      "type": "integral"
    },
    "feature": 7,
    "name": "BareNuclei_10",
    "reference": 1,
    "relation": "==",
    "true": {
      "complexity": 0.009999999776482582,
      "loss": 0.0,
      "name": "Y",
      "prediction": 1
    },
    "type": "integral"
  },
  "feature": 6,
  "model_objective": 0.03999999910593033,
  "name": "BareNuclei_1",
  "reference": 1,
  "relation": "==",
  "true": {
    "complexity": 0.009999999776482582,
    "loss": 0.0,
    "name": "Y",
    "prediction": 0
  },
  "type": "integral"
}
{
  "false": {
    "false": {
      "complexity": 0.009999999776482582,
      "loss": 0.0,
      "name": "Y",
      "prediction": 1
    },
    "feature": 3,
    "name": "CellShape_1",
    "reference": 1,
    "relation": "==",
    "true": {
      "false": {
        "complexity": 0.009999999776482582,
        "loss": 0.0,
        "name": "Y",
        "prediction": 0
      },
      "feature": 7,
      "name": "BareNuclei_10",
      "reference": 1,
      "relation": "==",
      "true": {
        "complexity": 0.009999999776482582,
        "loss": 0.0,
        "name": "Y",
        "prediction": 1
      },
      "type": "integral"
    },
    "type": "integral"
  },
  "feature": 6,
  "model_objective": 0.03999999910593033,
  "name": "BareNuclei_1",
  "reference": 1,
  "relation": "==",
  "true": {
    "complexity": 0.009999999776482582,
    "loss": 0.0,
    "name": "Y",
    "prediction": 0
  },
  "type": "integral"
}
{
  "false": {
    "false": {
      "false": {
        "complexity": 0.009999999776482582,
        "loss": 0.0,
        "name": "Y",
        "prediction": 1
      },
      "feature": 1,
      "name": "CellSize_1",
      "reference": 1,
      "relation": "==",
      "true": {
        "complexity": 0.009999999776482582,
        "loss": 0.0,
        "name": "Y",
        "prediction": 0
      },
      "type": "integral"
    },
    "feature": 6,
    "name": "BareNuclei_1",
    "reference": 1,
    "relation": "==",
    "true": {
      "complexity": 0.009999999776482582,
      "loss": 0.0,
      "name": "Y",
      "prediction": 0
    },
    "type": "integral"
  },
  "feature": 7,
  "model_objective": 0.03999999910593033,
  "name": "BareNuclei_10",
  "reference": 1,
  "relation": "==",
  "true": {
    "complexity": 0.009999999776482582,
    "loss": 0.0,
    "name": "Y",
    "prediction": 1
  },
  "type": "integral"
}
{
  "false": {
    "false": {
      "false": {
        "complexity": 0.009999999776482582,
        "loss": 0.0,
        "name": "Y",
        "prediction": 1
      },
      "feature": 1,
      "name": "CellSize_1",
      "reference": 1,
      "relation": "==",
      "true": {
        "complexity": 0.009999999776482582,
        "loss": 0.0,
        "name": "Y",
        "prediction": 0
      },
      "type": "integral"
    },
    "feature": 0,
    "name": "ClumpThickness_10",
    "reference": 1,
    "relation": "==",
    "true": {
      "complexity": 0.009999999776482582,
      "loss": 0.0,
      "name": "Y",
      "prediction": 1
    },
    "type": "integral"
  },
  "feature": 6,
  "model_objective": 0.03999999910593033,
  "name": "BareNuclei_1",
  "reference": 1,
  "relation": "==",
  "true": {
    "complexity": 0.009999999776482582,
    "loss": 0.0,
    "name": "Y",
    "prediction": 0
  },
  "type": "integral"
}
{
  "false": {
    "false": {
      "complexity": 0.009999999776482582,
      "loss": 0.0,
      "name": "Y",
      "prediction": 1
    },
    "feature": 6,
    "name": "BareNuclei_1",
    "reference": 1,
    "relation": "==",
    "true": {
      "complexity": 0.009999999776482582,
      "loss": 0.0,
      "name": "Y",
      "prediction": 0
    },
    "type": "integral"
  },
  "feature": 3,
  "model_objective": 0.03999999910593033,
  "name": "CellShape_1",
  "reference": 1,
  "relation": "==",
  "true": {
    "false": {
      "complexity": 0.009999999776482582,
      "loss": 0.0,
      "name": "Y",
      "prediction": 0
    },
    "feature": 0,
    "name": "ClumpThickness_10",
    "reference": 1,
    "relation": "==",
    "true": {
      "complexity": 0.009999999776482582,
      "loss": 0.0,
      "name": "Y",
      "prediction": 1
    },
    "type": "integral"
  },
  "type": "integral"
}
{
  "false": {
    "false": {
      "false": {
        "complexity": 0.009999999776482582,
        "loss": 0.0,
        "name": "Y",
        "prediction": 1
      },
      "feature": 3,
      "name": "CellShape_1",
      "reference": 1,
      "relation": "==",
      "true": {
        "complexity": 0.009999999776482582,
        "loss": 0.0,
        "name": "Y",
        "prediction": 0
      },
      "type": "integral"
    },
    "feature": 7,
    "name": "BareNuclei_10",
    "reference": 1,
    "relation": "==",
    "true": {
      "complexity": 0.009999999776482582,
      "loss": 0.0,
      "name": "Y",
      "prediction": 1
    },
    "type": "integral"
  },
  "feature": 6,
  "model_objective": 0.03999999910593033,
  "name": "BareNuclei_1",
  "reference": 1,
  "relation": "==",
  "true": {
    "complexity": 0.009999999776482582,
    "loss": 0.0,
    "name": "Y",
    "prediction": 0
  },
  "type": "integral"
}
{
  "false": {
    "false": {
      "complexity": 0.009999999776482582,
      "loss": 0.0,
      "name": "Y",
      "prediction": 1
    },
    "feature": 6,
    "name": "BareNuclei_1",
    "reference": 1,
    "relation": "==",
    "true": {
      "complexity": 0.009999999776482582,
      "loss": 0.0,
      "name": "Y",
      "prediction": 0
    },
    "type": "integral"
  },
  "feature": 1,
  "model_objective": 0.03999999910593033,
  "name": "CellSize_1",
  "reference": 1,
  "relation": "==",
  "true": {
    "false": {
      "complexity": 0.009999999776482582,
      "loss": 0.0,
      "name": "Y",
      "prediction": 0
    },
    "feature": 0,
    "name": "ClumpThickness_10",
    "reference": 1,
    "relation": "==",
    "true": {
      "complexity": 0.009999999776482582,
      "loss": 0.0,
      "name": "Y",
      "prediction": 1
    },
    "type": "integral"
  },
  "type": "integral"
}
{
  "false": {
    "false": {
      "false": {
        "complexity": 0.009999999776482582,
        "loss": 0.0,
        "name": "Y",
        "prediction": 1
      },
      "feature": 3,
      "name": "CellShape_1",
      "reference": 1,
      "relation": "==",
      "true": {
        "complexity": 0.009999999776482582,
        "loss": 0.0,
        "name": "Y",
        "prediction": 0
      },
      "type": "integral"
    },
    "feature": 0,
    "name": "ClumpThickness_10",
    "reference": 1,
    "relation": "==",
    "true": {
      "complexity": 0.009999999776482582,
      "loss": 0.0,
      "name": "Y",
      "prediction": 1
    },
    "type": "integral"
  },
  "feature": 6,
  "model_objective": 0.03999999910593033,
  "name": "BareNuclei_1",
  "reference": 1,
  "relation": "==",
  "true": {
    "complexity": 0.009999999776482582,
    "loss": 0.0,
    "name": "Y",
    "prediction": 0
  },
  "type": "integral"
}
{
  "false": {
    "false": {
      "complexity": 0.009999999776482582,
      "loss": 0.0,
      "name": "Y",
      "prediction": 1
    },
    "feature": 1,
    "name": "CellSize_1",
    "reference": 1,
    "relation": "==",
    "true": {
      "false": {
        "complexity": 0.009999999776482582,
        "loss": 0.0,
        "name": "Y",
        "prediction": 0
      },
      "feature": 0,
      "name": "ClumpThickness_10",
      "reference": 1,
      "relation": "==",
      "true": {
        "complexity": 0.009999999776482582,
        "loss": 0.0,
        "name": "Y",
        "prediction": 1
      },
      "type": "integral"
    },
    "type": "integral"
  },
  "feature": 6,
  "model_objective": 0.03999999910593033,
  "name": "BareNuclei_1",
  "reference": 1,
  "relation": "==",
  "true": {
    "complexity": 0.009999999776482582,
    "loss": 0.0,
    "name": "Y",
    "prediction": 0
  },
  "type": "integral"
}
{
  "false": {
    "false": {
      "false": {
        "complexity": 0.009999999776482582,
        "loss": 0.0,
        "name": "Y",
        "prediction": 1
      },
      "feature": 3,
      "name": "CellShape_1",
      "reference": 1,
      "relation": "==",
      "true": {
        "complexity": 0.009999999776482582,
        "loss": 0.0,
        "name": "Y",
        "prediction": 0
      },
      "type": "integral"
    },
    "feature": 6,
    "name": "BareNuclei_1",
    "reference": 1,
    "relation": "==",
    "true": {
      "complexity": 0.009999999776482582,
      "loss": 0.0,
      "name": "Y",
      "prediction": 0
    },
    "type": "integral"
  },
  "feature": 7,
  "model_objective": 0.03999999910593033,
  "name": "BareNuclei_10",
  "reference": 1,
  "relation": "==",
  "true": {
    "complexity": 0.009999999776482582,
    "loss": 0.0,
    "name": "Y",
    "prediction": 1
  },
  "type": "integral"
}
null
Finding Optimal Objective...
{
  "false": {
    "false": {
      "complexity": 0.009999999776482582,
      "loss": 0.0,
      "name": "Y",
      "prediction": 1
    },
    "feature": 3,
    "name": "CellShape_1",
    "reference": 1,
    "relation": "==",
    "true": {
      "false": {
        "complexity": 0.009999999776482582,
        "loss": 0.0,
        "name": "Y",
        "prediction": 0
      },
      "feature": 0,
      "name": "ClumpThickness_10",
      "reference": 1,
      "relation": "==",
      "true": {
        "complexity": 0.009999999776482582,
        "loss": 0.0,
        "name": "Y",
        "prediction": 1
      },
      "type": "integral"
    },
    "type": "integral"
  },
  "feature": 6,
  "model_objective": 0.03999999910593033,
  "name": "BareNuclei_1",
  "reference": 1,
  "relation": "==",
  "true": {
    "complexity": 0.009999999776482582,
    "loss": 0.0,
    "name": "Y",
    "prediction": 0
  },
  "type": "integral"
}
{
  "false": {
    "false": {
      "false": {
        "complexity": 0.009999999776482582,
        "loss": 0.0,
        "name": "Y",
        "prediction": 1
      },
      "feature": 3,
      "name": "CellShape_1",
      "reference": 1,
      "relation": "==",
      "true": {
        "complexity": 0.009999999776482582,
        "loss": 0.0,
        "name": "Y",
        "prediction": 0
      },
      "type": "integral"
    },
    "feature": 0,
    "name": "ClumpThickness_10",
    "reference": 1,
    "relation": "==",
    "true": {
      "complexity": 0.009999999776482582,
      "loss": 0.0,
      "name": "Y",
      "prediction": 1
    },
    "type": "integral"
  },
  "feature": 6,
  "model_objective": 0.03999999910593033,
  "name": "BareNuclei_1",
  "reference": 1,
  "relation": "==",
  "true": {
    "complexity": 0.009999999776482582,
    "loss": 0.0,
    "name": "Y",
    "prediction": 0
  },
  "type": "integral"
}
{
  "false": {
    "false": {
      "false": {
        "complexity": 0.009999999776482582,
        "loss": 0.0,
        "name": "Y",
        "prediction": 1
      },
      "feature": 1,
      "name": "CellSize_1",
      "reference": 1,
      "relation": "==",
      "true": {
        "complexity": 0.009999999776482582,
        "loss": 0.0,
        "name": "Y",
        "prediction": 0
      },
      "type": "integral"
    },
    "feature": 0,
    "name": "ClumpThickness_10",
    "reference": 1,
    "relation": "==",
    "true": {
      "complexity": 0.009999999776482582,
      "loss": 0.0,
      "name": "Y",
      "prediction": 1
    },
    "type": "integral"
  },
  "feature": 6,
  "model_objective": 0.03999999910593033,
  "name": "BareNuclei_1",
  "reference": 1,
  "relation": "==",
  "true": {
    "complexity": 0.009999999776482582,
    "loss": 0.0,
    "name": "Y",
    "prediction": 0
  },
  "type": "integral"
}
{
  "false": {
    "false": {
      "complexity": 0.009999999776482582,
      "loss": 0.0,
      "name": "Y",
      "prediction": 1
    },
    "feature": 1,
    "name": "CellSize_1",
    "reference": 1,
    "relation": "==",
    "true": {
      "false": {
        "complexity": 0.009999999776482582,
        "loss": 0.0,
        "name": "Y",
        "prediction": 0
      },
      "feature": 0,
      "name": "ClumpThickness_10",
      "reference": 1,
      "relation": "==",
      "true": {
        "complexity": 0.009999999776482582,
        "loss": 0.0,
        "name": "Y",
        "prediction": 1
      },
      "type": "integral"
    },
    "type": "integral"
  },
  "feature": 6,
  "model_objective": 0.03999999910593033,
  "name": "BareNuclei_1",
  "reference": 1,
  "relation": "==",
  "true": {
    "complexity": 0.009999999776482582,
    "loss": 0.0,
    "name": "Y",
    "prediction": 0
  },
  "type": "integral"
}
{
  "false": {
    "false": {
      "complexity": 0.009999999776482582,
      "loss": 0.0,
      "name": "Y",
      "prediction": 1
    },
    "feature": 3,
    "name": "CellShape_1",
    "reference": 1,
    "relation": "==",
    "true": {
      "false": {
        "complexity": 0.009999999776482582,
        "loss": 0.0,
        "name": "Y",
        "prediction": 0
      },
      "feature": 7,
      "name": "BareNuclei_10",
      "reference": 1,
      "relation": "==",
      "true": {
        "complexity": 0.009999999776482582,
        "loss": 0.0,
        "name": "Y",
        "prediction": 1
      },
      "type": "integral"
    },
    "type": "integral"
  },
  "feature": 6,
  "model_objective": 0.03999999910593033,
  "name": "BareNuclei_1",
  "reference": 1,
  "relation": "==",
  "true": {
    "complexity": 0.009999999776482582,
    "loss": 0.0,
    "name": "Y",
    "prediction": 0
  },
  "type": "integral"
}
{
  "false": {
    "false": {
      "false": {
        "complexity": 0.009999999776482582,
        "loss": 0.0,
        "name": "Y",
        "prediction": 1
      },
      "feature": 3,
      "name": "CellShape_1",
      "reference": 1,
      "relation": "==",
      "true": {
        "complexity": 0.009999999776482582,
        "loss": 0.0,
        "name": "Y",
        "prediction": 0
      },
      "type": "integral"
    },
    "feature": 7,
    "name": "BareNuclei_10",
    "reference": 1,
    "relation": "==",
    "true": {
      "complexity": 0.009999999776482582,
      "loss": 0.0,
      "name": "Y",
      "prediction": 1
    },
    "type": "integral"
  },
  "feature": 6,
  "model_objective": 0.03999999910593033,
  "name": "BareNuclei_1",
  "reference": 1,
  "relation": "==",
  "true": {
    "complexity": 0.009999999776482582,
    "loss": 0.0,
    "name": "Y",
    "prediction": 0
  },
  "type": "integral"
}
{
  "false": {
    "false": {
      "false": {
        "complexity": 0.009999999776482582,
        "loss": 0.0,
        "name": "Y",
        "prediction": 1
      },
      "feature": 1,
      "name": "CellSize_1",
      "reference": 1,
      "relation": "==",
      "true": {
        "complexity": 0.009999999776482582,
        "loss": 0.0,
        "name": "Y",
        "prediction": 0
      },
      "type": "integral"
    },
    "feature": 7,
    "name": "BareNuclei_10",
    "reference": 1,
    "relation": "==",
    "true": {
      "complexity": 0.009999999776482582,
      "loss": 0.0,
      "name": "Y",
      "prediction": 1
    },
    "type": "integral"
  },
  "feature": 6,
  "model_objective": 0.03999999910593033,
  "name": "BareNuclei_1",
  "reference": 1,
  "relation": "==",
  "true": {
    "complexity": 0.009999999776482582,
    "loss": 0.0,
    "name": "Y",
    "prediction": 0
  },
  "type": "integral"
}
{
  "false": {
    "false": {
      "complexity": 0.009999999776482582,
      "loss": 0.0,
      "name": "Y",
      "prediction": 1
    },
    "feature": 6,
    "name": "BareNuclei_1",
    "reference": 1,
    "relation": "==",
    "true": {
      "complexity": 0.009999999776482582,
      "loss": 0.0,
      "name": "Y",
      "prediction": 0
    },
    "type": "integral"
  },
  "feature": 3,
  "model_objective": 0.03999999910593033,
  "name": "CellShape_1",
  "reference": 1,
  "relation": "==",
  "true": {
    "false": {
      "complexity": 0.009999999776482582,
      "loss": 0.0,
      "name": "Y",
      "prediction": 0
    },
    "feature": 0,
    "name": "ClumpThickness_10",
    "reference": 1,
    "relation": "==",
    "true": {
      "complexity": 0.009999999776482582,
      "loss": 0.0,
      "name": "Y",
      "prediction": 1
    },
    "type": "integral"
  },
  "type": "integral"
}
{
  "false": {
    "false": {
      "complexity": 0.009999999776482582,
      "loss": 0.0,
      "name": "Y",
      "prediction": 1
    },
    "feature": 6,
    "name": "BareNuclei_1",
    "reference": 1,
    "relation": "==",
    "true": {
      "complexity": 0.009999999776482582,
      "loss": 0.0,
      "name": "Y",
      "prediction": 0
    },
    "type": "integral"
  },
  "feature": 1,
  "model_objective": 0.03999999910593033,
  "name": "CellSize_1",
  "reference": 1,
  "relation": "==",
  "true": {
    "false": {
      "complexity": 0.009999999776482582,
      "loss": 0.0,
      "name": "Y",
      "prediction": 0
    },
    "feature": 0,
    "name": "ClumpThickness_10",
    "reference": 1,
    "relation": "==",
    "true": {
      "complexity": 0.009999999776482582,
      "loss": 0.0,
      "name": "Y",
      "prediction": 1
    },
    "type": "integral"
  },
  "type": "integral"
}
{
  "false": {
    "false": {
      "complexity": 0.009999999776482582,
      "loss": 0.0,
      "name": "Y",
      "prediction": 1
    },
    "feature": 1,
    "name": "CellSize_1",
    "reference": 1,
    "relation": "==",
    "true": {
      "false": {
        "complexity": 0.009999999776482582,
        "loss": 0.0,
        "name": "Y",
        "prediction": 0
      },
      "feature": 7,
      "name": "BareNuclei_10",
      "reference": 1,
      "relation": "==",
      "true": {
        "complexity": 0.009999999776482582,
        "loss": 0.0,
        "name": "Y",
        "prediction": 1
      },
      "type": "integral"
    },
    "type": "integral"
  },
  "feature": 6,
  "model_objective": 0.03999999910593033,
  "name": "BareNuclei_1",
  "reference": 1,
  "relation": "==",
  "true": {
    "complexity": 0.009999999776482582,
    "loss": 0.0,
    "name": "Y",
    "prediction": 0
  },
  "type": "integral"
}
{
  "false": {
    "false": {
      "complexity": 0.009999999776482582,
      "loss": 0.0,
      "name": "Y",
      "prediction": 1
    },
    "feature": 6,
    "name": "BareNuclei_1",
    "reference": 1,
    "relation": "==",
    "true": {
      "complexity": 0.009999999776482582,
      "loss": 0.0,
      "name": "Y",
      "prediction": 0
    },
    "type": "integral"
  },
  "feature": 3,
  "model_objective": 0.03999999910593033,
  "name": "CellShape_1",
  "reference": 1,
  "relation": "==",
  "true": {
    "false": {
      "complexity": 0.009999999776482582,
      "loss": 0.0,
      "name": "Y",
      "prediction": 0
    },
    "feature": 7,
    "name": "BareNuclei_10",
    "reference": 1,
    "relation": "==",
    "true": {
      "complexity": 0.009999999776482582,
      "loss": 0.0,
      "name": "Y",
      "prediction": 1
    },
    "type": "integral"
  },
  "type": "integral"
}
{
  "false": {
    "false": {
      "complexity": 0.009999999776482582,
      "loss": 0.0,
      "name": "Y",
      "prediction": 1
    },
    "feature": 6,
    "name": "BareNuclei_1",
    "reference": 1,
    "relation": "==",
    "true": {
      "complexity": 0.009999999776482582,
      "loss": 0.0,
      "name": "Y",
      "prediction": 0
    },
    "type": "integral"
  },
  "feature": 1,
  "model_objective": 0.03999999910593033,
  "name": "CellSize_1",
  "reference": 1,
  "relation": "==",
  "true": {
    "false": {
      "complexity": 0.009999999776482582,
      "loss": 0.0,
      "name": "Y",
      "prediction": 0
    },
    "feature": 7,
    "name": "BareNuclei_10",
    "reference": 1,
    "relation": "==",
    "true": {
      "complexity": 0.009999999776482582,
      "loss": 0.0,
      "name": "Y",
      "prediction": 1
    },
    "type": "integral"
  },
  "type": "integral"
}
null
Finding Optimal Objective...
{
  "false": {
    "false": {
      "complexity": 0.009999999776482582,
      "loss": 0.0,
      "name": "Y",
      "prediction": 1
    },
    "feature": 6,
    "name": "BareNuclei_1",
    "reference": 1,
    "relation": "==",
    "true": {
      "complexity": 0.009999999776482582,
      "loss": 0.0,
      "name": "Y",
      "prediction": 0
    },
    "type": "integral"
  },
  "feature": 3,
  "model_objective": 0.03999999910593033,
  "name": "CellShape_1",
  "reference": 1,
  "relation": "==",
  "true": {
    "false": {
      "complexity": 0.009999999776482582,
      "loss": 0.0,
      "name": "Y",
      "prediction": 0
    },
    "feature": 0,
    "name": "ClumpThickness_10",
    "reference": 1,
    "relation": "==",
    "true": {
      "complexity": 0.009999999776482582,
      "loss": 0.0,
      "name": "Y",
      "prediction": 1
    },
    "type": "integral"
  },
  "type": "integral"
}
{
  "false": {
    "false": {
      "complexity": 0.009999999776482582,
      "loss": 0.0,
      "name": "Y",
      "prediction": 1
    },
    "feature": 6,
    "name": "BareNuclei_1",
    "reference": 1,
    "relation": "==",
    "true": {
      "complexity": 0.009999999776482582,
      "loss": 0.0,
      "name": "Y",
      "prediction": 0
    },
    "type": "integral"
  },
  "feature": 3,
  "model_objective": 0.03999999910593033,
  "name": "CellShape_1",
  "reference": 1,
  "relation": "==",
  "true": {
    "false": {
      "complexity": 0.009999999776482582,
      "loss": 0.0,
      "name": "Y",
      "prediction": 0
    },
    "feature": 7,
    "name": "BareNuclei_10",
    "reference": 1,
    "relation": "==",
    "true": {
      "complexity": 0.009999999776482582,
      "loss": 0.0,
      "name": "Y",
      "prediction": 1
    },
    "type": "integral"
  },
  "type": "integral"
}
{
  "false": {
    "false": {
      "complexity": 0.009999999776482582,
      "loss": 0.0,
      "name": "Y",
      "prediction": 1
    },
    "feature": 6,
    "name": "BareNuclei_1",
    "reference": 1,
    "relation": "==",
    "true": {
      "complexity": 0.009999999776482582,
      "loss": 0.0,
      "name": "Y",
      "prediction": 0
    },
    "type": "integral"
  },
  "feature": 1,
  "model_objective": 0.03999999910593033,
  "name": "CellSize_1",
  "reference": 1,
  "relation": "==",
  "true": {
    "false": {
      "complexity": 0.009999999776482582,
      "loss": 0.0,
      "name": "Y",
      "prediction": 0
    },
    "feature": 0,
    "name": "ClumpThickness_10",
    "reference": 1,
    "relation": "==",
    "true": {
      "complexity": 0.009999999776482582,
      "loss": 0.0,
      "name": "Y",
      "prediction": 1
    },
    "type": "integral"
  },
  "type": "integral"
}
{
  "false": {
    "false": {
      "complexity": 0.009999999776482582,
      "loss": 0.0,
      "name": "Y",
      "prediction": 1
    },
    "feature": 6,
    "name": "BareNuclei_1",
    "reference": 1,
    "relation": "==",
    "true": {
      "complexity": 0.009999999776482582,
      "loss": 0.0,
      "name": "Y",
      "prediction": 0
    },
    "type": "integral"
  },
  "feature": 1,
  "model_objective": 0.03999999910593033,
  "name": "CellSize_1",
  "reference": 1,
  "relation": "==",
  "true": {
    "false": {
      "complexity": 0.009999999776482582,
      "loss": 0.0,
      "name": "Y",
      "prediction": 0
    },
    "feature": 7,
    "name": "BareNuclei_10",
    "reference": 1,
    "relation": "==",
    "true": {
      "complexity": 0.009999999776482582,
      "loss": 0.0,
      "name": "Y",
      "prediction": 1
    },
    "type": "integral"
  },
  "type": "integral"
}
null
Finding Optimal Objective...
{
  "false": {
    "false": {
      "false": {
        "complexity": 0.009999999776482582,
        "loss": 0.0,
        "name": "Y",
        "prediction": 1
      },
      "feature": 3,
      "name": "CellShape_1",
      "reference": 1,
      "relation": "==",
      "true": {
        "complexity": 0.009999999776482582,
        "loss": 0.0,
        "name": "Y",
        "prediction": 0
      },
      "type": "integral"
    },
    "feature": 7,
    "name": "BareNuclei_10",
    "reference": 1,
    "relation": "==",
    "true": {
      "complexity": 0.009999999776482582,
      "loss": 0.0,
      "name": "Y",
      "prediction": 1
    },
    "type": "integral"
  },
  "feature": 6,
  "model_objective": 0.03999999910593033,
  "name": "BareNuclei_1",
  "reference": 1,
  "relation": "==",
  "true": {
    "complexity": 0.009999999776482582,
    "loss": 0.0,
    "name": "Y",
    "prediction": 0
  },
  "type": "integral"
}
{
  "false": {
    "false": {
      "false": {
        "complexity": 0.009999999776482582,
        "loss": 0.0,
        "name": "Y",
        "prediction": 1
      },
      "feature": 1,
      "name": "CellSize_1",
      "reference": 1,
      "relation": "==",
      "true": {
        "complexity": 0.009999999776482582,
        "loss": 0.0,
        "name": "Y",
        "prediction": 0
      },
      "type": "integral"
    },
    "feature": 7,
    "name": "BareNuclei_10",
    "reference": 1,
    "relation": "==",
    "true": {
      "complexity": 0.009999999776482582,
      "loss": 0.0,
      "name": "Y",
      "prediction": 1
    },
    "type": "integral"
  },
  "feature": 6,
  "model_objective": 0.03999999910593033,
  "name": "BareNuclei_1",
  "reference": 1,
  "relation": "==",
  "true": {
    "complexity": 0.009999999776482582,
    "loss": 0.0,
    "name": "Y",
    "prediction": 0
  },
  "type": "integral"
}
{
  "false": {
    "false": {
      "complexity": 0.009999999776482582,
      "loss": 0.0,
      "name": "Y",
      "prediction": 1
    },
    "feature": 1,
    "name": "CellSize_1",
    "reference": 1,
    "relation": "==",
    "true": {
      "false": {
        "complexity": 0.009999999776482582,
        "loss": 0.0,
        "name": "Y",
        "prediction": 0
      },
      "feature": 0,
      "name": "ClumpThickness_10",
      "reference": 1,
      "relation": "==",
      "true": {
        "complexity": 0.009999999776482582,
        "loss": 0.0,
        "name": "Y",
        "prediction": 1
      },
      "type": "integral"
    },
    "type": "integral"
  },
  "feature": 6,
  "model_objective": 0.03999999910593033,
  "name": "BareNuclei_1",
  "reference": 1,
  "relation": "==",
  "true": {
    "complexity": 0.009999999776482582,
    "loss": 0.0,
    "name": "Y",
    "prediction": 0
  },
  "type": "integral"
}
{
  "false": {
    "false": {
      "false": {
        "complexity": 0.009999999776482582,
        "loss": 0.0,
        "name": "Y",
        "prediction": 1
      },
      "feature": 1,
      "name": "CellSize_1",
      "reference": 1,
      "relation": "==",
      "true": {
        "complexity": 0.009999999776482582,
        "loss": 0.0,
        "name": "Y",
        "prediction": 0
      },
      "type": "integral"
    },
    "feature": 0,
    "name": "ClumpThickness_10",
    "reference": 1,
    "relation": "==",
    "true": {
      "complexity": 0.009999999776482582,
      "loss": 0.0,
      "name": "Y",
      "prediction": 1
    },
    "type": "integral"
  },
  "feature": 6,
  "model_objective": 0.03999999910593033,
  "name": "BareNuclei_1",
  "reference": 1,
  "relation": "==",
  "true": {
    "complexity": 0.009999999776482582,
    "loss": 0.0,
    "name": "Y",
    "prediction": 0
  },
  "type": "integral"
}
{
  "false": {
    "false": {
      "complexity": 0.009999999776482582,
      "loss": 0.0,
      "name": "Y",
      "prediction": 1
    },
    "feature": 3,
    "name": "CellShape_1",
    "reference": 1,
    "relation": "==",
    "true": {
      "false": {
        "complexity": 0.009999999776482582,
        "loss": 0.0,
        "name": "Y",
        "prediction": 0
      },
      "feature": 7,
      "name": "BareNuclei_10",
      "reference": 1,
      "relation": "==",
      "true": {
        "complexity": 0.009999999776482582,
        "loss": 0.0,
        "name": "Y",
        "prediction": 1
      },
      "type": "integral"
    },
    "type": "integral"
  },
  "feature": 6,
  "model_objective": 0.03999999910593033,
  "name": "BareNuclei_1",
  "reference": 1,
  "relation": "==",
  "true": {
    "complexity": 0.009999999776482582,
    "loss": 0.0,
    "name": "Y",
    "prediction": 0
  },
  "type": "integral"
}
{
  "false": {
    "false": {
      "false": {
        "complexity": 0.009999999776482582,
        "loss": 0.0,
        "name": "Y",
        "prediction": 1
      },
      "feature": 3,
      "name": "CellShape_1",
      "reference": 1,
      "relation": "==",
      "true": {
        "complexity": 0.009999999776482582,
        "loss": 0.0,
        "name": "Y",
        "prediction": 0
      },
      "type": "integral"
    },
    "feature": 0,
    "name": "ClumpThickness_10",
    "reference": 1,
    "relation": "==",
    "true": {
      "complexity": 0.009999999776482582,
      "loss": 0.0,
      "name": "Y",
      "prediction": 1
    },
    "type": "integral"
  },
  "feature": 6,
  "model_objective": 0.03999999910593033,
  "name": "BareNuclei_1",
  "reference": 1,
  "relation": "==",
  "true": {
    "complexity": 0.009999999776482582,
    "loss": 0.0,
    "name": "Y",
    "prediction": 0
  },
  "type": "integral"
}
{
  "false": {
    "false": {
      "complexity": 0.009999999776482582,
      "loss": 0.0,
      "name": "Y",
      "prediction": 1
    },
    "feature": 3,
    "name": "CellShape_1",
    "reference": 1,
    "relation": "==",
    "true": {
      "false": {
        "complexity": 0.009999999776482582,
        "loss": 0.0,
        "name": "Y",
        "prediction": 0
      },
      "feature": 0,
      "name": "ClumpThickness_10",
      "reference": 1,
      "relation": "==",
      "true": {
        "complexity": 0.009999999776482582,
        "loss": 0.0,
        "name": "Y",
        "prediction": 1
      },
      "type": "integral"
    },
    "type": "integral"
  },
  "feature": 6,
  "model_objective": 0.03999999910593033,
  "name": "BareNuclei_1",
  "reference": 1,
  "relation": "==",
  "true": {
    "complexity": 0.009999999776482582,
    "loss": 0.0,
    "name": "Y",
    "prediction": 0
  },
  "type": "integral"
}
{
  "false": {
    "false": {
      "complexity": 0.009999999776482582,
      "loss": 0.0,
      "name": "Y",
      "prediction": 1
    },
    "feature": 6,
    "name": "BareNuclei_1",
    "reference": 1,
    "relation": "==",
    "true": {
      "complexity": 0.009999999776482582,
      "loss": 0.0,
      "name": "Y",
      "prediction": 0
    },
    "type": "integral"
  },
  "feature": 3,
  "model_objective": 0.03999999910593033,
  "name": "CellShape_1",
  "reference": 1,
  "relation": "==",
  "true": {
    "false": {
      "complexity": 0.009999999776482582,
      "loss": 0.0,
      "name": "Y",
      "prediction": 0
    },
    "feature": 0,
    "name": "ClumpThickness_10",
    "reference": 1,
    "relation": "==",
    "true": {
      "complexity": 0.009999999776482582,
      "loss": 0.0,
      "name": "Y",
      "prediction": 1
    },
    "type": "integral"
  },
  "type": "integral"
}
{
  "false": {
    "false": {
      "complexity": 0.009999999776482582,
      "loss": 0.0,
      "name": "Y",
      "prediction": 1
    },
    "feature": 6,
    "name": "BareNuclei_1",
    "reference": 1,
    "relation": "==",
    "true": {
      "complexity": 0.009999999776482582,
      "loss": 0.0,
      "name": "Y",
      "prediction": 0
    },
    "type": "integral"
  },
  "feature": 3,
  "model_objective": 0.03999999910593033,
  "name": "CellShape_1",
  "reference": 1,
  "relation": "==",
  "true": {
    "false": {
      "complexity": 0.009999999776482582,
      "loss": 0.0,
      "name": "Y",
      "prediction": 0
    },
    "feature": 7,
    "name": "BareNuclei_10",
    "reference": 1,
    "relation": "==",
    "true": {
      "complexity": 0.009999999776482582,
      "loss": 0.0,
      "name": "Y",
      "prediction": 1
    },
    "type": "integral"
  },
  "type": "integral"
}
{
  "false": {
    "false": {
      "complexity": 0.009999999776482582,
      "loss": 0.0,
      "name": "Y",
      "prediction": 1
    },
    "feature": 6,
    "name": "BareNuclei_1",
    "reference": 1,
    "relation": "==",
    "true": {
      "complexity": 0.009999999776482582,
      "loss": 0.0,
      "name": "Y",
      "prediction": 0
    },
    "type": "integral"
  },
  "feature": 1,
  "model_objective": 0.03999999910593033,
  "name": "CellSize_1",
  "reference": 1,
  "relation": "==",
  "true": {
    "false": {
      "complexity": 0.009999999776482582,
      "loss": 0.0,
      "name": "Y",
      "prediction": 0
    },
    "feature": 0,
    "name": "ClumpThickness_10",
    "reference": 1,
    "relation": "==",
    "true": {
      "complexity": 0.009999999776482582,
      "loss": 0.0,
      "name": "Y",
      "prediction": 1
    },
    "type": "integral"
  },
  "type": "integral"
}
{
  "false": {
    "false": {
      "complexity": 0.009999999776482582,
      "loss": 0.0,
      "name": "Y",
      "prediction": 1
    },
    "feature": 1,
    "name": "CellSize_1",
    "reference": 1,
    "relation": "==",
    "true": {
      "false": {
        "complexity": 0.009999999776482582,
        "loss": 0.0,
        "name": "Y",
        "prediction": 0
      },
      "feature": 7,
      "name": "BareNuclei_10",
      "reference": 1,
      "relation": "==",
      "true": {
        "complexity": 0.009999999776482582,
        "loss": 0.0,
        "name": "Y",
        "prediction": 1
      },
      "type": "integral"
    },
    "type": "integral"
  },
  "feature": 6,
  "model_objective": 0.03999999910593033,
  "name": "BareNuclei_1",
  "reference": 1,
  "relation": "==",
  "true": {
    "complexity": 0.009999999776482582,
    "loss": 0.0,
    "name": "Y",
    "prediction": 0
  },
  "type": "integral"
}
{
  "false": {
    "false": {
      "complexity": 0.009999999776482582,
      "loss": 0.0,
      "name": "Y",
      "prediction": 1
    },
    "feature": 6,
    "name": "BareNuclei_1",
    "reference": 1,
    "relation": "==",
    "true": {
      "complexity": 0.009999999776482582,
      "loss": 0.0,
      "name": "Y",
      "prediction": 0
    },
    "type": "integral"
  },
  "feature": 1,
  "model_objective": 0.03999999910593033,
  "name": "CellSize_1",
  "reference": 1,
  "relation": "==",
  "true": {
    "false": {
      "complexity": 0.009999999776482582,
      "loss": 0.0,
      "name": "Y",
      "prediction": 0
    },
    "feature": 7,
    "name": "BareNuclei_10",
    "reference": 1,
    "relation": "==",
    "true": {
      "complexity": 0.009999999776482582,
      "loss": 0.0,
      "name": "Y",
      "prediction": 1
    },
    "type": "integral"
  },
  "type": "integral"
}
null
Finding Optimal Objective...
{
  "false": {
    "false": {
      "false": {
        "complexity": 0.009999999776482582,
        "loss": 0.0,
        "name": "Y",
        "prediction": 1
      },
      "feature": 1,
      "name": "CellSize_1",
      "reference": 1,
      "relation": "==",
      "true": {
        "complexity": 0.009999999776482582,
        "loss": 0.0,
        "name": "Y",
        "prediction": 0
      },
      "type": "integral"
    },
    "feature": 0,
    "name": "ClumpThickness_10",
    "reference": 1,
    "relation": "==",
    "true": {
      "complexity": 0.009999999776482582,
      "loss": 0.0,
      "name": "Y",
      "prediction": 1
    },
    "type": "integral"
  },
  "feature": 6,
  "model_objective": 0.03999999910593033,
  "name": "BareNuclei_1",
  "reference": 1,
  "relation": "==",
  "true": {
    "complexity": 0.009999999776482582,
    "loss": 0.0,
    "name": "Y",
    "prediction": 0
  },
  "type": "integral"
}
{
  "false": {
    "false": {
      "false": {
        "complexity": 0.009999999776482582,
        "loss": 0.0,
        "name": "Y",
        "prediction": 1
      },
      "feature": 1,
      "name": "CellSize_1",
      "reference": 1,
      "relation": "==",
      "true": {
        "complexity": 0.009999999776482582,
        "loss": 0.0,
        "name": "Y",
        "prediction": 0
      },
      "type": "integral"
    },
    "feature": 7,
    "name": "BareNuclei_10",
    "reference": 1,
    "relation": "==",
    "true": {
      "complexity": 0.009999999776482582,
      "loss": 0.0,
      "name": "Y",
      "prediction": 1
    },
    "type": "integral"
  },
  "feature": 6,
  "model_objective": 0.03999999910593033,
  "name": "BareNuclei_1",
  "reference": 1,
  "relation": "==",
  "true": {
    "complexity": 0.009999999776482582,
    "loss": 0.0,
    "name": "Y",
    "prediction": 0
  },
  "type": "integral"
}
{
  "false": {
    "false": {
      "complexity": 0.009999999776482582,
      "loss": 0.0,
      "name": "Y",
      "prediction": 1
    },
    "feature": 6,
    "name": "BareNuclei_1",
    "reference": 1,
    "relation": "==",
    "true": {
      "complexity": 0.009999999776482582,
      "loss": 0.0,
      "name": "Y",
      "prediction": 0
    },
    "type": "integral"
  },
  "feature": 1,
  "model_objective": 0.03999999910593033,
  "name": "CellSize_1",
  "reference": 1,
  "relation": "==",
  "true": {
    "false": {
      "complexity": 0.009999999776482582,
      "loss": 0.0,
      "name": "Y",
      "prediction": 0
    },
    "feature": 0,
    "name": "ClumpThickness_10",
    "reference": 1,
    "relation": "==",
    "true": {
      "complexity": 0.009999999776482582,
      "loss": 0.0,
      "name": "Y",
      "prediction": 1
    },
    "type": "integral"
  },
  "type": "integral"
}
{
  "false": {
    "false": {
      "complexity": 0.009999999776482582,
      "loss": 0.0,
      "name": "Y",
      "prediction": 1
    },
    "feature": 1,
    "name": "CellSize_1",
    "reference": 1,
    "relation": "==",
    "true": {
      "false": {
        "complexity": 0.009999999776482582,
        "loss": 0.0,
        "name": "Y",
        "prediction": 0
      },
      "feature": 7,
      "name": "BareNuclei_10",
      "reference": 1,
      "relation": "==",
      "true": {
        "complexity": 0.009999999776482582,
        "loss": 0.0,
        "name": "Y",
        "prediction": 1
      },
      "type": "integral"
    },
    "type": "integral"
  },
  "feature": 6,
  "model_objective": 0.03999999910593033,
  "name": "BareNuclei_1",
  "reference": 1,
  "relation": "==",
  "true": {
    "complexity": 0.009999999776482582,
    "loss": 0.0,
    "name": "Y",
    "prediction": 0
  },
  "type": "integral"
}
{
  "false": {
    "false": {
      "complexity": 0.009999999776482582,
      "loss": 0.0,
      "name": "Y",
      "prediction": 1
    },
    "feature": 1,
    "name": "CellSize_1",
    "reference": 1,
    "relation": "==",
    "true": {
      "false": {
        "complexity": 0.009999999776482582,
        "loss": 0.0,
        "name": "Y",
        "prediction": 0
      },
      "feature": 0,
      "name": "ClumpThickness_10",
      "reference": 1,
      "relation": "==",
      "true": {
        "complexity": 0.009999999776482582,
        "loss": 0.0,
        "name": "Y",
        "prediction": 1
      },
      "type": "integral"
    },
    "type": "integral"
  },
  "feature": 6,
  "model_objective": 0.03999999910593033,
  "name": "BareNuclei_1",
  "reference": 1,
  "relation": "==",
  "true": {
    "complexity": 0.009999999776482582,
    "loss": 0.0,
    "name": "Y",
    "prediction": 0
  },
  "type": "integral"
}
{
  "false": {
    "false": {
      "complexity": 0.009999999776482582,
      "loss": 0.0,
      "name": "Y",
      "prediction": 1
    },
    "feature": 6,
    "name": "BareNuclei_1",
    "reference": 1,
    "relation": "==",
    "true": {
      "complexity": 0.009999999776482582,
      "loss": 0.0,
      "name": "Y",
      "prediction": 0
    },
    "type": "integral"
  },
  "feature": 1,
  "model_objective": 0.03999999910593033,
  "name": "CellSize_1",
  "reference": 1,
  "relation": "==",
  "true": {
    "false": {
      "complexity": 0.009999999776482582,
      "loss": 0.0,
      "name": "Y",
      "prediction": 0
    },
    "feature": 7,
    "name": "BareNuclei_10",
    "reference": 1,
    "relation": "==",
    "true": {
      "complexity": 0.009999999776482582,
      "loss": 0.0,
      "name": "Y",
      "prediction": 1
    },
    "type": "integral"
  },
  "type": "integral"
}
null
Finding Optimal Objective...
{
  "false": {
    "false": {
      "false": {
        "false": {
          "complexity": 0.009999999776482582,
          "loss": 0.0,
          "name": "Y",
          "prediction": 1
        },
        "feature": 1,
        "name": "CellSize_1",
        "reference": 1,
        "relation": "==",
        "true": {
          "complexity": 0.009999999776482582,
          "loss": 0.0,
          "name": "Y",
          "prediction": 0
        },
        "type": "integral"
      },
      "feature": 3,
      "name": "CellShape_1",
      "reference": 1,
      "relation": "==",
      "true": {
        "complexity": 0.009999999776482582,
        "loss": 0.016129031777381897,
        "name": "Y",
        "prediction": 0
      },
      "type": "integral"
    },
    "feature": 6,
    "name": "BareNuclei_1",
    "reference": 1,
    "relation": "==",
    "true": {
      "complexity": 0.009999999776482582,
      "loss": 0.0,
      "name": "Y",
      "prediction": 0
    },
    "type": "integral"
  },
  "feature": 7,
  "model_objective": 0.06612902879714966,
  "name": "BareNuclei_10",
  "reference": 1,
  "relation": "==",
  "true": {
    "complexity": 0.009999999776482582,
    "loss": 0.0,
    "name": "Y",
    "prediction": 1
  },
  "type": "integral"
}
{
  "false": {
    "false": {
      "false": {
        "false": {
          "complexity": 0.009999999776482582,
          "loss": 0.0,
          "name": "Y",
          "prediction": 1
        },
        "feature": 3,
        "name": "CellShape_1",
        "reference": 1,
        "relation": "==",
        "true": {
          "complexity": 0.009999999776482582,
          "loss": 0.0,
          "name": "Y",
          "prediction": 0
        },
        "type": "integral"
      },
      "feature": 1,
      "name": "CellSize_1",
      "reference": 1,
      "relation": "==",
      "true": {
        "complexity": 0.009999999776482582,
        "loss": 0.016129031777381897,
        "name": "Y",
        "prediction": 0
      },
      "type": "integral"
    },
    "feature": 6,
    "name": "BareNuclei_1",
    "reference": 1,
    "relation": "==",
    "true": {
      "complexity": 0.009999999776482582,
      "loss": 0.0,
      "name": "Y",
      "prediction": 0
    },
    "type": "integral"
  },
  "feature": 7,
  "model_objective": 0.06612902879714966,
  "name": "BareNuclei_10",
  "reference": 1,
  "relation": "==",
  "true": {
    "complexity": 0.009999999776482582,
    "loss": 0.0,
    "name": "Y",
    "prediction": 1
  },
  "type": "integral"
}
{
  "false": {
    "false": {
      "false": {
        "complexity": 0.009999999776482582,
        "loss": 0.0,
        "name": "Y",
        "prediction": 1
      },
      "feature": 3,
      "name": "CellShape_1",
      "reference": 1,
      "relation": "==",
      "true": {
        "complexity": 0.009999999776482582,
        "loss": 0.0,
        "name": "Y",
        "prediction": 0
      },
      "type": "integral"
    },
    "feature": 1,
    "name": "CellSize_1",
    "reference": 1,
    "relation": "==",
    "true": {
      "false": {
        "complexity": 0.009999999776482582,
        "loss": 0.016129031777381897,
        "name": "Y",
        "prediction": 0
      },
      "feature": 7,
      "name": "BareNuclei_10",
      "reference": 1,
      "relation": "==",
      "true": {
        "complexity": 0.009999999776482582,
        "loss": 0.0,
        "name": "Y",
        "prediction": 1
      },
      "type": "integral"
    },
    "type": "integral"
  },
  "feature": 6,
  "model_objective": 0.06612902879714966,
  "name": "BareNuclei_1",
  "reference": 1,
  "relation": "==",
  "true": {
    "complexity": 0.009999999776482582,
    "loss": 0.0,
    "name": "Y",
    "prediction": 0
  },
  "type": "integral"
}
{
  "false": {
    "false": {
      "false": {
        "complexity": 0.009999999776482582,
        "loss": 0.0,
        "name": "Y",
        "prediction": 1
      },
      "feature": 1,
      "name": "CellSize_1",
      "reference": 1,
      "relation": "==",
      "true": {
        "complexity": 0.009999999776482582,
        "loss": 0.0,
        "name": "Y",
        "prediction": 0
      },
      "type": "integral"
    },
    "feature": 3,
    "name": "CellShape_1",
    "reference": 1,
    "relation": "==",
    "true": {
      "false": {
        "complexity": 0.009999999776482582,
        "loss": 0.016129031777381897,
        "name": "Y",
        "prediction": 0
      },
      "feature": 0,
      "name": "ClumpThickness_10",
      "reference": 1,
      "relation": "==",
      "true": {
        "complexity": 0.009999999776482582,
        "loss": 0.0,
        "name": "Y",
        "prediction": 1
      },
      "type": "integral"
    },
    "type": "integral"
  },
  "feature": 6,
  "model_objective": 0.06612902879714966,
  "name": "BareNuclei_1",
  "reference": 1,
  "relation": "==",
  "true": {
    "complexity": 0.009999999776482582,
    "loss": 0.0,
    "name": "Y",
    "prediction": 0
  },
  "type": "integral"
}
{
  "false": {
    "false": {
      "false": {
        "false": {
          "complexity": 0.009999999776482582,
          "loss": 0.0,
          "name": "Y",
          "prediction": 1
        },
        "feature": 3,
        "name": "CellShape_1",
        "reference": 1,
        "relation": "==",
        "true": {
          "complexity": 0.009999999776482582,
          "loss": 0.0,
          "name": "Y",
          "prediction": 0
        },
        "type": "integral"
      },
      "feature": 1,
      "name": "CellSize_1",
      "reference": 1,
      "relation": "==",
      "true": {
        "complexity": 0.009999999776482582,
        "loss": 0.016129031777381897,
        "name": "Y",
        "prediction": 0
      },
      "type": "integral"
    },
    "feature": 6,
    "name": "BareNuclei_1",
    "reference": 1,
    "relation": "==",
    "true": {
      "complexity": 0.009999999776482582,
      "loss": 0.0,
      "name": "Y",
      "prediction": 0
    },
    "type": "integral"
  },
  "feature": 0,
  "model_objective": 0.06612902879714966,
  "name": "ClumpThickness_10",
  "reference": 1,
  "relation": "==",
  "true": {
    "complexity": 0.009999999776482582,
    "loss": 0.0,
    "name": "Y",
    "prediction": 1
  },
  "type": "integral"
}
{
  "false": {
    "false": {
      "false": {
        "complexity": 0.009999999776482582,
        "loss": 0.0,
        "name": "Y",
        "prediction": 1
      },
      "feature": 6,
      "name": "BareNuclei_1",
      "reference": 1,
      "relation": "==",
      "true": {
        "complexity": 0.009999999776482582,
        "loss": 0.0,
        "name": "Y",
        "prediction": 0
      },
      "type": "integral"
    },
    "feature": 3,
    "name": "CellShape_1",
    "reference": 1,
    "relation": "==",
    "true": {
      "complexity": 0.009999999776482582,
      "loss": 0.0,
      "name": "Y",
      "prediction": 0
    },
    "type": "integral"
  },
  "feature": 1,
  "model_objective": 0.06612902879714966,
  "name": "CellSize_1",
  "reference": 1,
  "relation": "==",
  "true": {
    "false": {
      "complexity": 0.009999999776482582,
      "loss": 0.016129031777381897,
      "name": "Y",
      "prediction": 0
    },
    "feature": 0,
    "name": "ClumpThickness_10",
    "reference": 1,
    "relation": "==",
    "true": {
      "complexity": 0.009999999776482582,
      "loss": 0.0,
      "name": "Y",
      "prediction": 1
    },
    "type": "integral"
  },
  "type": "integral"
}
{
  "false": {
    "false": {
      "false": {
        "complexity": 0.009999999776482582,
        "loss": 0.0,
        "name": "Y",
        "prediction": 1
      },
      "feature": 3,
      "name": "CellShape_1",
      "reference": 1,
      "relation": "==",
      "true": {
        "complexity": 0.009999999776482582,
        "loss": 0.0,
        "name": "Y",
        "prediction": 0
      },
      "type": "integral"
    },
    "feature": 1,
    "name": "CellSize_1",
    "reference": 1,
    "relation": "==",
    "true": {
      "false": {
        "complexity": 0.009999999776482582,
        "loss": 0.016129031777381897,
        "name": "Y",
        "prediction": 0
      },
      "feature": 0,
      "name": "ClumpThickness_10",
      "reference": 1,
      "relation": "==",
      "true": {
        "complexity": 0.009999999776482582,
        "loss": 0.0,
        "name": "Y",
        "prediction": 1
      },
      "type": "integral"
    },
    "type": "integral"
  },
  "feature": 6,
  "model_objective": 0.06612902879714966,
  "name": "BareNuclei_1",
  "reference": 1,
  "relation": "==",
  "true": {
    "complexity": 0.009999999776482582,
    "loss": 0.0,
    "name": "Y",
    "prediction": 0
  },
  "type": "integral"
}
{
  "false": {
    "false": {
      "false": {
        "complexity": 0.009999999776482582,
        "loss": 0.0,
        "name": "Y",
        "prediction": 1
      },
      "feature": 6,
      "name": "BareNuclei_1",
      "reference": 1,
      "relation": "==",
      "true": {
        "complexity": 0.009999999776482582,
        "loss": 0.0,
        "name": "Y",
        "prediction": 0
      },
      "type": "integral"
    },
    "feature": 1,
    "name": "CellSize_1",
    "reference": 1,
    "relation": "==",
    "true": {
      "complexity": 0.009999999776482582,
      "loss": 0.0,
      "name": "Y",
      "prediction": 0
    },
    "type": "integral"
  },
  "feature": 3,
  "model_objective": 0.06612902879714966,
  "name": "CellShape_1",
  "reference": 1,
  "relation": "==",
  "true": {
    "false": {
      "complexity": 0.009999999776482582,
      "loss": 0.016129031777381897,
      "name": "Y",
      "prediction": 0
    },
    "feature": 7,
    "name": "BareNuclei_10",
    "reference": 1,
    "relation": "==",
    "true": {
      "complexity": 0.009999999776482582,
      "loss": 0.0,
      "name": "Y",
      "prediction": 1
    },
    "type": "integral"
  },
  "type": "integral"
}
{
  "false": {
    "false": {
      "false": {
        "complexity": 0.009999999776482582,
        "loss": 0.0,
        "name": "Y",
        "prediction": 1
      },
      "feature": 1,
      "name": "CellSize_1",
      "reference": 1,
      "relation": "==",
      "true": {
        "complexity": 0.009999999776482582,
        "loss": 0.0,
        "name": "Y",
        "prediction": 0
      },
      "type": "integral"
    },
    "feature": 3,
    "name": "CellShape_1",
    "reference": 1,
    "relation": "==",
    "true": {
      "false": {
        "complexity": 0.009999999776482582,
        "loss": 0.016129031777381897,
        "name": "Y",
        "prediction": 0
      },
      "feature": 7,
      "name": "BareNuclei_10",
      "reference": 1,
      "relation": "==",
      "true": {
        "complexity": 0.009999999776482582,
        "loss": 0.0,
        "name": "Y",
        "prediction": 1
      },
      "type": "integral"
    },
    "type": "integral"
  },
  "feature": 6,
  "model_objective": 0.06612902879714966,
  "name": "BareNuclei_1",
  "reference": 1,
  "relation": "==",
  "true": {
    "complexity": 0.009999999776482582,
    "loss": 0.0,
    "name": "Y",
    "prediction": 0
  },
  "type": "integral"
}
{
  "false": {
    "false": {
      "false": {
        "false": {
          "complexity": 0.009999999776482582,
          "loss": 0.0,
          "name": "Y",
          "prediction": 1
        },
        "feature": 1,
        "name": "CellSize_1",
        "reference": 1,
        "relation": "==",
        "true": {
          "complexity": 0.009999999776482582,
          "loss": 0.0,
          "name": "Y",
          "prediction": 0
        },
        "type": "integral"
      },
      "feature": 3,
      "name": "CellShape_1",
      "reference": 1,
      "relation": "==",
      "true": {
        "complexity": 0.009999999776482582,
        "loss": 0.016129031777381897,
        "name": "Y",
        "prediction": 0
      },
      "type": "integral"
    },
    "feature": 6,
    "name": "BareNuclei_1",
    "reference": 1,
    "relation": "==",
    "true": {
      "complexity": 0.009999999776482582,
      "loss": 0.0,
      "name": "Y",
      "prediction": 0
    },
    "type": "integral"
  },
  "feature": 0,
  "model_objective": 0.06612902879714966,
  "name": "ClumpThickness_10",
  "reference": 1,
  "relation": "==",
  "true": {
    "complexity": 0.009999999776482582,
    "loss": 0.0,
    "name": "Y",
    "prediction": 1
  },
  "type": "integral"
}
{
  "false": {
    "false": {
      "false": {
        "complexity": 0.009999999776482582,
        "loss": 0.0,
        "name": "Y",
        "prediction": 1
      },
      "feature": 3,
      "name": "CellShape_1",
      "reference": 1,
      "relation": "==",
      "true": {
        "complexity": 0.009999999776482582,
        "loss": 0.0,
        "name": "Y",
        "prediction": 0
      },
      "type": "integral"
    },
    "feature": 6,
    "name": "BareNuclei_1",
    "reference": 1,
    "relation": "==",
    "true": {
      "complexity": 0.009999999776482582,
      "loss": 0.0,
      "name": "Y",
      "prediction": 0
    },
    "type": "integral"
  },
  "feature": 1,
  "model_objective": 0.06612902879714966,
  "name": "CellSize_1",
  "reference": 1,
  "relation": "==",
  "true": {
    "false": {
      "complexity": 0.009999999776482582,
      "loss": 0.016129031777381897,
      "name": "Y",
      "prediction": 0
    },
    "feature": 0,
    "name": "ClumpThickness_10",
    "reference": 1,
    "relation": "==",
    "true": {
      "complexity": 0.009999999776482582,
      "loss": 0.0,
      "name": "Y",
      "prediction": 1
    },
    "type": "integral"
  },
  "type": "integral"
}
{
  "false": {
    "false": {
      "false": {
        "false": {
          "complexity": 0.009999999776482582,
          "loss": 0.0,
          "name": "Y",
          "prediction": 1
        },
        "feature": 6,
        "name": "BareNuclei_1",
        "reference": 1,
        "relation": "==",
        "true": {
          "complexity": 0.009999999776482582,
          "loss": 0.0,
          "name": "Y",
          "prediction": 0
        },
        "type": "integral"
      },
      "feature": 1,
      "name": "CellSize_1",
      "reference": 1,
      "relation": "==",
      "true": {
        "complexity": 0.009999999776482582,
        "loss": 0.0,
        "name": "Y",
        "prediction": 0
      },
      "type": "integral"
    },
    "feature": 3,
    "name": "CellShape_1",
    "reference": 1,
    "relation": "==",
    "true": {
      "complexity": 0.009999999776482582,
      "loss": 0.016129031777381897,
      "name": "Y",
      "prediction": 0
    },
    "type": "integral"
  },
  "feature": 0,
  "model_objective": 0.06612902879714966,
  "name": "ClumpThickness_10",
  "reference": 1,
  "relation": "==",
  "true": {
    "complexity": 0.009999999776482582,
    "loss": 0.0,
    "name": "Y",
    "prediction": 1
  },
  "type": "integral"
}
{
  "false": {
    "false": {
      "false": {
        "complexity": 0.009999999776482582,
        "loss": 0.0,
        "name": "Y",
        "prediction": 1
      },
      "feature": 3,
      "name": "CellShape_1",
      "reference": 1,
      "relation": "==",
      "true": {
        "complexity": 0.009999999776482582,
        "loss": 0.0,
        "name": "Y",
        "prediction": 0
      },
      "type": "integral"
    },
    "feature": 6,
    "name": "BareNuclei_1",
    "reference": 1,
    "relation": "==",
    "true": {
      "complexity": 0.009999999776482582,
      "loss": 0.0,
      "name": "Y",
      "prediction": 0
    },
    "type": "integral"
  },
  "feature": 1,
  "model_objective": 0.06612902879714966,
  "name": "CellSize_1",
  "reference": 1,
  "relation": "==",
  "true": {
    "false": {
      "complexity": 0.009999999776482582,
      "loss": 0.016129031777381897,
      "name": "Y",
      "prediction": 0
    },
    "feature": 7,
    "name": "BareNuclei_10",
    "reference": 1,
    "relation": "==",
    "true": {
      "complexity": 0.009999999776482582,
      "loss": 0.0,
      "name": "Y",
      "prediction": 1
    },
    "type": "integral"
  },
  "type": "integral"
}
{
  "false": {
    "false": {
      "false": {
        "complexity": 0.009999999776482582,
        "loss": 0.0,
        "name": "Y",
        "prediction": 1
      },
      "feature": 1,
      "name": "CellSize_1",
      "reference": 1,
      "relation": "==",
      "true": {
        "complexity": 0.009999999776482582,
        "loss": 0.0,
        "name": "Y",
        "prediction": 0
      },
      "type": "integral"
    },
    "feature": 6,
    "name": "BareNuclei_1",
    "reference": 1,
    "relation": "==",
    "true": {
      "complexity": 0.009999999776482582,
      "loss": 0.0,
      "name": "Y",
      "prediction": 0
    },
    "type": "integral"
  },
  "feature": 3,
  "model_objective": 0.06612902879714966,
  "name": "CellShape_1",
  "reference": 1,
  "relation": "==",
  "true": {
    "false": {
      "complexity": 0.009999999776482582,
      "loss": 0.016129031777381897,
      "name": "Y",
      "prediction": 0
    },
    "feature": 0,
    "name": "ClumpThickness_10",
    "reference": 1,
    "relation": "==",
    "true": {
      "complexity": 0.009999999776482582,
      "loss": 0.0,
      "name": "Y",
      "prediction": 1
    },
    "type": "integral"
  },
  "type": "integral"
}
{
  "false": {
    "false": {
      "false": {
        "false": {
          "complexity": 0.009999999776482582,
          "loss": 0.0,
          "name": "Y",
          "prediction": 1
        },
        "feature": 1,
        "name": "CellSize_1",
        "reference": 1,
        "relation": "==",
        "true": {
          "complexity": 0.009999999776482582,
          "loss": 0.0,
          "name": "Y",
          "prediction": 0
        },
        "type": "integral"
      },
      "feature": 6,
      "name": "BareNuclei_1",
      "reference": 1,
      "relation": "==",
      "true": {
        "complexity": 0.009999999776482582,
        "loss": 0.0,
        "name": "Y",
        "prediction": 0
      },
      "type": "integral"
    },
    "feature": 3,
    "name": "CellShape_1",
    "reference": 1,
    "relation": "==",
    "true": {
      "complexity": 0.009999999776482582,
      "loss": 0.016129031777381897,
      "name": "Y",
      "prediction": 0
    },
    "type": "integral"
  },
  "feature": 0,
  "model_objective": 0.06612902879714966,
  "name": "ClumpThickness_10",
  "reference": 1,
  "relation": "==",
  "true": {
    "complexity": 0.009999999776482582,
    "loss": 0.0,
    "name": "Y",
    "prediction": 1
  },
  "type": "integral"
}
{
  "false": {
    "false": {
      "false": {
        "complexity": 0.009999999776482582,
        "loss": 0.0,
        "name": "Y",
        "prediction": 1
      },
      "feature": 6,
      "name": "BareNuclei_1",
      "reference": 1,
      "relation": "==",
      "true": {
        "complexity": 0.009999999776482582,
        "loss": 0.0,
        "name": "Y",
        "prediction": 0
      },
      "type": "integral"
    },
    "feature": 3,
    "name": "CellShape_1",
    "reference": 1,
    "relation": "==",
    "true": {
      "complexity": 0.009999999776482582,
      "loss": 0.0,
      "name": "Y",
      "prediction": 0
    },
    "type": "integral"
  },
  "feature": 1,
  "model_objective": 0.06612902879714966,
  "name": "CellSize_1",
  "reference": 1,
  "relation": "==",
  "true": {
    "false": {
      "complexity": 0.009999999776482582,
      "loss": 0.016129031777381897,
      "name": "Y",
      "prediction": 0
    },
    "feature": 7,
    "name": "BareNuclei_10",
    "reference": 1,
    "relation": "==",
    "true": {
      "complexity": 0.009999999776482582,
      "loss": 0.0,
      "name": "Y",
      "prediction": 1
    },
    "type": "integral"
  },
  "type": "integral"
}
{
  "false": {
    "false": {
      "false": {
        "complexity": 0.009999999776482582,
        "loss": 0.0,
        "name": "Y",
        "prediction": 1
      },
      "feature": 6,
      "name": "BareNuclei_1",
      "reference": 1,
      "relation": "==",
      "true": {
        "complexity": 0.009999999776482582,
        "loss": 0.0,
        "name": "Y",
        "prediction": 0
      },
      "type": "integral"
    },
    "feature": 1,
    "name": "CellSize_1",
    "reference": 1,
    "relation": "==",
    "true": {
      "complexity": 0.009999999776482582,
      "loss": 0.0,
      "name": "Y",
      "prediction": 0
    },
    "type": "integral"
  },
  "feature": 3,
  "model_objective": 0.06612902879714966,
  "name": "CellShape_1",
  "reference": 1,
  "relation": "==",
  "true": {
    "false": {
      "complexity": 0.009999999776482582,
      "loss": 0.016129031777381897,
      "name": "Y",
      "prediction": 0
    },
    "feature": 0,
    "name": "ClumpThickness_10",
    "reference": 1,
    "relation": "==",
    "true": {
      "complexity": 0.009999999776482582,
      "loss": 0.0,
      "name": "Y",
      "prediction": 1
    },
    "type": "integral"
  },
  "type": "integral"
}
{
  "false": {
    "false": {
      "false": {
        "false": {
          "complexity": 0.009999999776482582,
          "loss": 0.0,
          "name": "Y",
          "prediction": 1
        },
        "feature": 6,
        "name": "BareNuclei_1",
        "reference": 1,
        "relation": "==",
        "true": {
          "complexity": 0.009999999776482582,
          "loss": 0.0,
          "name": "Y",
          "prediction": 0
        },
        "type": "integral"
      },
      "feature": 3,
      "name": "CellShape_1",
      "reference": 1,
      "relation": "==",
      "true": {
        "complexity": 0.009999999776482582,
        "loss": 0.0,
        "name": "Y",
        "prediction": 0
      },
      "type": "integral"
    },
    "feature": 1,
    "name": "CellSize_1",
    "reference": 1,
    "relation": "==",
    "true": {
      "complexity": 0.009999999776482582,
      "loss": 0.016129031777381897,
      "name": "Y",
      "prediction": 0
    },
    "type": "integral"
  },
  "feature": 0,
  "model_objective": 0.06612902879714966,
  "name": "ClumpThickness_10",
  "reference": 1,
  "relation": "==",
  "true": {
    "complexity": 0.009999999776482582,
    "loss": 0.0,
    "name": "Y",
    "prediction": 1
  },
  "type": "integral"
}
{
  "false": {
    "false": {
      "false": {
        "false": {
          "complexity": 0.009999999776482582,
          "loss": 0.0,
          "name": "Y",
          "prediction": 1
        },
        "feature": 3,
        "name": "CellShape_1",
        "reference": 1,
        "relation": "==",
        "true": {
          "complexity": 0.009999999776482582,
          "loss": 0.0,
          "name": "Y",
          "prediction": 0
        },
        "type": "integral"
      },
      "feature": 6,
      "name": "BareNuclei_1",
      "reference": 1,
      "relation": "==",
      "true": {
        "complexity": 0.009999999776482582,
        "loss": 0.0,
        "name": "Y",
        "prediction": 0
      },
      "type": "integral"
    },
    "feature": 1,
    "name": "CellSize_1",
    "reference": 1,
    "relation": "==",
    "true": {
      "complexity": 0.009999999776482582,
      "loss": 0.016129031777381897,
      "name": "Y",
      "prediction": 0
    },
    "type": "integral"
  },
  "feature": 0,
  "model_objective": 0.06612902879714966,
  "name": "ClumpThickness_10",
  "reference": 1,
  "relation": "==",
  "true": {
    "complexity": 0.009999999776482582,
    "loss": 0.0,
    "name": "Y",
    "prediction": 1
  },
  "type": "integral"
}
{
  "false": {
    "false": {
      "false": {
        "complexity": 0.009999999776482582,
        "loss": 0.0,
        "name": "Y",
        "prediction": 1
      },
      "feature": 1,
      "name": "CellSize_1",
      "reference": 1,
      "relation": "==",
      "true": {
        "complexity": 0.009999999776482582,
        "loss": 0.0,
        "name": "Y",
        "prediction": 0
      },
      "type": "integral"
    },
    "feature": 6,
    "name": "BareNuclei_1",
    "reference": 1,
    "relation": "==",
    "true": {
      "complexity": 0.009999999776482582,
      "loss": 0.0,
      "name": "Y",
      "prediction": 0
    },
    "type": "integral"
  },
  "feature": 3,
  "model_objective": 0.06612902879714966,
  "name": "CellShape_1",
  "reference": 1,
  "relation": "==",
  "true": {
    "false": {
      "complexity": 0.009999999776482582,
      "loss": 0.016129031777381897,
      "name": "Y",
      "prediction": 0
    },
    "feature": 7,
    "name": "BareNuclei_10",
    "reference": 1,
    "relation": "==",
    "true": {
      "complexity": 0.009999999776482582,
      "loss": 0.0,
      "name": "Y",
      "prediction": 1
    },
    "type": "integral"
  },
  "type": "integral"
}
